<?xml version="1.0" encoding="UTF-8"?>
<testsuite name="ru.mai.lessons.rpks.ServiceTest" tests="1" skipped="0" failures="0" errors="0" timestamp="2023-05-26T12:51:12" hostname="MacBook-Pro-Polina.local" time="21.108">
  <properties/>
  <testcase name="testServiceFilteringNotContains()" classname="ru.mai.lessons.rpks.ServiceTest" time="21.108"/>
  <system-out><![CDATA[15:51:11,850 |-INFO in ch.qos.logback.classic.LoggerContext[default] - This is logback-classic version 1.4.6
15:51:11,870 |-INFO in ch.qos.logback.classic.LoggerContext[default] - Could NOT find resource [logback-test.xml]
15:51:11,873 |-INFO in ch.qos.logback.classic.LoggerContext[default] - Found resource [logback.xml] at [file:/Users/polinanesterova/IdeaProjects/JavaServiceFiltering/build/resources/test/logback.xml]
15:51:11,874 |-WARN in ch.qos.logback.classic.util.DefaultJoranConfigurator@2da59753 - Resource [logback.xml] occurs multiple times on the classpath.
15:51:11,874 |-WARN in ch.qos.logback.classic.util.DefaultJoranConfigurator@2da59753 - Resource [logback.xml] occurs at [file:/Users/polinanesterova/IdeaProjects/JavaServiceFiltering/build/resources/main/logback.xml]
15:51:11,874 |-WARN in ch.qos.logback.classic.util.DefaultJoranConfigurator@2da59753 - Resource [logback.xml] occurs at [file:/Users/polinanesterova/IdeaProjects/JavaServiceFiltering/build/resources/test/logback.xml]
15:51:11,988 |-INFO in ch.qos.logback.core.model.processor.AppenderModelHandler - Processing appender named [CONSOLE]
15:51:11,988 |-INFO in ch.qos.logback.core.model.processor.AppenderModelHandler - About to instantiate appender of type [ch.qos.logback.core.ConsoleAppender]
15:51:12,019 |-WARN in ch.qos.logback.core.ConsoleAppender[CONSOLE] - This appender no longer admits a layout as a sub-component, set an encoder instead.
15:51:12,019 |-WARN in ch.qos.logback.core.ConsoleAppender[CONSOLE] - To ensure compatibility, wrapping your layout in LayoutWrappingEncoder.
15:51:12,019 |-WARN in ch.qos.logback.core.ConsoleAppender[CONSOLE] - See also http://logback.qos.ch/codes.html#layoutInsteadOfEncoder for details
15:51:12,020 |-INFO in ch.qos.logback.classic.model.processor.LoggerModelHandler - Setting level of logger [ru.mai.lessons.rpks] to INFO
15:51:12,023 |-INFO in ch.qos.logback.classic.model.processor.LoggerModelHandler - Setting additivity of logger [ru.mai.lessons.rpks] to false
15:51:12,024 |-INFO in ch.qos.logback.core.model.processor.AppenderRefModelHandler - Attaching appender named [CONSOLE] to Logger[ru.mai.lessons.rpks]
15:51:12,024 |-INFO in ch.qos.logback.classic.model.processor.RootLoggerModelHandler - Setting level of ROOT logger to ERROR
15:51:12,024 |-INFO in ch.qos.logback.core.model.processor.AppenderRefModelHandler - Attaching appender named [CONSOLE] to Logger[ROOT]
15:51:12,024 |-INFO in ch.qos.logback.core.model.processor.DefaultProcessor@5629510 - End of configuration.
15:51:12,025 |-INFO in ch.qos.logback.classic.joran.JoranConfigurator@4df5bcb4 - Registering current configuration as safe fallback point

15:51:28.627 [Test worker] INFO  ru.mai.lessons.rpks.ServiceTest - Topics: [(name=test_topic_in, numPartitions=3, replicationFactor=1, replicasAssignments=null, configs=null), (name=test_topic_out, numPartitions=3, replicationFactor=1, replicasAssignments=null, configs=null)], replica factor 1, partitions 3
15:51:29.276 [Test worker] INFO  ru.mai.lessons.rpks.ServiceTest - Topic not exist. Create topics [(name=test_topic_in, numPartitions=3, replicationFactor=1, replicasAssignments=null, configs=null), (name=test_topic_out, numPartitions=3, replicationFactor=1, replicasAssignments=null, configs=null)]
15:51:30.735 [Test worker] INFO  ru.mai.lessons.rpks.ServiceTest - Create filtering rule 1
15:51:30.770 [Test worker] INFO  ru.mai.lessons.rpks.ServiceTest - Check rule from DB
15:51:30.872 [pool-1-thread-1] INFO  ru.mai.lessons.rpks.impl.Db - No DataSource is available. We will create a new one.
15:51:30.873 [pool-1-thread-1] INFO  ru.mai.lessons.rpks.impl.Db - Creating the config with HikariConfig
15:51:30.873 [pool-1-thread-1] INFO  ru.mai.lessons.rpks.impl.Db - Configuration is ready.
15:51:30.874 [pool-1-thread-1] INFO  ru.mai.lessons.rpks.impl.Db - Creating the HiKariDataSource and assigning it as the global
15:51:30.958 [pool-1-thread-1] INFO  ru.mai.lessons.rpks.impl.Db - RESULT2 select
  filter_id,
  rule_id,
  field_name,
  filter_function_name,
  filter_value
from filter_rules
15:51:30.969 [pool-1-thread-1] INFO  ru.mai.lessons.rpks.impl.Db - RESULT false
15:51:30.997 [pool-1-thread-1] INFO  r.m.l.rpks.impl.ServiceFiltering - delay:10
15:51:31.006 [pool-2-thread-1] INFO  r.m.l.rpks.impl.ServiceFiltering - +++++++null
15:51:31.007 [pool-2-thread-1] INFO  r.m.l.rpks.impl.ServiceFiltering - NEW RULES SET 1
15:51:31.007 [pool-2-thread-1] INFO  r.m.l.rpks.impl.KafkaReaderImpl - Start reading kafka topic test_topic_in
15:51:31.019 [Timer-0] INFO  ru.mai.lessons.rpks.impl.Db - RESULT2 select
  filter_id,
  rule_id,
  field_name,
  filter_function_name,
  filter_value
from filter_rules
15:51:31.042 [Timer-0] INFO  ru.mai.lessons.rpks.impl.Db - RESULT false
15:51:31.044 [Timer-0] INFO  r.m.l.rpks.impl.ServiceFiltering - ru.mai.lessons.rpks.model.Rule@6383027f
15:51:31.044 [Timer-0] INFO  r.m.l.rpks.impl.ServiceFiltering - TIMER
15:51:31.249 [pool-1-thread-2] INFO  ru.mai.lessons.rpks.ServiceTest - CONSUMERRECORDS org.apache.kafka.clients.consumer.ConsumerRecords@16e82e3d
15:51:31.249 [pool-1-thread-2] INFO  ru.mai.lessons.rpks.ServiceTest - Remaining attempts 10
15:51:31.568 [pool-2-thread-1] INFO  r.m.l.rpks.impl.KafkaReaderImpl - Message from Kafka topic test_topic_in : {"name":"alexander_pushkin"}
15:51:31.568 [pool-2-thread-1] INFO  r.m.l.rpks.impl.KafkaReaderImpl - ConsumerRecord(topic = test_topic_in, partition = 0, leaderEpoch = 0, offset = 0, CreateTime = 1685105490897, serialized key size = -1, serialized value size = 28, headers = RecordHeaders(headers = [], isReadOnly = false), key = null, value = {"name":"alexander_pushkin"})
15:51:31.760 [pool-2-thread-1] INFO  r.m.l.rpks.impl.RuleProcessorImpl - RULES LENGTH 1
15:51:31.760 [pool-2-thread-1] INFO  r.m.l.rpks.impl.RuleProcessorImpl - CHECKING FIELD name
15:51:31.760 [pool-2-thread-1] INFO  r.m.l.rpks.impl.RuleProcessorImpl - set to false - not contains
15:51:31.760 [pool-2-thread-1] INFO  r.m.l.rpks.impl.KafkaReaderImpl - Start write message in kafka out topic test_topic_out
15:51:31.765 [pool-2-thread-1] INFO  r.m.l.rpks.impl.KafkaReaderImpl - Queue element Message(value={"name":"alexander_pushkin"}, filterState=false)
15:51:31.783 [pool-2-thread-1] INFO  r.m.l.rpks.impl.KafkaReaderImpl - Message from Kafka topic test_topic_in : {"name":"alexander_pushkin", "age":, "sex":null}
15:51:31.784 [pool-2-thread-1] INFO  r.m.l.rpks.impl.KafkaReaderImpl - ConsumerRecord(topic = test_topic_in, partition = 0, leaderEpoch = 0, offset = 1, CreateTime = 1685105491093, serialized key size = -1, serialized value size = 48, headers = RecordHeaders(headers = [], isReadOnly = false), key = null, value = {"name":"alexander_pushkin", "age":, "sex":null})
15:51:31.787 [pool-2-thread-1] ERROR r.m.l.rpks.impl.RuleProcessorImpl - exception caught
15:51:31.787 [pool-2-thread-1] INFO  r.m.l.rpks.impl.KafkaReaderImpl - Start write message in kafka out topic test_topic_out
15:51:31.798 [pool-2-thread-1] INFO  r.m.l.rpks.impl.KafkaReaderImpl - Queue element Message(value={"name":"alexander_pushkin", "age":, "sex":null}, filterState=false)
15:51:31.802 [pool-2-thread-1] INFO  r.m.l.rpks.impl.KafkaReaderImpl - Message from Kafka topic test_topic_in : {"name":"alexander_pushkin", "sex":"M"}
15:51:31.802 [pool-2-thread-1] INFO  r.m.l.rpks.impl.KafkaReaderImpl - ConsumerRecord(topic = test_topic_in, partition = 0, leaderEpoch = 0, offset = 2, CreateTime = 1685105491113, serialized key size = -1, serialized value size = 39, headers = RecordHeaders(headers = [], isReadOnly = false), key = null, value = {"name":"alexander_pushkin", "sex":"M"})
15:51:31.804 [pool-2-thread-1] INFO  r.m.l.rpks.impl.RuleProcessorImpl - RULES LENGTH 1
15:51:31.804 [pool-2-thread-1] INFO  r.m.l.rpks.impl.RuleProcessorImpl - CHECKING FIELD name
15:51:31.804 [pool-2-thread-1] INFO  r.m.l.rpks.impl.RuleProcessorImpl - set to false - not contains
15:51:31.804 [pool-2-thread-1] INFO  r.m.l.rpks.impl.KafkaReaderImpl - Start write message in kafka out topic test_topic_out
15:51:31.818 [pool-2-thread-1] INFO  r.m.l.rpks.impl.KafkaReaderImpl - Queue element Message(value={"name":"alexander_pushkin", "sex":"M"}, filterState=false)
15:51:31.842 [pool-2-thread-1] INFO  r.m.l.rpks.impl.KafkaReaderImpl - Message from Kafka topic test_topic_in : {"name":"alexander_pushkin", "age":null}
15:51:31.843 [pool-2-thread-1] INFO  r.m.l.rpks.impl.KafkaReaderImpl - ConsumerRecord(topic = test_topic_in, partition = 0, leaderEpoch = 0, offset = 3, CreateTime = 1685105491127, serialized key size = -1, serialized value size = 40, headers = RecordHeaders(headers = [], isReadOnly = false), key = null, value = {"name":"alexander_pushkin", "age":null})
15:51:31.844 [pool-2-thread-1] INFO  r.m.l.rpks.impl.RuleProcessorImpl - RULES LENGTH 1
15:51:31.844 [pool-2-thread-1] INFO  r.m.l.rpks.impl.RuleProcessorImpl - CHECKING FIELD name
15:51:31.845 [pool-2-thread-1] INFO  r.m.l.rpks.impl.RuleProcessorImpl - set to false - not contains
15:51:31.846 [pool-2-thread-1] INFO  r.m.l.rpks.impl.KafkaReaderImpl - Start write message in kafka out topic test_topic_out
15:51:31.855 [pool-2-thread-1] INFO  r.m.l.rpks.impl.KafkaReaderImpl - Queue element Message(value={"name":"alexander_pushkin", "age":null}, filterState=false)
15:51:31.874 [pool-2-thread-1] INFO  r.m.l.rpks.impl.KafkaReaderImpl - Message from Kafka topic test_topic_in : {"name":"alexander_pushkin", "age":19, "sex":"M"}
15:51:31.874 [pool-2-thread-1] INFO  r.m.l.rpks.impl.KafkaReaderImpl - ConsumerRecord(topic = test_topic_in, partition = 0, leaderEpoch = 0, offset = 4, CreateTime = 1685105491135, serialized key size = -1, serialized value size = 49, headers = RecordHeaders(headers = [], isReadOnly = false), key = null, value = {"name":"alexander_pushkin", "age":19, "sex":"M"})
15:51:31.878 [pool-2-thread-1] INFO  r.m.l.rpks.impl.RuleProcessorImpl - RULES LENGTH 1
15:51:31.878 [pool-2-thread-1] INFO  r.m.l.rpks.impl.RuleProcessorImpl - CHECKING FIELD name
15:51:31.878 [pool-2-thread-1] INFO  r.m.l.rpks.impl.RuleProcessorImpl - set to false - not contains
15:51:31.879 [pool-2-thread-1] INFO  r.m.l.rpks.impl.KafkaReaderImpl - Start write message in kafka out topic test_topic_out
15:51:31.885 [pool-2-thread-1] INFO  r.m.l.rpks.impl.KafkaReaderImpl - Queue element Message(value={"name":"alexander_pushkin", "age":19, "sex":"M"}, filterState=false)
15:51:31.900 [pool-2-thread-1] INFO  r.m.l.rpks.impl.KafkaReaderImpl - Message from Kafka topic test_topic_in : {"name":"alex_pushkin", "age":18, "sex":"M"}
15:51:31.900 [pool-2-thread-1] INFO  r.m.l.rpks.impl.KafkaReaderImpl - ConsumerRecord(topic = test_topic_in, partition = 0, leaderEpoch = 0, offset = 5, CreateTime = 1685105491142, serialized key size = 8, serialized value size = 44, headers = RecordHeaders(headers = [], isReadOnly = false), key = expected, value = {"name":"alex_pushkin", "age":18, "sex":"M"})
15:51:31.902 [pool-2-thread-1] INFO  r.m.l.rpks.impl.RuleProcessorImpl - RULES LENGTH 1
15:51:31.902 [pool-2-thread-1] INFO  r.m.l.rpks.impl.RuleProcessorImpl - CHECKING FIELD name
15:51:31.902 [pool-2-thread-1] INFO  r.m.l.rpks.impl.KafkaReaderImpl - Start write message in kafka out topic test_topic_out
15:51:31.906 [pool-2-thread-1] INFO  r.m.l.rpks.impl.KafkaReaderImpl - Queue element Message(value={"name":"alex_pushkin", "age":18, "sex":"M"}, filterState=true)
15:51:31.928 [pool-2-thread-1] INFO  r.m.l.rpks.impl.KafkaReaderImpl - Message send to outtest_topic_out-1@0
15:51:32.316 [pool-1-thread-2] INFO  ru.mai.lessons.rpks.ServiceTest - CONSUMERRECORDS org.apache.kafka.clients.consumer.ConsumerRecords@7f57a3ee
15:51:32.316 [pool-1-thread-2] INFO  ru.mai.lessons.rpks.ServiceTest - Read messages 1
]]></system-out>
  <system-err><![CDATA[]]></system-err>
</testsuite>
