<?xml version="1.0" encoding="UTF-8"?>
<testsuite name="ru.mai.lessons.rpks.ServiceTest" tests="1" skipped="0" failures="0" errors="0" timestamp="2023-06-15T13:21:51" hostname="mate14" time="18.967">
  <properties/>
  <testcase name="testServiceFilteringEquals()" classname="ru.mai.lessons.rpks.ServiceTest" time="18.967"/>
  <system-out><![CDATA[16:21:51,470 |-INFO in ch.qos.logback.classic.LoggerContext[default] - This is logback-classic version 1.4.5
16:21:51,496 |-INFO in ch.qos.logback.classic.LoggerContext[default] - Could NOT find resource [logback-test.xml]
16:21:51,497 |-INFO in ch.qos.logback.classic.LoggerContext[default] - Found resource [logback.xml] at [file:/home/dasha/java/test2Laba_1/JavaServiceFiltering/build/resources/test/logback.xml]
16:21:51,646 |-INFO in ch.qos.logback.core.model.processor.AppenderModelHandler - Processing appender named [CONSOLE]
16:21:51,646 |-INFO in ch.qos.logback.core.model.processor.AppenderModelHandler - About to instantiate appender of type [ch.qos.logback.core.ConsoleAppender]
16:21:51,695 |-WARN in ch.qos.logback.core.ConsoleAppender[CONSOLE] - This appender no longer admits a layout as a sub-component, set an encoder instead.
16:21:51,695 |-WARN in ch.qos.logback.core.ConsoleAppender[CONSOLE] - To ensure compatibility, wrapping your layout in LayoutWrappingEncoder.
16:21:51,695 |-WARN in ch.qos.logback.core.ConsoleAppender[CONSOLE] - See also http://logback.qos.ch/codes.html#layoutInsteadOfEncoder for details
16:21:51,697 |-INFO in ch.qos.logback.classic.model.processor.LoggerModelHandler - Setting level of logger [ru.mai.lessons.rpks] to INFO
16:21:51,706 |-INFO in ch.qos.logback.classic.model.processor.LoggerModelHandler - Setting additivity of logger [ru.mai.lessons.rpks] to false
16:21:51,707 |-INFO in ch.qos.logback.core.model.processor.AppenderRefModelHandler - Attaching appender named [CONSOLE] to Logger[ru.mai.lessons.rpks]
16:21:51,708 |-INFO in ch.qos.logback.classic.model.processor.RootLoggerModelHandler - Setting level of ROOT logger to ERROR
16:21:51,708 |-INFO in ch.qos.logback.core.model.processor.AppenderRefModelHandler - Attaching appender named [CONSOLE] to Logger[ROOT]
16:21:51,708 |-INFO in ch.qos.logback.core.model.processor.DefaultProcessor@2fc6f97f - End of configuration.
16:21:51,709 |-INFO in ch.qos.logback.classic.joran.JoranConfigurator@3d2ee678 - Registering current configuration as safe fallback point

16:22:06.086 [Test worker] INFO  ru.mai.lessons.rpks.ServiceTest - Topics: [(name=test_topic_in, numPartitions=3, replicationFactor=1, replicasAssignments=null, configs=null), (name=test_topic_out, numPartitions=3, replicationFactor=1, replicasAssignments=null, configs=null)], replica factor 1, partitions 3
16:22:06.676 [Test worker] INFO  ru.mai.lessons.rpks.ServiceTest - Topic not exist. Create topics [(name=test_topic_in, numPartitions=3, replicationFactor=1, replicasAssignments=null, configs=null), (name=test_topic_out, numPartitions=3, replicationFactor=1, replicasAssignments=null, configs=null)]
16:22:08.218 [Test worker] INFO  ru.mai.lessons.rpks.ServiceTest - Create filtering rule 1
16:22:08.257 [Test worker] INFO  ru.mai.lessons.rpks.ServiceTest - Check rule from DB
16:22:08.373 [pool-1-thread-1] INFO  r.mai.lessons.rpks.impl.DbReaderImpl - Hikari config was done
16:22:08.389 [pool-1-thread-1] INFO  r.mai.lessons.rpks.impl.DbReaderImpl - Created a new datasource
16:22:08.389 [pool-1-thread-1] INFO  r.mai.lessons.rpks.impl.DbReaderImpl - Get datasource successfully
16:22:08.468 [Timer-0] INFO  r.mai.lessons.rpks.impl.DbReaderImpl - Get datasource successfully
16:22:08.469 [pool-2-thread-1] INFO  r.m.l.rpks.impl.KafkaReaderImpl - Start reading kafka topic test_topic_in
16:22:08.475 [Timer-0] INFO  r.m.l.rpks.impl.ServiceFiltering - ru.mai.lessons.rpks.model.Rule@5559e135
16:22:08.729 [pool-1-thread-2] INFO  ru.mai.lessons.rpks.ServiceTest - Remaining attempts 10
16:22:09.756 [pool-1-thread-2] INFO  ru.mai.lessons.rpks.ServiceTest - Read messages 1
]]></system-out>
  <system-err><![CDATA[java.lang.NullPointerException: Cannot invoke "Object.toString()" because the return value of "java.util.Map.get(Object)" is null
	at ru.mai.lessons.rpks.impl.RuleProcessorImpl.checkRules(RuleProcessorImpl.java:55)
	at ru.mai.lessons.rpks.impl.RuleProcessorImpl.processing(RuleProcessorImpl.java:32)
	at ru.mai.lessons.rpks.impl.KafkaReaderImpl.processing(KafkaReaderImpl.java:59)
	at ru.mai.lessons.rpks.impl.ServiceFiltering.lambda$start$0(ServiceFiltering.java:47)
	at java.base/java.util.concurrent.ThreadPoolExecutor.runWorker(ThreadPoolExecutor.java:1136)
	at java.base/java.util.concurrent.ThreadPoolExecutor$Worker.run(ThreadPoolExecutor.java:635)
	at java.base/java.lang.Thread.run(Thread.java:833)
com.fasterxml.jackson.databind.exc.MismatchedInputException: No content to map due to end-of-input
 at [Source: (String)""; line: 1, column: 0]
	at com.fasterxml.jackson.databind.exc.MismatchedInputException.from(MismatchedInputException.java:59)
	at com.fasterxml.jackson.databind.ObjectMapper._initForReading(ObjectMapper.java:4821)
	at com.fasterxml.jackson.databind.ObjectMapper._readMapAndClose(ObjectMapper.java:4723)
	at com.fasterxml.jackson.databind.ObjectMapper.readValue(ObjectMapper.java:3677)
	at com.fasterxml.jackson.databind.ObjectMapper.readValue(ObjectMapper.java:3645)
	at ru.mai.lessons.rpks.impl.RuleProcessorImpl.processing(RuleProcessorImpl.java:28)
	at ru.mai.lessons.rpks.impl.KafkaReaderImpl.processing(KafkaReaderImpl.java:59)
	at ru.mai.lessons.rpks.impl.ServiceFiltering.lambda$start$0(ServiceFiltering.java:47)
	at java.base/java.util.concurrent.ThreadPoolExecutor.runWorker(ThreadPoolExecutor.java:1136)
	at java.base/java.util.concurrent.ThreadPoolExecutor$Worker.run(ThreadPoolExecutor.java:635)
	at java.base/java.lang.Thread.run(Thread.java:833)
]]></system-err>
</testsuite>
