<?xml version="1.0" encoding="UTF-8"?>
<testsuite name="ru.mai.lessons.rpks.ServiceTest" tests="1" skipped="0" failures="0" errors="0" timestamp="2023-06-07T13:27:47" hostname="MacBook-Pro-Polina.local" time="26.495">
  <properties/>
  <testcase name="testServiceFilteringEqualsNotContainsTwoRules()" classname="ru.mai.lessons.rpks.ServiceTest" time="26.495"/>
  <system-out><![CDATA[16:27:47,165 |-INFO in ch.qos.logback.classic.LoggerContext[default] - This is logback-classic version 1.4.6
16:27:47,195 |-INFO in ch.qos.logback.classic.LoggerContext[default] - Could NOT find resource [logback-test.xml]
16:27:47,199 |-INFO in ch.qos.logback.classic.LoggerContext[default] - Found resource [logback.xml] at [file:/Users/polinanesterova/IdeaProjects/JavaServiceFiltering/build/resources/test/logback.xml]
16:27:47,200 |-WARN in ch.qos.logback.classic.util.DefaultJoranConfigurator@2da59753 - Resource [logback.xml] occurs multiple times on the classpath.
16:27:47,200 |-WARN in ch.qos.logback.classic.util.DefaultJoranConfigurator@2da59753 - Resource [logback.xml] occurs at [file:/Users/polinanesterova/IdeaProjects/JavaServiceFiltering/build/resources/main/logback.xml]
16:27:47,200 |-WARN in ch.qos.logback.classic.util.DefaultJoranConfigurator@2da59753 - Resource [logback.xml] occurs at [file:/Users/polinanesterova/IdeaProjects/JavaServiceFiltering/build/resources/test/logback.xml]
16:27:47,329 |-INFO in ch.qos.logback.core.model.processor.AppenderModelHandler - Processing appender named [CONSOLE]
16:27:47,330 |-INFO in ch.qos.logback.core.model.processor.AppenderModelHandler - About to instantiate appender of type [ch.qos.logback.core.ConsoleAppender]
16:27:47,380 |-WARN in ch.qos.logback.core.ConsoleAppender[CONSOLE] - This appender no longer admits a layout as a sub-component, set an encoder instead.
16:27:47,380 |-WARN in ch.qos.logback.core.ConsoleAppender[CONSOLE] - To ensure compatibility, wrapping your layout in LayoutWrappingEncoder.
16:27:47,380 |-WARN in ch.qos.logback.core.ConsoleAppender[CONSOLE] - See also http://logback.qos.ch/codes.html#layoutInsteadOfEncoder for details
16:27:47,381 |-INFO in ch.qos.logback.classic.model.processor.LoggerModelHandler - Setting level of logger [ru.mai.lessons.rpks] to INFO
16:27:47,384 |-INFO in ch.qos.logback.classic.model.processor.LoggerModelHandler - Setting additivity of logger [ru.mai.lessons.rpks] to false
16:27:47,385 |-INFO in ch.qos.logback.core.model.processor.AppenderRefModelHandler - Attaching appender named [CONSOLE] to Logger[ru.mai.lessons.rpks]
16:27:47,385 |-INFO in ch.qos.logback.classic.model.processor.RootLoggerModelHandler - Setting level of ROOT logger to ERROR
16:27:47,385 |-INFO in ch.qos.logback.core.model.processor.AppenderRefModelHandler - Attaching appender named [CONSOLE] to Logger[ROOT]
16:27:47,385 |-INFO in ch.qos.logback.core.model.processor.DefaultProcessor@5629510 - End of configuration.
16:27:47,386 |-INFO in ch.qos.logback.classic.joran.JoranConfigurator@4df5bcb4 - Registering current configuration as safe fallback point

16:28:07.346 [Test worker] INFO  ru.mai.lessons.rpks.ServiceTest - Topics: [(name=test_topic_in, numPartitions=3, replicationFactor=1, replicasAssignments=null, configs=null), (name=test_topic_out, numPartitions=3, replicationFactor=1, replicasAssignments=null, configs=null)], replica factor 1, partitions 3
16:28:10.135 [Test worker] INFO  ru.mai.lessons.rpks.ServiceTest - Topic not exist. Create topics [(name=test_topic_in, numPartitions=3, replicationFactor=1, replicasAssignments=null, configs=null), (name=test_topic_out, numPartitions=3, replicationFactor=1, replicasAssignments=null, configs=null)]
16:28:11.584 [Test worker] INFO  ru.mai.lessons.rpks.ServiceTest - Create filtering rule 1
16:28:11.614 [Test worker] INFO  ru.mai.lessons.rpks.ServiceTest - Check rule from DB
16:28:11.644 [Test worker] INFO  ru.mai.lessons.rpks.ServiceTest - Create filtering rule 1
16:28:11.649 [Test worker] INFO  ru.mai.lessons.rpks.ServiceTest - Check rule from DB
16:28:11.714 [pool-1-thread-1] INFO  ru.mai.lessons.rpks.impl.Db - No DataSource is available. We will create a new one.
16:28:11.715 [pool-1-thread-1] INFO  ru.mai.lessons.rpks.impl.Db - Creating the config with HikariConfig
16:28:11.715 [pool-1-thread-1] INFO  ru.mai.lessons.rpks.impl.Db - Configuration is ready.
16:28:11.715 [pool-1-thread-1] INFO  ru.mai.lessons.rpks.impl.Db - Creating the HiKariDataSource and assigning it as the global
16:28:12.019 [Timer-0] INFO  r.m.l.rpks.impl.ServiceFiltering - ru.mai.lessons.rpks.model.Rule@a5f3f2b
16:28:12.019 [Timer-0] INFO  r.m.l.rpks.impl.ServiceFiltering - TIMER
16:28:12.019 [Timer-0] INFO  r.m.l.rpks.impl.ServiceFiltering - ru.mai.lessons.rpks.model.Rule@498d010
16:28:12.020 [Timer-0] INFO  r.m.l.rpks.impl.ServiceFiltering - TIMER
16:28:12.233 [pool-1-thread-2] INFO  ru.mai.lessons.rpks.ServiceTest - CONSUMERRECORDS org.apache.kafka.clients.consumer.ConsumerRecords@202295a3
16:28:12.234 [pool-1-thread-2] INFO  ru.mai.lessons.rpks.ServiceTest - Remaining attempts 10
16:28:12.865 [pool-2-thread-1] ERROR r.m.l.rpks.impl.RuleProcessorImpl - exception caught
16:28:12.869 [pool-2-thread-1] ERROR r.m.l.rpks.impl.RuleProcessorImpl - caught null exception
16:28:12.876 [pool-2-thread-1] ERROR r.m.l.rpks.impl.RuleProcessorImpl - exception caught
16:28:13.317 [pool-1-thread-2] INFO  ru.mai.lessons.rpks.ServiceTest - CONSUMERRECORDS org.apache.kafka.clients.consumer.ConsumerRecords@617c063e
16:28:13.317 [pool-1-thread-2] INFO  ru.mai.lessons.rpks.ServiceTest - Read messages 1
]]></system-out>
  <system-err><![CDATA[]]></system-err>
</testsuite>
