<?xml version="1.0" encoding="UTF-8"?>
<testsuite name="ru.mai.lessons.rpks.ServiceTest" tests="1" skipped="0" failures="0" errors="0" timestamp="2023-06-21T21:16:34" hostname="YN1T_PC" time="9.195">
  <properties/>
  <testcase name="testServiceFilteringNotEquals()" classname="ru.mai.lessons.rpks.ServiceTest" time="9.195"/>
  <system-out><![CDATA[00:16:34,675 |-INFO in ch.qos.logback.classic.LoggerContext[default] - This is logback-classic version 1.4.5
00:16:34,688 |-INFO in ch.qos.logback.classic.LoggerContext[default] - Could NOT find resource [logback-test.xml]
00:16:34,690 |-INFO in ch.qos.logback.classic.LoggerContext[default] - Found resource [logback.xml] at [file:/C:/Users/BLOOD/IdeaProjects/JavaServiceFiltering/build/resources/test/logback.xml]
00:16:34,747 |-INFO in ch.qos.logback.core.model.processor.AppenderModelHandler - Processing appender named [CONSOLE]
00:16:34,747 |-INFO in ch.qos.logback.core.model.processor.AppenderModelHandler - About to instantiate appender of type [ch.qos.logback.core.ConsoleAppender]
00:16:34,767 |-WARN in ch.qos.logback.core.ConsoleAppender[CONSOLE] - This appender no longer admits a layout as a sub-component, set an encoder instead.
00:16:34,767 |-WARN in ch.qos.logback.core.ConsoleAppender[CONSOLE] - To ensure compatibility, wrapping your layout in LayoutWrappingEncoder.
00:16:34,767 |-WARN in ch.qos.logback.core.ConsoleAppender[CONSOLE] - See also http://logback.qos.ch/codes.html#layoutInsteadOfEncoder for details
00:16:34,768 |-INFO in ch.qos.logback.classic.model.processor.LoggerModelHandler - Setting level of logger [ru.mai.lessons.rpks] to INFO
00:16:34,770 |-INFO in ch.qos.logback.classic.model.processor.LoggerModelHandler - Setting additivity of logger [ru.mai.lessons.rpks] to false
00:16:34,770 |-INFO in ch.qos.logback.core.model.processor.AppenderRefModelHandler - Attaching appender named [CONSOLE] to Logger[ru.mai.lessons.rpks]
00:16:34,771 |-INFO in ch.qos.logback.classic.model.processor.RootLoggerModelHandler - Setting level of ROOT logger to ERROR
00:16:34,771 |-INFO in ch.qos.logback.core.model.processor.AppenderRefModelHandler - Attaching appender named [CONSOLE] to Logger[ROOT]
00:16:34,771 |-INFO in ch.qos.logback.core.model.processor.DefaultProcessor@25e2ab5a - End of configuration.
00:16:34,771 |-INFO in ch.qos.logback.classic.joran.JoranConfigurator@35e5d0e5 - Registering current configuration as safe fallback point

00:16:41.163 [Test worker] INFO  ru.mai.lessons.rpks.ServiceTest - Topics: [(name=test_topic_in, numPartitions=3, replicationFactor=1, replicasAssignments=null, configs=null), (name=test_topic_out, numPartitions=3, replicationFactor=1, replicasAssignments=null, configs=null)], replica factor 1, partitions 3
00:16:41.809 [Test worker] INFO  ru.mai.lessons.rpks.ServiceTest - Topic not exist. Create topics [(name=test_topic_in, numPartitions=3, replicationFactor=1, replicasAssignments=null, configs=null), (name=test_topic_out, numPartitions=3, replicationFactor=1, replicasAssignments=null, configs=null)]
00:16:42.001 [Test worker] INFO  ru.mai.lessons.rpks.ServiceTest - Create filtering rule 1
00:16:42.020 [Test worker] INFO  ru.mai.lessons.rpks.ServiceTest - Check rule from DB
00:16:42.070 [pool-1-thread-1] INFO  r.m.l.r.impl.KafkaReaderRealization - Create new consumer
00:16:42.082 [pool-1-thread-1] INFO  r.m.lessons.rpks.impl.DataBaseReader - Init HikariDataSource
00:16:42.094 [pool-1-thread-1] INFO  r.m.lessons.rpks.impl.DataBaseReader - Init DSL
00:16:42.095 [pool-1-thread-1] INFO  r.m.l.r.impl.KafkaReaderRealization - Start consumer cycle
00:16:42.264 [pool-1-thread-2] INFO  ru.mai.lessons.rpks.ServiceTest - Remaining attempts 10
00:16:42.331 [pool-1-thread-1] ERROR r.m.l.rpks.impl.KafkaRuleProcessor - Message {"name":"alex", "age":, "sex":null} have uncorrected data
00:16:42.333 [pool-1-thread-1] INFO  r.m.l.r.impl.KafkaWriterRealization - send message - {"name":"no_alex", "age":18, "sex":"M"}
00:16:43.271 [pool-1-thread-2] INFO  ru.mai.lessons.rpks.ServiceTest - Read messages 1
]]></system-out>
  <system-err><![CDATA[]]></system-err>
</testsuite>
