<?xml version="1.0" encoding="UTF-8"?>
<testsuite name="ru.mai.lessons.rpks.ServiceTest" tests="18" skipped="0" failures="0" errors="0" timestamp="2023-05-13T14:09:22" hostname="DANILA" time="258.914">
  <properties/>
  <testcase name="testKafkaWriteReadMessage()" classname="ru.mai.lessons.rpks.ServiceTest" time="16.629"/>
  <testcase name="testServiceFilteringNotEquals()" classname="ru.mai.lessons.rpks.ServiceTest" time="12.455"/>
  <testcase name="testServiceFilteringNotRules()" classname="ru.mai.lessons.rpks.ServiceTest" time="21.351"/>
  <testcase name="testServiceFilteringContainsNotEqualsTwoRules()" classname="ru.mai.lessons.rpks.ServiceTest" time="11.541"/>
  <testcase name="testServiceFilteringAddNewRule()" classname="ru.mai.lessons.rpks.ServiceTest" time="32.045"/>
  <testcase name="testServiceFilteringContainsNotContainsTwoRules()" classname="ru.mai.lessons.rpks.ServiceTest" time="14.147"/>
  <testcase name="testStartPostgreSQL()" classname="ru.mai.lessons.rpks.ServiceTest" time="9.693"/>
  <testcase name="testServiceFilteringUpdateRule()" classname="ru.mai.lessons.rpks.ServiceTest" time="31.194"/>
  <testcase name="testServiceFilteringNotContains()" classname="ru.mai.lessons.rpks.ServiceTest" time="10.829"/>
  <testcase name="testServiceFilteringEqualsNotContainsTwoRules()" classname="ru.mai.lessons.rpks.ServiceTest" time="10.983"/>
  <testcase name="testServiceFilteringContains()" classname="ru.mai.lessons.rpks.ServiceTest" time="10.818"/>
  <testcase name="testServiceFilteringEqualsContainsTwoRules()" classname="ru.mai.lessons.rpks.ServiceTest" time="11.928"/>
  <testcase name="testServiceFilteringEquals()" classname="ru.mai.lessons.rpks.ServiceTest" time="12.095"/>
  <testcase name="testPostgreSQLReadValues()" classname="ru.mai.lessons.rpks.ServiceTest" time="9.942"/>
  <testcase name="testServiceFilteringEqualsTwoRules()" classname="ru.mai.lessons.rpks.ServiceTest" time="11.111"/>
  <testcase name="testServiceFilteringEqualsNotEqualsTwoRules()" classname="ru.mai.lessons.rpks.ServiceTest" time="11.572"/>
  <testcase name="testServiceFilteringContainsTwoRules()" classname="ru.mai.lessons.rpks.ServiceTest" time="11.237"/>
  <testcase name="testStartKafka()" classname="ru.mai.lessons.rpks.ServiceTest" time="9.33"/>
  <system-out><![CDATA[17:09:22,127 |-INFO in ch.qos.logback.classic.LoggerContext[default] - This is logback-classic version 1.4.5
17:09:22,158 |-INFO in ch.qos.logback.classic.LoggerContext[default] - Could NOT find resource [logback-test.xml]
17:09:22,162 |-INFO in ch.qos.logback.classic.LoggerContext[default] - Found resource [logback.xml] at [file:/C:/Projects/Study/5Semester/rpks/lab1/JavaServiceFiltering/build/resources/test/logback.xml]
17:09:22,324 |-INFO in ch.qos.logback.core.model.processor.AppenderModelHandler - Processing appender named [CONSOLE]
17:09:22,325 |-INFO in ch.qos.logback.core.model.processor.AppenderModelHandler - About to instantiate appender of type [ch.qos.logback.core.ConsoleAppender]
17:09:22,384 |-WARN in ch.qos.logback.core.ConsoleAppender[CONSOLE] - This appender no longer admits a layout as a sub-component, set an encoder instead.
17:09:22,384 |-WARN in ch.qos.logback.core.ConsoleAppender[CONSOLE] - To ensure compatibility, wrapping your layout in LayoutWrappingEncoder.
17:09:22,384 |-WARN in ch.qos.logback.core.ConsoleAppender[CONSOLE] - See also http://logback.qos.ch/codes.html#layoutInsteadOfEncoder for details
17:09:22,385 |-INFO in ch.qos.logback.classic.model.processor.LoggerModelHandler - Setting level of logger [ru.mai.lessons.rpks] to INFO
17:09:22,390 |-INFO in ch.qos.logback.classic.model.processor.LoggerModelHandler - Setting additivity of logger [ru.mai.lessons.rpks] to false
17:09:22,390 |-INFO in ch.qos.logback.core.model.processor.AppenderRefModelHandler - Attaching appender named [CONSOLE] to Logger[ru.mai.lessons.rpks]
17:09:22,391 |-INFO in ch.qos.logback.classic.model.processor.RootLoggerModelHandler - Setting level of ROOT logger to ERROR
17:09:22,391 |-INFO in ch.qos.logback.core.model.processor.AppenderRefModelHandler - Attaching appender named [CONSOLE] to Logger[ROOT]
17:09:22,391 |-INFO in ch.qos.logback.core.model.processor.DefaultProcessor@5b068087 - End of configuration.
17:09:22,392 |-INFO in ch.qos.logback.classic.joran.JoranConfigurator@6f152006 - Registering current configuration as safe fallback point

17:09:34.285 [Test worker] INFO  ru.mai.lessons.rpks.ServiceTest - Bootstrap.servers: PLAINTEXT://localhost:56396
17:09:34.290 [Test worker] INFO  ru.mai.lessons.rpks.ServiceTest - Topics: [(name=test_topic_in, numPartitions=3, replicationFactor=1, replicasAssignments=null, configs=null), (name=test_topic_out, numPartitions=3, replicationFactor=1, replicasAssignments=null, configs=null)], replica factor 1, partitions 3
17:09:34.661 [Test worker] INFO  ru.mai.lessons.rpks.ServiceTest - Creating topics
17:09:35.408 [Test worker] INFO  ru.mai.lessons.rpks.ServiceTest - Created topics
17:09:35.408 [Test worker] INFO  ru.mai.lessons.rpks.ServiceTest - Sending message
17:09:35.516 [Test worker] INFO  ru.mai.lessons.rpks.ServiceTest - Sent message
17:09:35.516 [Test worker] INFO  ru.mai.lessons.rpks.ServiceTest - Consumer subscribe
17:09:35.518 [Test worker] INFO  ru.mai.lessons.rpks.ServiceTest - Consumer start reading
17:09:35.631 [Test worker] INFO  ru.mai.lessons.rpks.ServiceTest - Remaining attempts 10
17:09:36.750 [Test worker] INFO  ru.mai.lessons.rpks.ServiceTest - Remaining attempts 9
17:09:37.836 [Test worker] INFO  ru.mai.lessons.rpks.ServiceTest - Read messages 1
17:09:47.394 [Test worker] INFO  ru.mai.lessons.rpks.ServiceTest - Topics: [(name=test_topic_in, numPartitions=3, replicationFactor=1, replicasAssignments=null, configs=null), (name=test_topic_out, numPartitions=3, replicationFactor=1, replicasAssignments=null, configs=null)], replica factor 1, partitions 3
17:09:48.388 [Test worker] INFO  ru.mai.lessons.rpks.ServiceTest - Topic not exist. Create topics [(name=test_topic_in, numPartitions=3, replicationFactor=1, replicasAssignments=null, configs=null), (name=test_topic_out, numPartitions=3, replicationFactor=1, replicasAssignments=null, configs=null)]
17:09:48.694 [Test worker] INFO  ru.mai.lessons.rpks.ServiceTest - Create filtering rule 1
17:09:48.736 [Test worker] INFO  ru.mai.lessons.rpks.ServiceTest - Check rule from DB
17:09:48.932 [Timer-0] INFO  r.m.lessons.rpks.impl.MyKafkaReader - Rule(filterId=1, ruleId=1, fieldName=name, filterFunctionName=NOT_EQUALS, filterValue=alex)
17:09:49.062 [pool-2-thread-2] INFO  ru.mai.lessons.rpks.ServiceTest - Remaining attempts 10
17:09:49.352 [pool-2-thread-1] ERROR r.m.l.rpks.impl.MyRuleProcessor - Unexpected character (',' (code 44)): expected a valid value (JSON String, Number, Array, Object or token 'null', 'true' or 'false')
 at [Source: (String)"{"name":"alex", "age":, "sex":null}"; line: 1, column: 24]
17:09:50.110 [pool-2-thread-2] INFO  ru.mai.lessons.rpks.ServiceTest - Read messages 1
17:09:50.111 [pool-2-thread-1] INFO  r.m.lessons.rpks.impl.MyKafkaReader - exit from kafka reader
17:09:50.111 [pool-2-thread-1] INFO  r.m.l.rpks.impl.ServiceFiltering - exit from ServiceFiltering.start
17:09:59.919 [Test worker] INFO  ru.mai.lessons.rpks.ServiceTest - Topics: [(name=test_topic_in, numPartitions=3, replicationFactor=1, replicasAssignments=null, configs=null), (name=test_topic_out, numPartitions=3, replicationFactor=1, replicasAssignments=null, configs=null)], replica factor 1, partitions 3
17:09:59.938 [Test worker] INFO  ru.mai.lessons.rpks.ServiceTest - Topic not exist. Create topics [(name=test_topic_in, numPartitions=3, replicationFactor=1, replicasAssignments=null, configs=null), (name=test_topic_out, numPartitions=3, replicationFactor=1, replicasAssignments=null, configs=null)]
17:10:00.522 [pool-3-thread-2] INFO  ru.mai.lessons.rpks.ServiceTest - Remaining attempts 10
17:10:01.645 [pool-3-thread-2] INFO  ru.mai.lessons.rpks.ServiceTest - Remaining attempts 9
17:10:02.766 [pool-3-thread-2] INFO  ru.mai.lessons.rpks.ServiceTest - Remaining attempts 8
17:10:03.886 [pool-3-thread-2] INFO  ru.mai.lessons.rpks.ServiceTest - Remaining attempts 7
17:10:05.009 [pool-3-thread-2] INFO  ru.mai.lessons.rpks.ServiceTest - Remaining attempts 6
17:10:06.129 [pool-3-thread-2] INFO  ru.mai.lessons.rpks.ServiceTest - Remaining attempts 5
17:10:07.245 [pool-3-thread-2] INFO  ru.mai.lessons.rpks.ServiceTest - Remaining attempts 4
17:10:08.366 [pool-3-thread-2] INFO  ru.mai.lessons.rpks.ServiceTest - Remaining attempts 3
17:10:09.489 [pool-3-thread-2] INFO  ru.mai.lessons.rpks.ServiceTest - Remaining attempts 2
17:10:10.600 [pool-3-thread-2] INFO  ru.mai.lessons.rpks.ServiceTest - Remaining attempts 1
17:10:11.612 [pool-3-thread-1] INFO  r.m.lessons.rpks.impl.MyKafkaReader - exit from kafka reader
17:10:11.613 [pool-3-thread-1] INFO  r.m.l.rpks.impl.ServiceFiltering - exit from ServiceFiltering.start
17:10:21.059 [Test worker] INFO  ru.mai.lessons.rpks.ServiceTest - Topics: [(name=test_topic_in, numPartitions=3, replicationFactor=1, replicasAssignments=null, configs=null), (name=test_topic_out, numPartitions=3, replicationFactor=1, replicasAssignments=null, configs=null)], replica factor 1, partitions 3
17:10:21.080 [Test worker] INFO  ru.mai.lessons.rpks.ServiceTest - Topic not exist. Create topics [(name=test_topic_in, numPartitions=3, replicationFactor=1, replicasAssignments=null, configs=null), (name=test_topic_out, numPartitions=3, replicationFactor=1, replicasAssignments=null, configs=null)]
17:10:21.491 [Test worker] INFO  ru.mai.lessons.rpks.ServiceTest - Create filtering rule 1
17:10:21.517 [Test worker] INFO  ru.mai.lessons.rpks.ServiceTest - Check rule from DB
17:10:21.524 [Test worker] INFO  ru.mai.lessons.rpks.ServiceTest - Create filtering rule 1
17:10:21.555 [Test worker] INFO  ru.mai.lessons.rpks.ServiceTest - Check rule from DB
17:10:21.609 [Timer-2] INFO  r.m.lessons.rpks.impl.MyKafkaReader - Rule(filterId=1, ruleId=1, fieldName=age, filterFunctionName=NOT_EQUALS, filterValue=20)
17:10:21.609 [Timer-2] INFO  r.m.lessons.rpks.impl.MyKafkaReader - Rule(filterId=1, ruleId=2, fieldName=name, filterFunctionName=CONTAINS, filterValue=alexander)
17:10:21.829 [pool-4-thread-2] INFO  ru.mai.lessons.rpks.ServiceTest - Remaining attempts 10
17:10:21.902 [pool-4-thread-1] ERROR r.m.l.rpks.impl.MyRuleProcessor - Unexpected character (',' (code 44)): expected a valid value (JSON String, Number, Array, Object or token 'null', 'true' or 'false')
 at [Source: (String)"{"name":"alex", "age":, "sex":"M"}"; line: 1, column: 24]
17:10:22.859 [pool-4-thread-2] INFO  ru.mai.lessons.rpks.ServiceTest - Read messages 1
17:10:22.859 [pool-4-thread-1] INFO  r.m.lessons.rpks.impl.MyKafkaReader - exit from kafka reader
17:10:22.859 [pool-4-thread-1] INFO  r.m.l.rpks.impl.ServiceFiltering - exit from ServiceFiltering.start
17:10:28.941 [Timer-0] ERROR ru.mai.lessons.rpks.impl.MyDbReader - HikariPool-2 - Connection is not available, request timed out after 30006ms.
17:10:33.436 [Test worker] INFO  ru.mai.lessons.rpks.ServiceTest - Topics: [(name=test_topic_in, numPartitions=3, replicationFactor=1, replicasAssignments=null, configs=null), (name=test_topic_out, numPartitions=3, replicationFactor=1, replicasAssignments=null, configs=null)], replica factor 1, partitions 3
17:10:33.464 [Test worker] INFO  ru.mai.lessons.rpks.ServiceTest - Topic not exist. Create topics [(name=test_topic_in, numPartitions=3, replicationFactor=1, replicasAssignments=null, configs=null), (name=test_topic_out, numPartitions=3, replicationFactor=1, replicasAssignments=null, configs=null)]
17:10:33.830 [Test worker] INFO  ru.mai.lessons.rpks.ServiceTest - Create filtering rule 1
17:10:33.844 [Test worker] INFO  ru.mai.lessons.rpks.ServiceTest - Check rule from DB
17:10:33.889 [Timer-3] INFO  r.m.lessons.rpks.impl.MyKafkaReader - Rule(filterId=1, ruleId=1, fieldName=name, filterFunctionName=CONTAINS, filterValue=alexander)
17:10:34.078 [pool-5-thread-2] INFO  ru.mai.lessons.rpks.ServiceTest - Remaining attempts 10
17:10:34.116 [pool-5-thread-1] ERROR r.m.l.rpks.impl.MyRuleProcessor - Unexpected character (',' (code 44)): expected a valid value (JSON String, Number, Array, Object or token 'null', 'true' or 'false')
 at [Source: (String)"{"name":, "age":, "sex":"M"}"; line: 1, column: 10]
17:10:35.088 [pool-5-thread-2] INFO  ru.mai.lessons.rpks.ServiceTest - Read messages 1
17:10:35.089 [Test worker] INFO  ru.mai.lessons.rpks.ServiceTest - Create filtering rule 1
17:10:35.093 [Test worker] INFO  ru.mai.lessons.rpks.ServiceTest - Check rule from DB
17:10:35.096 [Test worker] INFO  ru.mai.lessons.rpks.ServiceTest - Wait until application updated rules from DB
17:10:43.892 [Timer-3] INFO  r.m.lessons.rpks.impl.MyKafkaReader - Rule(filterId=1, ruleId=1, fieldName=name, filterFunctionName=CONTAINS, filterValue=alexander)
17:10:43.893 [Timer-3] INFO  r.m.lessons.rpks.impl.MyKafkaReader - Rule(filterId=1, ruleId=2, fieldName=age, filterFunctionName=EQUALS, filterValue=18)
17:10:50.364 [Timer-1] ERROR ru.mai.lessons.rpks.impl.MyDbReader - HikariPool-4 - Connection is not available, request timed out after 30011ms.
17:10:53.902 [Timer-3] INFO  r.m.lessons.rpks.impl.MyKafkaReader - Rule(filterId=1, ruleId=1, fieldName=name, filterFunctionName=CONTAINS, filterValue=alexander)
17:10:53.902 [Timer-3] INFO  r.m.lessons.rpks.impl.MyKafkaReader - Rule(filterId=1, ruleId=2, fieldName=age, filterFunctionName=EQUALS, filterValue=18)
17:10:55.117 [pool-5-thread-1] ERROR r.m.l.rpks.impl.MyRuleProcessor - Unexpected character (',' (code 44)): expected a valid value (JSON String, Number, Array, Object or token 'null', 'true' or 'false')
 at [Source: (String)"{"name":, "age":, "sex":"M"}"; line: 1, column: 10]
17:10:55.158 [pool-5-thread-2] INFO  ru.mai.lessons.rpks.ServiceTest - Read messages 1
17:10:55.159 [pool-5-thread-1] INFO  r.m.lessons.rpks.impl.MyKafkaReader - exit from kafka reader
17:10:55.159 [pool-5-thread-1] INFO  r.m.l.rpks.impl.ServiceFiltering - exit from ServiceFiltering.start
17:10:58.942 [Timer-0] ERROR ru.mai.lessons.rpks.impl.MyDbReader - HikariPool-2 - Connection is not available, request timed out after 30001ms.
17:11:01.632 [Timer-2] ERROR ru.mai.lessons.rpks.impl.MyDbReader - HikariPool-6 - Connection is not available, request timed out after 30012ms.
17:11:07.114 [Test worker] INFO  ru.mai.lessons.rpks.ServiceTest - Topics: [(name=test_topic_in, numPartitions=3, replicationFactor=1, replicasAssignments=null, configs=null), (name=test_topic_out, numPartitions=3, replicationFactor=1, replicasAssignments=null, configs=null)], replica factor 1, partitions 3
17:11:07.150 [Test worker] INFO  ru.mai.lessons.rpks.ServiceTest - Topic not exist. Create topics [(name=test_topic_in, numPartitions=3, replicationFactor=1, replicasAssignments=null, configs=null), (name=test_topic_out, numPartitions=3, replicationFactor=1, replicasAssignments=null, configs=null)]
17:11:07.639 [Test worker] INFO  ru.mai.lessons.rpks.ServiceTest - Create filtering rule 1
17:11:07.664 [Test worker] INFO  ru.mai.lessons.rpks.ServiceTest - Check rule from DB
17:11:07.669 [Test worker] INFO  ru.mai.lessons.rpks.ServiceTest - Create filtering rule 1
17:11:07.695 [Test worker] INFO  ru.mai.lessons.rpks.ServiceTest - Check rule from DB
17:11:07.759 [Timer-4] INFO  r.m.lessons.rpks.impl.MyKafkaReader - Rule(filterId=1, ruleId=1, fieldName=name, filterFunctionName=CONTAINS, filterValue=alexander)
17:11:07.760 [Timer-4] INFO  r.m.lessons.rpks.impl.MyKafkaReader - Rule(filterId=1, ruleId=2, fieldName=name, filterFunctionName=NOT_CONTAINS, filterValue=ivanov)
17:11:07.977 [pool-6-thread-2] INFO  ru.mai.lessons.rpks.ServiceTest - Remaining attempts 10
17:11:09.011 [pool-6-thread-2] INFO  ru.mai.lessons.rpks.ServiceTest - Read messages 1
17:11:09.012 [pool-6-thread-1] INFO  r.m.lessons.rpks.impl.MyKafkaReader - exit from kafka reader
17:11:09.013 [pool-6-thread-1] INFO  r.m.l.rpks.impl.ServiceFiltering - exit from ServiceFiltering.start
17:11:20.367 [Timer-1] ERROR ru.mai.lessons.rpks.impl.MyDbReader - HikariPool-4 - Connection is not available, request timed out after 30002ms.
17:11:28.506 [Test worker] INFO  ru.mai.lessons.rpks.ServiceTest - Topics: [(name=test_topic_in, numPartitions=3, replicationFactor=1, replicasAssignments=null, configs=null), (name=test_topic_out, numPartitions=3, replicationFactor=1, replicasAssignments=null, configs=null)], replica factor 1, partitions 3
17:11:28.524 [Test worker] INFO  ru.mai.lessons.rpks.ServiceTest - Topic not exist. Create topics [(name=test_topic_in, numPartitions=3, replicationFactor=1, replicasAssignments=null, configs=null), (name=test_topic_out, numPartitions=3, replicationFactor=1, replicasAssignments=null, configs=null)]
17:11:28.854 [Test worker] INFO  ru.mai.lessons.rpks.ServiceTest - Create filtering rule 1
17:11:28.869 [Test worker] INFO  ru.mai.lessons.rpks.ServiceTest - Check rule from DB
17:11:28.905 [Timer-5] INFO  r.m.lessons.rpks.impl.MyKafkaReader - Rule(filterId=1, ruleId=1, fieldName=name, filterFunctionName=EQUALS, filterValue=alex)
17:11:28.948 [Timer-0] ERROR ru.mai.lessons.rpks.impl.MyDbReader - HikariPool-2 - Connection is not available, request timed out after 30004ms.
17:11:29.101 [pool-8-thread-2] INFO  ru.mai.lessons.rpks.ServiceTest - Remaining attempts 10
17:11:29.129 [pool-8-thread-1] ERROR r.m.l.rpks.impl.MyRuleProcessor - Unexpected character (',' (code 44)): expected a valid value (JSON String, Number, Array, Object or token 'null', 'true' or 'false')
 at [Source: (String)"{"name":, "age":, "sex":"M"}"; line: 1, column: 10]
17:11:30.109 [pool-8-thread-2] INFO  ru.mai.lessons.rpks.ServiceTest - Read messages 1
17:11:30.115 [Test worker] INFO  ru.mai.lessons.rpks.ServiceTest - Create filtering rule 1
17:11:30.119 [Test worker] INFO  ru.mai.lessons.rpks.ServiceTest - Check rule from DB
17:11:30.121 [Test worker] INFO  ru.mai.lessons.rpks.ServiceTest - Wait until application updated rules from DB
17:11:31.637 [Timer-2] ERROR ru.mai.lessons.rpks.impl.MyDbReader - HikariPool-6 - Connection is not available, request timed out after 30004ms.
17:11:33.920 [Timer-3] ERROR ru.mai.lessons.rpks.impl.MyDbReader - HikariPool-8 - Connection is not available, request timed out after 30011ms.
17:11:38.908 [Timer-5] INFO  r.m.lessons.rpks.impl.MyKafkaReader - Rule(filterId=1, ruleId=1, fieldName=name, filterFunctionName=CONTAINS, filterValue=alexander)
17:11:47.776 [Timer-4] ERROR ru.mai.lessons.rpks.impl.MyDbReader - HikariPool-10 - Connection is not available, request timed out after 30010ms.
17:11:48.909 [Timer-5] INFO  r.m.lessons.rpks.impl.MyKafkaReader - Rule(filterId=1, ruleId=1, fieldName=name, filterFunctionName=CONTAINS, filterValue=alexander)
17:11:50.128 [pool-8-thread-1] ERROR r.m.l.rpks.impl.MyRuleProcessor - Unexpected character (',' (code 44)): expected a valid value (JSON String, Number, Array, Object or token 'null', 'true' or 'false')
 at [Source: (String)"{"name":, "age":, "sex":"M"}"; line: 1, column: 10]
17:11:50.155 [pool-8-thread-2] INFO  ru.mai.lessons.rpks.ServiceTest - Read messages 1
17:11:50.156 [pool-8-thread-1] INFO  r.m.lessons.rpks.impl.MyKafkaReader - exit from kafka reader
17:11:50.156 [pool-8-thread-1] INFO  r.m.l.rpks.impl.ServiceFiltering - exit from ServiceFiltering.start
17:11:50.377 [Timer-1] ERROR ru.mai.lessons.rpks.impl.MyDbReader - HikariPool-4 - Connection is not available, request timed out after 30009ms.
17:11:58.960 [Timer-0] ERROR ru.mai.lessons.rpks.impl.MyDbReader - HikariPool-2 - Connection is not available, request timed out after 30011ms.
17:11:59.434 [Test worker] INFO  ru.mai.lessons.rpks.ServiceTest - Topics: [(name=test_topic_in, numPartitions=3, replicationFactor=1, replicasAssignments=null, configs=null), (name=test_topic_out, numPartitions=3, replicationFactor=1, replicasAssignments=null, configs=null)], replica factor 1, partitions 3
17:11:59.454 [Test worker] INFO  ru.mai.lessons.rpks.ServiceTest - Topic not exist. Create topics [(name=test_topic_in, numPartitions=3, replicationFactor=1, replicasAssignments=null, configs=null), (name=test_topic_out, numPartitions=3, replicationFactor=1, replicasAssignments=null, configs=null)]
17:11:59.776 [Test worker] INFO  ru.mai.lessons.rpks.ServiceTest - Create filtering rule 1
17:11:59.788 [Test worker] INFO  ru.mai.lessons.rpks.ServiceTest - Check rule from DB
17:11:59.821 [Timer-6] INFO  r.m.lessons.rpks.impl.MyKafkaReader - Rule(filterId=1, ruleId=1, fieldName=name, filterFunctionName=NOT_CONTAINS, filterValue=alexander)
17:11:59.986 [pool-9-thread-2] INFO  ru.mai.lessons.rpks.ServiceTest - Remaining attempts 10
17:12:00.036 [pool-9-thread-1] ERROR r.m.l.rpks.impl.MyRuleProcessor - Unexpected character (',' (code 44)): expected a valid value (JSON String, Number, Array, Object or token 'null', 'true' or 'false')
 at [Source: (String)"{"name":"alexander_pushkin", "age":, "sex":null}"; line: 1, column: 37]
17:12:01.016 [pool-9-thread-2] INFO  ru.mai.lessons.rpks.ServiceTest - Read messages 1
17:12:01.016 [pool-9-thread-1] INFO  r.m.lessons.rpks.impl.MyKafkaReader - exit from kafka reader
17:12:01.016 [pool-9-thread-1] INFO  r.m.l.rpks.impl.ServiceFiltering - exit from ServiceFiltering.start
17:12:01.639 [Timer-2] ERROR ru.mai.lessons.rpks.impl.MyDbReader - HikariPool-6 - Connection is not available, request timed out after 30001ms.
17:12:03.921 [Timer-3] ERROR ru.mai.lessons.rpks.impl.MyDbReader - HikariPool-8 - Connection is not available, request timed out after 30001ms.
17:12:10.439 [Test worker] INFO  ru.mai.lessons.rpks.ServiceTest - Topics: [(name=test_topic_in, numPartitions=3, replicationFactor=1, replicasAssignments=null, configs=null), (name=test_topic_out, numPartitions=3, replicationFactor=1, replicasAssignments=null, configs=null)], replica factor 1, partitions 3
17:12:10.460 [Test worker] INFO  ru.mai.lessons.rpks.ServiceTest - Topic not exist. Create topics [(name=test_topic_in, numPartitions=3, replicationFactor=1, replicasAssignments=null, configs=null), (name=test_topic_out, numPartitions=3, replicationFactor=1, replicasAssignments=null, configs=null)]
17:12:10.774 [Test worker] INFO  ru.mai.lessons.rpks.ServiceTest - Create filtering rule 1
17:12:10.788 [Test worker] INFO  ru.mai.lessons.rpks.ServiceTest - Check rule from DB
17:12:10.791 [Test worker] INFO  ru.mai.lessons.rpks.ServiceTest - Create filtering rule 1
17:12:10.813 [Test worker] INFO  ru.mai.lessons.rpks.ServiceTest - Check rule from DB
17:12:10.849 [Timer-7] INFO  r.m.lessons.rpks.impl.MyKafkaReader - Rule(filterId=1, ruleId=1, fieldName=age, filterFunctionName=EQUALS, filterValue=18)
17:12:10.849 [Timer-7] INFO  r.m.lessons.rpks.impl.MyKafkaReader - Rule(filterId=1, ruleId=2, fieldName=name, filterFunctionName=NOT_CONTAINS, filterValue=ivanov)
17:12:11.021 [pool-10-thread-2] INFO  ru.mai.lessons.rpks.ServiceTest - Remaining attempts 10
17:12:11.058 [pool-10-thread-1] ERROR r.m.l.rpks.impl.MyRuleProcessor - Unexpected character (',' (code 44)): expected a valid value (JSON String, Number, Array, Object or token 'null', 'true' or 'false')
 at [Source: (String)"{"name":"alexander", "age":, "sex":"M"}"; line: 1, column: 29]
17:12:12.026 [pool-10-thread-2] INFO  ru.mai.lessons.rpks.ServiceTest - Read messages 1
17:12:12.027 [pool-10-thread-1] INFO  r.m.lessons.rpks.impl.MyKafkaReader - exit from kafka reader
17:12:12.027 [pool-10-thread-1] INFO  r.m.l.rpks.impl.ServiceFiltering - exit from ServiceFiltering.start
17:12:17.777 [Timer-4] ERROR ru.mai.lessons.rpks.impl.MyDbReader - HikariPool-10 - Connection is not available, request timed out after 30000ms.
17:12:20.378 [Timer-1] ERROR ru.mai.lessons.rpks.impl.MyDbReader - HikariPool-4 - Connection is not available, request timed out after 30001ms.
17:12:21.299 [Test worker] INFO  ru.mai.lessons.rpks.ServiceTest - Topics: [(name=test_topic_in, numPartitions=3, replicationFactor=1, replicasAssignments=null, configs=null), (name=test_topic_out, numPartitions=3, replicationFactor=1, replicasAssignments=null, configs=null)], replica factor 1, partitions 3
17:12:21.318 [Test worker] INFO  ru.mai.lessons.rpks.ServiceTest - Topic not exist. Create topics [(name=test_topic_in, numPartitions=3, replicationFactor=1, replicasAssignments=null, configs=null), (name=test_topic_out, numPartitions=3, replicationFactor=1, replicasAssignments=null, configs=null)]
17:12:21.615 [Test worker] INFO  ru.mai.lessons.rpks.ServiceTest - Create filtering rule 1
17:12:21.627 [Test worker] INFO  ru.mai.lessons.rpks.ServiceTest - Check rule from DB
17:12:21.661 [Timer-8] INFO  r.m.lessons.rpks.impl.MyKafkaReader - Rule(filterId=1, ruleId=1, fieldName=name, filterFunctionName=CONTAINS, filterValue=alexander)
17:12:21.825 [pool-11-thread-2] INFO  ru.mai.lessons.rpks.ServiceTest - Remaining attempts 10
17:12:22.860 [pool-11-thread-2] INFO  ru.mai.lessons.rpks.ServiceTest - Read messages 1
17:12:22.861 [pool-11-thread-1] INFO  r.m.lessons.rpks.impl.MyKafkaReader - exit from kafka reader
17:12:22.861 [pool-11-thread-1] INFO  r.m.l.rpks.impl.ServiceFiltering - exit from ServiceFiltering.start
17:12:28.910 [Timer-5] ERROR ru.mai.lessons.rpks.impl.MyDbReader - HikariPool-12 - Connection is not available, request timed out after 30003ms.
17:12:28.972 [Timer-0] ERROR ru.mai.lessons.rpks.impl.MyDbReader - HikariPool-2 - Connection is not available, request timed out after 30012ms.
17:12:31.640 [Timer-2] ERROR ru.mai.lessons.rpks.impl.MyDbReader - HikariPool-6 - Connection is not available, request timed out after 30000ms.
17:12:32.662 [Test worker] INFO  ru.mai.lessons.rpks.ServiceTest - Topics: [(name=test_topic_in, numPartitions=3, replicationFactor=1, replicasAssignments=null, configs=null), (name=test_topic_out, numPartitions=3, replicationFactor=1, replicasAssignments=null, configs=null)], replica factor 1, partitions 3
17:12:32.694 [Test worker] INFO  ru.mai.lessons.rpks.ServiceTest - Topic not exist. Create topics [(name=test_topic_in, numPartitions=3, replicationFactor=1, replicasAssignments=null, configs=null), (name=test_topic_out, numPartitions=3, replicationFactor=1, replicasAssignments=null, configs=null)]
17:12:33.166 [Test worker] INFO  ru.mai.lessons.rpks.ServiceTest - Create filtering rule 1
17:12:33.189 [Test worker] INFO  ru.mai.lessons.rpks.ServiceTest - Check rule from DB
17:12:33.194 [Test worker] INFO  ru.mai.lessons.rpks.ServiceTest - Create filtering rule 1
17:12:33.224 [Test worker] INFO  ru.mai.lessons.rpks.ServiceTest - Check rule from DB
17:12:33.291 [Timer-9] INFO  r.m.lessons.rpks.impl.MyKafkaReader - Rule(filterId=1, ruleId=1, fieldName=age, filterFunctionName=EQUALS, filterValue=18)
17:12:33.291 [Timer-9] INFO  r.m.lessons.rpks.impl.MyKafkaReader - Rule(filterId=1, ruleId=2, fieldName=name, filterFunctionName=CONTAINS, filterValue=alexander)
17:12:33.521 [pool-12-thread-2] INFO  ru.mai.lessons.rpks.ServiceTest - Remaining attempts 10
17:12:33.665 [pool-12-thread-1] ERROR r.m.l.rpks.impl.MyRuleProcessor - Unexpected character (',' (code 44)): expected a valid value (JSON String, Number, Array, Object or token 'null', 'true' or 'false')
 at [Source: (String)"{"name":"alexander", "age":, "sex":"M"}"; line: 1, column: 29]
17:12:33.923 [Timer-3] ERROR ru.mai.lessons.rpks.impl.MyDbReader - HikariPool-8 - Connection is not available, request timed out after 30001ms.
17:12:34.539 [pool-12-thread-2] INFO  ru.mai.lessons.rpks.ServiceTest - Read messages 1
17:12:34.540 [pool-12-thread-1] INFO  r.m.lessons.rpks.impl.MyKafkaReader - exit from kafka reader
17:12:34.541 [pool-12-thread-1] INFO  r.m.l.rpks.impl.ServiceFiltering - exit from ServiceFiltering.start
17:12:39.834 [Timer-6] ERROR ru.mai.lessons.rpks.impl.MyDbReader - HikariPool-14 - Connection is not available, request timed out after 30014ms.
17:12:45.090 [Test worker] INFO  ru.mai.lessons.rpks.ServiceTest - Topics: [(name=test_topic_in, numPartitions=3, replicationFactor=1, replicasAssignments=null, configs=null), (name=test_topic_out, numPartitions=3, replicationFactor=1, replicasAssignments=null, configs=null)], replica factor 1, partitions 3
17:12:45.108 [Test worker] INFO  ru.mai.lessons.rpks.ServiceTest - Topic not exist. Create topics [(name=test_topic_in, numPartitions=3, replicationFactor=1, replicasAssignments=null, configs=null), (name=test_topic_out, numPartitions=3, replicationFactor=1, replicasAssignments=null, configs=null)]
17:12:45.442 [Test worker] INFO  ru.mai.lessons.rpks.ServiceTest - Create filtering rule 1
17:12:45.454 [Test worker] INFO  ru.mai.lessons.rpks.ServiceTest - Check rule from DB
17:12:45.487 [Timer-10] INFO  r.m.lessons.rpks.impl.MyKafkaReader - Rule(filterId=1, ruleId=1, fieldName=name, filterFunctionName=EQUALS, filterValue=alex)
17:12:45.660 [pool-13-thread-2] INFO  ru.mai.lessons.rpks.ServiceTest - Remaining attempts 10
17:12:46.694 [pool-13-thread-2] INFO  ru.mai.lessons.rpks.ServiceTest - Read messages 1
17:12:46.694 [pool-13-thread-1] INFO  r.m.lessons.rpks.impl.MyKafkaReader - exit from kafka reader
17:12:46.694 [pool-13-thread-1] INFO  r.m.l.rpks.impl.ServiceFiltering - exit from ServiceFiltering.start
17:12:47.781 [Timer-4] ERROR ru.mai.lessons.rpks.impl.MyDbReader - HikariPool-10 - Connection is not available, request timed out after 30003ms.
17:12:50.383 [Timer-1] ERROR ru.mai.lessons.rpks.impl.MyDbReader - HikariPool-4 - Connection is not available, request timed out after 30004ms.
17:12:50.850 [Timer-7] ERROR ru.mai.lessons.rpks.impl.MyDbReader - HikariPool-16 - Connection is not available, request timed out after 30002ms.
17:12:56.728 [Test worker] INFO  ru.mai.lessons.rpks.ServiceTest - Create filtering rule 1
17:12:56.746 [Test worker] INFO  ru.mai.lessons.rpks.ServiceTest - Check rule from DB
17:12:58.920 [Timer-5] ERROR ru.mai.lessons.rpks.impl.MyDbReader - HikariPool-12 - Connection is not available, request timed out after 30009ms.
17:12:58.982 [Timer-0] ERROR ru.mai.lessons.rpks.impl.MyDbReader - HikariPool-2 - Connection is not available, request timed out after 30009ms.
17:13:01.646 [Timer-2] ERROR ru.mai.lessons.rpks.impl.MyDbReader - HikariPool-6 - Connection is not available, request timed out after 30005ms.
17:13:01.661 [Timer-8] ERROR ru.mai.lessons.rpks.impl.MyDbReader - HikariPool-18 - Connection is not available, request timed out after 30002ms.
17:13:03.929 [Timer-3] ERROR ru.mai.lessons.rpks.impl.MyDbReader - HikariPool-8 - Connection is not available, request timed out after 30005ms.
17:13:06.392 [Test worker] INFO  ru.mai.lessons.rpks.ServiceTest - Topics: [(name=test_topic_in, numPartitions=3, replicationFactor=1, replicasAssignments=null, configs=null), (name=test_topic_out, numPartitions=3, replicationFactor=1, replicasAssignments=null, configs=null)], replica factor 1, partitions 3
17:13:06.412 [Test worker] INFO  ru.mai.lessons.rpks.ServiceTest - Topic not exist. Create topics [(name=test_topic_in, numPartitions=3, replicationFactor=1, replicasAssignments=null, configs=null), (name=test_topic_out, numPartitions=3, replicationFactor=1, replicasAssignments=null, configs=null)]
17:13:06.728 [Test worker] INFO  ru.mai.lessons.rpks.ServiceTest - Create filtering rule 1
17:13:06.741 [Test worker] INFO  ru.mai.lessons.rpks.ServiceTest - Check rule from DB
17:13:06.744 [Test worker] INFO  ru.mai.lessons.rpks.ServiceTest - Create filtering rule 1
17:13:06.761 [Test worker] INFO  ru.mai.lessons.rpks.ServiceTest - Check rule from DB
17:13:06.794 [Timer-11] INFO  r.m.lessons.rpks.impl.MyKafkaReader - Rule(filterId=1, ruleId=1, fieldName=name, filterFunctionName=EQUALS, filterValue=alex)
17:13:06.795 [Timer-11] INFO  r.m.lessons.rpks.impl.MyKafkaReader - Rule(filterId=1, ruleId=2, fieldName=age, filterFunctionName=EQUALS, filterValue=18)
17:13:06.964 [pool-15-thread-2] INFO  ru.mai.lessons.rpks.ServiceTest - Remaining attempts 10
17:13:07.003 [pool-15-thread-1] ERROR r.m.l.rpks.impl.MyRuleProcessor - Unexpected character (',' (code 44)) in numeric value: expected digit (0-9) to follow minus sign, for valid numeric value
 at [Source: (String)"{"name":"", "age":-, "sex":"M"}"; line: 1, column: 21]
17:13:07.976 [pool-15-thread-2] INFO  ru.mai.lessons.rpks.ServiceTest - Read messages 1
17:13:07.977 [pool-15-thread-1] INFO  r.m.lessons.rpks.impl.MyKafkaReader - exit from kafka reader
17:13:07.977 [pool-15-thread-1] INFO  r.m.l.rpks.impl.ServiceFiltering - exit from ServiceFiltering.start
17:13:09.847 [Timer-6] ERROR ru.mai.lessons.rpks.impl.MyDbReader - HikariPool-14 - Connection is not available, request timed out after 30012ms.
17:13:13.291 [Timer-9] ERROR ru.mai.lessons.rpks.impl.MyDbReader - HikariPool-20 - Connection is not available, request timed out after 30002ms.
17:13:17.566 [Test worker] INFO  ru.mai.lessons.rpks.ServiceTest - Topics: [(name=test_topic_in, numPartitions=3, replicationFactor=1, replicasAssignments=null, configs=null), (name=test_topic_out, numPartitions=3, replicationFactor=1, replicasAssignments=null, configs=null)], replica factor 1, partitions 3
17:13:17.587 [Test worker] INFO  ru.mai.lessons.rpks.ServiceTest - Topic not exist. Create topics [(name=test_topic_in, numPartitions=3, replicationFactor=1, replicasAssignments=null, configs=null), (name=test_topic_out, numPartitions=3, replicationFactor=1, replicasAssignments=null, configs=null)]
17:13:17.789 [Timer-4] ERROR ru.mai.lessons.rpks.impl.MyDbReader - HikariPool-10 - Connection is not available, request timed out after 30008ms.
17:13:18.011 [Test worker] INFO  ru.mai.lessons.rpks.ServiceTest - Create filtering rule 1
17:13:18.031 [Test worker] INFO  ru.mai.lessons.rpks.ServiceTest - Check rule from DB
17:13:18.034 [Test worker] INFO  ru.mai.lessons.rpks.ServiceTest - Create filtering rule 1
17:13:18.059 [Test worker] INFO  ru.mai.lessons.rpks.ServiceTest - Check rule from DB
17:13:18.097 [Timer-12] INFO  r.m.lessons.rpks.impl.MyKafkaReader - Rule(filterId=1, ruleId=1, fieldName=name, filterFunctionName=EQUALS, filterValue=alex)
17:13:18.098 [Timer-12] INFO  r.m.lessons.rpks.impl.MyKafkaReader - Rule(filterId=1, ruleId=2, fieldName=age, filterFunctionName=NOT_EQUALS, filterValue=18)
17:13:18.364 [pool-16-thread-2] INFO  ru.mai.lessons.rpks.ServiceTest - Remaining attempts 10
17:13:18.436 [pool-16-thread-1] ERROR r.m.l.rpks.impl.MyRuleProcessor - Unexpected character (',' (code 44)) in numeric value: expected digit (0-9) to follow minus sign, for valid numeric value
 at [Source: (String)"{"name":"", "age":-, "sex":"M"}"; line: 1, column: 21]
17:13:19.385 [pool-16-thread-2] INFO  ru.mai.lessons.rpks.ServiceTest - Read messages 1
17:13:19.385 [pool-16-thread-1] INFO  r.m.lessons.rpks.impl.MyKafkaReader - exit from kafka reader
17:13:19.385 [pool-16-thread-1] INFO  r.m.l.rpks.impl.ServiceFiltering - exit from ServiceFiltering.start
17:13:20.384 [Timer-1] ERROR ru.mai.lessons.rpks.impl.MyDbReader - HikariPool-4 - Connection is not available, request timed out after 30000ms.
17:13:20.850 [Timer-7] ERROR ru.mai.lessons.rpks.impl.MyDbReader - HikariPool-16 - Connection is not available, request timed out after 30000ms.
17:13:25.499 [Timer-10] ERROR ru.mai.lessons.rpks.impl.MyDbReader - HikariPool-22 - Connection is not available, request timed out after 30012ms.
17:13:28.921 [Timer-5] ERROR ru.mai.lessons.rpks.impl.MyDbReader - HikariPool-12 - Connection is not available, request timed out after 30000ms.
17:13:28.983 [Timer-0] ERROR ru.mai.lessons.rpks.impl.MyDbReader - HikariPool-2 - Connection is not available, request timed out after 30000ms.
17:13:29.098 [Test worker] INFO  ru.mai.lessons.rpks.ServiceTest - Topics: [(name=test_topic_in, numPartitions=3, replicationFactor=1, replicasAssignments=null, configs=null), (name=test_topic_out, numPartitions=3, replicationFactor=1, replicasAssignments=null, configs=null)], replica factor 1, partitions 3
17:13:29.119 [Test worker] INFO  ru.mai.lessons.rpks.ServiceTest - Topic not exist. Create topics [(name=test_topic_in, numPartitions=3, replicationFactor=1, replicasAssignments=null, configs=null), (name=test_topic_out, numPartitions=3, replicationFactor=1, replicasAssignments=null, configs=null)]
17:13:29.431 [Test worker] INFO  ru.mai.lessons.rpks.ServiceTest - Create filtering rule 1
17:13:29.444 [Test worker] INFO  ru.mai.lessons.rpks.ServiceTest - Check rule from DB
17:13:29.446 [Test worker] INFO  ru.mai.lessons.rpks.ServiceTest - Create filtering rule 1
17:13:29.476 [Test worker] INFO  ru.mai.lessons.rpks.ServiceTest - Check rule from DB
17:13:29.511 [Timer-13] INFO  r.m.lessons.rpks.impl.MyKafkaReader - Rule(filterId=1, ruleId=1, fieldName=name, filterFunctionName=CONTAINS, filterValue=alexander)
17:13:29.511 [Timer-13] INFO  r.m.lessons.rpks.impl.MyKafkaReader - Rule(filterId=1, ruleId=2, fieldName=name, filterFunctionName=CONTAINS, filterValue=pushkin)
17:13:29.680 [pool-17-thread-2] INFO  ru.mai.lessons.rpks.ServiceTest - Remaining attempts 10
17:13:30.720 [pool-17-thread-2] INFO  ru.mai.lessons.rpks.ServiceTest - Read messages 1
17:13:30.721 [pool-17-thread-1] INFO  r.m.lessons.rpks.impl.MyKafkaReader - exit from kafka reader
17:13:30.721 [pool-17-thread-1] INFO  r.m.l.rpks.impl.ServiceFiltering - exit from ServiceFiltering.start
17:13:31.652 [Timer-2] ERROR ru.mai.lessons.rpks.impl.MyDbReader - HikariPool-6 - Connection is not available, request timed out after 30005ms.
17:13:31.667 [Timer-8] ERROR ru.mai.lessons.rpks.impl.MyDbReader - HikariPool-18 - Connection is not available, request timed out after 30005ms.
17:13:33.931 [Timer-3] ERROR ru.mai.lessons.rpks.impl.MyDbReader - HikariPool-8 - Connection is not available, request timed out after 30000ms.
17:13:39.854 [Timer-6] ERROR ru.mai.lessons.rpks.impl.MyDbReader - HikariPool-14 - Connection is not available, request timed out after 30006ms.
]]></system-out>
  <system-err><![CDATA[]]></system-err>
</testsuite>
