<?xml version="1.0" encoding="UTF-8"?>
<testsuite name="ru.mai.lessons.rpks.MyTest" tests="1" skipped="0" failures="0" errors="0" timestamp="2023-03-31T14:07:59" hostname="LAPTOP-KQGJSA46" time="1.659">
  <properties/>
  <testcase name="myTestTryToParseConfigAndRunDB()" classname="ru.mai.lessons.rpks.MyTest" time="1.659"/>
  <system-out><![CDATA[17:07:59,693 |-INFO in ch.qos.logback.classic.LoggerContext[default] - This is logback-classic version 1.4.5
17:07:59,716 |-INFO in ch.qos.logback.classic.LoggerContext[default] - Could NOT find resource [logback-test.xml]
17:07:59,719 |-INFO in ch.qos.logback.classic.LoggerContext[default] - Found resource [logback.xml] at [file:/C:/Users/Timofey.LAPTOP-KQGJSA46/programming/JetBrains/IdeaProjects/Java/6sem/RPKS/1/build/resources/test/logback.xml]
17:07:59,840 |-INFO in ch.qos.logback.core.model.processor.AppenderModelHandler - Processing appender named [CONSOLE]
17:07:59,841 |-INFO in ch.qos.logback.core.model.processor.AppenderModelHandler - About to instantiate appender of type [ch.qos.logback.core.ConsoleAppender]
17:07:59,894 |-WARN in ch.qos.logback.core.ConsoleAppender[CONSOLE] - This appender no longer admits a layout as a sub-component, set an encoder instead.
17:07:59,894 |-WARN in ch.qos.logback.core.ConsoleAppender[CONSOLE] - To ensure compatibility, wrapping your layout in LayoutWrappingEncoder.
17:07:59,894 |-WARN in ch.qos.logback.core.ConsoleAppender[CONSOLE] - See also http://logback.qos.ch/codes.html#layoutInsteadOfEncoder for details
17:07:59,894 |-INFO in ch.qos.logback.classic.model.processor.LoggerModelHandler - Setting level of logger [ru.mai.lessons.rpks] to INFO
17:07:59,900 |-INFO in ch.qos.logback.classic.model.processor.LoggerModelHandler - Setting additivity of logger [ru.mai.lessons.rpks] to false
17:07:59,900 |-INFO in ch.qos.logback.core.model.processor.AppenderRefModelHandler - Attaching appender named [CONSOLE] to Logger[ru.mai.lessons.rpks]
17:07:59,901 |-INFO in ch.qos.logback.classic.model.processor.RootLoggerModelHandler - Setting level of ROOT logger to ERROR
17:07:59,901 |-INFO in ch.qos.logback.core.model.processor.AppenderRefModelHandler - Attaching appender named [CONSOLE] to Logger[ROOT]
17:07:59,901 |-INFO in ch.qos.logback.core.model.processor.DefaultProcessor@1c6804cd - End of configuration.
17:07:59,902 |-INFO in ch.qos.logback.classic.joran.JoranConfigurator@655f7ea - Registering current configuration as safe fallback point

name
ddd
]]></system-out>
  <system-err><![CDATA[]]></system-err>
</testsuite>
