<?xml version="1.0" encoding="UTF-8"?>
<testsuite name="ru.mai.lessons.rpks.ServiceTest" tests="18" skipped="0" failures="0" errors="0" timestamp="2023-05-06T12:50:01" hostname="DANILA" time="237.602">
  <properties/>
  <testcase name="testKafkaWriteReadMessage()" classname="ru.mai.lessons.rpks.ServiceTest" time="13.595"/>
  <testcase name="testServiceFilteringNotEquals()" classname="ru.mai.lessons.rpks.ServiceTest" time="11.118"/>
  <testcase name="testServiceFilteringNotRules()" classname="ru.mai.lessons.rpks.ServiceTest" time="20.347"/>
  <testcase name="testServiceFilteringContainsNotEqualsTwoRules()" classname="ru.mai.lessons.rpks.ServiceTest" time="10.715"/>
  <testcase name="testServiceFilteringAddNewRule()" classname="ru.mai.lessons.rpks.ServiceTest" time="30.485"/>
  <testcase name="testServiceFilteringContainsNotContainsTwoRules()" classname="ru.mai.lessons.rpks.ServiceTest" time="10.278"/>
  <testcase name="testStartPostgreSQL()" classname="ru.mai.lessons.rpks.ServiceTest" time="8.959"/>
  <testcase name="testServiceFilteringUpdateRule()" classname="ru.mai.lessons.rpks.ServiceTest" time="30.453"/>
  <testcase name="testServiceFilteringNotContains()" classname="ru.mai.lessons.rpks.ServiceTest" time="10.58"/>
  <testcase name="testServiceFilteringEqualsNotContainsTwoRules()" classname="ru.mai.lessons.rpks.ServiceTest" time="10.557"/>
  <testcase name="testServiceFilteringContains()" classname="ru.mai.lessons.rpks.ServiceTest" time="10.422"/>
  <testcase name="testServiceFilteringEqualsContainsTwoRules()" classname="ru.mai.lessons.rpks.ServiceTest" time="10.359"/>
  <testcase name="testServiceFilteringEquals()" classname="ru.mai.lessons.rpks.ServiceTest" time="10.392"/>
  <testcase name="testPostgreSQLReadValues()" classname="ru.mai.lessons.rpks.ServiceTest" time="8.908"/>
  <testcase name="testServiceFilteringEqualsTwoRules()" classname="ru.mai.lessons.rpks.ServiceTest" time="10.619"/>
  <testcase name="testServiceFilteringEqualsNotEqualsTwoRules()" classname="ru.mai.lessons.rpks.ServiceTest" time="10.401"/>
  <testcase name="testServiceFilteringContainsTwoRules()" classname="ru.mai.lessons.rpks.ServiceTest" time="10.507"/>
  <testcase name="testStartKafka()" classname="ru.mai.lessons.rpks.ServiceTest" time="8.901"/>
  <system-out><![CDATA[15:50:01,681 |-INFO in ch.qos.logback.classic.LoggerContext[default] - This is logback-classic version 1.4.5
15:50:01,695 |-INFO in ch.qos.logback.classic.LoggerContext[default] - Could NOT find resource [logback-test.xml]
15:50:01,697 |-INFO in ch.qos.logback.classic.LoggerContext[default] - Found resource [logback.xml] at [file:/C:/Projects/Study/5Semester/rpks/lab1/JavaServiceFiltering/build/resources/test/logback.xml]
15:50:01,780 |-INFO in ch.qos.logback.core.model.processor.AppenderModelHandler - Processing appender named [CONSOLE]
15:50:01,780 |-INFO in ch.qos.logback.core.model.processor.AppenderModelHandler - About to instantiate appender of type [ch.qos.logback.core.ConsoleAppender]
15:50:01,805 |-WARN in ch.qos.logback.core.ConsoleAppender[CONSOLE] - This appender no longer admits a layout as a sub-component, set an encoder instead.
15:50:01,805 |-WARN in ch.qos.logback.core.ConsoleAppender[CONSOLE] - To ensure compatibility, wrapping your layout in LayoutWrappingEncoder.
15:50:01,805 |-WARN in ch.qos.logback.core.ConsoleAppender[CONSOLE] - See also http://logback.qos.ch/codes.html#layoutInsteadOfEncoder for details
15:50:01,806 |-INFO in ch.qos.logback.classic.model.processor.LoggerModelHandler - Setting level of logger [ru.mai.lessons.rpks] to INFO
15:50:01,809 |-INFO in ch.qos.logback.classic.model.processor.LoggerModelHandler - Setting additivity of logger [ru.mai.lessons.rpks] to false
15:50:01,809 |-INFO in ch.qos.logback.core.model.processor.AppenderRefModelHandler - Attaching appender named [CONSOLE] to Logger[ru.mai.lessons.rpks]
15:50:01,810 |-INFO in ch.qos.logback.classic.model.processor.RootLoggerModelHandler - Setting level of ROOT logger to ERROR
15:50:01,810 |-INFO in ch.qos.logback.core.model.processor.AppenderRefModelHandler - Attaching appender named [CONSOLE] to Logger[ROOT]
15:50:01,810 |-INFO in ch.qos.logback.core.model.processor.DefaultProcessor@5b068087 - End of configuration.
15:50:01,810 |-INFO in ch.qos.logback.classic.joran.JoranConfigurator@6f152006 - Registering current configuration as safe fallback point

15:50:11.289 [Test worker] INFO  ru.mai.lessons.rpks.ServiceTest - Bootstrap.servers: PLAINTEXT://localhost:51814
15:50:11.291 [Test worker] INFO  ru.mai.lessons.rpks.ServiceTest - Topics: [(name=test_topic_in, numPartitions=3, replicationFactor=1, replicasAssignments=null, configs=null), (name=test_topic_out, numPartitions=3, replicationFactor=1, replicasAssignments=null, configs=null)], replica factor 1, partitions 3
15:50:11.463 [Test worker] INFO  ru.mai.lessons.rpks.ServiceTest - Creating topics
15:50:11.900 [Test worker] INFO  ru.mai.lessons.rpks.ServiceTest - Created topics
15:50:11.901 [Test worker] INFO  ru.mai.lessons.rpks.ServiceTest - Sending message
15:50:11.983 [Test worker] INFO  ru.mai.lessons.rpks.ServiceTest - Sent message
15:50:11.983 [Test worker] INFO  ru.mai.lessons.rpks.ServiceTest - Consumer subscribe
15:50:11.984 [Test worker] INFO  ru.mai.lessons.rpks.ServiceTest - Consumer start reading
15:50:12.099 [Test worker] INFO  ru.mai.lessons.rpks.ServiceTest - Remaining attempts 10
15:50:13.205 [Test worker] INFO  ru.mai.lessons.rpks.ServiceTest - Remaining attempts 9
15:50:14.214 [Test worker] INFO  ru.mai.lessons.rpks.ServiceTest - Read messages 1
15:50:23.042 [Test worker] INFO  ru.mai.lessons.rpks.ServiceTest - Topics: [(name=test_topic_in, numPartitions=3, replicationFactor=1, replicasAssignments=null, configs=null), (name=test_topic_out, numPartitions=3, replicationFactor=1, replicasAssignments=null, configs=null)], replica factor 1, partitions 3
15:50:23.722 [Test worker] INFO  ru.mai.lessons.rpks.ServiceTest - Topic not exist. Create topics [(name=test_topic_in, numPartitions=3, replicationFactor=1, replicasAssignments=null, configs=null), (name=test_topic_out, numPartitions=3, replicationFactor=1, replicasAssignments=null, configs=null)]
15:50:23.991 [Test worker] INFO  ru.mai.lessons.rpks.ServiceTest - Create filtering rule 1
15:50:24.015 [Test worker] INFO  ru.mai.lessons.rpks.ServiceTest - Check rule from DB
15:50:24.076 [pool-3-thread-1] INFO  r.m.l.rpks.impl.ServiceFiltering - exit from ServiceFiltering.start
15:50:24.142 [Timer-0] INFO  r.m.lessons.rpks.impl.MyKafkaReader - Rule(filterId=1, ruleId=1, fieldName=name, filterFunctionName=not_equals, filterValue=alex)
15:50:24.265 [pool-3-thread-2] INFO  ru.mai.lessons.rpks.ServiceTest - Remaining attempts 10
15:50:24.506 [pool-4-thread-1] ERROR r.m.l.rpks.impl.MyRuleProcessor - Unexpected character (',' (code 44)): expected a valid value (JSON String, Number, Array, Object or token 'null', 'true' or 'false')
 at [Source: (String)"{"name":"alex", "age":, "sex":null}"; line: 1, column: 24]
15:50:25.309 [pool-3-thread-2] INFO  ru.mai.lessons.rpks.ServiceTest - Read messages 1
15:50:34.227 [Test worker] INFO  ru.mai.lessons.rpks.ServiceTest - Topics: [(name=test_topic_in, numPartitions=3, replicationFactor=1, replicasAssignments=null, configs=null), (name=test_topic_out, numPartitions=3, replicationFactor=1, replicasAssignments=null, configs=null)], replica factor 1, partitions 3
15:50:34.245 [Test worker] INFO  ru.mai.lessons.rpks.ServiceTest - Topic not exist. Create topics [(name=test_topic_in, numPartitions=3, replicationFactor=1, replicasAssignments=null, configs=null), (name=test_topic_out, numPartitions=3, replicationFactor=1, replicasAssignments=null, configs=null)]
15:50:34.534 [pool-6-thread-1] INFO  r.m.l.rpks.impl.ServiceFiltering - exit from ServiceFiltering.start
15:50:34.724 [pool-6-thread-2] INFO  ru.mai.lessons.rpks.ServiceTest - Remaining attempts 10
15:50:35.827 [pool-6-thread-2] INFO  ru.mai.lessons.rpks.ServiceTest - Remaining attempts 9
15:50:36.930 [pool-6-thread-2] INFO  ru.mai.lessons.rpks.ServiceTest - Remaining attempts 8
15:50:38.032 [pool-6-thread-2] INFO  ru.mai.lessons.rpks.ServiceTest - Remaining attempts 7
15:50:39.133 [pool-6-thread-2] INFO  ru.mai.lessons.rpks.ServiceTest - Remaining attempts 6
15:50:40.234 [pool-6-thread-2] INFO  ru.mai.lessons.rpks.ServiceTest - Remaining attempts 5
15:50:41.335 [pool-6-thread-2] INFO  ru.mai.lessons.rpks.ServiceTest - Remaining attempts 4
15:50:42.436 [pool-6-thread-2] INFO  ru.mai.lessons.rpks.ServiceTest - Remaining attempts 3
15:50:43.537 [pool-6-thread-2] INFO  ru.mai.lessons.rpks.ServiceTest - Remaining attempts 2
15:50:44.639 [pool-6-thread-2] INFO  ru.mai.lessons.rpks.ServiceTest - Remaining attempts 1
15:50:54.591 [Test worker] INFO  ru.mai.lessons.rpks.ServiceTest - Topics: [(name=test_topic_in, numPartitions=3, replicationFactor=1, replicasAssignments=null, configs=null), (name=test_topic_out, numPartitions=3, replicationFactor=1, replicasAssignments=null, configs=null)], replica factor 1, partitions 3
15:50:54.609 [Test worker] INFO  ru.mai.lessons.rpks.ServiceTest - Topic not exist. Create topics [(name=test_topic_in, numPartitions=3, replicationFactor=1, replicasAssignments=null, configs=null), (name=test_topic_out, numPartitions=3, replicationFactor=1, replicasAssignments=null, configs=null)]
15:50:54.909 [Test worker] INFO  ru.mai.lessons.rpks.ServiceTest - Create filtering rule 1
15:50:54.922 [Test worker] INFO  ru.mai.lessons.rpks.ServiceTest - Check rule from DB
15:50:54.925 [Test worker] INFO  ru.mai.lessons.rpks.ServiceTest - Create filtering rule 1
15:50:54.954 [Test worker] INFO  ru.mai.lessons.rpks.ServiceTest - Check rule from DB
15:50:54.957 [pool-9-thread-1] INFO  r.m.l.rpks.impl.ServiceFiltering - exit from ServiceFiltering.start
15:50:54.986 [Timer-2] INFO  r.m.lessons.rpks.impl.MyKafkaReader - Rule(filterId=1, ruleId=1, fieldName=age, filterFunctionName=not_equals, filterValue=20)
15:50:54.986 [Timer-2] INFO  r.m.lessons.rpks.impl.MyKafkaReader - Rule(filterId=1, ruleId=2, fieldName=name, filterFunctionName=contains, filterValue=alexander)
15:50:55.152 [pool-9-thread-2] INFO  ru.mai.lessons.rpks.ServiceTest - Remaining attempts 10
15:50:55.194 [pool-10-thread-1] ERROR r.m.l.rpks.impl.MyRuleProcessor - Unexpected character (',' (code 44)): expected a valid value (JSON String, Number, Array, Object or token 'null', 'true' or 'false')
 at [Source: (String)"{"name":"alex", "age":, "sex":"M"}"; line: 1, column: 24]
15:50:56.180 [pool-9-thread-2] INFO  ru.mai.lessons.rpks.ServiceTest - Read messages 1
15:51:04.151 [Timer-0] ERROR ru.mai.lessons.rpks.impl.MyDbReader - HikariPool-2 - Connection is not available, request timed out after 30001ms.
15:51:05.233 [Test worker] INFO  ru.mai.lessons.rpks.ServiceTest - Topics: [(name=test_topic_in, numPartitions=3, replicationFactor=1, replicasAssignments=null, configs=null), (name=test_topic_out, numPartitions=3, replicationFactor=1, replicasAssignments=null, configs=null)], replica factor 1, partitions 3
15:51:05.250 [Test worker] INFO  ru.mai.lessons.rpks.ServiceTest - Topic not exist. Create topics [(name=test_topic_in, numPartitions=3, replicationFactor=1, replicasAssignments=null, configs=null), (name=test_topic_out, numPartitions=3, replicationFactor=1, replicasAssignments=null, configs=null)]
15:51:05.537 [Test worker] INFO  ru.mai.lessons.rpks.ServiceTest - Create filtering rule 1
15:51:05.548 [Test worker] INFO  ru.mai.lessons.rpks.ServiceTest - Check rule from DB
15:51:05.551 [pool-12-thread-1] INFO  r.m.l.rpks.impl.ServiceFiltering - exit from ServiceFiltering.start
15:51:05.578 [Timer-3] INFO  r.m.lessons.rpks.impl.MyKafkaReader - Rule(filterId=1, ruleId=1, fieldName=name, filterFunctionName=contains, filterValue=alexander)
15:51:05.748 [pool-12-thread-2] INFO  ru.mai.lessons.rpks.ServiceTest - Remaining attempts 10
15:51:05.776 [pool-13-thread-1] ERROR r.m.l.rpks.impl.MyRuleProcessor - Unexpected character (',' (code 44)): expected a valid value (JSON String, Number, Array, Object or token 'null', 'true' or 'false')
 at [Source: (String)"{"name":, "age":, "sex":"M"}"; line: 1, column: 10]
15:51:06.749 [pool-12-thread-2] INFO  ru.mai.lessons.rpks.ServiceTest - Read messages 1
15:51:06.750 [Test worker] INFO  ru.mai.lessons.rpks.ServiceTest - Create filtering rule 1
15:51:06.754 [Test worker] INFO  ru.mai.lessons.rpks.ServiceTest - Check rule from DB
15:51:06.757 [Test worker] INFO  ru.mai.lessons.rpks.ServiceTest - Wait until application updated rules from DB
15:51:15.581 [Timer-3] INFO  r.m.lessons.rpks.impl.MyKafkaReader - Rule(filterId=1, ruleId=1, fieldName=name, filterFunctionName=contains, filterValue=alexander)
15:51:15.581 [Timer-3] INFO  r.m.lessons.rpks.impl.MyKafkaReader - Rule(filterId=1, ruleId=2, fieldName=age, filterFunctionName=equals, filterValue=18)
15:51:24.576 [Timer-1] ERROR ru.mai.lessons.rpks.impl.MyDbReader - HikariPool-4 - Connection is not available, request timed out after 30015ms.
15:51:25.582 [Timer-3] INFO  r.m.lessons.rpks.impl.MyKafkaReader - Rule(filterId=1, ruleId=1, fieldName=name, filterFunctionName=contains, filterValue=alexander)
15:51:25.582 [Timer-3] INFO  r.m.lessons.rpks.impl.MyKafkaReader - Rule(filterId=1, ruleId=2, fieldName=age, filterFunctionName=equals, filterValue=18)
15:51:26.778 [pool-13-thread-1] ERROR r.m.l.rpks.impl.MyRuleProcessor - Unexpected character (',' (code 44)): expected a valid value (JSON String, Number, Array, Object or token 'null', 'true' or 'false')
 at [Source: (String)"{"name":, "age":, "sex":"M"}"; line: 1, column: 10]
15:51:26.804 [pool-12-thread-1] INFO  ru.mai.lessons.rpks.ServiceTest - Read messages 1
15:51:34.152 [Timer-0] ERROR ru.mai.lessons.rpks.impl.MyDbReader - HikariPool-2 - Connection is not available, request timed out after 30000ms.
15:51:34.999 [Timer-2] ERROR ru.mai.lessons.rpks.impl.MyDbReader - HikariPool-6 - Connection is not available, request timed out after 30015ms.
15:51:35.664 [Test worker] INFO  ru.mai.lessons.rpks.ServiceTest - Topics: [(name=test_topic_in, numPartitions=3, replicationFactor=1, replicasAssignments=null, configs=null), (name=test_topic_out, numPartitions=3, replicationFactor=1, replicasAssignments=null, configs=null)], replica factor 1, partitions 3
15:51:35.682 [Test worker] INFO  ru.mai.lessons.rpks.ServiceTest - Topic not exist. Create topics [(name=test_topic_in, numPartitions=3, replicationFactor=1, replicasAssignments=null, configs=null), (name=test_topic_out, numPartitions=3, replicationFactor=1, replicasAssignments=null, configs=null)]
15:51:35.970 [Test worker] INFO  ru.mai.lessons.rpks.ServiceTest - Create filtering rule 1
15:51:35.981 [Test worker] INFO  ru.mai.lessons.rpks.ServiceTest - Check rule from DB
15:51:35.984 [Test worker] INFO  ru.mai.lessons.rpks.ServiceTest - Create filtering rule 1
15:51:36.003 [Test worker] INFO  ru.mai.lessons.rpks.ServiceTest - Check rule from DB
15:51:36.006 [pool-15-thread-1] INFO  r.m.l.rpks.impl.ServiceFiltering - exit from ServiceFiltering.start
15:51:36.036 [Timer-4] INFO  r.m.lessons.rpks.impl.MyKafkaReader - Rule(filterId=1, ruleId=1, fieldName=name, filterFunctionName=contains, filterValue=alexander)
15:51:36.036 [Timer-4] INFO  r.m.lessons.rpks.impl.MyKafkaReader - Rule(filterId=1, ruleId=2, fieldName=name, filterFunctionName=not_contains, filterValue=ivanov)
15:51:36.196 [pool-15-thread-2] INFO  ru.mai.lessons.rpks.ServiceTest - Remaining attempts 10
15:51:37.197 [pool-15-thread-2] INFO  ru.mai.lessons.rpks.ServiceTest - Read messages 1
15:51:54.580 [Timer-1] ERROR ru.mai.lessons.rpks.impl.MyDbReader - HikariPool-4 - Connection is not available, request timed out after 30003ms.
15:51:54.960 [Test worker] INFO  ru.mai.lessons.rpks.ServiceTest - Topics: [(name=test_topic_in, numPartitions=3, replicationFactor=1, replicasAssignments=null, configs=null), (name=test_topic_out, numPartitions=3, replicationFactor=1, replicasAssignments=null, configs=null)], replica factor 1, partitions 3
15:51:54.976 [Test worker] INFO  ru.mai.lessons.rpks.ServiceTest - Topic not exist. Create topics [(name=test_topic_in, numPartitions=3, replicationFactor=1, replicasAssignments=null, configs=null), (name=test_topic_out, numPartitions=3, replicationFactor=1, replicasAssignments=null, configs=null)]
15:51:55.256 [Test worker] INFO  ru.mai.lessons.rpks.ServiceTest - Create filtering rule 1
15:51:55.267 [Test worker] INFO  ru.mai.lessons.rpks.ServiceTest - Check rule from DB
15:51:55.270 [pool-20-thread-1] INFO  r.m.l.rpks.impl.ServiceFiltering - exit from ServiceFiltering.start
15:51:55.299 [Timer-5] INFO  r.m.lessons.rpks.impl.MyKafkaReader - Rule(filterId=1, ruleId=1, fieldName=name, filterFunctionName=equals, filterValue=alex)
15:51:55.468 [pool-20-thread-2] INFO  ru.mai.lessons.rpks.ServiceTest - Remaining attempts 10
15:51:55.499 [pool-21-thread-1] ERROR r.m.l.rpks.impl.MyRuleProcessor - Unexpected character (',' (code 44)): expected a valid value (JSON String, Number, Array, Object or token 'null', 'true' or 'false')
 at [Source: (String)"{"name":, "age":, "sex":"M"}"; line: 1, column: 10]
15:51:56.469 [pool-20-thread-2] INFO  ru.mai.lessons.rpks.ServiceTest - Read messages 1
15:51:56.475 [Test worker] INFO  ru.mai.lessons.rpks.ServiceTest - Create filtering rule 1
15:51:56.478 [Test worker] INFO  ru.mai.lessons.rpks.ServiceTest - Check rule from DB
15:51:56.480 [Test worker] INFO  ru.mai.lessons.rpks.ServiceTest - Wait until application updated rules from DB
15:52:04.153 [Timer-0] ERROR ru.mai.lessons.rpks.impl.MyDbReader - HikariPool-2 - Connection is not available, request timed out after 30000ms.
15:52:05.000 [Timer-2] ERROR ru.mai.lessons.rpks.impl.MyDbReader - HikariPool-6 - Connection is not available, request timed out after 30001ms.
15:52:05.299 [Timer-5] INFO  r.m.lessons.rpks.impl.MyKafkaReader - Rule(filterId=1, ruleId=1, fieldName=name, filterFunctionName=contains, filterValue=alexander)
15:52:05.590 [Timer-3] ERROR ru.mai.lessons.rpks.impl.MyDbReader - HikariPool-8 - Connection is not available, request timed out after 30011ms.
15:52:15.303 [Timer-5] INFO  r.m.lessons.rpks.impl.MyKafkaReader - Rule(filterId=1, ruleId=1, fieldName=name, filterFunctionName=contains, filterValue=alexander)
15:52:16.033 [Timer-4] ERROR ru.mai.lessons.rpks.impl.MyDbReader - HikariPool-10 - Connection is not available, request timed out after 30000ms.
15:52:16.501 [pool-21-thread-1] ERROR r.m.l.rpks.impl.MyRuleProcessor - Unexpected character (',' (code 44)): expected a valid value (JSON String, Number, Array, Object or token 'null', 'true' or 'false')
 at [Source: (String)"{"name":, "age":, "sex":"M"}"; line: 1, column: 10]
15:52:16.517 [pool-20-thread-1] INFO  ru.mai.lessons.rpks.ServiceTest - Read messages 1
15:52:24.583 [Timer-1] ERROR ru.mai.lessons.rpks.impl.MyDbReader - HikariPool-4 - Connection is not available, request timed out after 30002ms.
15:52:25.388 [Test worker] INFO  ru.mai.lessons.rpks.ServiceTest - Topics: [(name=test_topic_in, numPartitions=3, replicationFactor=1, replicasAssignments=null, configs=null), (name=test_topic_out, numPartitions=3, replicationFactor=1, replicasAssignments=null, configs=null)], replica factor 1, partitions 3
15:52:25.404 [Test worker] INFO  ru.mai.lessons.rpks.ServiceTest - Topic not exist. Create topics [(name=test_topic_in, numPartitions=3, replicationFactor=1, replicasAssignments=null, configs=null), (name=test_topic_out, numPartitions=3, replicationFactor=1, replicasAssignments=null, configs=null)]
15:52:25.713 [Test worker] INFO  ru.mai.lessons.rpks.ServiceTest - Create filtering rule 1
15:52:25.725 [Test worker] INFO  ru.mai.lessons.rpks.ServiceTest - Check rule from DB
15:52:25.728 [pool-23-thread-1] INFO  r.m.l.rpks.impl.ServiceFiltering - exit from ServiceFiltering.start
15:52:25.754 [Timer-6] INFO  r.m.lessons.rpks.impl.MyKafkaReader - Rule(filterId=1, ruleId=1, fieldName=name, filterFunctionName=not_contains, filterValue=alexander)
15:52:25.904 [pool-23-thread-2] INFO  ru.mai.lessons.rpks.ServiceTest - Remaining attempts 10
15:52:25.964 [pool-24-thread-1] ERROR r.m.l.rpks.impl.MyRuleProcessor - Unexpected character (',' (code 44)): expected a valid value (JSON String, Number, Array, Object or token 'null', 'true' or 'false')
 at [Source: (String)"{"name":"alexander_pushkin", "age":, "sex":null}"; line: 1, column: 37]
15:52:26.932 [pool-23-thread-2] INFO  ru.mai.lessons.rpks.ServiceTest - Read messages 1
15:52:34.155 [Timer-0] ERROR ru.mai.lessons.rpks.impl.MyDbReader - HikariPool-2 - Connection is not available, request timed out after 30001ms.
15:52:35.001 [Timer-2] ERROR ru.mai.lessons.rpks.impl.MyDbReader - HikariPool-6 - Connection is not available, request timed out after 30000ms.
15:52:35.591 [Timer-3] ERROR ru.mai.lessons.rpks.impl.MyDbReader - HikariPool-8 - Connection is not available, request timed out after 30000ms.
15:52:36.080 [Test worker] INFO  ru.mai.lessons.rpks.ServiceTest - Topics: [(name=test_topic_in, numPartitions=3, replicationFactor=1, replicasAssignments=null, configs=null), (name=test_topic_out, numPartitions=3, replicationFactor=1, replicasAssignments=null, configs=null)], replica factor 1, partitions 3
15:52:36.105 [Test worker] INFO  ru.mai.lessons.rpks.ServiceTest - Topic not exist. Create topics [(name=test_topic_in, numPartitions=3, replicationFactor=1, replicasAssignments=null, configs=null), (name=test_topic_out, numPartitions=3, replicationFactor=1, replicasAssignments=null, configs=null)]
15:52:36.412 [Test worker] INFO  ru.mai.lessons.rpks.ServiceTest - Create filtering rule 1
15:52:36.425 [Test worker] INFO  ru.mai.lessons.rpks.ServiceTest - Check rule from DB
15:52:36.428 [Test worker] INFO  ru.mai.lessons.rpks.ServiceTest - Create filtering rule 1
15:52:36.456 [Test worker] INFO  ru.mai.lessons.rpks.ServiceTest - Check rule from DB
15:52:36.459 [pool-26-thread-1] INFO  r.m.l.rpks.impl.ServiceFiltering - exit from ServiceFiltering.start
15:52:36.487 [Timer-7] INFO  r.m.lessons.rpks.impl.MyKafkaReader - Rule(filterId=1, ruleId=1, fieldName=age, filterFunctionName=equals, filterValue=18)
15:52:36.487 [Timer-7] INFO  r.m.lessons.rpks.impl.MyKafkaReader - Rule(filterId=1, ruleId=2, fieldName=name, filterFunctionName=not_contains, filterValue=ivanov)
15:52:36.659 [pool-26-thread-2] INFO  ru.mai.lessons.rpks.ServiceTest - Remaining attempts 10
15:52:36.695 [pool-27-thread-1] ERROR r.m.l.rpks.impl.MyRuleProcessor - Unexpected character (',' (code 44)): expected a valid value (JSON String, Number, Array, Object or token 'null', 'true' or 'false')
 at [Source: (String)"{"name":"alexander", "age":, "sex":"M"}"; line: 1, column: 29]
15:52:37.660 [pool-26-thread-2] INFO  ru.mai.lessons.rpks.ServiceTest - Read messages 1
15:52:46.034 [Timer-4] ERROR ru.mai.lessons.rpks.impl.MyDbReader - HikariPool-10 - Connection is not available, request timed out after 30000ms.
15:52:46.548 [Test worker] INFO  ru.mai.lessons.rpks.ServiceTest - Topics: [(name=test_topic_in, numPartitions=3, replicationFactor=1, replicasAssignments=null, configs=null), (name=test_topic_out, numPartitions=3, replicationFactor=1, replicasAssignments=null, configs=null)], replica factor 1, partitions 3
15:52:46.571 [Test worker] INFO  ru.mai.lessons.rpks.ServiceTest - Topic not exist. Create topics [(name=test_topic_in, numPartitions=3, replicationFactor=1, replicasAssignments=null, configs=null), (name=test_topic_out, numPartitions=3, replicationFactor=1, replicasAssignments=null, configs=null)]
15:52:46.864 [Test worker] INFO  ru.mai.lessons.rpks.ServiceTest - Create filtering rule 1
15:52:46.876 [Test worker] INFO  ru.mai.lessons.rpks.ServiceTest - Check rule from DB
15:52:46.879 [pool-29-thread-1] INFO  r.m.l.rpks.impl.ServiceFiltering - exit from ServiceFiltering.start
15:52:46.904 [Timer-8] INFO  r.m.lessons.rpks.impl.MyKafkaReader - Rule(filterId=1, ruleId=1, fieldName=name, filterFunctionName=contains, filterValue=alexander)
15:52:47.065 [pool-29-thread-2] INFO  ru.mai.lessons.rpks.ServiceTest - Remaining attempts 10
15:52:48.095 [pool-29-thread-2] INFO  ru.mai.lessons.rpks.ServiceTest - Read messages 1
15:52:54.584 [Timer-1] ERROR ru.mai.lessons.rpks.impl.MyDbReader - HikariPool-4 - Connection is not available, request timed out after 30000ms.
15:52:55.314 [Timer-5] ERROR ru.mai.lessons.rpks.impl.MyDbReader - HikariPool-12 - Connection is not available, request timed out after 30015ms.
15:52:56.879 [Test worker] INFO  ru.mai.lessons.rpks.ServiceTest - Topics: [(name=test_topic_in, numPartitions=3, replicationFactor=1, replicasAssignments=null, configs=null), (name=test_topic_out, numPartitions=3, replicationFactor=1, replicasAssignments=null, configs=null)], replica factor 1, partitions 3
15:52:56.899 [Test worker] INFO  ru.mai.lessons.rpks.ServiceTest - Topic not exist. Create topics [(name=test_topic_in, numPartitions=3, replicationFactor=1, replicasAssignments=null, configs=null), (name=test_topic_out, numPartitions=3, replicationFactor=1, replicasAssignments=null, configs=null)]
15:52:57.205 [Test worker] INFO  ru.mai.lessons.rpks.ServiceTest - Create filtering rule 1
15:52:57.217 [Test worker] INFO  ru.mai.lessons.rpks.ServiceTest - Check rule from DB
15:52:57.219 [Test worker] INFO  ru.mai.lessons.rpks.ServiceTest - Create filtering rule 1
15:52:57.249 [Test worker] INFO  ru.mai.lessons.rpks.ServiceTest - Check rule from DB
15:52:57.252 [pool-32-thread-1] INFO  r.m.l.rpks.impl.ServiceFiltering - exit from ServiceFiltering.start
15:52:57.277 [Timer-9] INFO  r.m.lessons.rpks.impl.MyKafkaReader - Rule(filterId=1, ruleId=1, fieldName=age, filterFunctionName=equals, filterValue=18)
15:52:57.277 [Timer-9] INFO  r.m.lessons.rpks.impl.MyKafkaReader - Rule(filterId=1, ruleId=2, fieldName=name, filterFunctionName=contains, filterValue=alexander)
15:52:57.456 [pool-32-thread-2] INFO  ru.mai.lessons.rpks.ServiceTest - Remaining attempts 10
15:52:57.501 [pool-33-thread-1] ERROR r.m.l.rpks.impl.MyRuleProcessor - Unexpected character (',' (code 44)): expected a valid value (JSON String, Number, Array, Object or token 'null', 'true' or 'false')
 at [Source: (String)"{"name":"alexander", "age":, "sex":"M"}"; line: 1, column: 29]
15:52:58.457 [pool-32-thread-2] INFO  ru.mai.lessons.rpks.ServiceTest - Read messages 1
15:53:04.156 [Timer-0] ERROR ru.mai.lessons.rpks.impl.MyDbReader - HikariPool-2 - Connection is not available, request timed out after 30000ms.
15:53:05.002 [Timer-2] ERROR ru.mai.lessons.rpks.impl.MyDbReader - HikariPool-6 - Connection is not available, request timed out after 30001ms.
15:53:05.593 [Timer-3] ERROR ru.mai.lessons.rpks.impl.MyDbReader - HikariPool-8 - Connection is not available, request timed out after 30001ms.
15:53:05.755 [Timer-6] ERROR ru.mai.lessons.rpks.impl.MyDbReader - HikariPool-14 - Connection is not available, request timed out after 30002ms.
15:53:07.415 [Test worker] INFO  ru.mai.lessons.rpks.ServiceTest - Topics: [(name=test_topic_in, numPartitions=3, replicationFactor=1, replicasAssignments=null, configs=null), (name=test_topic_out, numPartitions=3, replicationFactor=1, replicasAssignments=null, configs=null)], replica factor 1, partitions 3
15:53:07.436 [Test worker] INFO  ru.mai.lessons.rpks.ServiceTest - Topic not exist. Create topics [(name=test_topic_in, numPartitions=3, replicationFactor=1, replicasAssignments=null, configs=null), (name=test_topic_out, numPartitions=3, replicationFactor=1, replicasAssignments=null, configs=null)]
15:53:07.761 [Test worker] INFO  ru.mai.lessons.rpks.ServiceTest - Create filtering rule 1
15:53:07.772 [Test worker] INFO  ru.mai.lessons.rpks.ServiceTest - Check rule from DB
15:53:07.774 [pool-35-thread-1] INFO  r.m.l.rpks.impl.ServiceFiltering - exit from ServiceFiltering.start
15:53:07.800 [Timer-10] INFO  r.m.lessons.rpks.impl.MyKafkaReader - Rule(filterId=1, ruleId=1, fieldName=name, filterFunctionName=equals, filterValue=alex)
15:53:07.956 [pool-35-thread-2] INFO  ru.mai.lessons.rpks.ServiceTest - Remaining attempts 10
15:53:08.982 [pool-35-thread-2] INFO  ru.mai.lessons.rpks.ServiceTest - Read messages 1
15:53:16.036 [Timer-4] ERROR ru.mai.lessons.rpks.impl.MyDbReader - HikariPool-10 - Connection is not available, request timed out after 30000ms.
15:53:16.500 [Timer-7] ERROR ru.mai.lessons.rpks.impl.MyDbReader - HikariPool-16 - Connection is not available, request timed out after 30014ms.
15:53:17.633 [Test worker] INFO  ru.mai.lessons.rpks.ServiceTest - Create filtering rule 1
15:53:17.653 [Test worker] INFO  ru.mai.lessons.rpks.ServiceTest - Check rule from DB
15:53:24.585 [Timer-1] ERROR ru.mai.lessons.rpks.impl.MyDbReader - HikariPool-4 - Connection is not available, request timed out after 30000ms.
15:53:25.316 [Timer-5] ERROR ru.mai.lessons.rpks.impl.MyDbReader - HikariPool-12 - Connection is not available, request timed out after 30001ms.
15:53:26.811 [Test worker] INFO  ru.mai.lessons.rpks.ServiceTest - Topics: [(name=test_topic_in, numPartitions=3, replicationFactor=1, replicasAssignments=null, configs=null), (name=test_topic_out, numPartitions=3, replicationFactor=1, replicasAssignments=null, configs=null)], replica factor 1, partitions 3
15:53:26.828 [Test worker] INFO  ru.mai.lessons.rpks.ServiceTest - Topic not exist. Create topics [(name=test_topic_in, numPartitions=3, replicationFactor=1, replicasAssignments=null, configs=null), (name=test_topic_out, numPartitions=3, replicationFactor=1, replicasAssignments=null, configs=null)]
15:53:26.919 [Timer-8] ERROR ru.mai.lessons.rpks.impl.MyDbReader - HikariPool-18 - Connection is not available, request timed out after 30016ms.
15:53:27.117 [Test worker] INFO  ru.mai.lessons.rpks.ServiceTest - Create filtering rule 1
15:53:27.128 [Test worker] INFO  ru.mai.lessons.rpks.ServiceTest - Check rule from DB
15:53:27.131 [Test worker] INFO  ru.mai.lessons.rpks.ServiceTest - Create filtering rule 1
15:53:27.161 [Test worker] INFO  ru.mai.lessons.rpks.ServiceTest - Check rule from DB
15:53:27.163 [pool-40-thread-1] INFO  r.m.l.rpks.impl.ServiceFiltering - exit from ServiceFiltering.start
15:53:27.187 [Timer-11] INFO  r.m.lessons.rpks.impl.MyKafkaReader - Rule(filterId=1, ruleId=1, fieldName=name, filterFunctionName=equals, filterValue=alex)
15:53:27.188 [Timer-11] INFO  r.m.lessons.rpks.impl.MyKafkaReader - Rule(filterId=1, ruleId=2, fieldName=age, filterFunctionName=equals, filterValue=18)
15:53:27.356 [pool-40-thread-2] INFO  ru.mai.lessons.rpks.ServiceTest - Remaining attempts 10
15:53:27.379 [pool-41-thread-1] ERROR r.m.l.rpks.impl.MyRuleProcessor - Unexpected character (',' (code 44)) in numeric value: expected digit (0-9) to follow minus sign, for valid numeric value
 at [Source: (String)"{"name":"", "age":-, "sex":"M"}"; line: 1, column: 21]
15:53:28.357 [pool-40-thread-2] INFO  ru.mai.lessons.rpks.ServiceTest - Read messages 1
15:53:34.156 [Timer-0] ERROR ru.mai.lessons.rpks.impl.MyDbReader - HikariPool-2 - Connection is not available, request timed out after 30000ms.
15:53:35.003 [Timer-2] ERROR ru.mai.lessons.rpks.impl.MyDbReader - HikariPool-6 - Connection is not available, request timed out after 30000ms.
15:53:35.594 [Timer-3] ERROR ru.mai.lessons.rpks.impl.MyDbReader - HikariPool-8 - Connection is not available, request timed out after 30000ms.
15:53:35.757 [Timer-6] ERROR ru.mai.lessons.rpks.impl.MyDbReader - HikariPool-14 - Connection is not available, request timed out after 30000ms.
15:53:37.207 [Test worker] INFO  ru.mai.lessons.rpks.ServiceTest - Topics: [(name=test_topic_in, numPartitions=3, replicationFactor=1, replicasAssignments=null, configs=null), (name=test_topic_out, numPartitions=3, replicationFactor=1, replicasAssignments=null, configs=null)], replica factor 1, partitions 3
15:53:37.225 [Test worker] INFO  ru.mai.lessons.rpks.ServiceTest - Topic not exist. Create topics [(name=test_topic_in, numPartitions=3, replicationFactor=1, replicasAssignments=null, configs=null), (name=test_topic_out, numPartitions=3, replicationFactor=1, replicasAssignments=null, configs=null)]
15:53:37.279 [Timer-9] ERROR ru.mai.lessons.rpks.impl.MyDbReader - HikariPool-20 - Connection is not available, request timed out after 30004ms.
15:53:37.522 [Test worker] INFO  ru.mai.lessons.rpks.ServiceTest - Create filtering rule 1
15:53:37.535 [Test worker] INFO  ru.mai.lessons.rpks.ServiceTest - Check rule from DB
15:53:37.538 [Test worker] INFO  ru.mai.lessons.rpks.ServiceTest - Create filtering rule 1
15:53:37.555 [Test worker] INFO  ru.mai.lessons.rpks.ServiceTest - Check rule from DB
15:53:37.558 [pool-43-thread-1] INFO  r.m.l.rpks.impl.ServiceFiltering - exit from ServiceFiltering.start
15:53:37.586 [Timer-12] INFO  r.m.lessons.rpks.impl.MyKafkaReader - Rule(filterId=1, ruleId=1, fieldName=name, filterFunctionName=equals, filterValue=alex)
15:53:37.586 [Timer-12] INFO  r.m.lessons.rpks.impl.MyKafkaReader - Rule(filterId=1, ruleId=2, fieldName=age, filterFunctionName=not_equals, filterValue=18)
15:53:37.762 [pool-43-thread-2] INFO  ru.mai.lessons.rpks.ServiceTest - Remaining attempts 10
15:53:37.798 [pool-44-thread-1] ERROR r.m.l.rpks.impl.MyRuleProcessor - Unexpected character (',' (code 44)) in numeric value: expected digit (0-9) to follow minus sign, for valid numeric value
 at [Source: (String)"{"name":"", "age":-, "sex":"M"}"; line: 1, column: 21]
15:53:38.765 [pool-43-thread-2] INFO  ru.mai.lessons.rpks.ServiceTest - Read messages 1
15:53:46.036 [Timer-4] ERROR ru.mai.lessons.rpks.impl.MyDbReader - HikariPool-10 - Connection is not available, request timed out after 30000ms.
15:53:46.501 [Timer-7] ERROR ru.mai.lessons.rpks.impl.MyDbReader - HikariPool-16 - Connection is not available, request timed out after 30000ms.
15:53:47.703 [Test worker] INFO  ru.mai.lessons.rpks.ServiceTest - Topics: [(name=test_topic_in, numPartitions=3, replicationFactor=1, replicasAssignments=null, configs=null), (name=test_topic_out, numPartitions=3, replicationFactor=1, replicasAssignments=null, configs=null)], replica factor 1, partitions 3
15:53:47.720 [Test worker] INFO  ru.mai.lessons.rpks.ServiceTest - Topic not exist. Create topics [(name=test_topic_in, numPartitions=3, replicationFactor=1, replicasAssignments=null, configs=null), (name=test_topic_out, numPartitions=3, replicationFactor=1, replicasAssignments=null, configs=null)]
15:53:47.800 [Timer-10] ERROR ru.mai.lessons.rpks.impl.MyDbReader - HikariPool-22 - Connection is not available, request timed out after 30001ms.
15:53:48.011 [Test worker] INFO  ru.mai.lessons.rpks.ServiceTest - Create filtering rule 1
15:53:48.023 [Test worker] INFO  ru.mai.lessons.rpks.ServiceTest - Check rule from DB
15:53:48.025 [Test worker] INFO  ru.mai.lessons.rpks.ServiceTest - Create filtering rule 1
15:53:48.046 [Test worker] INFO  ru.mai.lessons.rpks.ServiceTest - Check rule from DB
15:53:48.048 [pool-46-thread-1] INFO  r.m.l.rpks.impl.ServiceFiltering - exit from ServiceFiltering.start
15:53:48.072 [Timer-13] INFO  r.m.lessons.rpks.impl.MyKafkaReader - Rule(filterId=1, ruleId=1, fieldName=name, filterFunctionName=contains, filterValue=alexander)
15:53:48.073 [Timer-13] INFO  r.m.lessons.rpks.impl.MyKafkaReader - Rule(filterId=1, ruleId=2, fieldName=name, filterFunctionName=contains, filterValue=pushkin)
15:53:48.232 [pool-46-thread-2] INFO  ru.mai.lessons.rpks.ServiceTest - Remaining attempts 10
15:53:49.258 [pool-46-thread-2] INFO  ru.mai.lessons.rpks.ServiceTest - Read messages 1
15:53:54.597 [Timer-1] ERROR ru.mai.lessons.rpks.impl.MyDbReader - HikariPool-4 - Connection is not available, request timed out after 30011ms.
15:53:55.317 [Timer-5] ERROR ru.mai.lessons.rpks.impl.MyDbReader - HikariPool-12 - Connection is not available, request timed out after 30000ms.
15:53:56.921 [Timer-8] ERROR ru.mai.lessons.rpks.impl.MyDbReader - HikariPool-18 - Connection is not available, request timed out after 30000ms.
]]></system-out>
  <system-err><![CDATA[]]></system-err>
</testsuite>
