<?xml version="1.0" encoding="UTF-8"?>
<testsuite name="ru.mai.lessons.rpks.ServiceTest" tests="18" skipped="0" failures="0" errors="0" timestamp="2023-06-19T17:44:54" hostname="MSK01-WS779279" time="224.965">
  <properties/>
  <testcase name="testKafkaWriteReadMessage()" classname="ru.mai.lessons.rpks.ServiceTest" time="12.593"/>
  <testcase name="testServiceFilteringNotEquals()" classname="ru.mai.lessons.rpks.ServiceTest" time="10.269"/>
  <testcase name="testServiceFilteringNotRules()" classname="ru.mai.lessons.rpks.ServiceTest" time="19.312"/>
  <testcase name="testServiceFilteringContainsNotEqualsTwoRules()" classname="ru.mai.lessons.rpks.ServiceTest" time="9.442"/>
  <testcase name="testServiceFilteringAddNewRule()" classname="ru.mai.lessons.rpks.ServiceTest" time="29.612"/>
  <testcase name="testServiceFilteringContainsNotContainsTwoRules()" classname="ru.mai.lessons.rpks.ServiceTest" time="9.647"/>
  <testcase name="testStartPostgreSQL()" classname="ru.mai.lessons.rpks.ServiceTest" time="8.243"/>
  <testcase name="testServiceFilteringUpdateRule()" classname="ru.mai.lessons.rpks.ServiceTest" time="29.919"/>
  <testcase name="testServiceFilteringNotContains()" classname="ru.mai.lessons.rpks.ServiceTest" time="9.702"/>
  <testcase name="testServiceFilteringEqualsNotContainsTwoRules()" classname="ru.mai.lessons.rpks.ServiceTest" time="9.771"/>
  <testcase name="testServiceFilteringContains()" classname="ru.mai.lessons.rpks.ServiceTest" time="9.773"/>
  <testcase name="testServiceFilteringEqualsContainsTwoRules()" classname="ru.mai.lessons.rpks.ServiceTest" time="9.926"/>
  <testcase name="testServiceFilteringEquals()" classname="ru.mai.lessons.rpks.ServiceTest" time="9.932"/>
  <testcase name="testPostgreSQLReadValues()" classname="ru.mai.lessons.rpks.ServiceTest" time="8.367"/>
  <testcase name="testServiceFilteringEqualsTwoRules()" classname="ru.mai.lessons.rpks.ServiceTest" time="9.97"/>
  <testcase name="testServiceFilteringEqualsNotEqualsTwoRules()" classname="ru.mai.lessons.rpks.ServiceTest" time="9.811"/>
  <testcase name="testServiceFilteringContainsTwoRules()" classname="ru.mai.lessons.rpks.ServiceTest" time="10.088"/>
  <testcase name="testStartKafka()" classname="ru.mai.lessons.rpks.ServiceTest" time="8.583"/>
  <system-out><![CDATA[20:44:54,732 |-INFO in ch.qos.logback.classic.LoggerContext[default] - This is logback-classic version 1.4.5
20:44:54,753 |-INFO in ch.qos.logback.classic.LoggerContext[default] - Could NOT find resource [logback-test.xml]
20:44:54,756 |-INFO in ch.qos.logback.classic.LoggerContext[default] - Found resource [logback.xml] at [file:/C:/Users/n.petrov/IdeaProjects/JavaServiceFiltering/build/resources/test/logback.xml]
20:44:54,853 |-INFO in ch.qos.logback.core.model.processor.AppenderModelHandler - Processing appender named [CONSOLE]
20:44:54,853 |-INFO in ch.qos.logback.core.model.processor.AppenderModelHandler - About to instantiate appender of type [ch.qos.logback.core.ConsoleAppender]
20:44:54,889 |-WARN in ch.qos.logback.core.ConsoleAppender[CONSOLE] - This appender no longer admits a layout as a sub-component, set an encoder instead.
20:44:54,889 |-WARN in ch.qos.logback.core.ConsoleAppender[CONSOLE] - To ensure compatibility, wrapping your layout in LayoutWrappingEncoder.
20:44:54,889 |-WARN in ch.qos.logback.core.ConsoleAppender[CONSOLE] - See also http://logback.qos.ch/codes.html#layoutInsteadOfEncoder for details
20:44:54,890 |-INFO in ch.qos.logback.classic.model.processor.LoggerModelHandler - Setting level of logger [ru.mai.lessons.rpks] to INFO
20:44:54,892 |-INFO in ch.qos.logback.classic.model.processor.LoggerModelHandler - Setting additivity of logger [ru.mai.lessons.rpks] to false
20:44:54,893 |-INFO in ch.qos.logback.core.model.processor.AppenderRefModelHandler - Attaching appender named [CONSOLE] to Logger[ru.mai.lessons.rpks]
20:44:54,894 |-INFO in ch.qos.logback.classic.model.processor.RootLoggerModelHandler - Setting level of ROOT logger to ERROR
20:44:54,894 |-INFO in ch.qos.logback.core.model.processor.AppenderRefModelHandler - Attaching appender named [CONSOLE] to Logger[ROOT]
20:44:54,894 |-INFO in ch.qos.logback.core.model.processor.DefaultProcessor@1c3b9394 - End of configuration.
20:44:54,894 |-INFO in ch.qos.logback.classic.joran.JoranConfigurator@6f2cfcc2 - Registering current configuration as safe fallback point

20:45:03.552 [Test worker] INFO  ru.mai.lessons.rpks.ServiceTest - Bootstrap.servers: PLAINTEXT://localhost:56382
20:45:03.555 [Test worker] INFO  ru.mai.lessons.rpks.ServiceTest - Topics: [(name=test_topic_in, numPartitions=3, replicationFactor=1, replicasAssignments=null, configs=null), (name=test_topic_out, numPartitions=3, replicationFactor=1, replicasAssignments=null, configs=null)], replica factor 1, partitions 3
20:45:03.798 [Test worker] INFO  ru.mai.lessons.rpks.ServiceTest - Creating topics
20:45:04.330 [Test worker] INFO  ru.mai.lessons.rpks.ServiceTest - Created topics
20:45:04.330 [Test worker] INFO  ru.mai.lessons.rpks.ServiceTest - Sending message
20:45:04.413 [Test worker] INFO  ru.mai.lessons.rpks.ServiceTest - Sent message
20:45:04.414 [Test worker] INFO  ru.mai.lessons.rpks.ServiceTest - Consumer subscribe
20:45:04.414 [Test worker] INFO  ru.mai.lessons.rpks.ServiceTest - Consumer start reading
20:45:04.517 [Test worker] INFO  ru.mai.lessons.rpks.ServiceTest - Remaining attempts 10
20:45:05.618 [Test worker] INFO  ru.mai.lessons.rpks.ServiceTest - Remaining attempts 9
20:45:06.628 [Test worker] INFO  ru.mai.lessons.rpks.ServiceTest - Read messages 1
20:45:14.681 [Test worker] INFO  ru.mai.lessons.rpks.ServiceTest - Topics: [(name=test_topic_in, numPartitions=3, replicationFactor=1, replicasAssignments=null, configs=null), (name=test_topic_out, numPartitions=3, replicationFactor=1, replicasAssignments=null, configs=null)], replica factor 1, partitions 3
20:45:15.395 [Test worker] INFO  ru.mai.lessons.rpks.ServiceTest - Topic not exist. Create topics [(name=test_topic_in, numPartitions=3, replicationFactor=1, replicasAssignments=null, configs=null), (name=test_topic_out, numPartitions=3, replicationFactor=1, replicasAssignments=null, configs=null)]
20:45:15.651 [Test worker] INFO  ru.mai.lessons.rpks.ServiceTest - Create filtering rule 1
20:45:15.678 [Test worker] INFO  ru.mai.lessons.rpks.ServiceTest - Check rule from DB
20:45:15.753 [pool-2-thread-1] INFO  r.m.l.r.impl.KafkaReaderRealization - Create new consumer
20:45:15.765 [pool-2-thread-1] INFO  r.m.lessons.rpks.impl.DataBaseReader - Init HikariDataSource
20:45:15.780 [pool-2-thread-1] INFO  r.m.lessons.rpks.impl.DataBaseReader - Init DSL
20:45:15.782 [pool-2-thread-1] INFO  r.m.l.r.impl.KafkaReaderRealization - Start consumer cycle
20:45:15.954 [pool-2-thread-2] INFO  ru.mai.lessons.rpks.ServiceTest - Remaining attempts 10
20:45:16.139 [pool-2-thread-1] INFO  r.m.l.rpks.impl.KafkaRuleProcessor - Message {"name":"alex", "age":, "sex":null} have uncorrected data
20:45:16.139 [pool-2-thread-1] INFO  r.m.l.r.impl.KafkaReaderRealization - Message {"name":"alex", "age":, "sex":null} does not satisfies current rules
20:45:16.140 [pool-2-thread-1] INFO  r.m.l.r.impl.KafkaReaderRealization - Message {"name":"alex", "sex":"M"} does not satisfies current rules
20:45:16.140 [pool-2-thread-1] INFO  r.m.l.r.impl.KafkaReaderRealization - Message {"name":"alex", "age":null} does not satisfies current rules
20:45:16.141 [pool-2-thread-1] INFO  r.m.l.r.impl.KafkaReaderRealization - Message {"name":"alex", "age":19, "sex":"M"} does not satisfies current rules
20:45:16.142 [pool-2-thread-1] INFO  r.m.l.r.impl.KafkaReaderRealization - Message {"name":"alex"} does not satisfies current rules
20:45:16.142 [pool-2-thread-1] INFO  r.m.l.r.impl.KafkaReaderRealization - Message {"name":"no_alex", "age":18, "sex":"M"} satisfies rules
20:45:16.142 [pool-2-thread-1] INFO  r.m.l.r.impl.KafkaWriterRealization - send message - {"name":"no_alex", "age":18, "sex":"M"}
20:45:16.959 [pool-2-thread-2] INFO  ru.mai.lessons.rpks.ServiceTest - Read messages 1
20:45:24.886 [Test worker] INFO  ru.mai.lessons.rpks.ServiceTest - Topics: [(name=test_topic_in, numPartitions=3, replicationFactor=1, replicasAssignments=null, configs=null), (name=test_topic_out, numPartitions=3, replicationFactor=1, replicasAssignments=null, configs=null)], replica factor 1, partitions 3
20:45:24.902 [Test worker] INFO  ru.mai.lessons.rpks.ServiceTest - Topic not exist. Create topics [(name=test_topic_in, numPartitions=3, replicationFactor=1, replicasAssignments=null, configs=null), (name=test_topic_out, numPartitions=3, replicationFactor=1, replicasAssignments=null, configs=null)]
20:45:25.181 [pool-4-thread-1] INFO  r.m.l.r.impl.KafkaReaderRealization - Create new consumer
20:45:25.189 [pool-4-thread-1] INFO  r.m.lessons.rpks.impl.DataBaseReader - Init HikariDataSource
20:45:25.205 [pool-4-thread-1] INFO  r.m.lessons.rpks.impl.DataBaseReader - Init DSL
20:45:25.207 [pool-4-thread-1] INFO  r.m.l.r.impl.KafkaReaderRealization - Start consumer cycle
20:45:25.381 [pool-4-thread-2] INFO  ru.mai.lessons.rpks.ServiceTest - Remaining attempts 10
20:45:25.431 [pool-4-thread-1] INFO  r.m.l.r.impl.KafkaReaderRealization - Message {"name":"pushkin", "age":19, "sex":"M"} does not satisfies current rules
20:45:25.432 [pool-4-thread-1] INFO  r.m.l.rpks.impl.KafkaRuleProcessor - Message {"name":"alex", "age":, "sex":"M"} have uncorrected data
20:45:25.432 [pool-4-thread-1] INFO  r.m.l.r.impl.KafkaReaderRealization - Message {"name":"alex", "age":, "sex":"M"} does not satisfies current rules
20:45:25.432 [pool-4-thread-1] INFO  r.m.l.r.impl.KafkaReaderRealization - Message {"age":18, "sex":"M"} does not satisfies current rules
20:45:25.433 [pool-4-thread-1] INFO  r.m.l.rpks.impl.KafkaRuleProcessor - Message  have uncorrected data
20:45:25.433 [pool-4-thread-1] INFO  r.m.l.r.impl.KafkaReaderRealization - Message  does not satisfies current rules
20:45:25.433 [pool-4-thread-1] INFO  r.m.l.r.impl.KafkaReaderRealization - Message {"name":"alex", "age":null, "sex":"M"} does not satisfies current rules
20:45:25.433 [pool-4-thread-1] INFO  r.m.l.r.impl.KafkaReaderRealization - Message {"name":"alex_ivanov", "age":20, "sex":"M"} does not satisfies current rules
20:45:25.434 [pool-4-thread-1] INFO  r.m.l.r.impl.KafkaReaderRealization - Message {"name":null, "sex":"M"} does not satisfies current rules
20:45:25.434 [pool-4-thread-1] INFO  r.m.l.r.impl.KafkaReaderRealization - Message {"name":"", "age":"", "sex":"M"} does not satisfies current rules
20:45:26.484 [pool-4-thread-2] INFO  ru.mai.lessons.rpks.ServiceTest - Remaining attempts 9
20:45:27.585 [pool-4-thread-2] INFO  ru.mai.lessons.rpks.ServiceTest - Remaining attempts 8
20:45:28.688 [pool-4-thread-2] INFO  ru.mai.lessons.rpks.ServiceTest - Remaining attempts 7
20:45:29.790 [pool-4-thread-2] INFO  ru.mai.lessons.rpks.ServiceTest - Remaining attempts 6
20:45:30.890 [pool-4-thread-2] INFO  ru.mai.lessons.rpks.ServiceTest - Remaining attempts 5
20:45:31.992 [pool-4-thread-2] INFO  ru.mai.lessons.rpks.ServiceTest - Remaining attempts 4
20:45:33.096 [pool-4-thread-2] INFO  ru.mai.lessons.rpks.ServiceTest - Remaining attempts 3
20:45:34.197 [pool-4-thread-2] INFO  ru.mai.lessons.rpks.ServiceTest - Remaining attempts 2
20:45:35.298 [pool-4-thread-2] INFO  ru.mai.lessons.rpks.ServiceTest - Remaining attempts 1
20:45:44.150 [Test worker] INFO  ru.mai.lessons.rpks.ServiceTest - Topics: [(name=test_topic_in, numPartitions=3, replicationFactor=1, replicasAssignments=null, configs=null), (name=test_topic_out, numPartitions=3, replicationFactor=1, replicasAssignments=null, configs=null)], replica factor 1, partitions 3
20:45:44.166 [Test worker] INFO  ru.mai.lessons.rpks.ServiceTest - Topic not exist. Create topics [(name=test_topic_in, numPartitions=3, replicationFactor=1, replicasAssignments=null, configs=null), (name=test_topic_out, numPartitions=3, replicationFactor=1, replicasAssignments=null, configs=null)]
20:45:44.436 [Test worker] INFO  ru.mai.lessons.rpks.ServiceTest - Create filtering rule 1
20:45:44.450 [Test worker] INFO  ru.mai.lessons.rpks.ServiceTest - Check rule from DB
20:45:44.453 [Test worker] INFO  ru.mai.lessons.rpks.ServiceTest - Create filtering rule 1
20:45:44.472 [Test worker] INFO  ru.mai.lessons.rpks.ServiceTest - Check rule from DB
20:45:44.474 [pool-6-thread-1] INFO  r.m.l.r.impl.KafkaReaderRealization - Create new consumer
20:45:44.479 [pool-6-thread-1] INFO  r.m.lessons.rpks.impl.DataBaseReader - Init HikariDataSource
20:45:44.494 [pool-6-thread-1] INFO  r.m.lessons.rpks.impl.DataBaseReader - Init DSL
20:45:44.496 [pool-6-thread-1] INFO  r.m.l.r.impl.KafkaReaderRealization - Start consumer cycle
20:45:44.680 [pool-6-thread-2] INFO  ru.mai.lessons.rpks.ServiceTest - Remaining attempts 10
20:45:44.719 [pool-6-thread-1] INFO  r.m.l.r.impl.KafkaReaderRealization - Message {"name":"pushkin", "age":19, "sex":"M"} does not satisfies current rules
20:45:44.720 [pool-6-thread-1] INFO  r.m.l.rpks.impl.KafkaRuleProcessor - Message {"name":"alex", "age":, "sex":"M"} have uncorrected data
20:45:44.720 [pool-6-thread-1] INFO  r.m.l.r.impl.KafkaReaderRealization - Message {"name":"alex", "age":, "sex":"M"} does not satisfies current rules
20:45:44.720 [pool-6-thread-1] INFO  r.m.l.rpks.impl.KafkaRuleProcessor - Message {"age":18, "sex":"M"} have uncorrected data in field name
20:45:44.720 [pool-6-thread-1] INFO  r.m.l.r.impl.KafkaReaderRealization - Message {"age":18, "sex":"M"} does not satisfies current rules
20:45:44.721 [pool-6-thread-1] INFO  r.m.l.rpks.impl.KafkaRuleProcessor - Message  have uncorrected data
20:45:44.721 [pool-6-thread-1] INFO  r.m.l.r.impl.KafkaReaderRealization - Message  does not satisfies current rules
20:45:44.721 [pool-6-thread-1] INFO  r.m.l.rpks.impl.KafkaRuleProcessor - Message {"name":"alex", "age":null, "sex":"M"} have uncorrected data in field age
20:45:44.721 [pool-6-thread-1] INFO  r.m.l.r.impl.KafkaReaderRealization - Message {"name":"alex", "age":null, "sex":"M"} does not satisfies current rules
20:45:44.721 [pool-6-thread-1] INFO  r.m.l.r.impl.KafkaReaderRealization - Message {"name":"alex_ivanov", "age":20, "sex":"M"} does not satisfies current rules
20:45:44.722 [pool-6-thread-1] INFO  r.m.l.rpks.impl.KafkaRuleProcessor - Message {"name":null, "sex":"M"} have uncorrected data in field age
20:45:44.722 [pool-6-thread-1] INFO  r.m.l.r.impl.KafkaReaderRealization - Message {"name":null, "sex":"M"} does not satisfies current rules
20:45:44.722 [pool-6-thread-1] INFO  r.m.l.r.impl.KafkaReaderRealization - Message {"name":"", "age":"", "sex":"M"} does not satisfies current rules
20:45:44.722 [pool-6-thread-1] INFO  r.m.l.r.impl.KafkaReaderRealization - Message {"name":"alexander_pushkin", "age":18, "sex":"M"} satisfies rules
20:45:44.722 [pool-6-thread-1] INFO  r.m.l.r.impl.KafkaWriterRealization - send message - {"name":"alexander_pushkin", "age":18, "sex":"M"}
20:45:45.682 [pool-6-thread-2] INFO  ru.mai.lessons.rpks.ServiceTest - Read messages 1
20:45:53.793 [Test worker] INFO  ru.mai.lessons.rpks.ServiceTest - Topics: [(name=test_topic_in, numPartitions=3, replicationFactor=1, replicasAssignments=null, configs=null), (name=test_topic_out, numPartitions=3, replicationFactor=1, replicasAssignments=null, configs=null)], replica factor 1, partitions 3
20:45:53.809 [Test worker] INFO  ru.mai.lessons.rpks.ServiceTest - Topic not exist. Create topics [(name=test_topic_in, numPartitions=3, replicationFactor=1, replicasAssignments=null, configs=null), (name=test_topic_out, numPartitions=3, replicationFactor=1, replicasAssignments=null, configs=null)]
20:45:54.103 [Test worker] INFO  ru.mai.lessons.rpks.ServiceTest - Create filtering rule 1
20:45:54.117 [Test worker] INFO  ru.mai.lessons.rpks.ServiceTest - Check rule from DB
20:45:54.119 [pool-8-thread-1] INFO  r.m.l.r.impl.KafkaReaderRealization - Create new consumer
20:45:54.127 [pool-8-thread-1] INFO  r.m.lessons.rpks.impl.DataBaseReader - Init HikariDataSource
20:45:54.143 [pool-8-thread-1] INFO  r.m.lessons.rpks.impl.DataBaseReader - Init DSL
20:45:54.144 [pool-8-thread-1] INFO  r.m.l.r.impl.KafkaReaderRealization - Start consumer cycle
20:45:54.338 [pool-8-thread-2] INFO  ru.mai.lessons.rpks.ServiceTest - Remaining attempts 10
20:45:54.384 [pool-8-thread-1] INFO  r.m.l.r.impl.KafkaReaderRealization - Message {"name":"pushkin", "age":19, "sex":"M"} does not satisfies current rules
20:45:54.384 [pool-8-thread-1] INFO  r.m.l.rpks.impl.KafkaRuleProcessor - Message {"age":17, "sex":"M"} have uncorrected data in field name
20:45:54.384 [pool-8-thread-1] INFO  r.m.l.r.impl.KafkaReaderRealization - Message {"age":17, "sex":"M"} does not satisfies current rules
20:45:54.385 [pool-8-thread-1] INFO  r.m.l.r.impl.KafkaReaderRealization - Message {"name":"alex_ivanov", "age":18, "sex":"M"} does not satisfies current rules
20:45:54.385 [pool-8-thread-1] INFO  r.m.l.rpks.impl.KafkaRuleProcessor - Message  have uncorrected data
20:45:54.385 [pool-8-thread-1] INFO  r.m.l.r.impl.KafkaReaderRealization - Message  does not satisfies current rules
20:45:54.385 [pool-8-thread-1] INFO  r.m.l.r.impl.KafkaReaderRealization - Message {"name":"alex", "age":null, "sex":"M"} does not satisfies current rules
20:45:54.386 [pool-8-thread-1] INFO  r.m.l.rpks.impl.KafkaRuleProcessor - Message {"name":null, "sex":"M"} have uncorrected data in field name
20:45:54.386 [pool-8-thread-1] INFO  r.m.l.r.impl.KafkaReaderRealization - Message {"name":null, "sex":"M"} does not satisfies current rules
20:45:54.386 [pool-8-thread-1] INFO  r.m.l.rpks.impl.KafkaRuleProcessor - Message {"name":, "age":, "sex":"M"} have uncorrected data
20:45:54.386 [pool-8-thread-1] INFO  r.m.l.r.impl.KafkaReaderRealization - Message {"name":, "age":, "sex":"M"} does not satisfies current rules
20:45:54.386 [pool-8-thread-1] INFO  r.m.l.r.impl.KafkaReaderRealization - Message {"name":"", "age":"", "sex":"M"} does not satisfies current rules
20:45:54.387 [pool-8-thread-1] INFO  r.m.l.r.impl.KafkaReaderRealization - Message {"name":"alexander", "age":18, "sex":"M"} satisfies rules
20:45:54.387 [pool-8-thread-1] INFO  r.m.l.r.impl.KafkaWriterRealization - send message - {"name":"alexander", "age":18, "sex":"M"}
20:45:55.344 [pool-8-thread-2] INFO  ru.mai.lessons.rpks.ServiceTest - Read messages 1
20:45:55.344 [Test worker] INFO  ru.mai.lessons.rpks.ServiceTest - Create filtering rule 1
20:45:55.347 [Test worker] INFO  ru.mai.lessons.rpks.ServiceTest - Check rule from DB
20:45:55.349 [Test worker] INFO  ru.mai.lessons.rpks.ServiceTest - Wait until application updated rules from DB
20:45:55.783 [pool-3-thread-1] ERROR r.m.l.rpks.scheduler.RulesUpdater - Cannot get rules from sql
20:46:15.207 [pool-5-thread-1] ERROR r.m.l.rpks.scheduler.RulesUpdater - Cannot get rules from sql
20:46:15.356 [pool-8-thread-1] INFO  r.m.l.r.impl.KafkaReaderRealization - Message {"name":"pushkin", "age":19, "sex":"M"} does not satisfies current rules
20:46:15.359 [pool-8-thread-1] INFO  r.m.l.rpks.impl.KafkaRuleProcessor - Message {"age":17, "sex":"M"} have uncorrected data in field name
20:46:15.359 [pool-8-thread-1] INFO  r.m.l.r.impl.KafkaReaderRealization - Message {"age":17, "sex":"M"} does not satisfies current rules
20:46:15.362 [pool-8-thread-1] INFO  r.m.l.r.impl.KafkaReaderRealization - Message {"name":"alex_ivanov", "age":18, "sex":"M"} does not satisfies current rules
20:46:15.364 [pool-8-thread-1] INFO  r.m.l.rpks.impl.KafkaRuleProcessor - Message  have uncorrected data
20:46:15.364 [pool-8-thread-1] INFO  r.m.l.r.impl.KafkaReaderRealization - Message  does not satisfies current rules
20:46:15.367 [pool-8-thread-1] INFO  r.m.l.r.impl.KafkaReaderRealization - Message {"name":"alex", "age":null, "sex":"M"} does not satisfies current rules
20:46:15.370 [pool-8-thread-1] INFO  r.m.l.rpks.impl.KafkaRuleProcessor - Message {"name":null, "sex":"M"} have uncorrected data in field name
20:46:15.370 [pool-8-thread-1] INFO  r.m.l.r.impl.KafkaReaderRealization - Message {"name":null, "sex":"M"} does not satisfies current rules
20:46:15.372 [pool-8-thread-1] INFO  r.m.l.rpks.impl.KafkaRuleProcessor - Message {"name":, "age":, "sex":"M"} have uncorrected data
20:46:15.372 [pool-8-thread-1] INFO  r.m.l.r.impl.KafkaReaderRealization - Message {"name":, "age":, "sex":"M"} does not satisfies current rules
20:46:15.375 [pool-8-thread-1] INFO  r.m.l.r.impl.KafkaReaderRealization - Message {"name":"", "age":"", "sex":"M"} does not satisfies current rules
20:46:15.378 [pool-8-thread-1] INFO  r.m.l.r.impl.KafkaReaderRealization - Message {"name":"alexander", "age":18, "sex":"M"} satisfies rules
20:46:15.378 [pool-8-thread-1] INFO  r.m.l.r.impl.KafkaWriterRealization - send message - {"name":"alexander", "age":18, "sex":"M"}
20:46:15.382 [pool-8-thread-2] INFO  ru.mai.lessons.rpks.ServiceTest - Read messages 1
20:46:23.444 [Test worker] INFO  ru.mai.lessons.rpks.ServiceTest - Topics: [(name=test_topic_in, numPartitions=3, replicationFactor=1, replicasAssignments=null, configs=null), (name=test_topic_out, numPartitions=3, replicationFactor=1, replicasAssignments=null, configs=null)], replica factor 1, partitions 3
20:46:23.462 [Test worker] INFO  ru.mai.lessons.rpks.ServiceTest - Topic not exist. Create topics [(name=test_topic_in, numPartitions=3, replicationFactor=1, replicasAssignments=null, configs=null), (name=test_topic_out, numPartitions=3, replicationFactor=1, replicasAssignments=null, configs=null)]
20:46:23.728 [Test worker] INFO  ru.mai.lessons.rpks.ServiceTest - Create filtering rule 1
20:46:23.742 [Test worker] INFO  ru.mai.lessons.rpks.ServiceTest - Check rule from DB
20:46:23.745 [Test worker] INFO  ru.mai.lessons.rpks.ServiceTest - Create filtering rule 1
20:46:23.764 [Test worker] INFO  ru.mai.lessons.rpks.ServiceTest - Check rule from DB
20:46:23.766 [pool-10-thread-1] INFO  r.m.l.r.impl.KafkaReaderRealization - Create new consumer
20:46:23.772 [pool-10-thread-1] INFO  r.m.lessons.rpks.impl.DataBaseReader - Init HikariDataSource
20:46:23.787 [pool-10-thread-1] INFO  r.m.lessons.rpks.impl.DataBaseReader - Init DSL
20:46:23.788 [pool-10-thread-1] INFO  r.m.l.r.impl.KafkaReaderRealization - Start consumer cycle
20:46:23.966 [pool-10-thread-2] INFO  ru.mai.lessons.rpks.ServiceTest - Remaining attempts 10
20:46:24.003 [pool-10-thread-1] INFO  r.m.l.r.impl.KafkaReaderRealization - Message {"name":"", "age":18, "sex":"M"} does not satisfies current rules
20:46:24.003 [pool-10-thread-1] INFO  r.m.l.rpks.impl.KafkaRuleProcessor - Message {"age":18, "sex":"M"} have uncorrected data in field name
20:46:24.003 [pool-10-thread-1] INFO  r.m.l.r.impl.KafkaReaderRealization - Message {"age":18, "sex":"M"} does not satisfies current rules
20:46:24.003 [pool-10-thread-1] INFO  r.m.l.rpks.impl.KafkaRuleProcessor - Message  have uncorrected data
20:46:24.003 [pool-10-thread-1] INFO  r.m.l.r.impl.KafkaReaderRealization - Message  does not satisfies current rules
20:46:24.003 [pool-10-thread-1] INFO  r.m.l.r.impl.KafkaReaderRealization - Message {"name":"ivanov", "age":18, "sex":"M"} does not satisfies current rules
20:46:24.003 [pool-10-thread-1] INFO  r.m.l.r.impl.KafkaReaderRealization - Message {"name":"pushkin", "age":18, "sex":"M"} does not satisfies current rules
20:46:24.004 [pool-10-thread-1] INFO  r.m.l.rpks.impl.KafkaRuleProcessor - Message {"name":null, "age":18, "sex":"M"} have uncorrected data in field name
20:46:24.004 [pool-10-thread-1] INFO  r.m.l.r.impl.KafkaReaderRealization - Message {"name":null, "age":18, "sex":"M"} does not satisfies current rules
20:46:24.004 [pool-10-thread-1] INFO  r.m.l.r.impl.KafkaReaderRealization - Message {"name":"alexander_ivanov", "age":18, "sex":"M"} does not satisfies current rules
20:46:24.005 [pool-10-thread-1] INFO  r.m.l.r.impl.KafkaReaderRealization - Message {"name":"alexander_pushkin", "age":18, "sex":"M"} satisfies rules
20:46:24.005 [pool-10-thread-1] INFO  r.m.l.r.impl.KafkaWriterRealization - send message - {"name":"alexander_pushkin", "age":18, "sex":"M"}
20:46:24.497 [pool-7-thread-1] ERROR r.m.l.rpks.scheduler.RulesUpdater - Cannot get rules from sql
20:46:24.968 [pool-10-thread-2] INFO  ru.mai.lessons.rpks.ServiceTest - Read messages 1
20:46:25.783 [pool-3-thread-1] ERROR r.m.l.rpks.scheduler.RulesUpdater - Cannot get rules from sql
20:46:41.452 [Test worker] INFO  ru.mai.lessons.rpks.ServiceTest - Topics: [(name=test_topic_in, numPartitions=3, replicationFactor=1, replicasAssignments=null, configs=null), (name=test_topic_out, numPartitions=3, replicationFactor=1, replicasAssignments=null, configs=null)], replica factor 1, partitions 3
20:46:41.469 [Test worker] INFO  ru.mai.lessons.rpks.ServiceTest - Topic not exist. Create topics [(name=test_topic_in, numPartitions=3, replicationFactor=1, replicasAssignments=null, configs=null), (name=test_topic_out, numPartitions=3, replicationFactor=1, replicasAssignments=null, configs=null)]
20:46:41.793 [Test worker] INFO  ru.mai.lessons.rpks.ServiceTest - Create filtering rule 1
20:46:41.808 [Test worker] INFO  ru.mai.lessons.rpks.ServiceTest - Check rule from DB
20:46:41.810 [pool-13-thread-1] INFO  r.m.l.r.impl.KafkaReaderRealization - Create new consumer
20:46:41.816 [pool-13-thread-1] INFO  r.m.lessons.rpks.impl.DataBaseReader - Init HikariDataSource
20:46:41.830 [pool-13-thread-1] INFO  r.m.lessons.rpks.impl.DataBaseReader - Init DSL
20:46:41.832 [pool-13-thread-1] INFO  r.m.l.r.impl.KafkaReaderRealization - Start consumer cycle
20:46:42.018 [pool-13-thread-2] INFO  ru.mai.lessons.rpks.ServiceTest - Remaining attempts 10
20:46:42.054 [pool-13-thread-1] INFO  r.m.l.r.impl.KafkaReaderRealization - Message {"name":"pushkin", "age":19, "sex":"M"} does not satisfies current rules
20:46:42.054 [pool-13-thread-1] INFO  r.m.l.r.impl.KafkaReaderRealization - Message {"name":"", "age":"", "sex":"M"} does not satisfies current rules
20:46:42.055 [pool-13-thread-1] INFO  r.m.l.rpks.impl.KafkaRuleProcessor - Message {"age":17, "sex":"M"} have uncorrected data in field name
20:46:42.055 [pool-13-thread-1] INFO  r.m.l.r.impl.KafkaReaderRealization - Message {"age":17, "sex":"M"} does not satisfies current rules
20:46:42.055 [pool-13-thread-1] INFO  r.m.l.r.impl.KafkaReaderRealization - Message {"name":"alex_ivanov", "age":18, "sex":"M"} does not satisfies current rules
20:46:42.055 [pool-13-thread-1] INFO  r.m.l.rpks.impl.KafkaRuleProcessor - Message  have uncorrected data
20:46:42.055 [pool-13-thread-1] INFO  r.m.l.r.impl.KafkaReaderRealization - Message  does not satisfies current rules
20:46:42.056 [pool-13-thread-1] INFO  r.m.l.rpks.impl.KafkaRuleProcessor - Message {"name":null, "sex":"M"} have uncorrected data in field name
20:46:42.056 [pool-13-thread-1] INFO  r.m.l.r.impl.KafkaReaderRealization - Message {"name":null, "sex":"M"} does not satisfies current rules
20:46:42.056 [pool-13-thread-1] INFO  r.m.l.rpks.impl.KafkaRuleProcessor - Message {"name":, "age":, "sex":"M"} have uncorrected data
20:46:42.056 [pool-13-thread-1] INFO  r.m.l.r.impl.KafkaReaderRealization - Message {"name":, "age":, "sex":"M"} does not satisfies current rules
20:46:42.056 [pool-13-thread-1] INFO  r.m.l.r.impl.KafkaReaderRealization - Message {"name":"alexander", "age":null, "sex":"M"} does not satisfies current rules
20:46:42.056 [pool-13-thread-1] INFO  r.m.l.r.impl.KafkaReaderRealization - Message {"name":"alex", "age":18, "sex":"M"} satisfies rules
20:46:42.056 [pool-13-thread-1] INFO  r.m.l.r.impl.KafkaWriterRealization - send message - {"name":"alex", "age":18, "sex":"M"}
20:46:43.025 [pool-13-thread-2] INFO  ru.mai.lessons.rpks.ServiceTest - Read messages 1
20:46:43.029 [Test worker] INFO  ru.mai.lessons.rpks.ServiceTest - Create filtering rule 1
20:46:43.032 [Test worker] INFO  ru.mai.lessons.rpks.ServiceTest - Check rule from DB
20:46:43.034 [Test worker] INFO  ru.mai.lessons.rpks.ServiceTest - Wait until application updated rules from DB
20:46:45.208 [pool-5-thread-1] ERROR r.m.l.rpks.scheduler.RulesUpdater - Cannot get rules from sql
20:46:54.144 [pool-9-thread-1] ERROR r.m.l.rpks.scheduler.RulesUpdater - Cannot get rules from sql
20:46:54.497 [pool-7-thread-1] ERROR r.m.l.rpks.scheduler.RulesUpdater - Cannot get rules from sql
20:46:55.783 [pool-3-thread-1] ERROR r.m.l.rpks.scheduler.RulesUpdater - Cannot get rules from sql
20:47:03.044 [pool-13-thread-1] INFO  r.m.l.r.impl.KafkaReaderRealization - Message {"name":"pushkin", "age":19, "sex":"M"} does not satisfies current rules
20:47:03.046 [pool-13-thread-1] INFO  r.m.l.rpks.impl.KafkaRuleProcessor - Message {"age":17, "sex":"M"} have uncorrected data in field name
20:47:03.046 [pool-13-thread-1] INFO  r.m.l.r.impl.KafkaReaderRealization - Message {"age":17, "sex":"M"} does not satisfies current rules
20:47:03.048 [pool-13-thread-1] INFO  r.m.l.r.impl.KafkaReaderRealization - Message {"name":"alex_ivanov", "age":18, "sex":"M"} does not satisfies current rules
20:47:03.051 [pool-13-thread-1] INFO  r.m.l.rpks.impl.KafkaRuleProcessor - Message  have uncorrected data
20:47:03.051 [pool-13-thread-1] INFO  r.m.l.r.impl.KafkaReaderRealization - Message  does not satisfies current rules
20:47:03.054 [pool-13-thread-1] INFO  r.m.l.r.impl.KafkaReaderRealization - Message {"name":"alex", "age":null, "sex":"M"} does not satisfies current rules
20:47:03.055 [pool-13-thread-1] INFO  r.m.l.rpks.impl.KafkaRuleProcessor - Message {"name":null, "sex":"M"} have uncorrected data in field name
20:47:03.055 [pool-13-thread-1] INFO  r.m.l.r.impl.KafkaReaderRealization - Message {"name":null, "sex":"M"} does not satisfies current rules
20:47:03.058 [pool-13-thread-1] INFO  r.m.l.rpks.impl.KafkaRuleProcessor - Message {"name":, "age":, "sex":"M"} have uncorrected data
20:47:03.058 [pool-13-thread-1] INFO  r.m.l.r.impl.KafkaReaderRealization - Message {"name":, "age":, "sex":"M"} does not satisfies current rules
20:47:03.061 [pool-13-thread-1] INFO  r.m.l.r.impl.KafkaReaderRealization - Message {"name":"", "age":"", "sex":"M"} does not satisfies current rules
20:47:03.064 [pool-13-thread-1] INFO  r.m.l.r.impl.KafkaReaderRealization - Message {"name":"alexander", "age":18, "sex":"M"} satisfies rules
20:47:03.064 [pool-13-thread-1] INFO  r.m.l.r.impl.KafkaWriterRealization - send message - {"name":"alexander", "age":18, "sex":"M"}
20:47:03.067 [pool-13-thread-2] INFO  ru.mai.lessons.rpks.ServiceTest - Read messages 1
20:47:03.789 [pool-11-thread-1] ERROR r.m.l.rpks.scheduler.RulesUpdater - Cannot get rules from sql
20:47:11.271 [Test worker] INFO  ru.mai.lessons.rpks.ServiceTest - Topics: [(name=test_topic_in, numPartitions=3, replicationFactor=1, replicasAssignments=null, configs=null), (name=test_topic_out, numPartitions=3, replicationFactor=1, replicasAssignments=null, configs=null)], replica factor 1, partitions 3
20:47:11.287 [Test worker] INFO  ru.mai.lessons.rpks.ServiceTest - Topic not exist. Create topics [(name=test_topic_in, numPartitions=3, replicationFactor=1, replicasAssignments=null, configs=null), (name=test_topic_out, numPartitions=3, replicationFactor=1, replicasAssignments=null, configs=null)]
20:47:11.594 [Test worker] INFO  ru.mai.lessons.rpks.ServiceTest - Create filtering rule 1
20:47:11.607 [Test worker] INFO  ru.mai.lessons.rpks.ServiceTest - Check rule from DB
20:47:11.609 [pool-15-thread-1] INFO  r.m.l.r.impl.KafkaReaderRealization - Create new consumer
20:47:11.614 [pool-15-thread-1] INFO  r.m.lessons.rpks.impl.DataBaseReader - Init HikariDataSource
20:47:11.628 [pool-15-thread-1] INFO  r.m.lessons.rpks.impl.DataBaseReader - Init DSL
20:47:11.629 [pool-15-thread-1] INFO  r.m.l.r.impl.KafkaReaderRealization - Start consumer cycle
20:47:11.801 [pool-15-thread-2] INFO  ru.mai.lessons.rpks.ServiceTest - Remaining attempts 10
20:47:11.840 [pool-15-thread-1] INFO  r.m.l.r.impl.KafkaReaderRealization - Message {"name":"alexander_pushkin", "age":19, "sex":"M"} does not satisfies current rules
20:47:11.840 [pool-15-thread-1] INFO  r.m.l.r.impl.KafkaReaderRealization - Message {"name":"alexander_pushkin", "age":null} does not satisfies current rules
20:47:11.841 [pool-15-thread-1] INFO  r.m.l.r.impl.KafkaReaderRealization - Message {"name":"alexander_pushkin", "sex":"M"} does not satisfies current rules
20:47:11.841 [pool-15-thread-1] INFO  r.m.l.rpks.impl.KafkaRuleProcessor - Message {"name":"alexander_pushkin", "age":, "sex":null} have uncorrected data
20:47:11.841 [pool-15-thread-1] INFO  r.m.l.r.impl.KafkaReaderRealization - Message {"name":"alexander_pushkin", "age":, "sex":null} does not satisfies current rules
20:47:11.841 [pool-15-thread-1] INFO  r.m.l.r.impl.KafkaReaderRealization - Message {"name":"alexander_pushkin"} does not satisfies current rules
20:47:11.842 [pool-15-thread-1] INFO  r.m.l.r.impl.KafkaReaderRealization - Message {"name":"alex_pushkin", "age":18, "sex":"M"} satisfies rules
20:47:11.842 [pool-15-thread-1] INFO  r.m.l.r.impl.KafkaWriterRealization - send message - {"name":"alex_pushkin", "age":18, "sex":"M"}
20:47:12.803 [pool-15-thread-2] INFO  ru.mai.lessons.rpks.ServiceTest - Read messages 1
20:47:15.208 [pool-5-thread-1] ERROR r.m.l.rpks.scheduler.RulesUpdater - Cannot get rules from sql
20:47:20.964 [Test worker] INFO  ru.mai.lessons.rpks.ServiceTest - Topics: [(name=test_topic_in, numPartitions=3, replicationFactor=1, replicasAssignments=null, configs=null), (name=test_topic_out, numPartitions=3, replicationFactor=1, replicasAssignments=null, configs=null)], replica factor 1, partitions 3
20:47:20.979 [Test worker] INFO  ru.mai.lessons.rpks.ServiceTest - Topic not exist. Create topics [(name=test_topic_in, numPartitions=3, replicationFactor=1, replicasAssignments=null, configs=null), (name=test_topic_out, numPartitions=3, replicationFactor=1, replicasAssignments=null, configs=null)]
20:47:21.291 [Test worker] INFO  ru.mai.lessons.rpks.ServiceTest - Create filtering rule 1
20:47:21.305 [Test worker] INFO  ru.mai.lessons.rpks.ServiceTest - Check rule from DB
20:47:21.307 [Test worker] INFO  ru.mai.lessons.rpks.ServiceTest - Create filtering rule 1
20:47:21.326 [Test worker] INFO  ru.mai.lessons.rpks.ServiceTest - Check rule from DB
20:47:21.328 [pool-17-thread-1] INFO  r.m.l.r.impl.KafkaReaderRealization - Create new consumer
20:47:21.334 [pool-17-thread-1] INFO  r.m.lessons.rpks.impl.DataBaseReader - Init HikariDataSource
20:47:21.348 [pool-17-thread-1] INFO  r.m.lessons.rpks.impl.DataBaseReader - Init DSL
20:47:21.349 [pool-17-thread-1] INFO  r.m.l.r.impl.KafkaReaderRealization - Start consumer cycle
20:47:21.534 [pool-17-thread-2] INFO  ru.mai.lessons.rpks.ServiceTest - Remaining attempts 10
20:47:21.579 [pool-17-thread-1] INFO  r.m.l.r.impl.KafkaReaderRealization - Message {"name":"pushkin", "age":19, "sex":"M"} does not satisfies current rules
20:47:21.580 [pool-17-thread-1] INFO  r.m.l.rpks.impl.KafkaRuleProcessor - Message {"age":18, "sex":"M"} have uncorrected data in field name
20:47:21.580 [pool-17-thread-1] INFO  r.m.l.r.impl.KafkaReaderRealization - Message {"age":18, "sex":"M"} does not satisfies current rules
20:47:21.580 [pool-17-thread-1] INFO  r.m.l.r.impl.KafkaReaderRealization - Message {"name":"alex_ivanov", "age":18, "sex":"M"} does not satisfies current rules
20:47:21.580 [pool-17-thread-1] INFO  r.m.l.rpks.impl.KafkaRuleProcessor - Message  have uncorrected data
20:47:21.580 [pool-17-thread-1] INFO  r.m.l.r.impl.KafkaReaderRealization - Message  does not satisfies current rules
20:47:21.580 [pool-17-thread-1] INFO  r.m.l.rpks.impl.KafkaRuleProcessor - Message {"name":"alexander", "age":, "sex":"M"} have uncorrected data
20:47:21.581 [pool-17-thread-1] INFO  r.m.l.r.impl.KafkaReaderRealization - Message {"name":"alexander", "age":, "sex":"M"} does not satisfies current rules
20:47:21.581 [pool-17-thread-1] INFO  r.m.l.rpks.impl.KafkaRuleProcessor - Message {"name":null, "sex":"M"} have uncorrected data in field age
20:47:21.581 [pool-17-thread-1] INFO  r.m.l.r.impl.KafkaReaderRealization - Message {"name":null, "sex":"M"} does not satisfies current rules
20:47:21.581 [pool-17-thread-1] INFO  r.m.l.r.impl.KafkaReaderRealization - Message {"name":"", "age":"", "sex":"M"} does not satisfies current rules
20:47:21.581 [pool-17-thread-1] INFO  r.m.l.rpks.impl.KafkaRuleProcessor - Message {"name":"alexander", "age":null, "sex":"M"} have uncorrected data in field age
20:47:21.581 [pool-17-thread-1] INFO  r.m.l.r.impl.KafkaReaderRealization - Message {"name":"alexander", "age":null, "sex":"M"} does not satisfies current rules
20:47:21.582 [pool-17-thread-1] INFO  r.m.l.r.impl.KafkaReaderRealization - Message {"name":"alexander_pushkin", "age":18, "sex":"M"} satisfies rules
20:47:21.582 [pool-17-thread-1] INFO  r.m.l.r.impl.KafkaWriterRealization - send message - {"name":"alexander_pushkin", "age":18, "sex":"M"}
20:47:22.534 [pool-17-thread-2] INFO  ru.mai.lessons.rpks.ServiceTest - Read messages 1
20:47:24.144 [pool-9-thread-1] ERROR r.m.l.rpks.scheduler.RulesUpdater - Cannot get rules from sql
20:47:24.497 [pool-7-thread-1] ERROR r.m.l.rpks.scheduler.RulesUpdater - Cannot get rules from sql
20:47:25.783 [pool-3-thread-1] ERROR r.m.l.rpks.scheduler.RulesUpdater - Cannot get rules from sql
20:47:30.835 [Test worker] INFO  ru.mai.lessons.rpks.ServiceTest - Topics: [(name=test_topic_in, numPartitions=3, replicationFactor=1, replicasAssignments=null, configs=null), (name=test_topic_out, numPartitions=3, replicationFactor=1, replicasAssignments=null, configs=null)], replica factor 1, partitions 3
20:47:30.851 [Test worker] INFO  ru.mai.lessons.rpks.ServiceTest - Topic not exist. Create topics [(name=test_topic_in, numPartitions=3, replicationFactor=1, replicasAssignments=null, configs=null), (name=test_topic_out, numPartitions=3, replicationFactor=1, replicasAssignments=null, configs=null)]
20:47:31.168 [Test worker] INFO  ru.mai.lessons.rpks.ServiceTest - Create filtering rule 1
20:47:31.182 [Test worker] INFO  ru.mai.lessons.rpks.ServiceTest - Check rule from DB
20:47:31.184 [pool-19-thread-1] INFO  r.m.l.r.impl.KafkaReaderRealization - Create new consumer
20:47:31.190 [pool-19-thread-1] INFO  r.m.lessons.rpks.impl.DataBaseReader - Init HikariDataSource
20:47:31.209 [pool-19-thread-1] INFO  r.m.lessons.rpks.impl.DataBaseReader - Init DSL
20:47:31.210 [pool-19-thread-1] INFO  r.m.l.r.impl.KafkaReaderRealization - Start consumer cycle
20:47:31.374 [pool-19-thread-2] INFO  ru.mai.lessons.rpks.ServiceTest - Remaining attempts 10
20:47:31.413 [pool-19-thread-1] INFO  r.m.l.r.impl.KafkaReaderRealization - Message {"name":"alexander_pushkin", "age":18, "sex":"M"} satisfies rules
20:47:31.413 [pool-19-thread-1] INFO  r.m.l.r.impl.KafkaWriterRealization - send message - {"name":"alexander_pushkin", "age":18, "sex":"M"}
20:47:31.418 [pool-19-thread-1] INFO  r.m.l.rpks.impl.KafkaRuleProcessor - Message  have uncorrected data
20:47:31.418 [pool-19-thread-1] INFO  r.m.l.r.impl.KafkaReaderRealization - Message  does not satisfies current rules
20:47:31.419 [pool-19-thread-1] INFO  r.m.l.rpks.impl.KafkaRuleProcessor - Message {"name":null, "age":18, "sex":"M"} have uncorrected data in field name
20:47:31.419 [pool-19-thread-1] INFO  r.m.l.r.impl.KafkaReaderRealization - Message {"name":null, "age":18, "sex":"M"} does not satisfies current rules
20:47:31.419 [pool-19-thread-1] INFO  r.m.l.r.impl.KafkaReaderRealization - Message {"name":"", "age":18, "sex":"M"} does not satisfies current rules
20:47:31.419 [pool-19-thread-1] INFO  r.m.l.rpks.impl.KafkaRuleProcessor - Message {"age":18, "sex":"M"} have uncorrected data in field name
20:47:31.419 [pool-19-thread-1] INFO  r.m.l.r.impl.KafkaReaderRealization - Message {"age":18, "sex":"M"} does not satisfies current rules
20:47:31.420 [pool-19-thread-1] INFO  r.m.l.r.impl.KafkaReaderRealization - Message {"name":"no_alex", "age":18, "sex":"M"} does not satisfies current rules
20:47:32.374 [pool-19-thread-2] INFO  ru.mai.lessons.rpks.ServiceTest - Read messages 1
20:47:33.790 [pool-11-thread-1] ERROR r.m.l.rpks.scheduler.RulesUpdater - Cannot get rules from sql
20:47:40.695 [Test worker] INFO  ru.mai.lessons.rpks.ServiceTest - Topics: [(name=test_topic_in, numPartitions=3, replicationFactor=1, replicasAssignments=null, configs=null), (name=test_topic_out, numPartitions=3, replicationFactor=1, replicasAssignments=null, configs=null)], replica factor 1, partitions 3
20:47:40.710 [Test worker] INFO  ru.mai.lessons.rpks.ServiceTest - Topic not exist. Create topics [(name=test_topic_in, numPartitions=3, replicationFactor=1, replicasAssignments=null, configs=null), (name=test_topic_out, numPartitions=3, replicationFactor=1, replicasAssignments=null, configs=null)]
20:47:41.022 [Test worker] INFO  ru.mai.lessons.rpks.ServiceTest - Create filtering rule 1
20:47:41.036 [Test worker] INFO  ru.mai.lessons.rpks.ServiceTest - Check rule from DB
20:47:41.038 [Test worker] INFO  ru.mai.lessons.rpks.ServiceTest - Create filtering rule 1
20:47:41.058 [Test worker] INFO  ru.mai.lessons.rpks.ServiceTest - Check rule from DB
20:47:41.061 [pool-21-thread-1] INFO  r.m.l.r.impl.KafkaReaderRealization - Create new consumer
20:47:41.067 [pool-21-thread-1] INFO  r.m.lessons.rpks.impl.DataBaseReader - Init HikariDataSource
20:47:41.083 [pool-21-thread-1] INFO  r.m.lessons.rpks.impl.DataBaseReader - Init DSL
20:47:41.084 [pool-21-thread-1] INFO  r.m.l.r.impl.KafkaReaderRealization - Start consumer cycle
20:47:41.285 [pool-21-thread-2] INFO  ru.mai.lessons.rpks.ServiceTest - Remaining attempts 10
20:47:41.352 [pool-21-thread-1] INFO  r.m.l.r.impl.KafkaReaderRealization - Message {"name":"alex_ivanov", "age":18, "sex":"M"} does not satisfies current rules
20:47:41.353 [pool-21-thread-1] INFO  r.m.l.rpks.impl.KafkaRuleProcessor - Message  have uncorrected data
20:47:41.353 [pool-21-thread-1] INFO  r.m.l.r.impl.KafkaReaderRealization - Message  does not satisfies current rules
20:47:41.353 [pool-21-thread-1] INFO  r.m.l.r.impl.KafkaReaderRealization - Message {"name":"pushkin", "age":18, "sex":"M"} does not satisfies current rules
20:47:41.353 [pool-21-thread-1] INFO  r.m.l.rpks.impl.KafkaRuleProcessor - Message {"name":"alexander", "age":null, "sex":"M"} have uncorrected data in field age
20:47:41.354 [pool-21-thread-1] INFO  r.m.l.r.impl.KafkaReaderRealization - Message {"name":"alexander", "age":null, "sex":"M"} does not satisfies current rules
20:47:41.354 [pool-21-thread-1] INFO  r.m.l.rpks.impl.KafkaRuleProcessor - Message {"name":null, "age":18, "sex":"M"} have uncorrected data in field name
20:47:41.354 [pool-21-thread-1] INFO  r.m.l.r.impl.KafkaReaderRealization - Message {"name":null, "age":18, "sex":"M"} does not satisfies current rules
20:47:41.354 [pool-21-thread-1] INFO  r.m.l.r.impl.KafkaReaderRealization - Message {"name":"", "age":"", "sex":"M"} does not satisfies current rules
20:47:41.354 [pool-21-thread-1] INFO  r.m.l.rpks.impl.KafkaRuleProcessor - Message {"age":18, "sex":"M"} have uncorrected data in field name
20:47:41.354 [pool-21-thread-1] INFO  r.m.l.r.impl.KafkaReaderRealization - Message {"age":18, "sex":"M"} does not satisfies current rules
20:47:41.355 [pool-21-thread-1] INFO  r.m.l.r.impl.KafkaReaderRealization - Message {"name":"ivanov", "age":18, "sex":"M"} does not satisfies current rules
20:47:41.355 [pool-21-thread-1] INFO  r.m.l.r.impl.KafkaReaderRealization - Message {"name":"alexander", "age":19, "sex":"M"} does not satisfies current rules
20:47:41.355 [pool-21-thread-1] INFO  r.m.l.rpks.impl.KafkaRuleProcessor - Message {"name":"alexander", "age":, "sex":"M"} have uncorrected data
20:47:41.355 [pool-21-thread-1] INFO  r.m.l.r.impl.KafkaReaderRealization - Message {"name":"alexander", "age":, "sex":"M"} does not satisfies current rules
20:47:41.356 [pool-21-thread-1] INFO  r.m.l.r.impl.KafkaReaderRealization - Message {"name":"alexander_pushkin", "age":18, "sex":"M"} satisfies rules
20:47:41.356 [pool-21-thread-1] INFO  r.m.l.r.impl.KafkaWriterRealization - send message - {"name":"alexander_pushkin", "age":18, "sex":"M"}
20:47:41.832 [pool-14-thread-1] ERROR r.m.l.rpks.scheduler.RulesUpdater - Cannot get rules from sql
20:47:42.294 [pool-21-thread-2] INFO  ru.mai.lessons.rpks.ServiceTest - Read messages 1
20:47:45.208 [pool-5-thread-1] ERROR r.m.l.rpks.scheduler.RulesUpdater - Cannot get rules from sql
20:47:50.679 [Test worker] INFO  ru.mai.lessons.rpks.ServiceTest - Topics: [(name=test_topic_in, numPartitions=3, replicationFactor=1, replicasAssignments=null, configs=null), (name=test_topic_out, numPartitions=3, replicationFactor=1, replicasAssignments=null, configs=null)], replica factor 1, partitions 3
20:47:50.695 [Test worker] INFO  ru.mai.lessons.rpks.ServiceTest - Topic not exist. Create topics [(name=test_topic_in, numPartitions=3, replicationFactor=1, replicasAssignments=null, configs=null), (name=test_topic_out, numPartitions=3, replicationFactor=1, replicasAssignments=null, configs=null)]
20:47:50.995 [Test worker] INFO  ru.mai.lessons.rpks.ServiceTest - Create filtering rule 1
20:47:51.008 [Test worker] INFO  ru.mai.lessons.rpks.ServiceTest - Check rule from DB
20:47:51.010 [pool-23-thread-1] INFO  r.m.l.r.impl.KafkaReaderRealization - Create new consumer
20:47:51.015 [pool-23-thread-1] INFO  r.m.lessons.rpks.impl.DataBaseReader - Init HikariDataSource
20:47:51.028 [pool-23-thread-1] INFO  r.m.lessons.rpks.impl.DataBaseReader - Init DSL
20:47:51.029 [pool-23-thread-1] INFO  r.m.l.r.impl.KafkaReaderRealization - Start consumer cycle
20:47:51.196 [pool-23-thread-2] INFO  ru.mai.lessons.rpks.ServiceTest - Remaining attempts 10
20:47:51.343 [pool-23-thread-1] INFO  r.m.l.rpks.impl.KafkaRuleProcessor - Message  have uncorrected data
20:47:51.343 [pool-23-thread-1] INFO  r.m.l.r.impl.KafkaReaderRealization - Message  does not satisfies current rules
20:47:51.343 [pool-23-thread-1] INFO  r.m.l.rpks.impl.KafkaRuleProcessor - Message {"name":null, "age":18, "sex":"M"} have uncorrected data in field name
20:47:51.343 [pool-23-thread-1] INFO  r.m.l.r.impl.KafkaReaderRealization - Message {"name":null, "age":18, "sex":"M"} does not satisfies current rules
20:47:51.343 [pool-23-thread-1] INFO  r.m.l.r.impl.KafkaReaderRealization - Message {"name":"", "age":18, "sex":"M"} does not satisfies current rules
20:47:51.343 [pool-23-thread-1] INFO  r.m.l.rpks.impl.KafkaRuleProcessor - Message {"age":18, "sex":"M"} have uncorrected data in field name
20:47:51.343 [pool-23-thread-1] INFO  r.m.l.r.impl.KafkaReaderRealization - Message {"age":18, "sex":"M"} does not satisfies current rules
20:47:51.343 [pool-23-thread-1] INFO  r.m.l.r.impl.KafkaReaderRealization - Message {"name":"no_alex", "age":18, "sex":"M"} does not satisfies current rules
20:47:51.344 [pool-23-thread-1] INFO  r.m.l.r.impl.KafkaReaderRealization - Message {"name":"alex", "age":18, "sex":"M"} satisfies rules
20:47:51.344 [pool-23-thread-1] INFO  r.m.l.r.impl.KafkaWriterRealization - send message - {"name":"alex", "age":18, "sex":"M"}
20:47:51.630 [pool-16-thread-1] ERROR r.m.l.rpks.scheduler.RulesUpdater - Cannot get rules from sql
20:47:52.220 [pool-23-thread-2] INFO  ru.mai.lessons.rpks.ServiceTest - Read messages 1
20:47:54.144 [pool-9-thread-1] ERROR r.m.l.rpks.scheduler.RulesUpdater - Cannot get rules from sql
20:47:54.496 [pool-7-thread-1] ERROR r.m.l.rpks.scheduler.RulesUpdater - Cannot get rules from sql
20:47:55.783 [pool-3-thread-1] ERROR r.m.l.rpks.scheduler.RulesUpdater - Cannot get rules from sql
20:48:00.512 [Test worker] INFO  ru.mai.lessons.rpks.ServiceTest - Create filtering rule 1
20:48:00.524 [Test worker] INFO  ru.mai.lessons.rpks.ServiceTest - Check rule from DB
20:48:01.350 [pool-18-thread-1] ERROR r.m.l.rpks.scheduler.RulesUpdater - Cannot get rules from sql
20:48:03.789 [pool-11-thread-1] ERROR r.m.l.rpks.scheduler.RulesUpdater - Cannot get rules from sql
20:48:08.835 [Test worker] INFO  ru.mai.lessons.rpks.ServiceTest - Topics: [(name=test_topic_in, numPartitions=3, replicationFactor=1, replicasAssignments=null, configs=null), (name=test_topic_out, numPartitions=3, replicationFactor=1, replicasAssignments=null, configs=null)], replica factor 1, partitions 3
20:48:08.868 [Test worker] INFO  ru.mai.lessons.rpks.ServiceTest - Topic not exist. Create topics [(name=test_topic_in, numPartitions=3, replicationFactor=1, replicasAssignments=null, configs=null), (name=test_topic_out, numPartitions=3, replicationFactor=1, replicasAssignments=null, configs=null)]
20:48:09.201 [Test worker] INFO  ru.mai.lessons.rpks.ServiceTest - Create filtering rule 1
20:48:09.217 [Test worker] INFO  ru.mai.lessons.rpks.ServiceTest - Check rule from DB
20:48:09.221 [Test worker] INFO  ru.mai.lessons.rpks.ServiceTest - Create filtering rule 1
20:48:09.240 [Test worker] INFO  ru.mai.lessons.rpks.ServiceTest - Check rule from DB
20:48:09.242 [pool-26-thread-1] INFO  r.m.l.r.impl.KafkaReaderRealization - Create new consumer
20:48:09.248 [pool-26-thread-1] INFO  r.m.lessons.rpks.impl.DataBaseReader - Init HikariDataSource
20:48:09.265 [pool-26-thread-1] INFO  r.m.lessons.rpks.impl.DataBaseReader - Init DSL
20:48:09.267 [pool-26-thread-1] INFO  r.m.l.r.impl.KafkaReaderRealization - Start consumer cycle
20:48:09.474 [pool-26-thread-2] INFO  ru.mai.lessons.rpks.ServiceTest - Remaining attempts 10
20:48:09.511 [pool-26-thread-1] INFO  r.m.l.r.impl.KafkaReaderRealization - Message {"name":"alex", "age":18, "sex":"M"} satisfies rules
20:48:09.511 [pool-26-thread-1] INFO  r.m.l.r.impl.KafkaWriterRealization - send message - {"name":"alex", "age":18, "sex":"M"}
20:48:09.517 [pool-26-thread-1] INFO  r.m.l.r.impl.KafkaReaderRealization - Message {"name":"alex", "age":19, "sex":"F"} does not satisfies current rules
20:48:09.517 [pool-26-thread-1] INFO  r.m.l.rpks.impl.KafkaRuleProcessor - Message {"name":null, "age":null, "sex":"M"} have uncorrected data in field name
20:48:09.517 [pool-26-thread-1] INFO  r.m.l.r.impl.KafkaReaderRealization - Message {"name":null, "age":null, "sex":"M"} does not satisfies current rules
20:48:09.518 [pool-26-thread-1] INFO  r.m.l.rpks.impl.KafkaRuleProcessor - Message {"name":"", "age":-, "sex":"M"} have uncorrected data
20:48:09.519 [pool-26-thread-1] INFO  r.m.l.r.impl.KafkaReaderRealization - Message {"name":"", "age":-, "sex":"M"} does not satisfies current rules
20:48:09.519 [pool-26-thread-1] INFO  r.m.l.rpks.impl.KafkaRuleProcessor - Message {"age":18, "sex":"M"} have uncorrected data in field name
20:48:09.519 [pool-26-thread-1] INFO  r.m.l.r.impl.KafkaReaderRealization - Message {"age":18, "sex":"M"} does not satisfies current rules
20:48:09.519 [pool-26-thread-1] INFO  r.m.l.rpks.impl.KafkaRuleProcessor - Message {"name":null, "age":"", "sex":"M"} have uncorrected data in field name
20:48:09.519 [pool-26-thread-1] INFO  r.m.l.r.impl.KafkaReaderRealization - Message {"name":null, "age":"", "sex":"M"} does not satisfies current rules
20:48:09.519 [pool-26-thread-1] INFO  r.m.l.rpks.impl.KafkaRuleProcessor - Message  have uncorrected data
20:48:09.519 [pool-26-thread-1] INFO  r.m.l.r.impl.KafkaReaderRealization - Message  does not satisfies current rules
20:48:09.519 [pool-26-thread-1] INFO  r.m.l.r.impl.KafkaReaderRealization - Message {"name":"no_alex", "age":18, "sex":"M"} does not satisfies current rules
20:48:10.476 [pool-26-thread-2] INFO  ru.mai.lessons.rpks.ServiceTest - Read messages 1
20:48:11.212 [pool-20-thread-1] ERROR r.m.l.rpks.scheduler.RulesUpdater - Cannot get rules from sql
20:48:11.831 [pool-14-thread-1] ERROR r.m.l.rpks.scheduler.RulesUpdater - Cannot get rules from sql
20:48:15.207 [pool-5-thread-1] ERROR r.m.l.rpks.scheduler.RulesUpdater - Cannot get rules from sql
20:48:18.850 [Test worker] INFO  ru.mai.lessons.rpks.ServiceTest - Topics: [(name=test_topic_in, numPartitions=3, replicationFactor=1, replicasAssignments=null, configs=null), (name=test_topic_out, numPartitions=3, replicationFactor=1, replicasAssignments=null, configs=null)], replica factor 1, partitions 3
20:48:18.865 [Test worker] INFO  ru.mai.lessons.rpks.ServiceTest - Topic not exist. Create topics [(name=test_topic_in, numPartitions=3, replicationFactor=1, replicasAssignments=null, configs=null), (name=test_topic_out, numPartitions=3, replicationFactor=1, replicasAssignments=null, configs=null)]
20:48:19.169 [Test worker] INFO  ru.mai.lessons.rpks.ServiceTest - Create filtering rule 1
20:48:19.182 [Test worker] INFO  ru.mai.lessons.rpks.ServiceTest - Check rule from DB
20:48:19.184 [Test worker] INFO  ru.mai.lessons.rpks.ServiceTest - Create filtering rule 1
20:48:19.203 [Test worker] INFO  ru.mai.lessons.rpks.ServiceTest - Check rule from DB
20:48:19.205 [pool-28-thread-1] INFO  r.m.l.r.impl.KafkaReaderRealization - Create new consumer
20:48:19.210 [pool-28-thread-1] INFO  r.m.lessons.rpks.impl.DataBaseReader - Init HikariDataSource
20:48:19.225 [pool-28-thread-1] INFO  r.m.lessons.rpks.impl.DataBaseReader - Init DSL
20:48:19.226 [pool-28-thread-1] INFO  r.m.l.r.impl.KafkaReaderRealization - Start consumer cycle
20:48:19.407 [pool-28-thread-2] INFO  ru.mai.lessons.rpks.ServiceTest - Remaining attempts 10
20:48:19.441 [pool-28-thread-1] INFO  r.m.l.rpks.impl.KafkaRuleProcessor - Message {"name":null, "age":null, "sex":"M"} have uncorrected data in field name
20:48:19.441 [pool-28-thread-1] INFO  r.m.l.r.impl.KafkaReaderRealization - Message {"name":null, "age":null, "sex":"M"} does not satisfies current rules
20:48:19.441 [pool-28-thread-1] INFO  r.m.l.rpks.impl.KafkaRuleProcessor - Message {"name":"", "age":-, "sex":"M"} have uncorrected data
20:48:19.441 [pool-28-thread-1] INFO  r.m.l.r.impl.KafkaReaderRealization - Message {"name":"", "age":-, "sex":"M"} does not satisfies current rules
20:48:19.441 [pool-28-thread-1] INFO  r.m.l.rpks.impl.KafkaRuleProcessor - Message {"age":18, "sex":"M"} have uncorrected data in field name
20:48:19.441 [pool-28-thread-1] INFO  r.m.l.r.impl.KafkaReaderRealization - Message {"age":18, "sex":"M"} does not satisfies current rules
20:48:19.442 [pool-28-thread-1] INFO  r.m.l.rpks.impl.KafkaRuleProcessor - Message {"name":null, "age":"", "sex":"M"} have uncorrected data in field name
20:48:19.442 [pool-28-thread-1] INFO  r.m.l.r.impl.KafkaReaderRealization - Message {"name":null, "age":"", "sex":"M"} does not satisfies current rules
20:48:19.442 [pool-28-thread-1] INFO  r.m.l.r.impl.KafkaReaderRealization - Message {"name":"alex", "age":18, "sex":"M"} does not satisfies current rules
20:48:19.442 [pool-28-thread-1] INFO  r.m.l.rpks.impl.KafkaRuleProcessor - Message  have uncorrected data
20:48:19.442 [pool-28-thread-1] INFO  r.m.l.r.impl.KafkaReaderRealization - Message  does not satisfies current rules
20:48:19.442 [pool-28-thread-1] INFO  r.m.l.r.impl.KafkaReaderRealization - Message {"name":"no_alex", "age":18, "sex":"M"} does not satisfies current rules
20:48:19.442 [pool-28-thread-1] INFO  r.m.l.r.impl.KafkaReaderRealization - Message {"name":"alex", "age":20, "sex":"M"} satisfies rules
20:48:19.442 [pool-28-thread-1] INFO  r.m.l.r.impl.KafkaWriterRealization - send message - {"name":"alex", "age":20, "sex":"M"}
20:48:20.413 [pool-28-thread-2] INFO  ru.mai.lessons.rpks.ServiceTest - Read messages 1
20:48:21.086 [pool-22-thread-1] ERROR r.m.l.rpks.scheduler.RulesUpdater - Cannot get rules from sql
20:48:21.630 [pool-16-thread-1] ERROR r.m.l.rpks.scheduler.RulesUpdater - Cannot get rules from sql
20:48:24.143 [pool-9-thread-1] ERROR r.m.l.rpks.scheduler.RulesUpdater - Cannot get rules from sql
20:48:24.497 [pool-7-thread-1] ERROR r.m.l.rpks.scheduler.RulesUpdater - Cannot get rules from sql
20:48:25.784 [pool-3-thread-1] ERROR r.m.l.rpks.scheduler.RulesUpdater - Cannot get rules from sql
20:48:28.714 [Test worker] INFO  ru.mai.lessons.rpks.ServiceTest - Topics: [(name=test_topic_in, numPartitions=3, replicationFactor=1, replicasAssignments=null, configs=null), (name=test_topic_out, numPartitions=3, replicationFactor=1, replicasAssignments=null, configs=null)], replica factor 1, partitions 3
20:48:28.728 [Test worker] INFO  ru.mai.lessons.rpks.ServiceTest - Topic not exist. Create topics [(name=test_topic_in, numPartitions=3, replicationFactor=1, replicasAssignments=null, configs=null), (name=test_topic_out, numPartitions=3, replicationFactor=1, replicasAssignments=null, configs=null)]
20:48:29.199 [Test worker] INFO  ru.mai.lessons.rpks.ServiceTest - Create filtering rule 1
20:48:29.211 [Test worker] INFO  ru.mai.lessons.rpks.ServiceTest - Check rule from DB
20:48:29.212 [Test worker] INFO  ru.mai.lessons.rpks.ServiceTest - Create filtering rule 1
20:48:29.233 [Test worker] INFO  ru.mai.lessons.rpks.ServiceTest - Check rule from DB
20:48:29.234 [pool-30-thread-1] INFO  r.m.l.r.impl.KafkaReaderRealization - Create new consumer
20:48:29.240 [pool-30-thread-1] INFO  r.m.lessons.rpks.impl.DataBaseReader - Init HikariDataSource
20:48:29.261 [pool-30-thread-1] INFO  r.m.lessons.rpks.impl.DataBaseReader - Init DSL
20:48:29.262 [pool-30-thread-1] INFO  r.m.l.r.impl.KafkaReaderRealization - Start consumer cycle
20:48:29.429 [pool-30-thread-2] INFO  ru.mai.lessons.rpks.ServiceTest - Remaining attempts 10
20:48:29.466 [pool-30-thread-1] INFO  r.m.l.rpks.impl.KafkaRuleProcessor - Message {"age":18, "sex":"M"} have uncorrected data in field name
20:48:29.466 [pool-30-thread-1] INFO  r.m.l.r.impl.KafkaReaderRealization - Message {"age":18, "sex":"M"} does not satisfies current rules
20:48:29.466 [pool-30-thread-1] INFO  r.m.l.rpks.impl.KafkaRuleProcessor - Message  have uncorrected data
20:48:29.466 [pool-30-thread-1] INFO  r.m.l.r.impl.KafkaReaderRealization - Message  does not satisfies current rules
20:48:29.466 [pool-30-thread-1] INFO  r.m.l.r.impl.KafkaReaderRealization - Message {"name":"alexander", "age":18, "sex":"M"} does not satisfies current rules
20:48:29.467 [pool-30-thread-1] INFO  r.m.l.r.impl.KafkaReaderRealization - Message {"name":"pushkin", "age":18, "sex":"M"} does not satisfies current rules
20:48:29.467 [pool-30-thread-1] INFO  r.m.l.r.impl.KafkaReaderRealization - Message {"name":"", "age":18, "sex":"M"} does not satisfies current rules
20:48:29.467 [pool-30-thread-1] INFO  r.m.l.rpks.impl.KafkaRuleProcessor - Message {"name":null, "age":18, "sex":"M"} have uncorrected data in field name
20:48:29.467 [pool-30-thread-1] INFO  r.m.l.r.impl.KafkaReaderRealization - Message {"name":null, "age":18, "sex":"M"} does not satisfies current rules
20:48:29.468 [pool-30-thread-1] INFO  r.m.l.r.impl.KafkaReaderRealization - Message {"name":"alexander_pushkin", "age":18, "sex":"M"} satisfies rules
20:48:29.468 [pool-30-thread-1] INFO  r.m.l.r.impl.KafkaWriterRealization - send message - {"name":"alexander_pushkin", "age":18, "sex":"M"}
20:48:30.431 [pool-30-thread-2] INFO  ru.mai.lessons.rpks.ServiceTest - Read messages 1
20:48:31.029 [pool-24-thread-1] ERROR r.m.l.rpks.scheduler.RulesUpdater - Cannot get rules from sql
20:48:31.351 [pool-18-thread-1] ERROR r.m.l.rpks.scheduler.RulesUpdater - Cannot get rules from sql
20:48:33.789 [pool-11-thread-1] ERROR r.m.l.rpks.scheduler.RulesUpdater - Cannot get rules from sql
]]></system-out>
  <system-err><![CDATA[]]></system-err>
</testsuite>
