<?xml version="1.0" encoding="UTF-8"?>
<testsuite name="ru.mai.lessons.rpks.ServiceTest" tests="18" skipped="0" failures="0" errors="0" timestamp="2023-06-16T16:24:18" hostname="MAGICBOOK" time="990.004">
  <properties/>
  <testcase name="testKafkaWriteReadMessage()" classname="ru.mai.lessons.rpks.ServiceTest" time="27.237"/>
  <testcase name="testServiceFilteringNotEquals()" classname="ru.mai.lessons.rpks.ServiceTest" time="23.327"/>
  <testcase name="testServiceFilteringNotRules()" classname="ru.mai.lessons.rpks.ServiceTest" time="36.158"/>
  <testcase name="testServiceFilteringContainsNotEqualsTwoRules()" classname="ru.mai.lessons.rpks.ServiceTest" time="26.438"/>
  <testcase name="testServiceFilteringAddNewRule()" classname="ru.mai.lessons.rpks.ServiceTest" time="46.331"/>
  <testcase name="testServiceFilteringContainsNotContainsTwoRules()" classname="ru.mai.lessons.rpks.ServiceTest" time="28.113"/>
  <testcase name="testStartPostgreSQL()" classname="ru.mai.lessons.rpks.ServiceTest" time="26.921"/>
  <testcase name="testServiceFilteringUpdateRule()" classname="ru.mai.lessons.rpks.ServiceTest" time="50.936"/>
  <testcase name="testServiceFilteringNotContains()" classname="ru.mai.lessons.rpks.ServiceTest" time="34.008"/>
  <testcase name="testServiceFilteringEqualsNotContainsTwoRules()" classname="ru.mai.lessons.rpks.ServiceTest" time="40.189"/>
  <testcase name="testServiceFilteringContains()" classname="ru.mai.lessons.rpks.ServiceTest" time="57.811"/>
  <testcase name="testServiceFilteringEqualsContainsTwoRules()" classname="ru.mai.lessons.rpks.ServiceTest" time="74.853"/>
  <testcase name="testServiceFilteringEquals()" classname="ru.mai.lessons.rpks.ServiceTest" time="82.291"/>
  <testcase name="testPostgreSQLReadValues()" classname="ru.mai.lessons.rpks.ServiceTest" time="74.984"/>
  <testcase name="testServiceFilteringEqualsTwoRules()" classname="ru.mai.lessons.rpks.ServiceTest" time="87.013"/>
  <testcase name="testServiceFilteringEqualsNotEqualsTwoRules()" classname="ru.mai.lessons.rpks.ServiceTest" time="88.703"/>
  <testcase name="testServiceFilteringContainsTwoRules()" classname="ru.mai.lessons.rpks.ServiceTest" time="90.171"/>
  <testcase name="testStartKafka()" classname="ru.mai.lessons.rpks.ServiceTest" time="94.492"/>
  <system-out><![CDATA[19:24:18,278 |-INFO in ch.qos.logback.classic.LoggerContext[default] - This is logback-classic version 1.4.5
19:24:18,313 |-INFO in ch.qos.logback.classic.LoggerContext[default] - Could NOT find resource [logback-test.xml]
19:24:18,318 |-INFO in ch.qos.logback.classic.LoggerContext[default] - Found resource [logback.xml] at [file:/P:/Projects/JetBrains/IntelliJIDEA/RPKS_2/git_Clone/JavaServiceFiltering/build/resources/test/logback.xml]
19:24:18,518 |-INFO in ch.qos.logback.core.model.processor.AppenderModelHandler - Processing appender named [CONSOLE]
19:24:18,518 |-INFO in ch.qos.logback.core.model.processor.AppenderModelHandler - About to instantiate appender of type [ch.qos.logback.core.ConsoleAppender]
19:24:18,583 |-WARN in ch.qos.logback.core.ConsoleAppender[CONSOLE] - This appender no longer admits a layout as a sub-component, set an encoder instead.
19:24:18,583 |-WARN in ch.qos.logback.core.ConsoleAppender[CONSOLE] - To ensure compatibility, wrapping your layout in LayoutWrappingEncoder.
19:24:18,583 |-WARN in ch.qos.logback.core.ConsoleAppender[CONSOLE] - See also http://logback.qos.ch/codes.html#layoutInsteadOfEncoder for details
19:24:18,585 |-INFO in ch.qos.logback.classic.model.processor.LoggerModelHandler - Setting level of logger [ru.mai.lessons.rpks] to INFO
19:24:18,591 |-INFO in ch.qos.logback.classic.model.processor.LoggerModelHandler - Setting additivity of logger [ru.mai.lessons.rpks] to false
19:24:18,591 |-INFO in ch.qos.logback.core.model.processor.AppenderRefModelHandler - Attaching appender named [CONSOLE] to Logger[ru.mai.lessons.rpks]
19:24:18,593 |-INFO in ch.qos.logback.classic.model.processor.RootLoggerModelHandler - Setting level of ROOT logger to ERROR
19:24:18,593 |-INFO in ch.qos.logback.core.model.processor.AppenderRefModelHandler - Attaching appender named [CONSOLE] to Logger[ROOT]
19:24:18,593 |-INFO in ch.qos.logback.core.model.processor.DefaultProcessor@61e94def - End of configuration.
19:24:18,594 |-INFO in ch.qos.logback.classic.joran.JoranConfigurator@3300f4fd - Registering current configuration as safe fallback point

19:24:39.224 [Test worker] INFO  ru.mai.lessons.rpks.ServiceTest - Bootstrap.servers: PLAINTEXT://localhost:57525
19:24:39.228 [Test worker] INFO  ru.mai.lessons.rpks.ServiceTest - Topics: [(name=test_topic_in, numPartitions=3, replicationFactor=1, replicasAssignments=null, configs=null), (name=test_topic_out, numPartitions=3, replicationFactor=1, replicasAssignments=null, configs=null)], replica factor 1, partitions 3
19:24:39.631 [Test worker] INFO  ru.mai.lessons.rpks.ServiceTest - Creating topics
19:24:40.868 [Test worker] INFO  ru.mai.lessons.rpks.ServiceTest - Created topics
19:24:40.868 [Test worker] INFO  ru.mai.lessons.rpks.ServiceTest - Sending message
19:24:41.174 [Test worker] INFO  ru.mai.lessons.rpks.ServiceTest - Sent message
19:24:41.174 [Test worker] INFO  ru.mai.lessons.rpks.ServiceTest - Consumer subscribe
19:24:41.176 [Test worker] INFO  ru.mai.lessons.rpks.ServiceTest - Consumer start reading
19:24:41.294 [Test worker] INFO  ru.mai.lessons.rpks.ServiceTest - Remaining attempts 10
19:24:42.408 [Test worker] INFO  ru.mai.lessons.rpks.ServiceTest - Remaining attempts 9
19:24:43.520 [Test worker] INFO  ru.mai.lessons.rpks.ServiceTest - Remaining attempts 8
19:24:44.536 [Test worker] INFO  ru.mai.lessons.rpks.ServiceTest - Read messages 1
19:25:03.829 [Test worker] INFO  ru.mai.lessons.rpks.ServiceTest - Topics: [(name=test_topic_in, numPartitions=3, replicationFactor=1, replicasAssignments=null, configs=null), (name=test_topic_out, numPartitions=3, replicationFactor=1, replicasAssignments=null, configs=null)], replica factor 1, partitions 3
19:25:05.323 [Test worker] INFO  ru.mai.lessons.rpks.ServiceTest - Topic not exist. Create topics [(name=test_topic_in, numPartitions=3, replicationFactor=1, replicasAssignments=null, configs=null), (name=test_topic_out, numPartitions=3, replicationFactor=1, replicasAssignments=null, configs=null)]
19:25:06.069 [Test worker] INFO  ru.mai.lessons.rpks.ServiceTest - Create filtering rule 1
19:25:06.138 [Test worker] INFO  ru.mai.lessons.rpks.ServiceTest - Check rule from DB
19:25:06.319 [pool-2-thread-1] INFO  r.m.l.rpks.impl.ServiceFiltering - CONFIG:Config(SimpleConfigObject({"application":{"updateIntervalSec":10},"com":{"zaxxer":{"hikari":{"pool_number":"1"}}},"db":{"driver":"org.postgresql.Driver","jdbcUrl":"jdbc:postgresql://localhost:57543/test_db?loggerLevel=OFF","password":"password","user":"user"},"file":{"encoding":"windows-1251","separator":"\\"},"java":{"class":{"path":"C:\\\\Users\\\\eliza\\\\.gradle\\\\caches\\\\7.5.1\\\\workerMain\\\\gradle-worker.jar;P:\\\\Projects\\\\JetBrains\\\\IntelliJIDEA\\\\RPKS_2\\\\git_Clone\\\\JavaServiceFiltering\\\\build\\\\classes\\\\java\\\\test;P:\\\\Projects\\\\JetBrains\\\\IntelliJIDEA\\\\RPKS_2\\\\git_Clone\\\\JavaServiceFiltering\\\\build\\\\resources\\\\test;P:\\\\Projects\\\\JetBrains\\\\IntelliJIDEA\\\\RPKS_2\\\\git_Clone\\\\JavaServiceFiltering\\\\build\\\\classes\\\\java\\\\main;P:\\\\Projects\\\\JetBrains\\\\IntelliJIDEA\\\\RPKS_2\\\\git_Clone\\\\JavaServiceFiltering\\\\build\\\\resources\\\\main;C:\\\\Users\\\\eliza\\\\.gradle\\\\caches\\\\modules-2\\\\files-2.1\\\\org.apache.kafka\\\\kafka-clients\\\\3.4.0\\\\69aebfca9da335f6617f9e5e7a4b45f16e8c86b5\\\\kafka-clients-3.4.0.jar;C:\\\\Users\\\\eliza\\\\.gradle\\\\caches\\\\modules-2\\\\files-2.1\\\\ch.qos.logback\\\\logback-classic\\\\1.4.5\\\\28e7dc0b208d6c3f15beefd73976e064b4ecfa9b\\\\logback-classic-1.4.5.jar;C:\\\\Users\\\\eliza\\\\.gradle\\\\caches\\\\modules-2\\\\files-2.1\\\\com.typesafe\\\\config\\\\1.4.2\\\\4c40a633e7994cfb0354244efb6d03fcb11c3ecf\\\\config-1.4.2.jar;C:\\\\Users\\\\eliza\\\\.gradle\\\\caches\\\\modules-2\\\\files-2.1\\\\org.postgresql\\\\postgresql\\\\42.5.4\\\\15015a54f15e340a9a8a6a2c5457429cb1176b8\\\\postgresql-42.5.4.jar;C:\\\\Users\\\\eliza\\\\.gradle\\\\caches\\\\modules-2\\\\files-2.1\\\\com.zaxxer\\\\HikariCP\\\\5.0.1\\\\a74c7f0a37046846e88d54f7cb6ea6d565c65f9c\\\\HikariCP-5.0.1.jar;C:\\\\Users\\\\eliza\\\\.gradle\\\\caches\\\\modules-2\\\\files-2.1\\\\org.jooq\\\\jooq\\\\3.17.8\\\\6add040365183a3c0a043e11c6069a46b992df39\\\\jooq-3.17.8.jar;C:\\\\Users\\\\eliza\\\\.gradle\\\\caches\\\\modules-2\\\\files-2.1\\\\org.testcontainers\\\\junit-jupiter\\\\1.17.6\\\\94e9894bc665909e208959390ea6540309ce231e\\\\junit-jupiter-1.17.6.jar;C:\\\\Users\\\\eliza\\\\.gradle\\\\caches\\\\modules-2\\\\files-2.1\\\\org.testcontainers\\\\kafka\\\\1.17.6\\\\1975b93708e99340690690177a9c7bbf5aabc823\\\\kafka-1.17.6.jar;C:\\\\Users\\\\eliza\\\\.gradle\\\\caches\\\\modules-2\\\\files-2.1\\\\org.testcontainers\\\\postgresql\\\\1.17.6\\\\cd8aba02d8d46159ab85535d34a1e4217322f9a5\\\\postgresql-1.17.6.jar;C:\\\\Users\\\\eliza\\\\.gradle\\\\caches\\\\modules-2\\\\files-2.1\\\\org.testcontainers\\\\jdbc\\\\1.17.6\\\\1510482e46f5f70909693fc695a2369751510785\\\\jdbc-1.17.6.jar;C:\\\\Users\\\\eliza\\\\.gradle\\\\caches\\\\modules-2\\\\files-2.1\\\\org.testcontainers\\\\database-commons\\\\1.17.6\\\\8a4cd2cda51c2cc3092b1c22f4ee8148be4db410\\\\database-commons-1.17.6.jar;C:\\\\Users\\\\eliza\\\\.gradle\\\\caches\\\\modules-2\\\\files-2.1\\\\org.testcontainers\\\\testcontainers\\\\1.17.6\\\\11b28972d2d8bddd5a7d3b6e21016fbe13bc8e8b\\\\testcontainers-1.17.6.jar;C:\\\\Users\\\\eliza\\\\.gradle\\\\caches\\\\modules-2\\\\files-2.1\\\\com.github.docker-java\\\\docker-java-api\\\\3.2.13\\\\5817ef8f770cb7e740d590090bf352df9491f3c1\\\\docker-java-api-3.2.13.jar;C:\\\\Users\\\\eliza\\\\.gradle\\\\caches\\\\modules-2\\\\files-2.1\\\\com.fasterxml.jackson.core\\\\jackson-annotations\\\\2.14.2\\\\a7aae9525864930723e3453ab799521fdfd9d873\\\\jackson-annotations-2.14.2.jar;C:\\\\Users\\\\eliza\\\\.gradle\\\\caches\\\\modules-2\\\\files-2.1\\\\com.fasterxml.jackson.core\\\\jackson-core\\\\2.14.2\\\\f804090e6399ce0cf78242db086017512dd71fcc\\\\jackson-core-2.14.2.jar;C:\\\\Users\\\\eliza\\\\.gradle\\\\caches\\\\modules-2\\\\files-2.1\\\\org.junit.jupiter\\\\junit-jupiter-engine\\\\5.9.1\\\\1bf771097bde296c3ab174861954e8aafaaf2e94\\\\junit-jupiter-engine-5.9.1.jar;C:\\\\Users\\\\eliza\\\\.gradle\\\\caches\\\\modules-2\\\\files-2.1\\\\org.junit.platform\\\\junit-platform-engine\\\\1.9.1\\\\83591e5089d6cea5f324aa3ecca9b19d5a275803\\\\junit-platform-engine-1.9.1.jar;C:\\\\Users\\\\eliza\\\\.gradle\\\\caches\\\\modules-2\\\\files-2.1\\\\org.junit.platform\\\\junit-platform-commons\\\\1.9.1\\\\3145f821b5cd10abcdc5f925baa5fffa6f1b628f\\\\junit-platform-commons-1.9.1.jar;C:\\\\Users\\\\eliza\\\\.gradle\\\\caches\\\\modules-2\\\\files-2.1\\\\org.junit.jupiter\\\\junit-jupiter-api\\\\5.9.1\\\\7bb53fbc0173e9f6a9d21d58297af94b1f2f9ce1\\\\junit-jupiter-api-5.9.1.jar;C:\\\\Users\\\\eliza\\\\.gradle\\\\caches\\\\modules-2\\\\files-2.1\\\\com.github.luben\\\\zstd-jni\\\\1.5.2-1\\\\fad786abc1d1b81570e8d9a2fc8a1ef479bc27b6\\\\zstd-jni-1.5.2-1.jar;C:\\\\Users\\\\eliza\\\\.gradle\\\\caches\\\\modules-2\\\\files-2.1\\\\org.lz4\\\\lz4-java\\\\1.8.0\\\\4b986a99445e49ea5fbf5d149c4b63f6ed6c6780\\\\lz4-java-1.8.0.jar;C:\\\\Users\\\\eliza\\\\.gradle\\\\caches\\\\modules-2\\\\files-2.1\\\\org.xerial.snappy\\\\snappy-java\\\\1.1.8.4\\\\66f0d56454509f6e36175f2331572e250e04a6cc\\\\snappy-java-1.1.8.4.jar;C:\\\\Users\\\\eliza\\\\.gradle\\\\caches\\\\modules-2\\\\files-2.1\\\\com.github.docker-java\\\\docker-java-transport-zerodep\\\\3.2.13\\\\4cbc2c09d6c264767a39624066987ed4a152bc68\\\\docker-java-transport-zerodep-3.2.13.jar;C:\\\\Users\\\\eliza\\\\.gradle\\\\caches\\\\modules-2\\\\files-2.1\\\\org.slf4j\\\\slf4j-api\\\\2.0.4\\\\30d5eb5360bd113ce96f9e49e3431993bbf1b247\\\\slf4j-api-2.0.4.jar;C:\\\\Users\\\\eliza\\\\.gradle\\\\caches\\\\modules-2\\\\files-2.1\\\\ch.qos.logback\\\\logback-core\\\\1.4.5\\\\e9bb2ea70f84401314da4300343b0a246c8954da\\\\logback-core-1.4.5.jar;C:\\\\Users\\\\eliza\\\\.gradle\\\\caches\\\\modules-2\\\\files-2.1\\\\org.checkerframework\\\\checker-qual\\\\3.5.0\\\\2f50520c8abea66fbd8d26e481d3aef5c673b510\\\\checker-qual-3.5.0.jar;C:\\\\Users\\\\eliza\\\\.gradle\\\\caches\\\\modules-2\\\\files-2.1\\\\io.r2dbc\\\\r2dbc-spi\\\\0.9.1.RELEASE\\\\689338f54890e6981d9d98d059c1a94007a0b809\\\\r2dbc-spi-0.9.1.RELEASE.jar;C:\\\\Users\\\\eliza\\\\.gradle\\\\caches\\\\modules-2\\\\files-2.1\\\\jakarta.xml.bind\\\\jakarta.xml.bind-api\\\\3.0.0\\\\9275db6e21287df61690989254a0b46d8d31e99a\\\\jakarta.xml.bind-api-3.0.0.jar;C:\\\\Users\\\\eliza\\\\.gradle\\\\caches\\\\modules-2\\\\files-2.1\\\\junit\\\\junit\\\\4.13.2\\\\8ac9e16d933b6fb43bc7f576336b8f4d7eb5ba12\\\\junit-4.13.2.jar;C:\\\\Users\\\\eliza\\\\.gradle\\\\caches\\\\modules-2\\\\files-2.1\\\\org.apache.commons\\\\commons-compress\\\\1.22\\\\691a8b4e6cf4248c3bc72c8b719337d5cb7359fa\\\\commons-compress-1.22.jar;C:\\\\Users\\\\eliza\\\\.gradle\\\\caches\\\\modules-2\\\\files-2.1\\\\org.rnorth.duct-tape\\\\duct-tape\\\\1.0.8\\\\92edc22a9ab2f3e17c9bf700aaee377d50e8b530\\\\duct-tape-1.0.8.jar;C:\\\\Users\\\\eliza\\\\.gradle\\\\caches\\\\modules-2\\\\files-2.1\\\\org.reactivestreams\\\\reactive-streams\\\\1.0.3\\\\d9fb7a7926ffa635b3dcaa5049fb2bfa25b3e7d0\\\\reactive-streams-1.0.3.jar;C:\\\\Users\\\\eliza\\\\.gradle\\\\caches\\\\modules-2\\\\files-2.1\\\\com.sun.activation\\\\jakarta.activation\\\\2.0.0\\\\f4e7519148dee347c7666f336210deedb8aca09d\\\\jakarta.activation-2.0.0.jar;C:\\\\Users\\\\eliza\\\\.gradle\\\\caches\\\\modules-2\\\\files-2.1\\\\org.hamcrest\\\\hamcrest-core\\\\1.3\\\\42a25dc3219429f0e5d060061f71acb49bf010a0\\\\hamcrest-core-1.3.jar;C:\\\\Users\\\\eliza\\\\.gradle\\\\caches\\\\modules-2\\\\files-2.1\\\\org.jetbrains\\\\annotations\\\\17.0.0\\\\8ceead41f4e71821919dbdb7a9847608f1a938cb\\\\annotations-17.0.0.jar;C:\\\\Users\\\\eliza\\\\.gradle\\\\caches\\\\modules-2\\\\files-2.1\\\\com.github.docker-java\\\\docker-java-transport\\\\3.2.13\\\\e9d308d1822181a9d48c99739f5eca014ec89199\\\\docker-java-transport-3.2.13.jar;C:\\\\Users\\\\eliza\\\\.gradle\\\\caches\\\\modules-2\\\\files-2.1\\\\net.java.dev.jna\\\\jna\\\\5.8.0\\\\3551d8d827e54858214107541d3aff9c615cb615\\\\jna-5.8.0.jar;C:\\\\Users\\\\eliza\\\\.gradle\\\\caches\\\\modules-2\\\\files-2.1\\\\org.opentest4j\\\\opentest4j\\\\1.2.0\\\\28c11eb91f9b6d8e200631d46e20a7f407f2a046\\\\opentest4j-1.2.0.jar","version":"62.0"},"home":"C:\\Users\\eliza\\.jdks\\openjdk-18.0.1.1","io":{"tmpdir":"C:\\Users\\eliza\\AppData\\Local\\Temp\\"},"library":{"path":"C:\\Users\\eliza\\.jdks\\openjdk-18.0.1.1\\bin;C:\\WINDOWS\\Sun\\Java\\bin;C:\\WINDOWS\\system32;C:\\WINDOWS;;;;C:\\Windows\\system32;C:\\Windows;C:\\Windows\\System32\\Wbem;C:\\Windows\\System32\\WindowsPowerShell\\v1.0\\;C:\\Windows\\System32\\OpenSSH\\;C:\\Program Files\\Microsoft SQL Server\\150\\Tools\\Binn\\;C:\\Program Files\\dotnet\\;C:\\Program Files\\Git\\cmd;C:\\Program Files\\Git\\mingw64\\bin;C:\\Program Files\\Git\\usr\\bin;P:\\Programs\\MySql\\bin;C:\\WINDOWS\\system32;C:\\WINDOWS;C:\\WINDOWS\\System32\\Wbem;C:\\WINDOWS\\System32\\WindowsPowerShell\\v1.0\\;C:\\WINDOWS\\System32\\OpenSSH\\;C:\\Program Files\\PowerShell\\7\\;C:\\Program Files\\Docker\\Docker\\resources\\bin;C:\\Users\\eliza\\AppData\\Local\\Programs\\Python\\Python38\\Scripts\\;C:\\Users\\eliza\\AppData\\Local\\Programs\\Python\\Python38\\;C:\\Users\\eliza\\AppData\\Local\\Microsoft\\WindowsApps;P:\\Programs\\JetBrains\\PyCharm 2022.1.3\\Program Files\\JetBrains\\PyCharm 2022.1.3\\bin;;P:\\Programs\\JetBrains\\IntelliJ IDEA 2023.1.2\\bin;;P:\\Programs\\JetBrains\\CLion 2022.2.4\\bin;;C:\\Users\\eliza\\.dotnet\\tools;C:\\texlive\\2022\\bin\\win32;P:\\Programs\\JetBrains\\Rider 2022.2.4\\bin;;C:\\ProgramData\\eliza\\GitHubDesktop\\bin;C:\\Users\\eliza\\AppData\\Local\\GitHubDesktop\\bin;P:\\Programs\\JetBrains\\DataGrip 2022.2.5\\bin;;;P:\\Programs\\JetBrains\\Gateway 2023.1\\JetBrains Gateway 2023.1\\bin;;."},"runtime":{"name":"OpenJDK Runtime Environment","version":"18.0.1.1+2-6"},"specification":{"name":"Java Platform API Specification","vendor":"Oracle Corporation","version":"18"},"vendor":{"url":{"bug":"https://bugreport.java.com/bugreport/"}},"version":"18.0.1.1","vm":{"compressedOopsMode":"32-bit","info":"mixed mode, sharing","name":"OpenJDK 64-Bit Server VM","specification":{"name":"Java Virtual Machine Specification","vendor":"Oracle Corporation","version":"18"},"vendor":"Oracle Corporation","version":"18.0.1.1+2-6"}},"jdk":{"debug":"release"},"kafka":{"consumer":{"auto":{"offset":{"reset":"earliest"}},"bootstrap":{"servers":"PLAINTEXT://localhost:57546"},"group":{"id":"test_group_consumer"},"topicIn":"test_topic_in"},"producer":{"bootstrap":{"servers":"PLAINTEXT://localhost:57546"},"topicOut":"test_topic_out"}},"line":{"separator":"\r\n"},"native":{"encoding":"Cp1251"},"org":{"gradle":{"internal":{"worker":{"tmpdir":"P:\\Projects\\JetBrains\\IntelliJIDEA\\RPKS_2\\git_Clone\\JavaServiceFiltering\\build\\tmp\\test\\work"}},"native":"false","test":{"worker":"38"}}},"os":{"arch":"amd64","name":"Windows 11","version":"10.0"},"path":{"separator":";"},"sun":{"arch":{"data":{"model":"64"}},"boot":{"library":{"path":"C:\\Users\\eliza\\.jdks\\openjdk-18.0.1.1\\bin"}},"cpu":{"endian":"little","isalist":"amd64"},"io":{"unicode":{"encoding":"UnicodeLittle"}},"java":{"command":"worker.org.gradle.process.internal.worker.GradleWorkerMain 'Gradle Test Executor 38'","launcher":"SUN_STANDARD"},"jnu":{"encoding":"Cp1251"},"management":{"compiler":"HotSpot 64-Bit Tiered Compilers"},"os":{"patch":{"level":""}}},"user":{"country":"RU","dir":"P:\\Projects\\JetBrains\\IntelliJIDEA\\RPKS_2\\git_Clone\\JavaServiceFiltering","home":"C:\\Users\\eliza","language":"ru","name":"eliza","script":"","timezone":"Europe/Moscow","variant":""}}))
19:25:06.342 [pool-2-thread-1] INFO  r.m.l.rpks.impl.ServiceFiltering - CONSUMER_SETTINGS_WAS_READ: ConsumerSettings(bootstrapServers=PLAINTEXT://localhost:57546, groupId=test_group_consumer, autoOffsetReset=earliest, topicIn=test_topic_in, updateIntervalSec=100)
19:25:06.352 [pool-2-thread-1] INFO  r.m.l.rpks.impl.ServiceFiltering - PRODUCER_SETTINGS_WAS_READ: ProducerSettings(bootstrapServers=PLAINTEXT://localhost:57546, topicOut=test_topic_out, updateIntervalSec=100)
19:25:06.363 [pool-2-thread-1] INFO  r.m.l.rpks.impl.ServiceFiltering - DB_SETTINGS_WAS_READ: DBSettings(jdbcUrl=jdbc:postgresql://localhost:57543/test_db?loggerLevel=OFF, user=user, password=password, driver=org.postgresql.Driver, tableName=filter_rules)
19:25:06.372 [pool-3-thread-1] INFO  r.m.lessons.rpks.impl.WriterToKafka - START_WRITE_MESSAGE_IN_KAFKA_TOPIC test_topic_out
19:25:06.373 [pool-3-thread-2] INFO  r.m.l.rpks.impl.ReaderFromKafka - CONSUMER_SETTINGS:ConsumerSettings(bootstrapServers=PLAINTEXT://localhost:57546, groupId=test_group_consumer, autoOffsetReset=earliest, topicIn=test_topic_in, updateIntervalSec=100)
19:25:06.374 [pool-3-thread-2] INFO  r.m.l.rpks.impl.ReaderFromKafka - KAFKA_CONSUMER_START_READING_FROM_TOPIC test_topic_in
19:25:06.375 [pool-2-thread-1] INFO  r.mai.lessons.rpks.impl.ReaderFromDB - HIKARY_CREATE
19:25:06.438 [pool-2-thread-1] INFO  r.mai.lessons.rpks.impl.ReaderFromDB - HIKARY_CREATE
19:25:06.439 [pool-2-thread-1] INFO  r.mai.lessons.rpks.impl.ReaderFromDB - CONTEXT_MADE
19:25:06.497 [pool-2-thread-1] INFO  r.mai.lessons.rpks.impl.ReaderFromDB - RULLES_CREATE:1
19:25:06.500 [pool-2-thread-1] INFO  r.mai.lessons.rpks.impl.ReaderFromDB - FIND_RULE:Rule(filterId=1, ruleId=1, fieldName=name, filterFunctionName=not_equals, filterValue=alex)
19:25:06.501 [pool-2-thread-1] INFO  r.mai.lessons.rpks.impl.ReaderFromDB - MAKE_RULES_FROM_DB
19:25:06.507 [pool-2-thread-1] INFO  r.m.l.rpks.impl.ServiceFiltering - ADD_RULE
19:25:06.774 [pool-2-thread-2] INFO  ru.mai.lessons.rpks.ServiceTest - Remaining attempts 10
19:25:06.963 [pool-3-thread-2] INFO  r.m.l.rpks.impl.ReaderFromKafka - MASSAGE_FROM_KAFKA_TOPIC test_topic_in : {"name":"alex"}
19:25:06.965 [pool-3-thread-2] INFO  r.m.l.rpks.impl.ReaderFromKafka - MASSAGE_FROM_KAFKA_TOPIC test_topic_in : {"name":"alex"}
19:25:06.966 [pool-3-thread-2] INFO  r.m.l.rpks.impl.ReaderFromKafka - MASSAGE_FROM_KAFKA_TOPIC test_topic_in : {"name":"alex", "age":19, "sex":"M"}
19:25:06.966 [pool-3-thread-1] INFO  r.m.lessons.rpks.impl.WriterToKafka - KAFKA_PRODUCER_START_PROCESSING_MASSAGE: {"name":"alex"}
19:25:06.966 [pool-3-thread-2] INFO  r.m.l.rpks.impl.ReaderFromKafka - MASSAGE_FROM_KAFKA_TOPIC test_topic_in : {"name":"alex", "age":19, "sex":"M"}
19:25:06.966 [pool-3-thread-2] INFO  r.m.l.rpks.impl.ReaderFromKafka - MASSAGE_FROM_KAFKA_TOPIC test_topic_in : {"name":"alex", "age":null}
19:25:06.967 [pool-3-thread-2] INFO  r.m.l.rpks.impl.ReaderFromKafka - MASSAGE_FROM_KAFKA_TOPIC test_topic_in : {"name":"alex", "age":null}
19:25:06.967 [pool-3-thread-2] INFO  r.m.l.rpks.impl.ReaderFromKafka - MASSAGE_FROM_KAFKA_TOPIC test_topic_in : {"name":"alex", "sex":"M"}
19:25:06.967 [pool-3-thread-2] INFO  r.m.l.rpks.impl.ReaderFromKafka - MASSAGE_FROM_KAFKA_TOPIC test_topic_in : {"name":"alex", "sex":"M"}
19:25:06.967 [pool-3-thread-2] INFO  r.m.l.rpks.impl.ReaderFromKafka - MASSAGE_FROM_KAFKA_TOPIC test_topic_in : {"name":"alex", "age":, "sex":null}
19:25:06.967 [pool-3-thread-2] INFO  r.m.l.rpks.impl.ReaderFromKafka - MASSAGE_FROM_KAFKA_TOPIC test_topic_in : {"name":"alex", "age":, "sex":null}
19:25:06.967 [pool-3-thread-2] INFO  r.m.l.rpks.impl.ReaderFromKafka - MASSAGE_FROM_KAFKA_TOPIC test_topic_in : {"name":"no_alex", "age":18, "sex":"M"}
19:25:06.967 [pool-3-thread-2] INFO  r.m.l.rpks.impl.ReaderFromKafka - MASSAGE_FROM_KAFKA_TOPIC test_topic_in : {"name":"no_alex", "age":18, "sex":"M"}
19:25:06.974 [pool-3-thread-1] INFO  r.m.l.rpks.impl.ProcessorOfRule - jsonValueOfname: alex
19:25:06.975 [pool-3-thread-1] INFO  r.m.l.rpks.impl.ProcessorOfRule - NOT_EQUALS:
19:25:06.975 [pool-3-thread-1] INFO  r.m.l.rpks.impl.ProcessorOfRule - EQUALS:
19:25:06.976 [pool-3-thread-1] INFO  r.m.lessons.rpks.impl.WriterToKafka - KAFKA_PRODUCER_END_PROCESSING_MASSAGE: {"name":"alex"}
19:25:06.976 [pool-3-thread-1] INFO  r.m.lessons.rpks.impl.WriterToKafka - KAFKA_PRODUCER_START_PROCESSING_MASSAGE: {"name":"alex", "age":19, "sex":"M"}
19:25:06.976 [pool-3-thread-1] INFO  r.m.l.rpks.impl.ProcessorOfRule - jsonValueOfname: alex
19:25:06.976 [pool-3-thread-1] INFO  r.m.l.rpks.impl.ProcessorOfRule - NOT_EQUALS:
19:25:06.976 [pool-3-thread-1] INFO  r.m.l.rpks.impl.ProcessorOfRule - EQUALS:
19:25:06.976 [pool-3-thread-1] INFO  r.m.lessons.rpks.impl.WriterToKafka - KAFKA_PRODUCER_END_PROCESSING_MASSAGE: {"name":"alex", "age":19, "sex":"M"}
19:25:06.976 [pool-3-thread-1] INFO  r.m.lessons.rpks.impl.WriterToKafka - KAFKA_PRODUCER_START_PROCESSING_MASSAGE: {"name":"alex", "age":null}
19:25:06.977 [pool-3-thread-1] INFO  r.m.l.rpks.impl.ProcessorOfRule - jsonValueOfname: alex
19:25:06.977 [pool-3-thread-1] INFO  r.m.l.rpks.impl.ProcessorOfRule - NOT_EQUALS:
19:25:06.977 [pool-3-thread-1] INFO  r.m.l.rpks.impl.ProcessorOfRule - EQUALS:
19:25:06.977 [pool-3-thread-1] INFO  r.m.lessons.rpks.impl.WriterToKafka - KAFKA_PRODUCER_END_PROCESSING_MASSAGE: {"name":"alex", "age":null}
19:25:06.978 [pool-3-thread-1] INFO  r.m.lessons.rpks.impl.WriterToKafka - KAFKA_PRODUCER_START_PROCESSING_MASSAGE: {"name":"alex", "sex":"M"}
19:25:06.978 [pool-3-thread-1] INFO  r.m.l.rpks.impl.ProcessorOfRule - jsonValueOfname: alex
19:25:06.978 [pool-3-thread-1] INFO  r.m.l.rpks.impl.ProcessorOfRule - NOT_EQUALS:
19:25:06.978 [pool-3-thread-1] INFO  r.m.l.rpks.impl.ProcessorOfRule - EQUALS:
19:25:06.978 [pool-3-thread-1] INFO  r.m.lessons.rpks.impl.WriterToKafka - KAFKA_PRODUCER_END_PROCESSING_MASSAGE: {"name":"alex", "sex":"M"}
19:25:06.978 [pool-3-thread-1] INFO  r.m.lessons.rpks.impl.WriterToKafka - KAFKA_PRODUCER_START_PROCESSING_MASSAGE: {"name":"alex", "age":, "sex":null}
19:25:06.979 [pool-3-thread-1] INFO  r.m.l.rpks.impl.ProcessorOfRule - jsonValueOfname: alex
19:25:06.979 [pool-3-thread-1] INFO  r.m.l.rpks.impl.ProcessorOfRule - NOT_EQUALS:
19:25:06.979 [pool-3-thread-1] INFO  r.m.l.rpks.impl.ProcessorOfRule - EQUALS:
19:25:06.979 [pool-3-thread-1] INFO  r.m.lessons.rpks.impl.WriterToKafka - KAFKA_PRODUCER_END_PROCESSING_MASSAGE: {"name":"alex", "age":, "sex":null}
19:25:06.979 [pool-3-thread-1] INFO  r.m.lessons.rpks.impl.WriterToKafka - KAFKA_PRODUCER_START_PROCESSING_MASSAGE: {"name":"no_alex", "age":18, "sex":"M"}
19:25:06.979 [pool-3-thread-1] INFO  r.m.l.rpks.impl.ProcessorOfRule - jsonValueOfname: no_alex
19:25:06.980 [pool-3-thread-1] INFO  r.m.l.rpks.impl.ProcessorOfRule - NOT_EQUALS:
19:25:06.980 [pool-3-thread-1] INFO  r.m.l.rpks.impl.ProcessorOfRule - EQUALS:
19:25:06.980 [pool-3-thread-1] INFO  r.m.lessons.rpks.impl.WriterToKafka - KAFKA_PRODUCER_END_PROCESSING_MASSAGE: {"name":"no_alex", "age":18, "sex":"M"}
19:25:06.995 [pool-3-thread-1] INFO  r.m.lessons.rpks.impl.WriterToKafka - KAFKA_PRODUCER_SEND_MASSAGE: {"name":"no_alex", "age":18, "sex":"M"}
19:25:07.810 [pool-2-thread-2] INFO  ru.mai.lessons.rpks.ServiceTest - Read messages 1
19:25:07.812 [pool-2-thread-1] WARN  r.m.l.rpks.impl.ServiceFiltering - CANT_SLEEP:sleep interrupted
19:25:07.813 [pool-2-thread-1] INFO  r.mai.lessons.rpks.impl.ReaderFromDB - HIKARY_CREATE
19:25:07.847 [pool-2-thread-1] INFO  r.mai.lessons.rpks.impl.ReaderFromDB - HIKARY_CREATE
19:25:07.847 [pool-2-thread-1] INFO  r.mai.lessons.rpks.impl.ReaderFromDB - CONTEXT_MADE
19:25:07.864 [pool-2-thread-1] INFO  r.mai.lessons.rpks.impl.ReaderFromDB - RULLES_CREATE:0
19:25:07.864 [pool-2-thread-1] INFO  r.mai.lessons.rpks.impl.ReaderFromDB - MAKE_RULES_FROM_DB
19:25:07.865 [pool-2-thread-1] INFO  r.m.l.rpks.impl.ServiceFiltering - ADD_RULE
19:25:07.866 [pool-2-thread-1] WARN  r.m.l.rpks.impl.ServiceFiltering - CANT_SLEEP:sleep interrupted
19:25:07.866 [pool-2-thread-1] INFO  r.mai.lessons.rpks.impl.ReaderFromDB - HIKARY_CREATE
19:25:07.898 [pool-2-thread-1] INFO  r.mai.lessons.rpks.impl.ReaderFromDB - HIKARY_CREATE
19:25:07.899 [pool-2-thread-1] INFO  r.mai.lessons.rpks.impl.ReaderFromDB - CONTEXT_MADE
19:25:07.915 [pool-2-thread-1] INFO  r.mai.lessons.rpks.impl.ReaderFromDB - RULLES_CREATE:0
19:25:07.916 [pool-2-thread-1] INFO  r.mai.lessons.rpks.impl.ReaderFromDB - MAKE_RULES_FROM_DB
19:25:07.917 [pool-2-thread-1] INFO  r.m.l.rpks.impl.ServiceFiltering - ADD_RULE
19:25:07.917 [pool-2-thread-1] WARN  r.m.l.rpks.impl.ServiceFiltering - CANT_SLEEP:sleep interrupted
19:25:07.918 [pool-2-thread-1] INFO  r.mai.lessons.rpks.impl.ReaderFromDB - HIKARY_CREATE
19:25:07.977 [pool-2-thread-1] INFO  r.mai.lessons.rpks.impl.ReaderFromDB - HIKARY_CREATE
19:25:07.978 [pool-2-thread-1] INFO  r.mai.lessons.rpks.impl.ReaderFromDB - CONTEXT_MADE
19:25:07.996 [pool-2-thread-1] INFO  r.mai.lessons.rpks.impl.ReaderFromDB - RULLES_CREATE:0
19:25:07.997 [pool-2-thread-1] INFO  r.mai.lessons.rpks.impl.ReaderFromDB - MAKE_RULES_FROM_DB
19:25:07.997 [pool-2-thread-1] INFO  r.m.l.rpks.impl.ServiceFiltering - ADD_RULE
19:25:07.998 [pool-2-thread-1] WARN  r.m.l.rpks.impl.ServiceFiltering - CANT_SLEEP:sleep interrupted
19:25:07.998 [pool-2-thread-1] INFO  r.mai.lessons.rpks.impl.ReaderFromDB - HIKARY_CREATE
19:25:08.038 [pool-2-thread-1] INFO  r.mai.lessons.rpks.impl.ReaderFromDB - HIKARY_CREATE
19:25:08.039 [pool-2-thread-1] INFO  r.mai.lessons.rpks.impl.ReaderFromDB - CONTEXT_MADE
19:25:08.057 [pool-2-thread-1] INFO  r.mai.lessons.rpks.impl.ReaderFromDB - RULLES_CREATE:0
19:25:08.057 [pool-2-thread-1] INFO  r.mai.lessons.rpks.impl.ReaderFromDB - MAKE_RULES_FROM_DB
19:25:08.058 [pool-2-thread-1] INFO  r.m.l.rpks.impl.ServiceFiltering - ADD_RULE
19:25:08.059 [pool-2-thread-1] WARN  r.m.l.rpks.impl.ServiceFiltering - CANT_SLEEP:sleep interrupted
19:25:08.060 [pool-2-thread-1] INFO  r.mai.lessons.rpks.impl.ReaderFromDB - HIKARY_CREATE
19:25:08.092 [pool-2-thread-1] INFO  r.mai.lessons.rpks.impl.ReaderFromDB - HIKARY_CREATE
19:25:08.092 [pool-2-thread-1] INFO  r.mai.lessons.rpks.impl.ReaderFromDB - CONTEXT_MADE
19:25:08.107 [pool-2-thread-1] INFO  r.mai.lessons.rpks.impl.ReaderFromDB - RULLES_CREATE:0
19:25:08.108 [pool-2-thread-1] INFO  r.mai.lessons.rpks.impl.ReaderFromDB - MAKE_RULES_FROM_DB
19:25:08.108 [pool-2-thread-1] INFO  r.m.l.rpks.impl.ServiceFiltering - ADD_RULE
19:25:08.109 [pool-2-thread-1] WARN  r.m.l.rpks.impl.ServiceFiltering - CANT_SLEEP:sleep interrupted
19:25:08.109 [pool-2-thread-1] INFO  r.mai.lessons.rpks.impl.ReaderFromDB - HIKARY_CREATE
19:25:08.147 [pool-2-thread-1] INFO  r.mai.lessons.rpks.impl.ReaderFromDB - HIKARY_CREATE
19:25:08.148 [pool-2-thread-1] INFO  r.mai.lessons.rpks.impl.ReaderFromDB - CONTEXT_MADE
19:25:08.166 [pool-2-thread-1] INFO  r.mai.lessons.rpks.impl.ReaderFromDB - RULLES_CREATE:0
19:25:08.166 [pool-2-thread-1] INFO  r.mai.lessons.rpks.impl.ReaderFromDB - MAKE_RULES_FROM_DB
19:25:08.167 [pool-2-thread-1] INFO  r.m.l.rpks.impl.ServiceFiltering - ADD_RULE
19:25:08.168 [pool-2-thread-1] WARN  r.m.l.rpks.impl.ServiceFiltering - CANT_SLEEP:sleep interrupted
19:25:08.168 [pool-2-thread-1] INFO  r.mai.lessons.rpks.impl.ReaderFromDB - HIKARY_CREATE
19:25:08.202 [pool-2-thread-1] INFO  r.mai.lessons.rpks.impl.ReaderFromDB - HIKARY_CREATE
19:25:08.203 [pool-2-thread-1] INFO  r.mai.lessons.rpks.impl.ReaderFromDB - CONTEXT_MADE
19:25:08.226 [pool-2-thread-1] INFO  r.mai.lessons.rpks.impl.ReaderFromDB - RULLES_CREATE:0
19:25:08.227 [pool-2-thread-1] INFO  r.mai.lessons.rpks.impl.ReaderFromDB - MAKE_RULES_FROM_DB
19:25:08.227 [pool-2-thread-1] INFO  r.m.l.rpks.impl.ServiceFiltering - ADD_RULE
19:25:08.228 [pool-2-thread-1] WARN  r.m.l.rpks.impl.ServiceFiltering - CANT_SLEEP:sleep interrupted
19:25:08.228 [pool-2-thread-1] INFO  r.mai.lessons.rpks.impl.ReaderFromDB - HIKARY_CREATE
19:25:08.257 [pool-2-thread-1] INFO  r.mai.lessons.rpks.impl.ReaderFromDB - HIKARY_CREATE
19:25:08.258 [pool-2-thread-1] INFO  r.mai.lessons.rpks.impl.ReaderFromDB - CONTEXT_MADE
19:25:08.276 [pool-2-thread-1] INFO  r.mai.lessons.rpks.impl.ReaderFromDB - RULLES_CREATE:0
19:25:08.276 [pool-2-thread-1] INFO  r.mai.lessons.rpks.impl.ReaderFromDB - MAKE_RULES_FROM_DB
19:25:08.277 [pool-2-thread-1] INFO  r.m.l.rpks.impl.ServiceFiltering - ADD_RULE
19:25:08.277 [pool-2-thread-1] WARN  r.m.l.rpks.impl.ServiceFiltering - CANT_SLEEP:sleep interrupted
19:25:08.277 [pool-2-thread-1] INFO  r.mai.lessons.rpks.impl.ReaderFromDB - HIKARY_CREATE
19:25:08.310 [pool-2-thread-1] INFO  r.mai.lessons.rpks.impl.ReaderFromDB - HIKARY_CREATE
19:25:08.310 [pool-2-thread-1] INFO  r.mai.lessons.rpks.impl.ReaderFromDB - CONTEXT_MADE
19:25:08.337 [pool-2-thread-1] INFO  r.mai.lessons.rpks.impl.ReaderFromDB - RULLES_CREATE:0
19:25:08.338 [pool-2-thread-1] INFO  r.mai.lessons.rpks.impl.ReaderFromDB - MAKE_RULES_FROM_DB
19:25:08.339 [pool-2-thread-1] INFO  r.m.l.rpks.impl.ServiceFiltering - ADD_RULE
19:25:08.339 [pool-2-thread-1] WARN  r.m.l.rpks.impl.ServiceFiltering - CANT_SLEEP:sleep interrupted
19:25:08.339 [pool-2-thread-1] INFO  r.mai.lessons.rpks.impl.ReaderFromDB - HIKARY_CREATE
19:25:08.375 [pool-2-thread-1] INFO  r.mai.lessons.rpks.impl.ReaderFromDB - HIKARY_CREATE
19:25:08.376 [pool-2-thread-1] INFO  r.mai.lessons.rpks.impl.ReaderFromDB - CONTEXT_MADE
19:25:08.397 [pool-2-thread-1] INFO  r.mai.lessons.rpks.impl.ReaderFromDB - RULLES_CREATE:0
19:25:08.398 [pool-2-thread-1] INFO  r.mai.lessons.rpks.impl.ReaderFromDB - MAKE_RULES_FROM_DB
19:25:08.399 [pool-2-thread-1] INFO  r.m.l.rpks.impl.ServiceFiltering - ADD_RULE
19:25:08.399 [pool-2-thread-1] WARN  r.m.l.rpks.impl.ServiceFiltering - CANT_SLEEP:sleep interrupted
19:25:08.400 [pool-2-thread-1] INFO  r.mai.lessons.rpks.impl.ReaderFromDB - HIKARY_CREATE
19:25:08.432 [pool-2-thread-1] INFO  r.mai.lessons.rpks.impl.ReaderFromDB - HIKARY_CREATE
19:25:08.433 [pool-2-thread-1] INFO  r.mai.lessons.rpks.impl.ReaderFromDB - CONTEXT_MADE
19:25:08.446 [pool-2-thread-1] INFO  r.mai.lessons.rpks.impl.ReaderFromDB - RULLES_CREATE:0
19:25:08.447 [pool-2-thread-1] INFO  r.mai.lessons.rpks.impl.ReaderFromDB - MAKE_RULES_FROM_DB
19:25:08.447 [pool-2-thread-1] INFO  r.m.l.rpks.impl.ServiceFiltering - ADD_RULE
19:25:08.448 [pool-2-thread-1] WARN  r.m.l.rpks.impl.ServiceFiltering - CANT_SLEEP:sleep interrupted
19:25:08.448 [pool-2-thread-1] INFO  r.mai.lessons.rpks.impl.ReaderFromDB - HIKARY_CREATE
19:25:08.479 [pool-2-thread-1] INFO  r.mai.lessons.rpks.impl.ReaderFromDB - HIKARY_CREATE
19:25:08.479 [pool-2-thread-1] INFO  r.mai.lessons.rpks.impl.ReaderFromDB - CONTEXT_MADE
19:25:08.512 [pool-2-thread-1] INFO  r.mai.lessons.rpks.impl.ReaderFromDB - RULLES_CREATE:0
19:25:08.512 [pool-2-thread-1] INFO  r.mai.lessons.rpks.impl.ReaderFromDB - MAKE_RULES_FROM_DB
19:25:08.513 [pool-2-thread-1] INFO  r.m.l.rpks.impl.ServiceFiltering - ADD_RULE
19:25:08.514 [pool-2-thread-1] WARN  r.m.l.rpks.impl.ServiceFiltering - CANT_SLEEP:sleep interrupted
19:25:08.514 [pool-2-thread-1] INFO  r.mai.lessons.rpks.impl.ReaderFromDB - HIKARY_CREATE
19:25:08.565 [pool-2-thread-1] INFO  r.mai.lessons.rpks.impl.ReaderFromDB - HIKARY_CREATE
19:25:08.565 [pool-2-thread-1] INFO  r.mai.lessons.rpks.impl.ReaderFromDB - CONTEXT_MADE
19:25:08.587 [pool-2-thread-1] INFO  r.mai.lessons.rpks.impl.ReaderFromDB - RULLES_CREATE:0
19:25:08.587 [pool-2-thread-1] INFO  r.mai.lessons.rpks.impl.ReaderFromDB - MAKE_RULES_FROM_DB
19:25:08.588 [pool-2-thread-1] INFO  r.m.l.rpks.impl.ServiceFiltering - ADD_RULE
19:25:08.588 [pool-2-thread-1] WARN  r.m.l.rpks.impl.ServiceFiltering - CANT_SLEEP:sleep interrupted
19:25:08.588 [pool-2-thread-1] INFO  r.mai.lessons.rpks.impl.ReaderFromDB - HIKARY_CREATE
19:25:08.624 [pool-2-thread-1] INFO  r.mai.lessons.rpks.impl.ReaderFromDB - HIKARY_CREATE
19:25:08.624 [pool-2-thread-1] INFO  r.mai.lessons.rpks.impl.ReaderFromDB - CONTEXT_MADE
19:25:08.642 [pool-2-thread-1] INFO  r.mai.lessons.rpks.impl.ReaderFromDB - RULLES_CREATE:0
19:25:08.643 [pool-2-thread-1] INFO  r.mai.lessons.rpks.impl.ReaderFromDB - MAKE_RULES_FROM_DB
19:25:08.644 [pool-2-thread-1] INFO  r.m.l.rpks.impl.ServiceFiltering - ADD_RULE
19:25:08.644 [pool-2-thread-1] WARN  r.m.l.rpks.impl.ServiceFiltering - CANT_SLEEP:sleep interrupted
19:25:08.644 [pool-2-thread-1] INFO  r.mai.lessons.rpks.impl.ReaderFromDB - HIKARY_CREATE
19:25:08.671 [pool-2-thread-1] ERROR com.zaxxer.hikari.pool.HikariPool - HikariPool-17 - Exception during pool initialization.
org.postgresql.util.PSQLException: Ошибка при попытке подсоединения.
	at org.postgresql.core.v3.ConnectionFactoryImpl.openConnectionImpl(ConnectionFactoryImpl.java:354)
	at org.postgresql.core.ConnectionFactory.openConnection(ConnectionFactory.java:54)
	at org.postgresql.jdbc.PgConnection.<init>(PgConnection.java:253)
	at org.postgresql.Driver.makeConnection(Driver.java:434)
	at org.postgresql.Driver.connect(Driver.java:291)
	at com.zaxxer.hikari.util.DriverDataSource.getConnection(DriverDataSource.java:138)
	at com.zaxxer.hikari.pool.PoolBase.newConnection(PoolBase.java:359)
	at com.zaxxer.hikari.pool.PoolBase.newPoolEntry(PoolBase.java:201)
	at com.zaxxer.hikari.pool.HikariPool.createPoolEntry(HikariPool.java:470)
	at com.zaxxer.hikari.pool.HikariPool.checkFailFast(HikariPool.java:561)
	at com.zaxxer.hikari.pool.HikariPool.<init>(HikariPool.java:100)
	at com.zaxxer.hikari.HikariDataSource.<init>(HikariDataSource.java:81)
	at ru.mai.lessons.rpks.impl.ReaderFromDB.readRulesFromDB(ReaderFromDB.java:29)
	at ru.mai.lessons.rpks.impl.ServiceFiltering.start(ServiceFiltering.java:43)
	at ru.mai.lessons.rpks.ServiceTest.lambda$testStartService$49(ServiceTest.java:1335)
	at java.base/java.util.concurrent.FutureTask.run(FutureTask.java:264)
	at java.base/java.util.concurrent.ThreadPoolExecutor.runWorker(ThreadPoolExecutor.java:1136)
	at java.base/java.util.concurrent.ThreadPoolExecutor$Worker.run(ThreadPoolExecutor.java:635)
	at java.base/java.lang.Thread.run(Thread.java:833)
Caused by: java.io.EOFException: null
	at org.postgresql.core.PGStream.receiveChar(PGStream.java:467)
	at org.postgresql.core.v3.ConnectionFactoryImpl.enableSSL(ConnectionFactoryImpl.java:589)
	at org.postgresql.core.v3.ConnectionFactoryImpl.tryConnect(ConnectionFactoryImpl.java:191)
	at org.postgresql.core.v3.ConnectionFactoryImpl.openConnectionImpl(ConnectionFactoryImpl.java:258)
	... 18 common frames omitted
19:25:30.914 [Test worker] INFO  ru.mai.lessons.rpks.ServiceTest - Topics: [(name=test_topic_in, numPartitions=3, replicationFactor=1, replicasAssignments=null, configs=null), (name=test_topic_out, numPartitions=3, replicationFactor=1, replicasAssignments=null, configs=null)], replica factor 1, partitions 3
19:25:30.965 [Test worker] INFO  ru.mai.lessons.rpks.ServiceTest - Topic not exist. Create topics [(name=test_topic_in, numPartitions=3, replicationFactor=1, replicasAssignments=null, configs=null), (name=test_topic_out, numPartitions=3, replicationFactor=1, replicasAssignments=null, configs=null)]
19:25:32.058 [pool-4-thread-1] INFO  r.m.l.rpks.impl.ServiceFiltering - CONFIG:Config(SimpleConfigObject({"application":{"updateIntervalSec":10},"com":{"zaxxer":{"hikari":{"pool_number":"1"}}},"db":{"driver":"org.postgresql.Driver","jdbcUrl":"jdbc:postgresql://localhost:57608/test_db?loggerLevel=OFF","password":"password","user":"user"},"file":{"encoding":"windows-1251","separator":"\\"},"java":{"class":{"path":"C:\\\\Users\\\\eliza\\\\.gradle\\\\caches\\\\7.5.1\\\\workerMain\\\\gradle-worker.jar;P:\\\\Projects\\\\JetBrains\\\\IntelliJIDEA\\\\RPKS_2\\\\git_Clone\\\\JavaServiceFiltering\\\\build\\\\classes\\\\java\\\\test;P:\\\\Projects\\\\JetBrains\\\\IntelliJIDEA\\\\RPKS_2\\\\git_Clone\\\\JavaServiceFiltering\\\\build\\\\resources\\\\test;P:\\\\Projects\\\\JetBrains\\\\IntelliJIDEA\\\\RPKS_2\\\\git_Clone\\\\JavaServiceFiltering\\\\build\\\\classes\\\\java\\\\main;P:\\\\Projects\\\\JetBrains\\\\IntelliJIDEA\\\\RPKS_2\\\\git_Clone\\\\JavaServiceFiltering\\\\build\\\\resources\\\\main;C:\\\\Users\\\\eliza\\\\.gradle\\\\caches\\\\modules-2\\\\files-2.1\\\\org.apache.kafka\\\\kafka-clients\\\\3.4.0\\\\69aebfca9da335f6617f9e5e7a4b45f16e8c86b5\\\\kafka-clients-3.4.0.jar;C:\\\\Users\\\\eliza\\\\.gradle\\\\caches\\\\modules-2\\\\files-2.1\\\\ch.qos.logback\\\\logback-classic\\\\1.4.5\\\\28e7dc0b208d6c3f15beefd73976e064b4ecfa9b\\\\logback-classic-1.4.5.jar;C:\\\\Users\\\\eliza\\\\.gradle\\\\caches\\\\modules-2\\\\files-2.1\\\\com.typesafe\\\\config\\\\1.4.2\\\\4c40a633e7994cfb0354244efb6d03fcb11c3ecf\\\\config-1.4.2.jar;C:\\\\Users\\\\eliza\\\\.gradle\\\\caches\\\\modules-2\\\\files-2.1\\\\org.postgresql\\\\postgresql\\\\42.5.4\\\\15015a54f15e340a9a8a6a2c5457429cb1176b8\\\\postgresql-42.5.4.jar;C:\\\\Users\\\\eliza\\\\.gradle\\\\caches\\\\modules-2\\\\files-2.1\\\\com.zaxxer\\\\HikariCP\\\\5.0.1\\\\a74c7f0a37046846e88d54f7cb6ea6d565c65f9c\\\\HikariCP-5.0.1.jar;C:\\\\Users\\\\eliza\\\\.gradle\\\\caches\\\\modules-2\\\\files-2.1\\\\org.jooq\\\\jooq\\\\3.17.8\\\\6add040365183a3c0a043e11c6069a46b992df39\\\\jooq-3.17.8.jar;C:\\\\Users\\\\eliza\\\\.gradle\\\\caches\\\\modules-2\\\\files-2.1\\\\org.testcontainers\\\\junit-jupiter\\\\1.17.6\\\\94e9894bc665909e208959390ea6540309ce231e\\\\junit-jupiter-1.17.6.jar;C:\\\\Users\\\\eliza\\\\.gradle\\\\caches\\\\modules-2\\\\files-2.1\\\\org.testcontainers\\\\kafka\\\\1.17.6\\\\1975b93708e99340690690177a9c7bbf5aabc823\\\\kafka-1.17.6.jar;C:\\\\Users\\\\eliza\\\\.gradle\\\\caches\\\\modules-2\\\\files-2.1\\\\org.testcontainers\\\\postgresql\\\\1.17.6\\\\cd8aba02d8d46159ab85535d34a1e4217322f9a5\\\\postgresql-1.17.6.jar;C:\\\\Users\\\\eliza\\\\.gradle\\\\caches\\\\modules-2\\\\files-2.1\\\\org.testcontainers\\\\jdbc\\\\1.17.6\\\\1510482e46f5f70909693fc695a2369751510785\\\\jdbc-1.17.6.jar;C:\\\\Users\\\\eliza\\\\.gradle\\\\caches\\\\modules-2\\\\files-2.1\\\\org.testcontainers\\\\database-commons\\\\1.17.6\\\\8a4cd2cda51c2cc3092b1c22f4ee8148be4db410\\\\database-commons-1.17.6.jar;C:\\\\Users\\\\eliza\\\\.gradle\\\\caches\\\\modules-2\\\\files-2.1\\\\org.testcontainers\\\\testcontainers\\\\1.17.6\\\\11b28972d2d8bddd5a7d3b6e21016fbe13bc8e8b\\\\testcontainers-1.17.6.jar;C:\\\\Users\\\\eliza\\\\.gradle\\\\caches\\\\modules-2\\\\files-2.1\\\\com.github.docker-java\\\\docker-java-api\\\\3.2.13\\\\5817ef8f770cb7e740d590090bf352df9491f3c1\\\\docker-java-api-3.2.13.jar;C:\\\\Users\\\\eliza\\\\.gradle\\\\caches\\\\modules-2\\\\files-2.1\\\\com.fasterxml.jackson.core\\\\jackson-annotations\\\\2.14.2\\\\a7aae9525864930723e3453ab799521fdfd9d873\\\\jackson-annotations-2.14.2.jar;C:\\\\Users\\\\eliza\\\\.gradle\\\\caches\\\\modules-2\\\\files-2.1\\\\com.fasterxml.jackson.core\\\\jackson-core\\\\2.14.2\\\\f804090e6399ce0cf78242db086017512dd71fcc\\\\jackson-core-2.14.2.jar;C:\\\\Users\\\\eliza\\\\.gradle\\\\caches\\\\modules-2\\\\files-2.1\\\\org.junit.jupiter\\\\junit-jupiter-engine\\\\5.9.1\\\\1bf771097bde296c3ab174861954e8aafaaf2e94\\\\junit-jupiter-engine-5.9.1.jar;C:\\\\Users\\\\eliza\\\\.gradle\\\\caches\\\\modules-2\\\\files-2.1\\\\org.junit.platform\\\\junit-platform-engine\\\\1.9.1\\\\83591e5089d6cea5f324aa3ecca9b19d5a275803\\\\junit-platform-engine-1.9.1.jar;C:\\\\Users\\\\eliza\\\\.gradle\\\\caches\\\\modules-2\\\\files-2.1\\\\org.junit.platform\\\\junit-platform-commons\\\\1.9.1\\\\3145f821b5cd10abcdc5f925baa5fffa6f1b628f\\\\junit-platform-commons-1.9.1.jar;C:\\\\Users\\\\eliza\\\\.gradle\\\\caches\\\\modules-2\\\\files-2.1\\\\org.junit.jupiter\\\\junit-jupiter-api\\\\5.9.1\\\\7bb53fbc0173e9f6a9d21d58297af94b1f2f9ce1\\\\junit-jupiter-api-5.9.1.jar;C:\\\\Users\\\\eliza\\\\.gradle\\\\caches\\\\modules-2\\\\files-2.1\\\\com.github.luben\\\\zstd-jni\\\\1.5.2-1\\\\fad786abc1d1b81570e8d9a2fc8a1ef479bc27b6\\\\zstd-jni-1.5.2-1.jar;C:\\\\Users\\\\eliza\\\\.gradle\\\\caches\\\\modules-2\\\\files-2.1\\\\org.lz4\\\\lz4-java\\\\1.8.0\\\\4b986a99445e49ea5fbf5d149c4b63f6ed6c6780\\\\lz4-java-1.8.0.jar;C:\\\\Users\\\\eliza\\\\.gradle\\\\caches\\\\modules-2\\\\files-2.1\\\\org.xerial.snappy\\\\snappy-java\\\\1.1.8.4\\\\66f0d56454509f6e36175f2331572e250e04a6cc\\\\snappy-java-1.1.8.4.jar;C:\\\\Users\\\\eliza\\\\.gradle\\\\caches\\\\modules-2\\\\files-2.1\\\\com.github.docker-java\\\\docker-java-transport-zerodep\\\\3.2.13\\\\4cbc2c09d6c264767a39624066987ed4a152bc68\\\\docker-java-transport-zerodep-3.2.13.jar;C:\\\\Users\\\\eliza\\\\.gradle\\\\caches\\\\modules-2\\\\files-2.1\\\\org.slf4j\\\\slf4j-api\\\\2.0.4\\\\30d5eb5360bd113ce96f9e49e3431993bbf1b247\\\\slf4j-api-2.0.4.jar;C:\\\\Users\\\\eliza\\\\.gradle\\\\caches\\\\modules-2\\\\files-2.1\\\\ch.qos.logback\\\\logback-core\\\\1.4.5\\\\e9bb2ea70f84401314da4300343b0a246c8954da\\\\logback-core-1.4.5.jar;C:\\\\Users\\\\eliza\\\\.gradle\\\\caches\\\\modules-2\\\\files-2.1\\\\org.checkerframework\\\\checker-qual\\\\3.5.0\\\\2f50520c8abea66fbd8d26e481d3aef5c673b510\\\\checker-qual-3.5.0.jar;C:\\\\Users\\\\eliza\\\\.gradle\\\\caches\\\\modules-2\\\\files-2.1\\\\io.r2dbc\\\\r2dbc-spi\\\\0.9.1.RELEASE\\\\689338f54890e6981d9d98d059c1a94007a0b809\\\\r2dbc-spi-0.9.1.RELEASE.jar;C:\\\\Users\\\\eliza\\\\.gradle\\\\caches\\\\modules-2\\\\files-2.1\\\\jakarta.xml.bind\\\\jakarta.xml.bind-api\\\\3.0.0\\\\9275db6e21287df61690989254a0b46d8d31e99a\\\\jakarta.xml.bind-api-3.0.0.jar;C:\\\\Users\\\\eliza\\\\.gradle\\\\caches\\\\modules-2\\\\files-2.1\\\\junit\\\\junit\\\\4.13.2\\\\8ac9e16d933b6fb43bc7f576336b8f4d7eb5ba12\\\\junit-4.13.2.jar;C:\\\\Users\\\\eliza\\\\.gradle\\\\caches\\\\modules-2\\\\files-2.1\\\\org.apache.commons\\\\commons-compress\\\\1.22\\\\691a8b4e6cf4248c3bc72c8b719337d5cb7359fa\\\\commons-compress-1.22.jar;C:\\\\Users\\\\eliza\\\\.gradle\\\\caches\\\\modules-2\\\\files-2.1\\\\org.rnorth.duct-tape\\\\duct-tape\\\\1.0.8\\\\92edc22a9ab2f3e17c9bf700aaee377d50e8b530\\\\duct-tape-1.0.8.jar;C:\\\\Users\\\\eliza\\\\.gradle\\\\caches\\\\modules-2\\\\files-2.1\\\\org.reactivestreams\\\\reactive-streams\\\\1.0.3\\\\d9fb7a7926ffa635b3dcaa5049fb2bfa25b3e7d0\\\\reactive-streams-1.0.3.jar;C:\\\\Users\\\\eliza\\\\.gradle\\\\caches\\\\modules-2\\\\files-2.1\\\\com.sun.activation\\\\jakarta.activation\\\\2.0.0\\\\f4e7519148dee347c7666f336210deedb8aca09d\\\\jakarta.activation-2.0.0.jar;C:\\\\Users\\\\eliza\\\\.gradle\\\\caches\\\\modules-2\\\\files-2.1\\\\org.hamcrest\\\\hamcrest-core\\\\1.3\\\\42a25dc3219429f0e5d060061f71acb49bf010a0\\\\hamcrest-core-1.3.jar;C:\\\\Users\\\\eliza\\\\.gradle\\\\caches\\\\modules-2\\\\files-2.1\\\\org.jetbrains\\\\annotations\\\\17.0.0\\\\8ceead41f4e71821919dbdb7a9847608f1a938cb\\\\annotations-17.0.0.jar;C:\\\\Users\\\\eliza\\\\.gradle\\\\caches\\\\modules-2\\\\files-2.1\\\\com.github.docker-java\\\\docker-java-transport\\\\3.2.13\\\\e9d308d1822181a9d48c99739f5eca014ec89199\\\\docker-java-transport-3.2.13.jar;C:\\\\Users\\\\eliza\\\\.gradle\\\\caches\\\\modules-2\\\\files-2.1\\\\net.java.dev.jna\\\\jna\\\\5.8.0\\\\3551d8d827e54858214107541d3aff9c615cb615\\\\jna-5.8.0.jar;C:\\\\Users\\\\eliza\\\\.gradle\\\\caches\\\\modules-2\\\\files-2.1\\\\org.opentest4j\\\\opentest4j\\\\1.2.0\\\\28c11eb91f9b6d8e200631d46e20a7f407f2a046\\\\opentest4j-1.2.0.jar","version":"62.0"},"home":"C:\\Users\\eliza\\.jdks\\openjdk-18.0.1.1","io":{"tmpdir":"C:\\Users\\eliza\\AppData\\Local\\Temp\\"},"library":{"path":"C:\\Users\\eliza\\.jdks\\openjdk-18.0.1.1\\bin;C:\\WINDOWS\\Sun\\Java\\bin;C:\\WINDOWS\\system32;C:\\WINDOWS;;;;C:\\Windows\\system32;C:\\Windows;C:\\Windows\\System32\\Wbem;C:\\Windows\\System32\\WindowsPowerShell\\v1.0\\;C:\\Windows\\System32\\OpenSSH\\;C:\\Program Files\\Microsoft SQL Server\\150\\Tools\\Binn\\;C:\\Program Files\\dotnet\\;C:\\Program Files\\Git\\cmd;C:\\Program Files\\Git\\mingw64\\bin;C:\\Program Files\\Git\\usr\\bin;P:\\Programs\\MySql\\bin;C:\\WINDOWS\\system32;C:\\WINDOWS;C:\\WINDOWS\\System32\\Wbem;C:\\WINDOWS\\System32\\WindowsPowerShell\\v1.0\\;C:\\WINDOWS\\System32\\OpenSSH\\;C:\\Program Files\\PowerShell\\7\\;C:\\Program Files\\Docker\\Docker\\resources\\bin;C:\\Users\\eliza\\AppData\\Local\\Programs\\Python\\Python38\\Scripts\\;C:\\Users\\eliza\\AppData\\Local\\Programs\\Python\\Python38\\;C:\\Users\\eliza\\AppData\\Local\\Microsoft\\WindowsApps;P:\\Programs\\JetBrains\\PyCharm 2022.1.3\\Program Files\\JetBrains\\PyCharm 2022.1.3\\bin;;P:\\Programs\\JetBrains\\IntelliJ IDEA 2023.1.2\\bin;;P:\\Programs\\JetBrains\\CLion 2022.2.4\\bin;;C:\\Users\\eliza\\.dotnet\\tools;C:\\texlive\\2022\\bin\\win32;P:\\Programs\\JetBrains\\Rider 2022.2.4\\bin;;C:\\ProgramData\\eliza\\GitHubDesktop\\bin;C:\\Users\\eliza\\AppData\\Local\\GitHubDesktop\\bin;P:\\Programs\\JetBrains\\DataGrip 2022.2.5\\bin;;;P:\\Programs\\JetBrains\\Gateway 2023.1\\JetBrains Gateway 2023.1\\bin;;."},"runtime":{"name":"OpenJDK Runtime Environment","version":"18.0.1.1+2-6"},"specification":{"name":"Java Platform API Specification","vendor":"Oracle Corporation","version":"18"},"vendor":{"url":{"bug":"https://bugreport.java.com/bugreport/"}},"version":"18.0.1.1","vm":{"compressedOopsMode":"32-bit","info":"mixed mode, sharing","name":"OpenJDK 64-Bit Server VM","specification":{"name":"Java Virtual Machine Specification","vendor":"Oracle Corporation","version":"18"},"vendor":"Oracle Corporation","version":"18.0.1.1+2-6"}},"jdk":{"debug":"release"},"kafka":{"consumer":{"auto":{"offset":{"reset":"earliest"}},"bootstrap":{"servers":"PLAINTEXT://localhost:57617"},"group":{"id":"test_group_consumer"},"topicIn":"test_topic_in"},"producer":{"bootstrap":{"servers":"PLAINTEXT://localhost:57617"},"topicOut":"test_topic_out"}},"line":{"separator":"\r\n"},"native":{"encoding":"Cp1251"},"org":{"gradle":{"internal":{"worker":{"tmpdir":"P:\\Projects\\JetBrains\\IntelliJIDEA\\RPKS_2\\git_Clone\\JavaServiceFiltering\\build\\tmp\\test\\work"}},"native":"false","test":{"worker":"38"}}},"os":{"arch":"amd64","name":"Windows 11","version":"10.0"},"path":{"separator":";"},"sun":{"arch":{"data":{"model":"64"}},"boot":{"library":{"path":"C:\\Users\\eliza\\.jdks\\openjdk-18.0.1.1\\bin"}},"cpu":{"endian":"little","isalist":"amd64"},"io":{"unicode":{"encoding":"UnicodeLittle"}},"java":{"command":"worker.org.gradle.process.internal.worker.GradleWorkerMain 'Gradle Test Executor 38'","launcher":"SUN_STANDARD"},"jnu":{"encoding":"Cp1251"},"management":{"compiler":"HotSpot 64-Bit Tiered Compilers"},"os":{"patch":{"level":""}}},"user":{"country":"RU","dir":"P:\\Projects\\JetBrains\\IntelliJIDEA\\RPKS_2\\git_Clone\\JavaServiceFiltering","home":"C:\\Users\\eliza","language":"ru","name":"eliza","script":"","timezone":"Europe/Moscow","variant":""}}))
19:25:32.061 [pool-4-thread-1] INFO  r.m.l.rpks.impl.ServiceFiltering - CONSUMER_SETTINGS_WAS_READ: ConsumerSettings(bootstrapServers=PLAINTEXT://localhost:57617, groupId=test_group_consumer, autoOffsetReset=earliest, topicIn=test_topic_in, updateIntervalSec=100)
19:25:32.061 [pool-4-thread-1] INFO  r.m.l.rpks.impl.ServiceFiltering - PRODUCER_SETTINGS_WAS_READ: ProducerSettings(bootstrapServers=PLAINTEXT://localhost:57617, topicOut=test_topic_out, updateIntervalSec=100)
19:25:32.062 [pool-4-thread-1] INFO  r.m.l.rpks.impl.ServiceFiltering - DB_SETTINGS_WAS_READ: DBSettings(jdbcUrl=jdbc:postgresql://localhost:57608/test_db?loggerLevel=OFF, user=user, password=password, driver=org.postgresql.Driver, tableName=filter_rules)
19:25:32.062 [pool-4-thread-1] INFO  r.mai.lessons.rpks.impl.ReaderFromDB - HIKARY_CREATE
19:25:32.063 [pool-5-thread-1] INFO  r.m.lessons.rpks.impl.WriterToKafka - START_WRITE_MESSAGE_IN_KAFKA_TOPIC test_topic_out
19:25:32.064 [pool-5-thread-2] INFO  r.m.l.rpks.impl.ReaderFromKafka - CONSUMER_SETTINGS:ConsumerSettings(bootstrapServers=PLAINTEXT://localhost:57617, groupId=test_group_consumer, autoOffsetReset=earliest, topicIn=test_topic_in, updateIntervalSec=100)
19:25:32.064 [pool-5-thread-2] INFO  r.m.l.rpks.impl.ReaderFromKafka - KAFKA_CONSUMER_START_READING_FROM_TOPIC test_topic_in
19:25:32.111 [pool-4-thread-1] INFO  r.mai.lessons.rpks.impl.ReaderFromDB - HIKARY_CREATE
19:25:32.112 [pool-4-thread-1] INFO  r.mai.lessons.rpks.impl.ReaderFromDB - CONTEXT_MADE
19:25:32.218 [pool-4-thread-1] INFO  r.mai.lessons.rpks.impl.ReaderFromDB - RULLES_CREATE:0
19:25:32.219 [pool-4-thread-1] INFO  r.mai.lessons.rpks.impl.ReaderFromDB - MAKE_RULES_FROM_DB
19:25:32.353 [pool-4-thread-1] INFO  r.m.l.rpks.impl.ServiceFiltering - ADD_RULE
19:25:32.825 [pool-4-thread-2] INFO  ru.mai.lessons.rpks.ServiceTest - Remaining attempts 10
19:25:33.173 [pool-5-thread-2] INFO  r.m.l.rpks.impl.ReaderFromKafka - MASSAGE_FROM_KAFKA_TOPIC test_topic_in : {"name":null, "sex":"M"}
19:25:33.173 [pool-5-thread-2] INFO  r.m.l.rpks.impl.ReaderFromKafka - MASSAGE_FROM_KAFKA_TOPIC test_topic_in : {"name":null, "sex":"M"}
19:25:33.173 [pool-5-thread-2] INFO  r.m.l.rpks.impl.ReaderFromKafka - MASSAGE_FROM_KAFKA_TOPIC test_topic_in : {"name":"alex_ivanov", "age":20, "sex":"M"}
19:25:33.173 [pool-5-thread-1] INFO  r.m.lessons.rpks.impl.WriterToKafka - KAFKA_PRODUCER_START_PROCESSING_MASSAGE: {"name":null, "sex":"M"}
19:25:33.173 [pool-5-thread-2] INFO  r.m.l.rpks.impl.ReaderFromKafka - MASSAGE_FROM_KAFKA_TOPIC test_topic_in : {"name":"alex_ivanov", "age":20, "sex":"M"}
19:25:33.174 [pool-5-thread-2] INFO  r.m.l.rpks.impl.ReaderFromKafka - MASSAGE_FROM_KAFKA_TOPIC test_topic_in : {"name":"alex", "age":null, "sex":"M"}
19:25:33.174 [pool-5-thread-2] INFO  r.m.l.rpks.impl.ReaderFromKafka - MASSAGE_FROM_KAFKA_TOPIC test_topic_in : {"name":"alex", "age":null, "sex":"M"}
19:25:33.174 [pool-5-thread-2] INFO  r.m.l.rpks.impl.ReaderFromKafka - MASSAGE_FROM_KAFKA_TOPIC test_topic_in : 
19:25:33.174 [pool-5-thread-2] INFO  r.m.l.rpks.impl.ReaderFromKafka - MASSAGE_FROM_KAFKA_TOPIC test_topic_in : 
19:25:33.174 [pool-5-thread-2] INFO  r.m.l.rpks.impl.ReaderFromKafka - MASSAGE_FROM_KAFKA_TOPIC test_topic_in : {"age":18, "sex":"M"}
19:25:33.174 [pool-5-thread-2] INFO  r.m.l.rpks.impl.ReaderFromKafka - MASSAGE_FROM_KAFKA_TOPIC test_topic_in : {"age":18, "sex":"M"}
19:25:33.174 [pool-5-thread-2] INFO  r.m.l.rpks.impl.ReaderFromKafka - MASSAGE_FROM_KAFKA_TOPIC test_topic_in : {"name":"alex", "age":, "sex":"M"}
19:25:33.174 [pool-5-thread-2] INFO  r.m.l.rpks.impl.ReaderFromKafka - MASSAGE_FROM_KAFKA_TOPIC test_topic_in : {"name":"alex", "age":, "sex":"M"}
19:25:33.174 [pool-5-thread-1] INFO  r.m.lessons.rpks.impl.WriterToKafka - KAFKA_PRODUCER_END_PROCESSING_MASSAGE: {"name":null, "sex":"M"}
19:25:33.174 [pool-5-thread-2] INFO  r.m.l.rpks.impl.ReaderFromKafka - MASSAGE_FROM_KAFKA_TOPIC test_topic_in : {"name":"pushkin", "age":19, "sex":"M"}
19:25:33.174 [pool-5-thread-2] INFO  r.m.l.rpks.impl.ReaderFromKafka - MASSAGE_FROM_KAFKA_TOPIC test_topic_in : {"name":"pushkin", "age":19, "sex":"M"}
19:25:33.175 [pool-5-thread-2] INFO  r.m.l.rpks.impl.ReaderFromKafka - MASSAGE_FROM_KAFKA_TOPIC test_topic_in : {"name":"", "age":"", "sex":"M"}
19:25:33.175 [pool-5-thread-2] INFO  r.m.l.rpks.impl.ReaderFromKafka - MASSAGE_FROM_KAFKA_TOPIC test_topic_in : {"name":"", "age":"", "sex":"M"}
19:25:33.174 [pool-5-thread-1] INFO  r.m.lessons.rpks.impl.WriterToKafka - KAFKA_PRODUCER_START_PROCESSING_MASSAGE: {"name":"alex_ivanov", "age":20, "sex":"M"}
19:25:33.176 [pool-5-thread-1] INFO  r.m.lessons.rpks.impl.WriterToKafka - KAFKA_PRODUCER_END_PROCESSING_MASSAGE: {"name":"alex_ivanov", "age":20, "sex":"M"}
19:25:33.176 [pool-5-thread-1] INFO  r.m.lessons.rpks.impl.WriterToKafka - KAFKA_PRODUCER_START_PROCESSING_MASSAGE: {"name":"alex", "age":null, "sex":"M"}
19:25:33.177 [pool-5-thread-1] INFO  r.m.lessons.rpks.impl.WriterToKafka - KAFKA_PRODUCER_END_PROCESSING_MASSAGE: {"name":"alex", "age":null, "sex":"M"}
19:25:33.177 [pool-5-thread-1] INFO  r.m.lessons.rpks.impl.WriterToKafka - KAFKA_PRODUCER_START_PROCESSING_MASSAGE: 
19:25:33.178 [pool-5-thread-1] WARN  r.m.lessons.rpks.impl.WriterToKafka - NOT_CORRECT_MASSAGE:
19:25:33.178 [pool-5-thread-1] INFO  r.m.lessons.rpks.impl.WriterToKafka - KAFKA_PRODUCER_END_PROCESSING_MASSAGE: 
19:25:33.178 [pool-5-thread-1] INFO  r.m.lessons.rpks.impl.WriterToKafka - KAFKA_PRODUCER_START_PROCESSING_MASSAGE: {"age":18, "sex":"M"}
19:25:33.178 [pool-5-thread-1] INFO  r.m.lessons.rpks.impl.WriterToKafka - KAFKA_PRODUCER_END_PROCESSING_MASSAGE: {"age":18, "sex":"M"}
19:25:33.179 [pool-5-thread-1] INFO  r.m.lessons.rpks.impl.WriterToKafka - KAFKA_PRODUCER_START_PROCESSING_MASSAGE: {"name":"alex", "age":, "sex":"M"}
19:25:33.179 [pool-5-thread-1] INFO  r.m.lessons.rpks.impl.WriterToKafka - KAFKA_PRODUCER_END_PROCESSING_MASSAGE: {"name":"alex", "age":, "sex":"M"}
19:25:33.179 [pool-5-thread-1] INFO  r.m.lessons.rpks.impl.WriterToKafka - KAFKA_PRODUCER_START_PROCESSING_MASSAGE: {"name":"pushkin", "age":19, "sex":"M"}
19:25:33.179 [pool-5-thread-1] INFO  r.m.lessons.rpks.impl.WriterToKafka - KAFKA_PRODUCER_END_PROCESSING_MASSAGE: {"name":"pushkin", "age":19, "sex":"M"}
19:25:33.180 [pool-5-thread-1] INFO  r.m.lessons.rpks.impl.WriterToKafka - KAFKA_PRODUCER_START_PROCESSING_MASSAGE: {"name":"", "age":"", "sex":"M"}
19:25:33.180 [pool-5-thread-1] INFO  r.m.lessons.rpks.impl.WriterToKafka - KAFKA_PRODUCER_END_PROCESSING_MASSAGE: {"name":"", "age":"", "sex":"M"}
19:25:33.945 [pool-4-thread-2] INFO  ru.mai.lessons.rpks.ServiceTest - Remaining attempts 9
19:25:35.063 [pool-4-thread-2] INFO  ru.mai.lessons.rpks.ServiceTest - Remaining attempts 8
19:25:36.186 [pool-4-thread-2] INFO  ru.mai.lessons.rpks.ServiceTest - Remaining attempts 7
19:25:37.312 [pool-4-thread-2] INFO  ru.mai.lessons.rpks.ServiceTest - Remaining attempts 6
19:25:38.436 [pool-4-thread-2] INFO  ru.mai.lessons.rpks.ServiceTest - Remaining attempts 5
19:25:39.558 [pool-4-thread-2] INFO  ru.mai.lessons.rpks.ServiceTest - Remaining attempts 4
19:25:40.680 [pool-4-thread-2] INFO  ru.mai.lessons.rpks.ServiceTest - Remaining attempts 3
19:25:41.800 [pool-4-thread-2] INFO  ru.mai.lessons.rpks.ServiceTest - Remaining attempts 2
19:25:42.366 [pool-4-thread-1] INFO  r.mai.lessons.rpks.impl.ReaderFromDB - HIKARY_CREATE
19:25:42.405 [pool-4-thread-1] INFO  r.mai.lessons.rpks.impl.ReaderFromDB - HIKARY_CREATE
19:25:42.406 [pool-4-thread-1] INFO  r.mai.lessons.rpks.impl.ReaderFromDB - CONTEXT_MADE
19:25:42.426 [pool-4-thread-1] INFO  r.mai.lessons.rpks.impl.ReaderFromDB - RULLES_CREATE:0
19:25:42.426 [pool-4-thread-1] INFO  r.mai.lessons.rpks.impl.ReaderFromDB - MAKE_RULES_FROM_DB
19:25:42.428 [pool-4-thread-1] INFO  r.m.l.rpks.impl.ServiceFiltering - ADD_RULE
19:25:42.905 [pool-4-thread-2] INFO  ru.mai.lessons.rpks.ServiceTest - Remaining attempts 1
19:25:43.911 [pool-4-thread-1] WARN  r.m.l.rpks.impl.ServiceFiltering - CANT_SLEEP:sleep interrupted
19:25:43.912 [pool-4-thread-1] INFO  r.mai.lessons.rpks.impl.ReaderFromDB - HIKARY_CREATE
19:25:43.953 [pool-4-thread-1] INFO  r.mai.lessons.rpks.impl.ReaderFromDB - HIKARY_CREATE
19:25:43.953 [pool-4-thread-1] INFO  r.mai.lessons.rpks.impl.ReaderFromDB - CONTEXT_MADE
19:25:43.971 [pool-4-thread-1] INFO  r.mai.lessons.rpks.impl.ReaderFromDB - RULLES_CREATE:0
19:25:43.972 [pool-4-thread-1] INFO  r.mai.lessons.rpks.impl.ReaderFromDB - MAKE_RULES_FROM_DB
19:25:43.972 [pool-4-thread-1] INFO  r.m.l.rpks.impl.ServiceFiltering - ADD_RULE
19:25:43.972 [pool-4-thread-1] WARN  r.m.l.rpks.impl.ServiceFiltering - CANT_SLEEP:sleep interrupted
19:25:43.972 [pool-4-thread-1] INFO  r.mai.lessons.rpks.impl.ReaderFromDB - HIKARY_CREATE
19:25:44.005 [pool-4-thread-1] INFO  r.mai.lessons.rpks.impl.ReaderFromDB - HIKARY_CREATE
19:25:44.005 [pool-4-thread-1] INFO  r.mai.lessons.rpks.impl.ReaderFromDB - CONTEXT_MADE
19:25:44.019 [pool-4-thread-1] INFO  r.mai.lessons.rpks.impl.ReaderFromDB - RULLES_CREATE:0
19:25:44.019 [pool-4-thread-1] INFO  r.mai.lessons.rpks.impl.ReaderFromDB - MAKE_RULES_FROM_DB
19:25:44.020 [pool-4-thread-1] INFO  r.m.l.rpks.impl.ServiceFiltering - ADD_RULE
19:25:44.021 [pool-4-thread-1] WARN  r.m.l.rpks.impl.ServiceFiltering - CANT_SLEEP:sleep interrupted
19:25:44.021 [pool-4-thread-1] INFO  r.mai.lessons.rpks.impl.ReaderFromDB - HIKARY_CREATE
19:25:44.056 [pool-4-thread-1] INFO  r.mai.lessons.rpks.impl.ReaderFromDB - HIKARY_CREATE
19:25:44.057 [pool-4-thread-1] INFO  r.mai.lessons.rpks.impl.ReaderFromDB - CONTEXT_MADE
19:25:44.075 [pool-4-thread-1] INFO  r.mai.lessons.rpks.impl.ReaderFromDB - RULLES_CREATE:0
19:25:44.076 [pool-4-thread-1] INFO  r.mai.lessons.rpks.impl.ReaderFromDB - MAKE_RULES_FROM_DB
19:25:44.077 [pool-4-thread-1] INFO  r.m.l.rpks.impl.ServiceFiltering - ADD_RULE
19:25:44.077 [pool-4-thread-1] WARN  r.m.l.rpks.impl.ServiceFiltering - CANT_SLEEP:sleep interrupted
19:25:44.077 [pool-4-thread-1] INFO  r.mai.lessons.rpks.impl.ReaderFromDB - HIKARY_CREATE
19:25:44.114 [pool-4-thread-1] INFO  r.mai.lessons.rpks.impl.ReaderFromDB - HIKARY_CREATE
19:25:44.115 [pool-4-thread-1] INFO  r.mai.lessons.rpks.impl.ReaderFromDB - CONTEXT_MADE
19:25:44.133 [pool-4-thread-1] INFO  r.mai.lessons.rpks.impl.ReaderFromDB - RULLES_CREATE:0
19:25:44.133 [pool-4-thread-1] INFO  r.mai.lessons.rpks.impl.ReaderFromDB - MAKE_RULES_FROM_DB
19:25:44.133 [pool-4-thread-1] INFO  r.m.l.rpks.impl.ServiceFiltering - ADD_RULE
19:25:44.134 [pool-4-thread-1] WARN  r.m.l.rpks.impl.ServiceFiltering - CANT_SLEEP:sleep interrupted
19:25:44.134 [pool-4-thread-1] INFO  r.mai.lessons.rpks.impl.ReaderFromDB - HIKARY_CREATE
19:25:44.169 [pool-4-thread-1] INFO  r.mai.lessons.rpks.impl.ReaderFromDB - HIKARY_CREATE
19:25:44.169 [pool-4-thread-1] INFO  r.mai.lessons.rpks.impl.ReaderFromDB - CONTEXT_MADE
19:25:44.187 [pool-4-thread-1] INFO  r.mai.lessons.rpks.impl.ReaderFromDB - RULLES_CREATE:0
19:25:44.187 [pool-4-thread-1] INFO  r.mai.lessons.rpks.impl.ReaderFromDB - MAKE_RULES_FROM_DB
19:25:44.188 [pool-4-thread-1] INFO  r.m.l.rpks.impl.ServiceFiltering - ADD_RULE
19:25:44.189 [pool-4-thread-1] WARN  r.m.l.rpks.impl.ServiceFiltering - CANT_SLEEP:sleep interrupted
19:25:44.189 [pool-4-thread-1] INFO  r.mai.lessons.rpks.impl.ReaderFromDB - HIKARY_CREATE
19:25:44.222 [pool-4-thread-1] INFO  r.mai.lessons.rpks.impl.ReaderFromDB - HIKARY_CREATE
19:25:44.222 [pool-4-thread-1] INFO  r.mai.lessons.rpks.impl.ReaderFromDB - CONTEXT_MADE
19:25:44.237 [pool-4-thread-1] INFO  r.mai.lessons.rpks.impl.ReaderFromDB - RULLES_CREATE:0
19:25:44.237 [pool-4-thread-1] INFO  r.mai.lessons.rpks.impl.ReaderFromDB - MAKE_RULES_FROM_DB
19:25:44.237 [pool-4-thread-1] INFO  r.m.l.rpks.impl.ServiceFiltering - ADD_RULE
19:25:44.238 [pool-4-thread-1] WARN  r.m.l.rpks.impl.ServiceFiltering - CANT_SLEEP:sleep interrupted
19:25:44.238 [pool-4-thread-1] INFO  r.mai.lessons.rpks.impl.ReaderFromDB - HIKARY_CREATE
19:25:44.266 [pool-4-thread-1] INFO  r.mai.lessons.rpks.impl.ReaderFromDB - HIKARY_CREATE
19:25:44.266 [pool-4-thread-1] INFO  r.mai.lessons.rpks.impl.ReaderFromDB - CONTEXT_MADE
19:25:44.280 [pool-4-thread-1] INFO  r.mai.lessons.rpks.impl.ReaderFromDB - RULLES_CREATE:0
19:25:44.280 [pool-4-thread-1] INFO  r.mai.lessons.rpks.impl.ReaderFromDB - MAKE_RULES_FROM_DB
19:25:44.281 [pool-4-thread-1] INFO  r.m.l.rpks.impl.ServiceFiltering - ADD_RULE
19:25:44.281 [pool-4-thread-1] WARN  r.m.l.rpks.impl.ServiceFiltering - CANT_SLEEP:sleep interrupted
19:25:44.281 [pool-4-thread-1] INFO  r.mai.lessons.rpks.impl.ReaderFromDB - HIKARY_CREATE
19:25:44.311 [pool-4-thread-1] INFO  r.mai.lessons.rpks.impl.ReaderFromDB - HIKARY_CREATE
19:25:44.312 [pool-4-thread-1] INFO  r.mai.lessons.rpks.impl.ReaderFromDB - CONTEXT_MADE
19:25:44.327 [pool-4-thread-1] INFO  r.mai.lessons.rpks.impl.ReaderFromDB - RULLES_CREATE:0
19:25:44.327 [pool-4-thread-1] INFO  r.mai.lessons.rpks.impl.ReaderFromDB - MAKE_RULES_FROM_DB
19:25:44.328 [pool-4-thread-1] INFO  r.m.l.rpks.impl.ServiceFiltering - ADD_RULE
19:25:44.328 [pool-4-thread-1] WARN  r.m.l.rpks.impl.ServiceFiltering - CANT_SLEEP:sleep interrupted
19:25:44.328 [pool-4-thread-1] INFO  r.mai.lessons.rpks.impl.ReaderFromDB - HIKARY_CREATE
19:25:44.357 [pool-4-thread-1] INFO  r.mai.lessons.rpks.impl.ReaderFromDB - HIKARY_CREATE
19:25:44.357 [pool-4-thread-1] INFO  r.mai.lessons.rpks.impl.ReaderFromDB - CONTEXT_MADE
19:25:44.375 [pool-4-thread-1] INFO  r.mai.lessons.rpks.impl.ReaderFromDB - RULLES_CREATE:0
19:25:44.375 [pool-4-thread-1] INFO  r.mai.lessons.rpks.impl.ReaderFromDB - MAKE_RULES_FROM_DB
19:25:44.375 [pool-4-thread-1] INFO  r.m.l.rpks.impl.ServiceFiltering - ADD_RULE
19:25:44.376 [pool-4-thread-1] WARN  r.m.l.rpks.impl.ServiceFiltering - CANT_SLEEP:sleep interrupted
19:25:44.376 [pool-4-thread-1] INFO  r.mai.lessons.rpks.impl.ReaderFromDB - HIKARY_CREATE
19:25:44.406 [pool-4-thread-1] INFO  r.mai.lessons.rpks.impl.ReaderFromDB - HIKARY_CREATE
19:25:44.407 [pool-4-thread-1] INFO  r.mai.lessons.rpks.impl.ReaderFromDB - CONTEXT_MADE
19:25:44.430 [pool-4-thread-1] INFO  r.mai.lessons.rpks.impl.ReaderFromDB - RULLES_CREATE:0
19:25:44.430 [pool-4-thread-1] INFO  r.mai.lessons.rpks.impl.ReaderFromDB - MAKE_RULES_FROM_DB
19:25:44.431 [pool-4-thread-1] INFO  r.m.l.rpks.impl.ServiceFiltering - ADD_RULE
19:25:44.431 [pool-4-thread-1] WARN  r.m.l.rpks.impl.ServiceFiltering - CANT_SLEEP:sleep interrupted
19:25:44.432 [pool-4-thread-1] INFO  r.mai.lessons.rpks.impl.ReaderFromDB - HIKARY_CREATE
19:25:44.461 [pool-4-thread-1] INFO  r.mai.lessons.rpks.impl.ReaderFromDB - HIKARY_CREATE
19:25:44.461 [pool-4-thread-1] INFO  r.mai.lessons.rpks.impl.ReaderFromDB - CONTEXT_MADE
19:25:44.481 [pool-4-thread-1] INFO  r.mai.lessons.rpks.impl.ReaderFromDB - RULLES_CREATE:0
19:25:44.481 [pool-4-thread-1] INFO  r.mai.lessons.rpks.impl.ReaderFromDB - MAKE_RULES_FROM_DB
19:25:44.481 [pool-4-thread-1] INFO  r.m.l.rpks.impl.ServiceFiltering - ADD_RULE
19:25:44.481 [pool-4-thread-1] WARN  r.m.l.rpks.impl.ServiceFiltering - CANT_SLEEP:sleep interrupted
19:25:44.481 [pool-4-thread-1] INFO  r.mai.lessons.rpks.impl.ReaderFromDB - HIKARY_CREATE
19:25:44.510 [pool-4-thread-1] INFO  r.mai.lessons.rpks.impl.ReaderFromDB - HIKARY_CREATE
19:25:44.510 [pool-4-thread-1] INFO  r.mai.lessons.rpks.impl.ReaderFromDB - CONTEXT_MADE
19:25:44.524 [pool-4-thread-1] INFO  r.mai.lessons.rpks.impl.ReaderFromDB - RULLES_CREATE:0
19:25:44.524 [pool-4-thread-1] INFO  r.mai.lessons.rpks.impl.ReaderFromDB - MAKE_RULES_FROM_DB
19:25:44.526 [pool-4-thread-1] INFO  r.m.l.rpks.impl.ServiceFiltering - ADD_RULE
19:25:44.526 [pool-4-thread-1] WARN  r.m.l.rpks.impl.ServiceFiltering - CANT_SLEEP:sleep interrupted
19:25:44.526 [pool-4-thread-1] INFO  r.mai.lessons.rpks.impl.ReaderFromDB - HIKARY_CREATE
19:25:44.555 [pool-4-thread-1] INFO  r.mai.lessons.rpks.impl.ReaderFromDB - HIKARY_CREATE
19:25:44.555 [pool-4-thread-1] INFO  r.mai.lessons.rpks.impl.ReaderFromDB - CONTEXT_MADE
19:25:44.569 [pool-4-thread-1] INFO  r.mai.lessons.rpks.impl.ReaderFromDB - RULLES_CREATE:0
19:25:44.569 [pool-4-thread-1] INFO  r.mai.lessons.rpks.impl.ReaderFromDB - MAKE_RULES_FROM_DB
19:25:44.570 [pool-4-thread-1] INFO  r.m.l.rpks.impl.ServiceFiltering - ADD_RULE
19:25:44.570 [pool-4-thread-1] WARN  r.m.l.rpks.impl.ServiceFiltering - CANT_SLEEP:sleep interrupted
19:25:44.570 [pool-4-thread-1] INFO  r.mai.lessons.rpks.impl.ReaderFromDB - HIKARY_CREATE
19:25:44.601 [pool-4-thread-1] INFO  r.mai.lessons.rpks.impl.ReaderFromDB - HIKARY_CREATE
19:25:44.602 [pool-4-thread-1] INFO  r.mai.lessons.rpks.impl.ReaderFromDB - CONTEXT_MADE
19:25:44.629 [pool-4-thread-1] INFO  r.mai.lessons.rpks.impl.ReaderFromDB - RULLES_CREATE:0
19:25:44.630 [pool-4-thread-1] INFO  r.mai.lessons.rpks.impl.ReaderFromDB - MAKE_RULES_FROM_DB
19:25:44.631 [pool-4-thread-1] INFO  r.m.l.rpks.impl.ServiceFiltering - ADD_RULE
19:25:44.631 [pool-4-thread-1] WARN  r.m.l.rpks.impl.ServiceFiltering - CANT_SLEEP:sleep interrupted
19:25:44.634 [pool-4-thread-1] INFO  r.mai.lessons.rpks.impl.ReaderFromDB - HIKARY_CREATE
19:25:44.692 [pool-4-thread-1] INFO  r.mai.lessons.rpks.impl.ReaderFromDB - HIKARY_CREATE
19:25:44.692 [pool-4-thread-1] INFO  r.mai.lessons.rpks.impl.ReaderFromDB - CONTEXT_MADE
19:25:44.711 [pool-4-thread-1] INFO  r.mai.lessons.rpks.impl.ReaderFromDB - RULLES_CREATE:0
19:25:44.712 [pool-4-thread-1] INFO  r.mai.lessons.rpks.impl.ReaderFromDB - MAKE_RULES_FROM_DB
19:25:44.712 [pool-4-thread-1] INFO  r.m.l.rpks.impl.ServiceFiltering - ADD_RULE
19:25:44.712 [pool-4-thread-1] WARN  r.m.l.rpks.impl.ServiceFiltering - CANT_SLEEP:sleep interrupted
19:25:44.712 [pool-4-thread-1] INFO  r.mai.lessons.rpks.impl.ReaderFromDB - HIKARY_CREATE
19:25:44.755 [pool-4-thread-1] INFO  r.mai.lessons.rpks.impl.ReaderFromDB - HIKARY_CREATE
19:25:44.755 [pool-4-thread-1] INFO  r.mai.lessons.rpks.impl.ReaderFromDB - CONTEXT_MADE
19:26:07.664 [Test worker] INFO  ru.mai.lessons.rpks.ServiceTest - Topics: [(name=test_topic_in, numPartitions=3, replicationFactor=1, replicasAssignments=null, configs=null), (name=test_topic_out, numPartitions=3, replicationFactor=1, replicasAssignments=null, configs=null)], replica factor 1, partitions 3
19:26:07.718 [Test worker] INFO  ru.mai.lessons.rpks.ServiceTest - Topic not exist. Create topics [(name=test_topic_in, numPartitions=3, replicationFactor=1, replicasAssignments=null, configs=null), (name=test_topic_out, numPartitions=3, replicationFactor=1, replicasAssignments=null, configs=null)]
19:26:08.604 [Test worker] INFO  ru.mai.lessons.rpks.ServiceTest - Create filtering rule 1
19:26:08.636 [Test worker] INFO  ru.mai.lessons.rpks.ServiceTest - Check rule from DB
19:26:08.642 [Test worker] INFO  ru.mai.lessons.rpks.ServiceTest - Create filtering rule 1
19:26:08.674 [Test worker] INFO  ru.mai.lessons.rpks.ServiceTest - Check rule from DB
19:26:08.682 [pool-6-thread-1] INFO  r.m.l.rpks.impl.ServiceFiltering - CONFIG:Config(SimpleConfigObject({"application":{"updateIntervalSec":10},"com":{"zaxxer":{"hikari":{"pool_number":"1"}}},"db":{"driver":"org.postgresql.Driver","jdbcUrl":"jdbc:postgresql://localhost:57766/test_db?loggerLevel=OFF","password":"password","user":"user"},"file":{"encoding":"windows-1251","separator":"\\"},"java":{"class":{"path":"C:\\\\Users\\\\eliza\\\\.gradle\\\\caches\\\\7.5.1\\\\workerMain\\\\gradle-worker.jar;P:\\\\Projects\\\\JetBrains\\\\IntelliJIDEA\\\\RPKS_2\\\\git_Clone\\\\JavaServiceFiltering\\\\build\\\\classes\\\\java\\\\test;P:\\\\Projects\\\\JetBrains\\\\IntelliJIDEA\\\\RPKS_2\\\\git_Clone\\\\JavaServiceFiltering\\\\build\\\\resources\\\\test;P:\\\\Projects\\\\JetBrains\\\\IntelliJIDEA\\\\RPKS_2\\\\git_Clone\\\\JavaServiceFiltering\\\\build\\\\classes\\\\java\\\\main;P:\\\\Projects\\\\JetBrains\\\\IntelliJIDEA\\\\RPKS_2\\\\git_Clone\\\\JavaServiceFiltering\\\\build\\\\resources\\\\main;C:\\\\Users\\\\eliza\\\\.gradle\\\\caches\\\\modules-2\\\\files-2.1\\\\org.apache.kafka\\\\kafka-clients\\\\3.4.0\\\\69aebfca9da335f6617f9e5e7a4b45f16e8c86b5\\\\kafka-clients-3.4.0.jar;C:\\\\Users\\\\eliza\\\\.gradle\\\\caches\\\\modules-2\\\\files-2.1\\\\ch.qos.logback\\\\logback-classic\\\\1.4.5\\\\28e7dc0b208d6c3f15beefd73976e064b4ecfa9b\\\\logback-classic-1.4.5.jar;C:\\\\Users\\\\eliza\\\\.gradle\\\\caches\\\\modules-2\\\\files-2.1\\\\com.typesafe\\\\config\\\\1.4.2\\\\4c40a633e7994cfb0354244efb6d03fcb11c3ecf\\\\config-1.4.2.jar;C:\\\\Users\\\\eliza\\\\.gradle\\\\caches\\\\modules-2\\\\files-2.1\\\\org.postgresql\\\\postgresql\\\\42.5.4\\\\15015a54f15e340a9a8a6a2c5457429cb1176b8\\\\postgresql-42.5.4.jar;C:\\\\Users\\\\eliza\\\\.gradle\\\\caches\\\\modules-2\\\\files-2.1\\\\com.zaxxer\\\\HikariCP\\\\5.0.1\\\\a74c7f0a37046846e88d54f7cb6ea6d565c65f9c\\\\HikariCP-5.0.1.jar;C:\\\\Users\\\\eliza\\\\.gradle\\\\caches\\\\modules-2\\\\files-2.1\\\\org.jooq\\\\jooq\\\\3.17.8\\\\6add040365183a3c0a043e11c6069a46b992df39\\\\jooq-3.17.8.jar;C:\\\\Users\\\\eliza\\\\.gradle\\\\caches\\\\modules-2\\\\files-2.1\\\\org.testcontainers\\\\junit-jupiter\\\\1.17.6\\\\94e9894bc665909e208959390ea6540309ce231e\\\\junit-jupiter-1.17.6.jar;C:\\\\Users\\\\eliza\\\\.gradle\\\\caches\\\\modules-2\\\\files-2.1\\\\org.testcontainers\\\\kafka\\\\1.17.6\\\\1975b93708e99340690690177a9c7bbf5aabc823\\\\kafka-1.17.6.jar;C:\\\\Users\\\\eliza\\\\.gradle\\\\caches\\\\modules-2\\\\files-2.1\\\\org.testcontainers\\\\postgresql\\\\1.17.6\\\\cd8aba02d8d46159ab85535d34a1e4217322f9a5\\\\postgresql-1.17.6.jar;C:\\\\Users\\\\eliza\\\\.gradle\\\\caches\\\\modules-2\\\\files-2.1\\\\org.testcontainers\\\\jdbc\\\\1.17.6\\\\1510482e46f5f70909693fc695a2369751510785\\\\jdbc-1.17.6.jar;C:\\\\Users\\\\eliza\\\\.gradle\\\\caches\\\\modules-2\\\\files-2.1\\\\org.testcontainers\\\\database-commons\\\\1.17.6\\\\8a4cd2cda51c2cc3092b1c22f4ee8148be4db410\\\\database-commons-1.17.6.jar;C:\\\\Users\\\\eliza\\\\.gradle\\\\caches\\\\modules-2\\\\files-2.1\\\\org.testcontainers\\\\testcontainers\\\\1.17.6\\\\11b28972d2d8bddd5a7d3b6e21016fbe13bc8e8b\\\\testcontainers-1.17.6.jar;C:\\\\Users\\\\eliza\\\\.gradle\\\\caches\\\\modules-2\\\\files-2.1\\\\com.github.docker-java\\\\docker-java-api\\\\3.2.13\\\\5817ef8f770cb7e740d590090bf352df9491f3c1\\\\docker-java-api-3.2.13.jar;C:\\\\Users\\\\eliza\\\\.gradle\\\\caches\\\\modules-2\\\\files-2.1\\\\com.fasterxml.jackson.core\\\\jackson-annotations\\\\2.14.2\\\\a7aae9525864930723e3453ab799521fdfd9d873\\\\jackson-annotations-2.14.2.jar;C:\\\\Users\\\\eliza\\\\.gradle\\\\caches\\\\modules-2\\\\files-2.1\\\\com.fasterxml.jackson.core\\\\jackson-core\\\\2.14.2\\\\f804090e6399ce0cf78242db086017512dd71fcc\\\\jackson-core-2.14.2.jar;C:\\\\Users\\\\eliza\\\\.gradle\\\\caches\\\\modules-2\\\\files-2.1\\\\org.junit.jupiter\\\\junit-jupiter-engine\\\\5.9.1\\\\1bf771097bde296c3ab174861954e8aafaaf2e94\\\\junit-jupiter-engine-5.9.1.jar;C:\\\\Users\\\\eliza\\\\.gradle\\\\caches\\\\modules-2\\\\files-2.1\\\\org.junit.platform\\\\junit-platform-engine\\\\1.9.1\\\\83591e5089d6cea5f324aa3ecca9b19d5a275803\\\\junit-platform-engine-1.9.1.jar;C:\\\\Users\\\\eliza\\\\.gradle\\\\caches\\\\modules-2\\\\files-2.1\\\\org.junit.platform\\\\junit-platform-commons\\\\1.9.1\\\\3145f821b5cd10abcdc5f925baa5fffa6f1b628f\\\\junit-platform-commons-1.9.1.jar;C:\\\\Users\\\\eliza\\\\.gradle\\\\caches\\\\modules-2\\\\files-2.1\\\\org.junit.jupiter\\\\junit-jupiter-api\\\\5.9.1\\\\7bb53fbc0173e9f6a9d21d58297af94b1f2f9ce1\\\\junit-jupiter-api-5.9.1.jar;C:\\\\Users\\\\eliza\\\\.gradle\\\\caches\\\\modules-2\\\\files-2.1\\\\com.github.luben\\\\zstd-jni\\\\1.5.2-1\\\\fad786abc1d1b81570e8d9a2fc8a1ef479bc27b6\\\\zstd-jni-1.5.2-1.jar;C:\\\\Users\\\\eliza\\\\.gradle\\\\caches\\\\modules-2\\\\files-2.1\\\\org.lz4\\\\lz4-java\\\\1.8.0\\\\4b986a99445e49ea5fbf5d149c4b63f6ed6c6780\\\\lz4-java-1.8.0.jar;C:\\\\Users\\\\eliza\\\\.gradle\\\\caches\\\\modules-2\\\\files-2.1\\\\org.xerial.snappy\\\\snappy-java\\\\1.1.8.4\\\\66f0d56454509f6e36175f2331572e250e04a6cc\\\\snappy-java-1.1.8.4.jar;C:\\\\Users\\\\eliza\\\\.gradle\\\\caches\\\\modules-2\\\\files-2.1\\\\com.github.docker-java\\\\docker-java-transport-zerodep\\\\3.2.13\\\\4cbc2c09d6c264767a39624066987ed4a152bc68\\\\docker-java-transport-zerodep-3.2.13.jar;C:\\\\Users\\\\eliza\\\\.gradle\\\\caches\\\\modules-2\\\\files-2.1\\\\org.slf4j\\\\slf4j-api\\\\2.0.4\\\\30d5eb5360bd113ce96f9e49e3431993bbf1b247\\\\slf4j-api-2.0.4.jar;C:\\\\Users\\\\eliza\\\\.gradle\\\\caches\\\\modules-2\\\\files-2.1\\\\ch.qos.logback\\\\logback-core\\\\1.4.5\\\\e9bb2ea70f84401314da4300343b0a246c8954da\\\\logback-core-1.4.5.jar;C:\\\\Users\\\\eliza\\\\.gradle\\\\caches\\\\modules-2\\\\files-2.1\\\\org.checkerframework\\\\checker-qual\\\\3.5.0\\\\2f50520c8abea66fbd8d26e481d3aef5c673b510\\\\checker-qual-3.5.0.jar;C:\\\\Users\\\\eliza\\\\.gradle\\\\caches\\\\modules-2\\\\files-2.1\\\\io.r2dbc\\\\r2dbc-spi\\\\0.9.1.RELEASE\\\\689338f54890e6981d9d98d059c1a94007a0b809\\\\r2dbc-spi-0.9.1.RELEASE.jar;C:\\\\Users\\\\eliza\\\\.gradle\\\\caches\\\\modules-2\\\\files-2.1\\\\jakarta.xml.bind\\\\jakarta.xml.bind-api\\\\3.0.0\\\\9275db6e21287df61690989254a0b46d8d31e99a\\\\jakarta.xml.bind-api-3.0.0.jar;C:\\\\Users\\\\eliza\\\\.gradle\\\\caches\\\\modules-2\\\\files-2.1\\\\junit\\\\junit\\\\4.13.2\\\\8ac9e16d933b6fb43bc7f576336b8f4d7eb5ba12\\\\junit-4.13.2.jar;C:\\\\Users\\\\eliza\\\\.gradle\\\\caches\\\\modules-2\\\\files-2.1\\\\org.apache.commons\\\\commons-compress\\\\1.22\\\\691a8b4e6cf4248c3bc72c8b719337d5cb7359fa\\\\commons-compress-1.22.jar;C:\\\\Users\\\\eliza\\\\.gradle\\\\caches\\\\modules-2\\\\files-2.1\\\\org.rnorth.duct-tape\\\\duct-tape\\\\1.0.8\\\\92edc22a9ab2f3e17c9bf700aaee377d50e8b530\\\\duct-tape-1.0.8.jar;C:\\\\Users\\\\eliza\\\\.gradle\\\\caches\\\\modules-2\\\\files-2.1\\\\org.reactivestreams\\\\reactive-streams\\\\1.0.3\\\\d9fb7a7926ffa635b3dcaa5049fb2bfa25b3e7d0\\\\reactive-streams-1.0.3.jar;C:\\\\Users\\\\eliza\\\\.gradle\\\\caches\\\\modules-2\\\\files-2.1\\\\com.sun.activation\\\\jakarta.activation\\\\2.0.0\\\\f4e7519148dee347c7666f336210deedb8aca09d\\\\jakarta.activation-2.0.0.jar;C:\\\\Users\\\\eliza\\\\.gradle\\\\caches\\\\modules-2\\\\files-2.1\\\\org.hamcrest\\\\hamcrest-core\\\\1.3\\\\42a25dc3219429f0e5d060061f71acb49bf010a0\\\\hamcrest-core-1.3.jar;C:\\\\Users\\\\eliza\\\\.gradle\\\\caches\\\\modules-2\\\\files-2.1\\\\org.jetbrains\\\\annotations\\\\17.0.0\\\\8ceead41f4e71821919dbdb7a9847608f1a938cb\\\\annotations-17.0.0.jar;C:\\\\Users\\\\eliza\\\\.gradle\\\\caches\\\\modules-2\\\\files-2.1\\\\com.github.docker-java\\\\docker-java-transport\\\\3.2.13\\\\e9d308d1822181a9d48c99739f5eca014ec89199\\\\docker-java-transport-3.2.13.jar;C:\\\\Users\\\\eliza\\\\.gradle\\\\caches\\\\modules-2\\\\files-2.1\\\\net.java.dev.jna\\\\jna\\\\5.8.0\\\\3551d8d827e54858214107541d3aff9c615cb615\\\\jna-5.8.0.jar;C:\\\\Users\\\\eliza\\\\.gradle\\\\caches\\\\modules-2\\\\files-2.1\\\\org.opentest4j\\\\opentest4j\\\\1.2.0\\\\28c11eb91f9b6d8e200631d46e20a7f407f2a046\\\\opentest4j-1.2.0.jar","version":"62.0"},"home":"C:\\Users\\eliza\\.jdks\\openjdk-18.0.1.1","io":{"tmpdir":"C:\\Users\\eliza\\AppData\\Local\\Temp\\"},"library":{"path":"C:\\Users\\eliza\\.jdks\\openjdk-18.0.1.1\\bin;C:\\WINDOWS\\Sun\\Java\\bin;C:\\WINDOWS\\system32;C:\\WINDOWS;;;;C:\\Windows\\system32;C:\\Windows;C:\\Windows\\System32\\Wbem;C:\\Windows\\System32\\WindowsPowerShell\\v1.0\\;C:\\Windows\\System32\\OpenSSH\\;C:\\Program Files\\Microsoft SQL Server\\150\\Tools\\Binn\\;C:\\Program Files\\dotnet\\;C:\\Program Files\\Git\\cmd;C:\\Program Files\\Git\\mingw64\\bin;C:\\Program Files\\Git\\usr\\bin;P:\\Programs\\MySql\\bin;C:\\WINDOWS\\system32;C:\\WINDOWS;C:\\WINDOWS\\System32\\Wbem;C:\\WINDOWS\\System32\\WindowsPowerShell\\v1.0\\;C:\\WINDOWS\\System32\\OpenSSH\\;C:\\Program Files\\PowerShell\\7\\;C:\\Program Files\\Docker\\Docker\\resources\\bin;C:\\Users\\eliza\\AppData\\Local\\Programs\\Python\\Python38\\Scripts\\;C:\\Users\\eliza\\AppData\\Local\\Programs\\Python\\Python38\\;C:\\Users\\eliza\\AppData\\Local\\Microsoft\\WindowsApps;P:\\Programs\\JetBrains\\PyCharm 2022.1.3\\Program Files\\JetBrains\\PyCharm 2022.1.3\\bin;;P:\\Programs\\JetBrains\\IntelliJ IDEA 2023.1.2\\bin;;P:\\Programs\\JetBrains\\CLion 2022.2.4\\bin;;C:\\Users\\eliza\\.dotnet\\tools;C:\\texlive\\2022\\bin\\win32;P:\\Programs\\JetBrains\\Rider 2022.2.4\\bin;;C:\\ProgramData\\eliza\\GitHubDesktop\\bin;C:\\Users\\eliza\\AppData\\Local\\GitHubDesktop\\bin;P:\\Programs\\JetBrains\\DataGrip 2022.2.5\\bin;;;P:\\Programs\\JetBrains\\Gateway 2023.1\\JetBrains Gateway 2023.1\\bin;;."},"runtime":{"name":"OpenJDK Runtime Environment","version":"18.0.1.1+2-6"},"specification":{"name":"Java Platform API Specification","vendor":"Oracle Corporation","version":"18"},"vendor":{"url":{"bug":"https://bugreport.java.com/bugreport/"}},"version":"18.0.1.1","vm":{"compressedOopsMode":"32-bit","info":"mixed mode, sharing","name":"OpenJDK 64-Bit Server VM","specification":{"name":"Java Virtual Machine Specification","vendor":"Oracle Corporation","version":"18"},"vendor":"Oracle Corporation","version":"18.0.1.1+2-6"}},"jdk":{"debug":"release"},"kafka":{"consumer":{"auto":{"offset":{"reset":"earliest"}},"bootstrap":{"servers":"PLAINTEXT://localhost:57784"},"group":{"id":"test_group_consumer"},"topicIn":"test_topic_in"},"producer":{"bootstrap":{"servers":"PLAINTEXT://localhost:57784"},"topicOut":"test_topic_out"}},"line":{"separator":"\r\n"},"native":{"encoding":"Cp1251"},"org":{"gradle":{"internal":{"worker":{"tmpdir":"P:\\Projects\\JetBrains\\IntelliJIDEA\\RPKS_2\\git_Clone\\JavaServiceFiltering\\build\\tmp\\test\\work"}},"native":"false","test":{"worker":"38"}}},"os":{"arch":"amd64","name":"Windows 11","version":"10.0"},"path":{"separator":";"},"sun":{"arch":{"data":{"model":"64"}},"boot":{"library":{"path":"C:\\Users\\eliza\\.jdks\\openjdk-18.0.1.1\\bin"}},"cpu":{"endian":"little","isalist":"amd64"},"io":{"unicode":{"encoding":"UnicodeLittle"}},"java":{"command":"worker.org.gradle.process.internal.worker.GradleWorkerMain 'Gradle Test Executor 38'","launcher":"SUN_STANDARD"},"jnu":{"encoding":"Cp1251"},"management":{"compiler":"HotSpot 64-Bit Tiered Compilers"},"os":{"patch":{"level":""}}},"user":{"country":"RU","dir":"P:\\Projects\\JetBrains\\IntelliJIDEA\\RPKS_2\\git_Clone\\JavaServiceFiltering","home":"C:\\Users\\eliza","language":"ru","name":"eliza","script":"","timezone":"Europe/Moscow","variant":""}}))
19:26:08.683 [pool-6-thread-1] INFO  r.m.l.rpks.impl.ServiceFiltering - CONSUMER_SETTINGS_WAS_READ: ConsumerSettings(bootstrapServers=PLAINTEXT://localhost:57784, groupId=test_group_consumer, autoOffsetReset=earliest, topicIn=test_topic_in, updateIntervalSec=100)
19:26:08.683 [pool-6-thread-1] INFO  r.m.l.rpks.impl.ServiceFiltering - PRODUCER_SETTINGS_WAS_READ: ProducerSettings(bootstrapServers=PLAINTEXT://localhost:57784, topicOut=test_topic_out, updateIntervalSec=100)
19:26:08.683 [pool-6-thread-1] INFO  r.m.l.rpks.impl.ServiceFiltering - DB_SETTINGS_WAS_READ: DBSettings(jdbcUrl=jdbc:postgresql://localhost:57766/test_db?loggerLevel=OFF, user=user, password=password, driver=org.postgresql.Driver, tableName=filter_rules)
19:26:08.684 [pool-6-thread-1] INFO  r.mai.lessons.rpks.impl.ReaderFromDB - HIKARY_CREATE
19:26:08.685 [pool-7-thread-2] INFO  r.m.l.rpks.impl.ReaderFromKafka - CONSUMER_SETTINGS:ConsumerSettings(bootstrapServers=PLAINTEXT://localhost:57784, groupId=test_group_consumer, autoOffsetReset=earliest, topicIn=test_topic_in, updateIntervalSec=100)
19:26:08.685 [pool-7-thread-2] INFO  r.m.l.rpks.impl.ReaderFromKafka - KAFKA_CONSUMER_START_READING_FROM_TOPIC test_topic_in
19:26:08.705 [pool-7-thread-1] INFO  r.m.lessons.rpks.impl.WriterToKafka - START_WRITE_MESSAGE_IN_KAFKA_TOPIC test_topic_out
19:26:08.807 [pool-6-thread-1] INFO  r.mai.lessons.rpks.impl.ReaderFromDB - HIKARY_CREATE
19:26:08.807 [pool-6-thread-1] INFO  r.mai.lessons.rpks.impl.ReaderFromDB - CONTEXT_MADE
19:26:08.830 [pool-6-thread-1] INFO  r.mai.lessons.rpks.impl.ReaderFromDB - RULLES_CREATE:2
19:26:08.830 [pool-6-thread-1] INFO  r.mai.lessons.rpks.impl.ReaderFromDB - FIND_RULE:Rule(filterId=1, ruleId=1, fieldName=age, filterFunctionName=not_equals, filterValue=20)
19:26:08.830 [pool-6-thread-1] INFO  r.mai.lessons.rpks.impl.ReaderFromDB - FIND_RULE:Rule(filterId=1, ruleId=2, fieldName=name, filterFunctionName=contains, filterValue=alexander)
19:26:08.830 [pool-6-thread-1] INFO  r.mai.lessons.rpks.impl.ReaderFromDB - MAKE_RULES_FROM_DB
19:26:08.837 [pool-6-thread-1] INFO  r.m.l.rpks.impl.ServiceFiltering - ADD_RULE
19:26:09.247 [pool-6-thread-2] INFO  ru.mai.lessons.rpks.ServiceTest - Remaining attempts 10
19:26:09.499 [pool-7-thread-2] INFO  r.m.l.rpks.impl.ReaderFromKafka - MASSAGE_FROM_KAFKA_TOPIC test_topic_in : {"name":null, "sex":"M"}
19:26:09.499 [pool-7-thread-2] INFO  r.m.l.rpks.impl.ReaderFromKafka - MASSAGE_FROM_KAFKA_TOPIC test_topic_in : {"name":null, "sex":"M"}
19:26:09.499 [pool-7-thread-2] INFO  r.m.l.rpks.impl.ReaderFromKafka - MASSAGE_FROM_KAFKA_TOPIC test_topic_in : {"name":"alex_ivanov", "age":20, "sex":"M"}
19:26:09.499 [pool-7-thread-1] INFO  r.m.lessons.rpks.impl.WriterToKafka - KAFKA_PRODUCER_START_PROCESSING_MASSAGE: {"name":null, "sex":"M"}
19:26:09.499 [pool-7-thread-2] INFO  r.m.l.rpks.impl.ReaderFromKafka - MASSAGE_FROM_KAFKA_TOPIC test_topic_in : {"name":"alex_ivanov", "age":20, "sex":"M"}
19:26:09.499 [pool-7-thread-2] INFO  r.m.l.rpks.impl.ReaderFromKafka - MASSAGE_FROM_KAFKA_TOPIC test_topic_in : {"name":"alex", "age":null, "sex":"M"}
19:26:09.499 [pool-7-thread-2] INFO  r.m.l.rpks.impl.ReaderFromKafka - MASSAGE_FROM_KAFKA_TOPIC test_topic_in : {"name":"alex", "age":null, "sex":"M"}
19:26:09.499 [pool-7-thread-2] INFO  r.m.l.rpks.impl.ReaderFromKafka - MASSAGE_FROM_KAFKA_TOPIC test_topic_in : 
19:26:09.499 [pool-7-thread-2] INFO  r.m.l.rpks.impl.ReaderFromKafka - MASSAGE_FROM_KAFKA_TOPIC test_topic_in : 
19:26:09.499 [pool-7-thread-2] INFO  r.m.l.rpks.impl.ReaderFromKafka - MASSAGE_FROM_KAFKA_TOPIC test_topic_in : {"age":18, "sex":"M"}
19:26:09.499 [pool-7-thread-1] INFO  r.m.lessons.rpks.impl.WriterToKafka - KAFKA_PRODUCER_END_PROCESSING_MASSAGE: {"name":null, "sex":"M"}
19:26:09.499 [pool-7-thread-2] INFO  r.m.l.rpks.impl.ReaderFromKafka - MASSAGE_FROM_KAFKA_TOPIC test_topic_in : {"age":18, "sex":"M"}
19:26:09.500 [pool-7-thread-1] INFO  r.m.lessons.rpks.impl.WriterToKafka - KAFKA_PRODUCER_START_PROCESSING_MASSAGE: {"name":"alex_ivanov", "age":20, "sex":"M"}
19:26:09.500 [pool-7-thread-2] INFO  r.m.l.rpks.impl.ReaderFromKafka - MASSAGE_FROM_KAFKA_TOPIC test_topic_in : {"name":"alex", "age":, "sex":"M"}
19:26:09.500 [pool-7-thread-2] INFO  r.m.l.rpks.impl.ReaderFromKafka - MASSAGE_FROM_KAFKA_TOPIC test_topic_in : {"name":"alex", "age":, "sex":"M"}
19:26:09.500 [pool-7-thread-2] INFO  r.m.l.rpks.impl.ReaderFromKafka - MASSAGE_FROM_KAFKA_TOPIC test_topic_in : {"name":"pushkin", "age":19, "sex":"M"}
19:26:09.500 [pool-7-thread-1] INFO  r.m.l.rpks.impl.ProcessorOfRule - jsonValueOfage: 20
19:26:09.500 [pool-7-thread-2] INFO  r.m.l.rpks.impl.ReaderFromKafka - MASSAGE_FROM_KAFKA_TOPIC test_topic_in : {"name":"pushkin", "age":19, "sex":"M"}
19:26:09.500 [pool-7-thread-2] INFO  r.m.l.rpks.impl.ReaderFromKafka - MASSAGE_FROM_KAFKA_TOPIC test_topic_in : {"name":"", "age":"", "sex":"M"}
19:26:09.500 [pool-7-thread-2] INFO  r.m.l.rpks.impl.ReaderFromKafka - MASSAGE_FROM_KAFKA_TOPIC test_topic_in : {"name":"", "age":"", "sex":"M"}
19:26:09.500 [pool-7-thread-2] INFO  r.m.l.rpks.impl.ReaderFromKafka - MASSAGE_FROM_KAFKA_TOPIC test_topic_in : {"name":"alexander_pushkin", "age":18, "sex":"M"}
19:26:09.500 [pool-7-thread-2] INFO  r.m.l.rpks.impl.ReaderFromKafka - MASSAGE_FROM_KAFKA_TOPIC test_topic_in : {"name":"alexander_pushkin", "age":18, "sex":"M"}
19:26:09.500 [pool-7-thread-1] INFO  r.m.l.rpks.impl.ProcessorOfRule - NOT_EQUALS:
19:26:09.500 [pool-7-thread-1] INFO  r.m.l.rpks.impl.ProcessorOfRule - EQUALS:
19:26:09.502 [pool-7-thread-1] INFO  r.m.lessons.rpks.impl.WriterToKafka - KAFKA_PRODUCER_END_PROCESSING_MASSAGE: {"name":"alex_ivanov", "age":20, "sex":"M"}
19:26:09.502 [pool-7-thread-1] INFO  r.m.lessons.rpks.impl.WriterToKafka - KAFKA_PRODUCER_START_PROCESSING_MASSAGE: {"name":"alex", "age":null, "sex":"M"}
19:26:09.503 [pool-7-thread-1] INFO  r.m.lessons.rpks.impl.WriterToKafka - KAFKA_PRODUCER_END_PROCESSING_MASSAGE: {"name":"alex", "age":null, "sex":"M"}
19:26:09.503 [pool-7-thread-1] INFO  r.m.lessons.rpks.impl.WriterToKafka - KAFKA_PRODUCER_START_PROCESSING_MASSAGE: 
19:26:09.503 [pool-7-thread-1] WARN  r.m.lessons.rpks.impl.WriterToKafka - NOT_CORRECT_MASSAGE:
19:26:09.503 [pool-7-thread-1] INFO  r.m.lessons.rpks.impl.WriterToKafka - KAFKA_PRODUCER_END_PROCESSING_MASSAGE: 
19:26:09.503 [pool-7-thread-1] INFO  r.m.lessons.rpks.impl.WriterToKafka - KAFKA_PRODUCER_START_PROCESSING_MASSAGE: {"age":18, "sex":"M"}
19:26:09.503 [pool-7-thread-1] INFO  r.m.l.rpks.impl.ProcessorOfRule - jsonValueOfage: 18
19:26:09.505 [pool-7-thread-1] INFO  r.m.l.rpks.impl.ProcessorOfRule - NOT_EQUALS:
19:26:09.505 [pool-7-thread-1] INFO  r.m.l.rpks.impl.ProcessorOfRule - EQUALS:
19:26:09.505 [pool-7-thread-1] INFO  r.m.lessons.rpks.impl.WriterToKafka - KAFKA_PRODUCER_END_PROCESSING_MASSAGE: {"age":18, "sex":"M"}
19:26:09.505 [pool-7-thread-1] INFO  r.m.lessons.rpks.impl.WriterToKafka - KAFKA_PRODUCER_START_PROCESSING_MASSAGE: {"name":"alex", "age":, "sex":"M"}
19:26:09.506 [pool-7-thread-1] INFO  r.m.lessons.rpks.impl.WriterToKafka - KAFKA_PRODUCER_END_PROCESSING_MASSAGE: {"name":"alex", "age":, "sex":"M"}
19:26:09.506 [pool-7-thread-1] INFO  r.m.lessons.rpks.impl.WriterToKafka - KAFKA_PRODUCER_START_PROCESSING_MASSAGE: {"name":"pushkin", "age":19, "sex":"M"}
19:26:09.506 [pool-7-thread-1] INFO  r.m.l.rpks.impl.ProcessorOfRule - jsonValueOfage: 19
19:26:09.506 [pool-7-thread-1] INFO  r.m.l.rpks.impl.ProcessorOfRule - NOT_EQUALS:
19:26:09.506 [pool-7-thread-1] INFO  r.m.l.rpks.impl.ProcessorOfRule - EQUALS:
19:26:09.506 [pool-7-thread-1] INFO  r.m.l.rpks.impl.ProcessorOfRule - jsonValueOfname: pushkin
19:26:09.506 [pool-7-thread-1] INFO  r.m.l.rpks.impl.ProcessorOfRule - CONTAINS:
19:26:09.506 [pool-7-thread-1] INFO  r.m.lessons.rpks.impl.WriterToKafka - KAFKA_PRODUCER_END_PROCESSING_MASSAGE: {"name":"pushkin", "age":19, "sex":"M"}
19:26:09.506 [pool-7-thread-1] INFO  r.m.lessons.rpks.impl.WriterToKafka - KAFKA_PRODUCER_START_PROCESSING_MASSAGE: {"name":"", "age":"", "sex":"M"}
19:26:09.506 [pool-7-thread-1] INFO  r.m.l.rpks.impl.ProcessorOfRule - jsonValueOfage: 
19:26:09.506 [pool-7-thread-1] INFO  r.m.l.rpks.impl.ProcessorOfRule - NOT_EQUALS:
19:26:09.506 [pool-7-thread-1] INFO  r.m.l.rpks.impl.ProcessorOfRule - EQUALS:
19:26:09.506 [pool-7-thread-1] INFO  r.m.l.rpks.impl.ProcessorOfRule - jsonValueOfname: 
19:26:09.507 [pool-7-thread-1] INFO  r.m.l.rpks.impl.ProcessorOfRule - CONTAINS:
19:26:09.507 [pool-7-thread-1] INFO  r.m.lessons.rpks.impl.WriterToKafka - KAFKA_PRODUCER_END_PROCESSING_MASSAGE: {"name":"", "age":"", "sex":"M"}
19:26:09.507 [pool-7-thread-1] INFO  r.m.lessons.rpks.impl.WriterToKafka - KAFKA_PRODUCER_START_PROCESSING_MASSAGE: {"name":"alexander_pushkin", "age":18, "sex":"M"}
19:26:09.507 [pool-7-thread-1] INFO  r.m.l.rpks.impl.ProcessorOfRule - jsonValueOfage: 18
19:26:09.507 [pool-7-thread-1] INFO  r.m.l.rpks.impl.ProcessorOfRule - NOT_EQUALS:
19:26:09.507 [pool-7-thread-1] INFO  r.m.l.rpks.impl.ProcessorOfRule - EQUALS:
19:26:09.507 [pool-7-thread-1] INFO  r.m.l.rpks.impl.ProcessorOfRule - jsonValueOfname: alexander_pushkin
19:26:09.507 [pool-7-thread-1] INFO  r.m.l.rpks.impl.ProcessorOfRule - CONTAINS:
19:26:09.507 [pool-7-thread-1] INFO  r.m.lessons.rpks.impl.WriterToKafka - KAFKA_PRODUCER_END_PROCESSING_MASSAGE: {"name":"alexander_pushkin", "age":18, "sex":"M"}
19:26:09.526 [pool-7-thread-1] INFO  r.m.lessons.rpks.impl.WriterToKafka - KAFKA_PRODUCER_SEND_MASSAGE: {"name":"alexander_pushkin", "age":18, "sex":"M"}
19:26:10.284 [pool-6-thread-2] INFO  ru.mai.lessons.rpks.ServiceTest - Read messages 1
19:26:10.285 [pool-6-thread-1] WARN  r.m.l.rpks.impl.ServiceFiltering - CANT_SLEEP:sleep interrupted
19:26:10.285 [pool-6-thread-1] INFO  r.mai.lessons.rpks.impl.ReaderFromDB - HIKARY_CREATE
19:26:10.319 [pool-6-thread-1] INFO  r.mai.lessons.rpks.impl.ReaderFromDB - HIKARY_CREATE
19:26:10.320 [pool-6-thread-1] INFO  r.mai.lessons.rpks.impl.ReaderFromDB - CONTEXT_MADE
19:26:10.336 [pool-6-thread-1] INFO  r.mai.lessons.rpks.impl.ReaderFromDB - RULLES_CREATE:0
19:26:10.336 [pool-6-thread-1] INFO  r.mai.lessons.rpks.impl.ReaderFromDB - MAKE_RULES_FROM_DB
19:26:10.336 [pool-6-thread-1] INFO  r.m.l.rpks.impl.ServiceFiltering - ADD_RULE
19:26:10.337 [pool-6-thread-1] WARN  r.m.l.rpks.impl.ServiceFiltering - CANT_SLEEP:sleep interrupted
19:26:10.337 [pool-6-thread-1] INFO  r.mai.lessons.rpks.impl.ReaderFromDB - HIKARY_CREATE
19:26:10.372 [pool-6-thread-1] INFO  r.mai.lessons.rpks.impl.ReaderFromDB - HIKARY_CREATE
19:26:10.373 [pool-6-thread-1] INFO  r.mai.lessons.rpks.impl.ReaderFromDB - CONTEXT_MADE
19:26:10.395 [pool-6-thread-1] INFO  r.mai.lessons.rpks.impl.ReaderFromDB - RULLES_CREATE:0
19:26:10.396 [pool-6-thread-1] INFO  r.mai.lessons.rpks.impl.ReaderFromDB - MAKE_RULES_FROM_DB
19:26:10.400 [pool-6-thread-1] INFO  r.m.l.rpks.impl.ServiceFiltering - ADD_RULE
19:26:10.400 [pool-6-thread-1] WARN  r.m.l.rpks.impl.ServiceFiltering - CANT_SLEEP:sleep interrupted
19:26:10.402 [pool-6-thread-1] INFO  r.mai.lessons.rpks.impl.ReaderFromDB - HIKARY_CREATE
19:26:10.437 [pool-6-thread-1] INFO  r.mai.lessons.rpks.impl.ReaderFromDB - HIKARY_CREATE
19:26:10.438 [pool-6-thread-1] INFO  r.mai.lessons.rpks.impl.ReaderFromDB - CONTEXT_MADE
19:26:10.459 [pool-6-thread-1] INFO  r.mai.lessons.rpks.impl.ReaderFromDB - RULLES_CREATE:0
19:26:10.459 [pool-6-thread-1] INFO  r.mai.lessons.rpks.impl.ReaderFromDB - MAKE_RULES_FROM_DB
19:26:10.459 [pool-6-thread-1] INFO  r.m.l.rpks.impl.ServiceFiltering - ADD_RULE
19:26:10.460 [pool-6-thread-1] WARN  r.m.l.rpks.impl.ServiceFiltering - CANT_SLEEP:sleep interrupted
19:26:10.460 [pool-6-thread-1] INFO  r.mai.lessons.rpks.impl.ReaderFromDB - HIKARY_CREATE
19:26:10.491 [pool-6-thread-1] INFO  r.mai.lessons.rpks.impl.ReaderFromDB - HIKARY_CREATE
19:26:10.491 [pool-6-thread-1] INFO  r.mai.lessons.rpks.impl.ReaderFromDB - CONTEXT_MADE
19:26:10.506 [pool-6-thread-1] INFO  r.mai.lessons.rpks.impl.ReaderFromDB - RULLES_CREATE:0
19:26:10.507 [pool-6-thread-1] INFO  r.mai.lessons.rpks.impl.ReaderFromDB - MAKE_RULES_FROM_DB
19:26:10.507 [pool-6-thread-1] INFO  r.m.l.rpks.impl.ServiceFiltering - ADD_RULE
19:26:10.508 [pool-6-thread-1] WARN  r.m.l.rpks.impl.ServiceFiltering - CANT_SLEEP:sleep interrupted
19:26:10.508 [pool-6-thread-1] INFO  r.mai.lessons.rpks.impl.ReaderFromDB - HIKARY_CREATE
19:26:10.579 [pool-6-thread-1] INFO  r.mai.lessons.rpks.impl.ReaderFromDB - HIKARY_CREATE
19:26:10.579 [pool-6-thread-1] INFO  r.mai.lessons.rpks.impl.ReaderFromDB - CONTEXT_MADE
19:26:10.603 [pool-6-thread-1] INFO  r.mai.lessons.rpks.impl.ReaderFromDB - RULLES_CREATE:0
19:26:10.604 [pool-6-thread-1] INFO  r.mai.lessons.rpks.impl.ReaderFromDB - MAKE_RULES_FROM_DB
19:26:10.604 [pool-6-thread-1] INFO  r.m.l.rpks.impl.ServiceFiltering - ADD_RULE
19:26:10.605 [pool-6-thread-1] WARN  r.m.l.rpks.impl.ServiceFiltering - CANT_SLEEP:sleep interrupted
19:26:10.606 [pool-6-thread-1] INFO  r.mai.lessons.rpks.impl.ReaderFromDB - HIKARY_CREATE
19:26:10.649 [pool-6-thread-1] INFO  r.mai.lessons.rpks.impl.ReaderFromDB - HIKARY_CREATE
19:26:10.649 [pool-6-thread-1] INFO  r.mai.lessons.rpks.impl.ReaderFromDB - CONTEXT_MADE
19:26:10.672 [pool-6-thread-1] INFO  r.mai.lessons.rpks.impl.ReaderFromDB - RULLES_CREATE:0
19:26:10.672 [pool-6-thread-1] INFO  r.mai.lessons.rpks.impl.ReaderFromDB - MAKE_RULES_FROM_DB
19:26:10.672 [pool-6-thread-1] INFO  r.m.l.rpks.impl.ServiceFiltering - ADD_RULE
19:26:10.672 [pool-6-thread-1] WARN  r.m.l.rpks.impl.ServiceFiltering - CANT_SLEEP:sleep interrupted
19:26:10.672 [pool-6-thread-1] INFO  r.mai.lessons.rpks.impl.ReaderFromDB - HIKARY_CREATE
19:26:10.707 [pool-6-thread-1] INFO  r.mai.lessons.rpks.impl.ReaderFromDB - HIKARY_CREATE
19:26:10.707 [pool-6-thread-1] INFO  r.mai.lessons.rpks.impl.ReaderFromDB - CONTEXT_MADE
19:26:10.722 [pool-6-thread-1] INFO  r.mai.lessons.rpks.impl.ReaderFromDB - RULLES_CREATE:0
19:26:10.722 [pool-6-thread-1] INFO  r.mai.lessons.rpks.impl.ReaderFromDB - MAKE_RULES_FROM_DB
19:26:10.723 [pool-6-thread-1] INFO  r.m.l.rpks.impl.ServiceFiltering - ADD_RULE
19:26:10.723 [pool-6-thread-1] WARN  r.m.l.rpks.impl.ServiceFiltering - CANT_SLEEP:sleep interrupted
19:26:10.724 [pool-6-thread-1] INFO  r.mai.lessons.rpks.impl.ReaderFromDB - HIKARY_CREATE
19:26:10.751 [pool-6-thread-1] INFO  r.mai.lessons.rpks.impl.ReaderFromDB - HIKARY_CREATE
19:26:10.751 [pool-6-thread-1] INFO  r.mai.lessons.rpks.impl.ReaderFromDB - CONTEXT_MADE
19:26:10.764 [pool-6-thread-1] INFO  r.mai.lessons.rpks.impl.ReaderFromDB - RULLES_CREATE:0
19:26:10.764 [pool-6-thread-1] INFO  r.mai.lessons.rpks.impl.ReaderFromDB - MAKE_RULES_FROM_DB
19:26:10.765 [pool-6-thread-1] INFO  r.m.l.rpks.impl.ServiceFiltering - ADD_RULE
19:26:10.765 [pool-6-thread-1] WARN  r.m.l.rpks.impl.ServiceFiltering - CANT_SLEEP:sleep interrupted
19:26:10.765 [pool-6-thread-1] INFO  r.mai.lessons.rpks.impl.ReaderFromDB - HIKARY_CREATE
19:26:10.799 [pool-6-thread-1] INFO  r.mai.lessons.rpks.impl.ReaderFromDB - HIKARY_CREATE
19:26:10.799 [pool-6-thread-1] INFO  r.mai.lessons.rpks.impl.ReaderFromDB - CONTEXT_MADE
19:26:10.821 [pool-6-thread-1] INFO  r.mai.lessons.rpks.impl.ReaderFromDB - RULLES_CREATE:0
19:26:10.821 [pool-6-thread-1] INFO  r.mai.lessons.rpks.impl.ReaderFromDB - MAKE_RULES_FROM_DB
19:26:10.822 [pool-6-thread-1] INFO  r.m.l.rpks.impl.ServiceFiltering - ADD_RULE
19:26:10.822 [pool-6-thread-1] WARN  r.m.l.rpks.impl.ServiceFiltering - CANT_SLEEP:sleep interrupted
19:26:10.822 [pool-6-thread-1] INFO  r.mai.lessons.rpks.impl.ReaderFromDB - HIKARY_CREATE
19:26:10.872 [pool-6-thread-1] INFO  r.mai.lessons.rpks.impl.ReaderFromDB - HIKARY_CREATE
19:26:10.872 [pool-6-thread-1] INFO  r.mai.lessons.rpks.impl.ReaderFromDB - CONTEXT_MADE
19:26:10.903 [pool-6-thread-1] INFO  r.mai.lessons.rpks.impl.ReaderFromDB - RULLES_CREATE:0
19:26:10.904 [pool-6-thread-1] INFO  r.mai.lessons.rpks.impl.ReaderFromDB - MAKE_RULES_FROM_DB
19:26:10.905 [pool-6-thread-1] INFO  r.m.l.rpks.impl.ServiceFiltering - ADD_RULE
19:26:10.905 [pool-6-thread-1] WARN  r.m.l.rpks.impl.ServiceFiltering - CANT_SLEEP:sleep interrupted
19:26:10.905 [pool-6-thread-1] INFO  r.mai.lessons.rpks.impl.ReaderFromDB - HIKARY_CREATE
19:26:10.941 [pool-6-thread-1] INFO  r.mai.lessons.rpks.impl.ReaderFromDB - HIKARY_CREATE
19:26:10.941 [pool-6-thread-1] INFO  r.mai.lessons.rpks.impl.ReaderFromDB - CONTEXT_MADE
19:26:10.962 [pool-6-thread-1] INFO  r.mai.lessons.rpks.impl.ReaderFromDB - RULLES_CREATE:0
19:26:10.962 [pool-6-thread-1] INFO  r.mai.lessons.rpks.impl.ReaderFromDB - MAKE_RULES_FROM_DB
19:26:10.963 [pool-6-thread-1] INFO  r.m.l.rpks.impl.ServiceFiltering - ADD_RULE
19:26:10.963 [pool-6-thread-1] WARN  r.m.l.rpks.impl.ServiceFiltering - CANT_SLEEP:sleep interrupted
19:26:10.963 [pool-6-thread-1] INFO  r.mai.lessons.rpks.impl.ReaderFromDB - HIKARY_CREATE
19:26:10.996 [pool-6-thread-1] INFO  r.mai.lessons.rpks.impl.ReaderFromDB - HIKARY_CREATE
19:26:10.996 [pool-6-thread-1] INFO  r.mai.lessons.rpks.impl.ReaderFromDB - CONTEXT_MADE
19:26:11.010 [pool-6-thread-1] INFO  r.mai.lessons.rpks.impl.ReaderFromDB - RULLES_CREATE:0
19:26:11.010 [pool-6-thread-1] INFO  r.mai.lessons.rpks.impl.ReaderFromDB - MAKE_RULES_FROM_DB
19:26:11.011 [pool-6-thread-1] INFO  r.m.l.rpks.impl.ServiceFiltering - ADD_RULE
19:26:11.011 [pool-6-thread-1] WARN  r.m.l.rpks.impl.ServiceFiltering - CANT_SLEEP:sleep interrupted
19:26:11.011 [pool-6-thread-1] INFO  r.mai.lessons.rpks.impl.ReaderFromDB - HIKARY_CREATE
19:26:11.041 [pool-6-thread-1] INFO  r.mai.lessons.rpks.impl.ReaderFromDB - HIKARY_CREATE
19:26:11.041 [pool-6-thread-1] INFO  r.mai.lessons.rpks.impl.ReaderFromDB - CONTEXT_MADE
19:26:11.063 [pool-6-thread-1] INFO  r.mai.lessons.rpks.impl.ReaderFromDB - RULLES_CREATE:0
19:26:11.063 [pool-6-thread-1] INFO  r.mai.lessons.rpks.impl.ReaderFromDB - MAKE_RULES_FROM_DB
19:26:11.064 [pool-6-thread-1] INFO  r.m.l.rpks.impl.ServiceFiltering - ADD_RULE
19:26:11.064 [pool-6-thread-1] WARN  r.m.l.rpks.impl.ServiceFiltering - CANT_SLEEP:sleep interrupted
19:26:11.064 [pool-6-thread-1] INFO  r.mai.lessons.rpks.impl.ReaderFromDB - HIKARY_CREATE
19:26:11.103 [pool-6-thread-1] INFO  r.mai.lessons.rpks.impl.ReaderFromDB - HIKARY_CREATE
19:26:11.104 [pool-6-thread-1] INFO  r.mai.lessons.rpks.impl.ReaderFromDB - CONTEXT_MADE
19:26:11.136 [pool-6-thread-1] INFO  r.mai.lessons.rpks.impl.ReaderFromDB - RULLES_CREATE:0
19:26:11.136 [pool-6-thread-1] INFO  r.mai.lessons.rpks.impl.ReaderFromDB - MAKE_RULES_FROM_DB
19:26:11.137 [pool-6-thread-1] INFO  r.m.l.rpks.impl.ServiceFiltering - ADD_RULE
19:26:11.137 [pool-6-thread-1] WARN  r.m.l.rpks.impl.ServiceFiltering - CANT_SLEEP:sleep interrupted
19:26:11.137 [pool-6-thread-1] INFO  r.mai.lessons.rpks.impl.ReaderFromDB - HIKARY_CREATE
19:26:11.195 [pool-6-thread-1] INFO  r.mai.lessons.rpks.impl.ReaderFromDB - HIKARY_CREATE
19:26:11.195 [pool-6-thread-1] INFO  r.mai.lessons.rpks.impl.ReaderFromDB - CONTEXT_MADE
19:26:11.223 [pool-6-thread-1] INFO  r.mai.lessons.rpks.impl.ReaderFromDB - RULLES_CREATE:0
19:26:11.223 [pool-6-thread-1] INFO  r.mai.lessons.rpks.impl.ReaderFromDB - MAKE_RULES_FROM_DB
19:26:11.224 [pool-6-thread-1] INFO  r.m.l.rpks.impl.ServiceFiltering - ADD_RULE
19:26:11.224 [pool-6-thread-1] WARN  r.m.l.rpks.impl.ServiceFiltering - CANT_SLEEP:sleep interrupted
19:26:11.224 [pool-6-thread-1] INFO  r.mai.lessons.rpks.impl.ReaderFromDB - HIKARY_CREATE
19:26:11.258 [pool-6-thread-1] INFO  r.mai.lessons.rpks.impl.ReaderFromDB - HIKARY_CREATE
19:26:11.259 [pool-6-thread-1] INFO  r.mai.lessons.rpks.impl.ReaderFromDB - CONTEXT_MADE
19:26:33.890 [Test worker] INFO  ru.mai.lessons.rpks.ServiceTest - Topics: [(name=test_topic_in, numPartitions=3, replicationFactor=1, replicasAssignments=null, configs=null), (name=test_topic_out, numPartitions=3, replicationFactor=1, replicasAssignments=null, configs=null)], replica factor 1, partitions 3
19:26:33.959 [Test worker] INFO  ru.mai.lessons.rpks.ServiceTest - Topic not exist. Create topics [(name=test_topic_in, numPartitions=3, replicationFactor=1, replicasAssignments=null, configs=null), (name=test_topic_out, numPartitions=3, replicationFactor=1, replicasAssignments=null, configs=null)]
19:26:34.853 [Test worker] INFO  ru.mai.lessons.rpks.ServiceTest - Create filtering rule 1
19:26:34.884 [Test worker] INFO  ru.mai.lessons.rpks.ServiceTest - Check rule from DB
19:26:34.891 [pool-8-thread-1] INFO  r.m.l.rpks.impl.ServiceFiltering - CONFIG:Config(SimpleConfigObject({"application":{"updateIntervalSec":10},"com":{"zaxxer":{"hikari":{"pool_number":"1"}}},"db":{"driver":"org.postgresql.Driver","jdbcUrl":"jdbc:postgresql://localhost:57936/test_db?loggerLevel=OFF","password":"password","user":"user"},"file":{"encoding":"windows-1251","separator":"\\"},"java":{"class":{"path":"C:\\\\Users\\\\eliza\\\\.gradle\\\\caches\\\\7.5.1\\\\workerMain\\\\gradle-worker.jar;P:\\\\Projects\\\\JetBrains\\\\IntelliJIDEA\\\\RPKS_2\\\\git_Clone\\\\JavaServiceFiltering\\\\build\\\\classes\\\\java\\\\test;P:\\\\Projects\\\\JetBrains\\\\IntelliJIDEA\\\\RPKS_2\\\\git_Clone\\\\JavaServiceFiltering\\\\build\\\\resources\\\\test;P:\\\\Projects\\\\JetBrains\\\\IntelliJIDEA\\\\RPKS_2\\\\git_Clone\\\\JavaServiceFiltering\\\\build\\\\classes\\\\java\\\\main;P:\\\\Projects\\\\JetBrains\\\\IntelliJIDEA\\\\RPKS_2\\\\git_Clone\\\\JavaServiceFiltering\\\\build\\\\resources\\\\main;C:\\\\Users\\\\eliza\\\\.gradle\\\\caches\\\\modules-2\\\\files-2.1\\\\org.apache.kafka\\\\kafka-clients\\\\3.4.0\\\\69aebfca9da335f6617f9e5e7a4b45f16e8c86b5\\\\kafka-clients-3.4.0.jar;C:\\\\Users\\\\eliza\\\\.gradle\\\\caches\\\\modules-2\\\\files-2.1\\\\ch.qos.logback\\\\logback-classic\\\\1.4.5\\\\28e7dc0b208d6c3f15beefd73976e064b4ecfa9b\\\\logback-classic-1.4.5.jar;C:\\\\Users\\\\eliza\\\\.gradle\\\\caches\\\\modules-2\\\\files-2.1\\\\com.typesafe\\\\config\\\\1.4.2\\\\4c40a633e7994cfb0354244efb6d03fcb11c3ecf\\\\config-1.4.2.jar;C:\\\\Users\\\\eliza\\\\.gradle\\\\caches\\\\modules-2\\\\files-2.1\\\\org.postgresql\\\\postgresql\\\\42.5.4\\\\15015a54f15e340a9a8a6a2c5457429cb1176b8\\\\postgresql-42.5.4.jar;C:\\\\Users\\\\eliza\\\\.gradle\\\\caches\\\\modules-2\\\\files-2.1\\\\com.zaxxer\\\\HikariCP\\\\5.0.1\\\\a74c7f0a37046846e88d54f7cb6ea6d565c65f9c\\\\HikariCP-5.0.1.jar;C:\\\\Users\\\\eliza\\\\.gradle\\\\caches\\\\modules-2\\\\files-2.1\\\\org.jooq\\\\jooq\\\\3.17.8\\\\6add040365183a3c0a043e11c6069a46b992df39\\\\jooq-3.17.8.jar;C:\\\\Users\\\\eliza\\\\.gradle\\\\caches\\\\modules-2\\\\files-2.1\\\\org.testcontainers\\\\junit-jupiter\\\\1.17.6\\\\94e9894bc665909e208959390ea6540309ce231e\\\\junit-jupiter-1.17.6.jar;C:\\\\Users\\\\eliza\\\\.gradle\\\\caches\\\\modules-2\\\\files-2.1\\\\org.testcontainers\\\\kafka\\\\1.17.6\\\\1975b93708e99340690690177a9c7bbf5aabc823\\\\kafka-1.17.6.jar;C:\\\\Users\\\\eliza\\\\.gradle\\\\caches\\\\modules-2\\\\files-2.1\\\\org.testcontainers\\\\postgresql\\\\1.17.6\\\\cd8aba02d8d46159ab85535d34a1e4217322f9a5\\\\postgresql-1.17.6.jar;C:\\\\Users\\\\eliza\\\\.gradle\\\\caches\\\\modules-2\\\\files-2.1\\\\org.testcontainers\\\\jdbc\\\\1.17.6\\\\1510482e46f5f70909693fc695a2369751510785\\\\jdbc-1.17.6.jar;C:\\\\Users\\\\eliza\\\\.gradle\\\\caches\\\\modules-2\\\\files-2.1\\\\org.testcontainers\\\\database-commons\\\\1.17.6\\\\8a4cd2cda51c2cc3092b1c22f4ee8148be4db410\\\\database-commons-1.17.6.jar;C:\\\\Users\\\\eliza\\\\.gradle\\\\caches\\\\modules-2\\\\files-2.1\\\\org.testcontainers\\\\testcontainers\\\\1.17.6\\\\11b28972d2d8bddd5a7d3b6e21016fbe13bc8e8b\\\\testcontainers-1.17.6.jar;C:\\\\Users\\\\eliza\\\\.gradle\\\\caches\\\\modules-2\\\\files-2.1\\\\com.github.docker-java\\\\docker-java-api\\\\3.2.13\\\\5817ef8f770cb7e740d590090bf352df9491f3c1\\\\docker-java-api-3.2.13.jar;C:\\\\Users\\\\eliza\\\\.gradle\\\\caches\\\\modules-2\\\\files-2.1\\\\com.fasterxml.jackson.core\\\\jackson-annotations\\\\2.14.2\\\\a7aae9525864930723e3453ab799521fdfd9d873\\\\jackson-annotations-2.14.2.jar;C:\\\\Users\\\\eliza\\\\.gradle\\\\caches\\\\modules-2\\\\files-2.1\\\\com.fasterxml.jackson.core\\\\jackson-core\\\\2.14.2\\\\f804090e6399ce0cf78242db086017512dd71fcc\\\\jackson-core-2.14.2.jar;C:\\\\Users\\\\eliza\\\\.gradle\\\\caches\\\\modules-2\\\\files-2.1\\\\org.junit.jupiter\\\\junit-jupiter-engine\\\\5.9.1\\\\1bf771097bde296c3ab174861954e8aafaaf2e94\\\\junit-jupiter-engine-5.9.1.jar;C:\\\\Users\\\\eliza\\\\.gradle\\\\caches\\\\modules-2\\\\files-2.1\\\\org.junit.platform\\\\junit-platform-engine\\\\1.9.1\\\\83591e5089d6cea5f324aa3ecca9b19d5a275803\\\\junit-platform-engine-1.9.1.jar;C:\\\\Users\\\\eliza\\\\.gradle\\\\caches\\\\modules-2\\\\files-2.1\\\\org.junit.platform\\\\junit-platform-commons\\\\1.9.1\\\\3145f821b5cd10abcdc5f925baa5fffa6f1b628f\\\\junit-platform-commons-1.9.1.jar;C:\\\\Users\\\\eliza\\\\.gradle\\\\caches\\\\modules-2\\\\files-2.1\\\\org.junit.jupiter\\\\junit-jupiter-api\\\\5.9.1\\\\7bb53fbc0173e9f6a9d21d58297af94b1f2f9ce1\\\\junit-jupiter-api-5.9.1.jar;C:\\\\Users\\\\eliza\\\\.gradle\\\\caches\\\\modules-2\\\\files-2.1\\\\com.github.luben\\\\zstd-jni\\\\1.5.2-1\\\\fad786abc1d1b81570e8d9a2fc8a1ef479bc27b6\\\\zstd-jni-1.5.2-1.jar;C:\\\\Users\\\\eliza\\\\.gradle\\\\caches\\\\modules-2\\\\files-2.1\\\\org.lz4\\\\lz4-java\\\\1.8.0\\\\4b986a99445e49ea5fbf5d149c4b63f6ed6c6780\\\\lz4-java-1.8.0.jar;C:\\\\Users\\\\eliza\\\\.gradle\\\\caches\\\\modules-2\\\\files-2.1\\\\org.xerial.snappy\\\\snappy-java\\\\1.1.8.4\\\\66f0d56454509f6e36175f2331572e250e04a6cc\\\\snappy-java-1.1.8.4.jar;C:\\\\Users\\\\eliza\\\\.gradle\\\\caches\\\\modules-2\\\\files-2.1\\\\com.github.docker-java\\\\docker-java-transport-zerodep\\\\3.2.13\\\\4cbc2c09d6c264767a39624066987ed4a152bc68\\\\docker-java-transport-zerodep-3.2.13.jar;C:\\\\Users\\\\eliza\\\\.gradle\\\\caches\\\\modules-2\\\\files-2.1\\\\org.slf4j\\\\slf4j-api\\\\2.0.4\\\\30d5eb5360bd113ce96f9e49e3431993bbf1b247\\\\slf4j-api-2.0.4.jar;C:\\\\Users\\\\eliza\\\\.gradle\\\\caches\\\\modules-2\\\\files-2.1\\\\ch.qos.logback\\\\logback-core\\\\1.4.5\\\\e9bb2ea70f84401314da4300343b0a246c8954da\\\\logback-core-1.4.5.jar;C:\\\\Users\\\\eliza\\\\.gradle\\\\caches\\\\modules-2\\\\files-2.1\\\\org.checkerframework\\\\checker-qual\\\\3.5.0\\\\2f50520c8abea66fbd8d26e481d3aef5c673b510\\\\checker-qual-3.5.0.jar;C:\\\\Users\\\\eliza\\\\.gradle\\\\caches\\\\modules-2\\\\files-2.1\\\\io.r2dbc\\\\r2dbc-spi\\\\0.9.1.RELEASE\\\\689338f54890e6981d9d98d059c1a94007a0b809\\\\r2dbc-spi-0.9.1.RELEASE.jar;C:\\\\Users\\\\eliza\\\\.gradle\\\\caches\\\\modules-2\\\\files-2.1\\\\jakarta.xml.bind\\\\jakarta.xml.bind-api\\\\3.0.0\\\\9275db6e21287df61690989254a0b46d8d31e99a\\\\jakarta.xml.bind-api-3.0.0.jar;C:\\\\Users\\\\eliza\\\\.gradle\\\\caches\\\\modules-2\\\\files-2.1\\\\junit\\\\junit\\\\4.13.2\\\\8ac9e16d933b6fb43bc7f576336b8f4d7eb5ba12\\\\junit-4.13.2.jar;C:\\\\Users\\\\eliza\\\\.gradle\\\\caches\\\\modules-2\\\\files-2.1\\\\org.apache.commons\\\\commons-compress\\\\1.22\\\\691a8b4e6cf4248c3bc72c8b719337d5cb7359fa\\\\commons-compress-1.22.jar;C:\\\\Users\\\\eliza\\\\.gradle\\\\caches\\\\modules-2\\\\files-2.1\\\\org.rnorth.duct-tape\\\\duct-tape\\\\1.0.8\\\\92edc22a9ab2f3e17c9bf700aaee377d50e8b530\\\\duct-tape-1.0.8.jar;C:\\\\Users\\\\eliza\\\\.gradle\\\\caches\\\\modules-2\\\\files-2.1\\\\org.reactivestreams\\\\reactive-streams\\\\1.0.3\\\\d9fb7a7926ffa635b3dcaa5049fb2bfa25b3e7d0\\\\reactive-streams-1.0.3.jar;C:\\\\Users\\\\eliza\\\\.gradle\\\\caches\\\\modules-2\\\\files-2.1\\\\com.sun.activation\\\\jakarta.activation\\\\2.0.0\\\\f4e7519148dee347c7666f336210deedb8aca09d\\\\jakarta.activation-2.0.0.jar;C:\\\\Users\\\\eliza\\\\.gradle\\\\caches\\\\modules-2\\\\files-2.1\\\\org.hamcrest\\\\hamcrest-core\\\\1.3\\\\42a25dc3219429f0e5d060061f71acb49bf010a0\\\\hamcrest-core-1.3.jar;C:\\\\Users\\\\eliza\\\\.gradle\\\\caches\\\\modules-2\\\\files-2.1\\\\org.jetbrains\\\\annotations\\\\17.0.0\\\\8ceead41f4e71821919dbdb7a9847608f1a938cb\\\\annotations-17.0.0.jar;C:\\\\Users\\\\eliza\\\\.gradle\\\\caches\\\\modules-2\\\\files-2.1\\\\com.github.docker-java\\\\docker-java-transport\\\\3.2.13\\\\e9d308d1822181a9d48c99739f5eca014ec89199\\\\docker-java-transport-3.2.13.jar;C:\\\\Users\\\\eliza\\\\.gradle\\\\caches\\\\modules-2\\\\files-2.1\\\\net.java.dev.jna\\\\jna\\\\5.8.0\\\\3551d8d827e54858214107541d3aff9c615cb615\\\\jna-5.8.0.jar;C:\\\\Users\\\\eliza\\\\.gradle\\\\caches\\\\modules-2\\\\files-2.1\\\\org.opentest4j\\\\opentest4j\\\\1.2.0\\\\28c11eb91f9b6d8e200631d46e20a7f407f2a046\\\\opentest4j-1.2.0.jar","version":"62.0"},"home":"C:\\Users\\eliza\\.jdks\\openjdk-18.0.1.1","io":{"tmpdir":"C:\\Users\\eliza\\AppData\\Local\\Temp\\"},"library":{"path":"C:\\Users\\eliza\\.jdks\\openjdk-18.0.1.1\\bin;C:\\WINDOWS\\Sun\\Java\\bin;C:\\WINDOWS\\system32;C:\\WINDOWS;;;;C:\\Windows\\system32;C:\\Windows;C:\\Windows\\System32\\Wbem;C:\\Windows\\System32\\WindowsPowerShell\\v1.0\\;C:\\Windows\\System32\\OpenSSH\\;C:\\Program Files\\Microsoft SQL Server\\150\\Tools\\Binn\\;C:\\Program Files\\dotnet\\;C:\\Program Files\\Git\\cmd;C:\\Program Files\\Git\\mingw64\\bin;C:\\Program Files\\Git\\usr\\bin;P:\\Programs\\MySql\\bin;C:\\WINDOWS\\system32;C:\\WINDOWS;C:\\WINDOWS\\System32\\Wbem;C:\\WINDOWS\\System32\\WindowsPowerShell\\v1.0\\;C:\\WINDOWS\\System32\\OpenSSH\\;C:\\Program Files\\PowerShell\\7\\;C:\\Program Files\\Docker\\Docker\\resources\\bin;C:\\Users\\eliza\\AppData\\Local\\Programs\\Python\\Python38\\Scripts\\;C:\\Users\\eliza\\AppData\\Local\\Programs\\Python\\Python38\\;C:\\Users\\eliza\\AppData\\Local\\Microsoft\\WindowsApps;P:\\Programs\\JetBrains\\PyCharm 2022.1.3\\Program Files\\JetBrains\\PyCharm 2022.1.3\\bin;;P:\\Programs\\JetBrains\\IntelliJ IDEA 2023.1.2\\bin;;P:\\Programs\\JetBrains\\CLion 2022.2.4\\bin;;C:\\Users\\eliza\\.dotnet\\tools;C:\\texlive\\2022\\bin\\win32;P:\\Programs\\JetBrains\\Rider 2022.2.4\\bin;;C:\\ProgramData\\eliza\\GitHubDesktop\\bin;C:\\Users\\eliza\\AppData\\Local\\GitHubDesktop\\bin;P:\\Programs\\JetBrains\\DataGrip 2022.2.5\\bin;;;P:\\Programs\\JetBrains\\Gateway 2023.1\\JetBrains Gateway 2023.1\\bin;;."},"runtime":{"name":"OpenJDK Runtime Environment","version":"18.0.1.1+2-6"},"specification":{"name":"Java Platform API Specification","vendor":"Oracle Corporation","version":"18"},"vendor":{"url":{"bug":"https://bugreport.java.com/bugreport/"}},"version":"18.0.1.1","vm":{"compressedOopsMode":"32-bit","info":"mixed mode, sharing","name":"OpenJDK 64-Bit Server VM","specification":{"name":"Java Virtual Machine Specification","vendor":"Oracle Corporation","version":"18"},"vendor":"Oracle Corporation","version":"18.0.1.1+2-6"}},"jdk":{"debug":"release"},"kafka":{"consumer":{"auto":{"offset":{"reset":"earliest"}},"bootstrap":{"servers":"PLAINTEXT://localhost:57960"},"group":{"id":"test_group_consumer"},"topicIn":"test_topic_in"},"producer":{"bootstrap":{"servers":"PLAINTEXT://localhost:57960"},"topicOut":"test_topic_out"}},"line":{"separator":"\r\n"},"native":{"encoding":"Cp1251"},"org":{"gradle":{"internal":{"worker":{"tmpdir":"P:\\Projects\\JetBrains\\IntelliJIDEA\\RPKS_2\\git_Clone\\JavaServiceFiltering\\build\\tmp\\test\\work"}},"native":"false","test":{"worker":"38"}}},"os":{"arch":"amd64","name":"Windows 11","version":"10.0"},"path":{"separator":";"},"sun":{"arch":{"data":{"model":"64"}},"boot":{"library":{"path":"C:\\Users\\eliza\\.jdks\\openjdk-18.0.1.1\\bin"}},"cpu":{"endian":"little","isalist":"amd64"},"io":{"unicode":{"encoding":"UnicodeLittle"}},"java":{"command":"worker.org.gradle.process.internal.worker.GradleWorkerMain 'Gradle Test Executor 38'","launcher":"SUN_STANDARD"},"jnu":{"encoding":"Cp1251"},"management":{"compiler":"HotSpot 64-Bit Tiered Compilers"},"os":{"patch":{"level":""}}},"user":{"country":"RU","dir":"P:\\Projects\\JetBrains\\IntelliJIDEA\\RPKS_2\\git_Clone\\JavaServiceFiltering","home":"C:\\Users\\eliza","language":"ru","name":"eliza","script":"","timezone":"Europe/Moscow","variant":""}}))
19:26:34.892 [pool-8-thread-1] INFO  r.m.l.rpks.impl.ServiceFiltering - CONSUMER_SETTINGS_WAS_READ: ConsumerSettings(bootstrapServers=PLAINTEXT://localhost:57960, groupId=test_group_consumer, autoOffsetReset=earliest, topicIn=test_topic_in, updateIntervalSec=100)
19:26:34.892 [pool-8-thread-1] INFO  r.m.l.rpks.impl.ServiceFiltering - PRODUCER_SETTINGS_WAS_READ: ProducerSettings(bootstrapServers=PLAINTEXT://localhost:57960, topicOut=test_topic_out, updateIntervalSec=100)
19:26:34.892 [pool-8-thread-1] INFO  r.m.l.rpks.impl.ServiceFiltering - DB_SETTINGS_WAS_READ: DBSettings(jdbcUrl=jdbc:postgresql://localhost:57936/test_db?loggerLevel=OFF, user=user, password=password, driver=org.postgresql.Driver, tableName=filter_rules)
19:26:34.893 [pool-8-thread-1] INFO  r.mai.lessons.rpks.impl.ReaderFromDB - HIKARY_CREATE
19:26:34.897 [pool-9-thread-1] INFO  r.m.lessons.rpks.impl.WriterToKafka - START_WRITE_MESSAGE_IN_KAFKA_TOPIC test_topic_out
19:26:34.899 [pool-9-thread-2] INFO  r.m.l.rpks.impl.ReaderFromKafka - CONSUMER_SETTINGS:ConsumerSettings(bootstrapServers=PLAINTEXT://localhost:57960, groupId=test_group_consumer, autoOffsetReset=earliest, topicIn=test_topic_in, updateIntervalSec=100)
19:26:34.899 [pool-9-thread-2] INFO  r.m.l.rpks.impl.ReaderFromKafka - KAFKA_CONSUMER_START_READING_FROM_TOPIC test_topic_in
19:26:34.960 [pool-8-thread-1] INFO  r.mai.lessons.rpks.impl.ReaderFromDB - HIKARY_CREATE
19:26:34.960 [pool-8-thread-1] INFO  r.mai.lessons.rpks.impl.ReaderFromDB - CONTEXT_MADE
19:26:35.023 [pool-8-thread-1] INFO  r.mai.lessons.rpks.impl.ReaderFromDB - RULLES_CREATE:1
19:26:35.024 [pool-8-thread-1] INFO  r.mai.lessons.rpks.impl.ReaderFromDB - FIND_RULE:Rule(filterId=1, ruleId=1, fieldName=name, filterFunctionName=contains, filterValue=alexander)
19:26:35.024 [pool-8-thread-1] INFO  r.mai.lessons.rpks.impl.ReaderFromDB - MAKE_RULES_FROM_DB
19:26:35.038 [pool-8-thread-1] INFO  r.m.l.rpks.impl.ServiceFiltering - ADD_RULE
19:26:35.524 [pool-8-thread-2] INFO  ru.mai.lessons.rpks.ServiceTest - Remaining attempts 10
19:26:35.727 [pool-9-thread-2] INFO  r.m.l.rpks.impl.ReaderFromKafka - MASSAGE_FROM_KAFKA_TOPIC test_topic_in : {"name":null, "sex":"M"}
19:26:35.727 [pool-9-thread-2] INFO  r.m.l.rpks.impl.ReaderFromKafka - MASSAGE_FROM_KAFKA_TOPIC test_topic_in : {"name":null, "sex":"M"}
19:26:35.727 [pool-9-thread-2] INFO  r.m.l.rpks.impl.ReaderFromKafka - MASSAGE_FROM_KAFKA_TOPIC test_topic_in : {"name":"alex", "age":null, "sex":"M"}
19:26:35.727 [pool-9-thread-2] INFO  r.m.l.rpks.impl.ReaderFromKafka - MASSAGE_FROM_KAFKA_TOPIC test_topic_in : {"name":"alex", "age":null, "sex":"M"}
19:26:35.727 [pool-9-thread-2] INFO  r.m.l.rpks.impl.ReaderFromKafka - MASSAGE_FROM_KAFKA_TOPIC test_topic_in : 
19:26:35.727 [pool-9-thread-2] INFO  r.m.l.rpks.impl.ReaderFromKafka - MASSAGE_FROM_KAFKA_TOPIC test_topic_in : 
19:26:35.727 [pool-9-thread-2] INFO  r.m.l.rpks.impl.ReaderFromKafka - MASSAGE_FROM_KAFKA_TOPIC test_topic_in : {"name":"alex_ivanov", "age":18, "sex":"M"}
19:26:35.727 [pool-9-thread-2] INFO  r.m.l.rpks.impl.ReaderFromKafka - MASSAGE_FROM_KAFKA_TOPIC test_topic_in : {"name":"alex_ivanov", "age":18, "sex":"M"}
19:26:35.727 [pool-9-thread-2] INFO  r.m.l.rpks.impl.ReaderFromKafka - MASSAGE_FROM_KAFKA_TOPIC test_topic_in : {"age":17, "sex":"M"}
19:26:35.727 [pool-9-thread-2] INFO  r.m.l.rpks.impl.ReaderFromKafka - MASSAGE_FROM_KAFKA_TOPIC test_topic_in : {"age":17, "sex":"M"}
19:26:35.727 [pool-9-thread-2] INFO  r.m.l.rpks.impl.ReaderFromKafka - MASSAGE_FROM_KAFKA_TOPIC test_topic_in : {"name":"pushkin", "age":19, "sex":"M"}
19:26:35.727 [pool-9-thread-2] INFO  r.m.l.rpks.impl.ReaderFromKafka - MASSAGE_FROM_KAFKA_TOPIC test_topic_in : {"name":"pushkin", "age":19, "sex":"M"}
19:26:35.727 [pool-9-thread-2] INFO  r.m.l.rpks.impl.ReaderFromKafka - MASSAGE_FROM_KAFKA_TOPIC test_topic_in : {"name":"", "age":"", "sex":"M"}
19:26:35.727 [pool-9-thread-2] INFO  r.m.l.rpks.impl.ReaderFromKafka - MASSAGE_FROM_KAFKA_TOPIC test_topic_in : {"name":"", "age":"", "sex":"M"}
19:26:35.727 [pool-9-thread-2] INFO  r.m.l.rpks.impl.ReaderFromKafka - MASSAGE_FROM_KAFKA_TOPIC test_topic_in : {"name":, "age":, "sex":"M"}
19:26:35.727 [pool-9-thread-2] INFO  r.m.l.rpks.impl.ReaderFromKafka - MASSAGE_FROM_KAFKA_TOPIC test_topic_in : {"name":, "age":, "sex":"M"}
19:26:35.727 [pool-9-thread-2] INFO  r.m.l.rpks.impl.ReaderFromKafka - MASSAGE_FROM_KAFKA_TOPIC test_topic_in : {"name":"alexander", "age":18, "sex":"M"}
19:26:35.727 [pool-9-thread-2] INFO  r.m.l.rpks.impl.ReaderFromKafka - MASSAGE_FROM_KAFKA_TOPIC test_topic_in : {"name":"alexander", "age":18, "sex":"M"}
19:26:35.727 [pool-9-thread-1] INFO  r.m.lessons.rpks.impl.WriterToKafka - KAFKA_PRODUCER_START_PROCESSING_MASSAGE: {"name":null, "sex":"M"}
19:26:35.728 [pool-9-thread-1] INFO  r.m.lessons.rpks.impl.WriterToKafka - KAFKA_PRODUCER_END_PROCESSING_MASSAGE: {"name":null, "sex":"M"}
19:26:35.728 [pool-9-thread-1] INFO  r.m.lessons.rpks.impl.WriterToKafka - KAFKA_PRODUCER_START_PROCESSING_MASSAGE: {"name":"alex", "age":null, "sex":"M"}
19:26:35.728 [pool-9-thread-1] INFO  r.m.l.rpks.impl.ProcessorOfRule - jsonValueOfname: alex
19:26:35.729 [pool-9-thread-1] INFO  r.m.l.rpks.impl.ProcessorOfRule - CONTAINS:
19:26:35.729 [pool-9-thread-1] INFO  r.m.lessons.rpks.impl.WriterToKafka - KAFKA_PRODUCER_END_PROCESSING_MASSAGE: {"name":"alex", "age":null, "sex":"M"}
19:26:35.729 [pool-9-thread-1] INFO  r.m.lessons.rpks.impl.WriterToKafka - KAFKA_PRODUCER_START_PROCESSING_MASSAGE: 
19:26:35.730 [pool-9-thread-1] WARN  r.m.lessons.rpks.impl.WriterToKafka - NOT_CORRECT_MASSAGE:
19:26:35.730 [pool-9-thread-1] INFO  r.m.lessons.rpks.impl.WriterToKafka - KAFKA_PRODUCER_END_PROCESSING_MASSAGE: 
19:26:35.730 [pool-9-thread-1] INFO  r.m.lessons.rpks.impl.WriterToKafka - KAFKA_PRODUCER_START_PROCESSING_MASSAGE: {"name":"alex_ivanov", "age":18, "sex":"M"}
19:26:35.732 [pool-9-thread-1] INFO  r.m.l.rpks.impl.ProcessorOfRule - jsonValueOfname: alex_ivanov
19:26:35.733 [pool-9-thread-1] INFO  r.m.l.rpks.impl.ProcessorOfRule - CONTAINS:
19:26:35.733 [pool-9-thread-1] INFO  r.m.lessons.rpks.impl.WriterToKafka - KAFKA_PRODUCER_END_PROCESSING_MASSAGE: {"name":"alex_ivanov", "age":18, "sex":"M"}
19:26:35.733 [pool-9-thread-1] INFO  r.m.lessons.rpks.impl.WriterToKafka - KAFKA_PRODUCER_START_PROCESSING_MASSAGE: {"age":17, "sex":"M"}
19:26:35.734 [pool-9-thread-1] INFO  r.m.lessons.rpks.impl.WriterToKafka - KAFKA_PRODUCER_END_PROCESSING_MASSAGE: {"age":17, "sex":"M"}
19:26:35.734 [pool-9-thread-1] INFO  r.m.lessons.rpks.impl.WriterToKafka - KAFKA_PRODUCER_START_PROCESSING_MASSAGE: {"name":"pushkin", "age":19, "sex":"M"}
19:26:35.735 [pool-9-thread-1] INFO  r.m.l.rpks.impl.ProcessorOfRule - jsonValueOfname: pushkin
19:26:35.735 [pool-9-thread-1] INFO  r.m.l.rpks.impl.ProcessorOfRule - CONTAINS:
19:26:35.735 [pool-9-thread-1] INFO  r.m.lessons.rpks.impl.WriterToKafka - KAFKA_PRODUCER_END_PROCESSING_MASSAGE: {"name":"pushkin", "age":19, "sex":"M"}
19:26:35.735 [pool-9-thread-1] INFO  r.m.lessons.rpks.impl.WriterToKafka - KAFKA_PRODUCER_START_PROCESSING_MASSAGE: {"name":"", "age":"", "sex":"M"}
19:26:35.735 [pool-9-thread-1] INFO  r.m.l.rpks.impl.ProcessorOfRule - jsonValueOfname: 
19:26:35.735 [pool-9-thread-1] INFO  r.m.l.rpks.impl.ProcessorOfRule - CONTAINS:
19:26:35.735 [pool-9-thread-1] INFO  r.m.lessons.rpks.impl.WriterToKafka - KAFKA_PRODUCER_END_PROCESSING_MASSAGE: {"name":"", "age":"", "sex":"M"}
19:26:35.735 [pool-9-thread-1] INFO  r.m.lessons.rpks.impl.WriterToKafka - KAFKA_PRODUCER_START_PROCESSING_MASSAGE: {"name":, "age":, "sex":"M"}
19:26:35.736 [pool-9-thread-1] INFO  r.m.lessons.rpks.impl.WriterToKafka - KAFKA_PRODUCER_END_PROCESSING_MASSAGE: {"name":, "age":, "sex":"M"}
19:26:35.736 [pool-9-thread-1] INFO  r.m.lessons.rpks.impl.WriterToKafka - KAFKA_PRODUCER_START_PROCESSING_MASSAGE: {"name":"alexander", "age":18, "sex":"M"}
19:26:35.736 [pool-9-thread-1] INFO  r.m.l.rpks.impl.ProcessorOfRule - jsonValueOfname: alexander
19:26:35.736 [pool-9-thread-1] INFO  r.m.l.rpks.impl.ProcessorOfRule - CONTAINS:
19:26:35.736 [pool-9-thread-1] INFO  r.m.lessons.rpks.impl.WriterToKafka - KAFKA_PRODUCER_END_PROCESSING_MASSAGE: {"name":"alexander", "age":18, "sex":"M"}
19:26:35.755 [pool-9-thread-1] INFO  r.m.lessons.rpks.impl.WriterToKafka - KAFKA_PRODUCER_SEND_MASSAGE: {"name":"alexander", "age":18, "sex":"M"}
19:26:36.551 [pool-8-thread-2] INFO  ru.mai.lessons.rpks.ServiceTest - Read messages 1
19:26:36.551 [Test worker] INFO  ru.mai.lessons.rpks.ServiceTest - Create filtering rule 1
19:26:36.559 [Test worker] INFO  ru.mai.lessons.rpks.ServiceTest - Check rule from DB
19:26:36.564 [Test worker] INFO  ru.mai.lessons.rpks.ServiceTest - Wait until application updated rules from DB
19:26:45.042 [pool-8-thread-1] INFO  r.mai.lessons.rpks.impl.ReaderFromDB - HIKARY_CREATE
19:26:45.071 [pool-8-thread-1] INFO  r.mai.lessons.rpks.impl.ReaderFromDB - HIKARY_CREATE
19:26:45.071 [pool-8-thread-1] INFO  r.mai.lessons.rpks.impl.ReaderFromDB - CONTEXT_MADE
19:26:45.086 [pool-8-thread-1] INFO  r.mai.lessons.rpks.impl.ReaderFromDB - RULLES_CREATE:2
19:26:45.087 [pool-8-thread-1] INFO  r.mai.lessons.rpks.impl.ReaderFromDB - FIND_RULE:Rule(filterId=1, ruleId=1, fieldName=name, filterFunctionName=contains, filterValue=alexander)
19:26:45.087 [pool-8-thread-1] INFO  r.mai.lessons.rpks.impl.ReaderFromDB - FIND_RULE:Rule(filterId=1, ruleId=2, fieldName=age, filterFunctionName=equals, filterValue=18)
19:26:45.087 [pool-8-thread-1] INFO  r.mai.lessons.rpks.impl.ReaderFromDB - MAKE_RULES_FROM_DB
19:26:45.088 [pool-8-thread-1] INFO  r.m.l.rpks.impl.ServiceFiltering - ADD_RULE
19:26:55.088 [pool-8-thread-1] INFO  r.mai.lessons.rpks.impl.ReaderFromDB - HIKARY_CREATE
19:26:55.116 [pool-8-thread-1] INFO  r.mai.lessons.rpks.impl.ReaderFromDB - HIKARY_CREATE
19:26:55.116 [pool-8-thread-1] INFO  r.mai.lessons.rpks.impl.ReaderFromDB - CONTEXT_MADE
19:26:55.130 [pool-8-thread-1] INFO  r.mai.lessons.rpks.impl.ReaderFromDB - RULLES_CREATE:2
19:26:55.130 [pool-8-thread-1] INFO  r.mai.lessons.rpks.impl.ReaderFromDB - FIND_RULE:Rule(filterId=1, ruleId=1, fieldName=name, filterFunctionName=contains, filterValue=alexander)
19:26:55.130 [pool-8-thread-1] INFO  r.mai.lessons.rpks.impl.ReaderFromDB - FIND_RULE:Rule(filterId=1, ruleId=2, fieldName=age, filterFunctionName=equals, filterValue=18)
19:26:55.130 [pool-8-thread-1] INFO  r.mai.lessons.rpks.impl.ReaderFromDB - MAKE_RULES_FROM_DB
19:26:55.131 [pool-8-thread-1] INFO  r.m.l.rpks.impl.ServiceFiltering - ADD_RULE
19:26:56.579 [pool-9-thread-2] INFO  r.m.l.rpks.impl.ReaderFromKafka - MASSAGE_FROM_KAFKA_TOPIC test_topic_in : {"name":null, "sex":"M"}
19:26:56.580 [pool-9-thread-2] INFO  r.m.l.rpks.impl.ReaderFromKafka - MASSAGE_FROM_KAFKA_TOPIC test_topic_in : {"name":null, "sex":"M"}
19:26:56.580 [pool-9-thread-1] INFO  r.m.lessons.rpks.impl.WriterToKafka - KAFKA_PRODUCER_START_PROCESSING_MASSAGE: {"name":null, "sex":"M"}
19:26:56.580 [pool-9-thread-1] INFO  r.m.lessons.rpks.impl.WriterToKafka - KAFKA_PRODUCER_END_PROCESSING_MASSAGE: {"name":null, "sex":"M"}
19:26:56.586 [pool-9-thread-2] INFO  r.m.l.rpks.impl.ReaderFromKafka - MASSAGE_FROM_KAFKA_TOPIC test_topic_in : {"name":"alex", "age":null, "sex":"M"}
19:26:56.586 [pool-9-thread-2] INFO  r.m.l.rpks.impl.ReaderFromKafka - MASSAGE_FROM_KAFKA_TOPIC test_topic_in : {"name":"alex", "age":null, "sex":"M"}
19:26:56.587 [pool-9-thread-1] INFO  r.m.lessons.rpks.impl.WriterToKafka - KAFKA_PRODUCER_START_PROCESSING_MASSAGE: {"name":"alex", "age":null, "sex":"M"}
19:26:56.587 [pool-9-thread-1] INFO  r.m.l.rpks.impl.ProcessorOfRule - jsonValueOfname: alex
19:26:56.587 [pool-9-thread-1] INFO  r.m.l.rpks.impl.ProcessorOfRule - CONTAINS:
19:26:56.587 [pool-9-thread-1] INFO  r.m.lessons.rpks.impl.WriterToKafka - KAFKA_PRODUCER_END_PROCESSING_MASSAGE: {"name":"alex", "age":null, "sex":"M"}
19:26:56.598 [pool-9-thread-2] INFO  r.m.l.rpks.impl.ReaderFromKafka - MASSAGE_FROM_KAFKA_TOPIC test_topic_in : 
19:26:56.598 [pool-9-thread-1] INFO  r.m.lessons.rpks.impl.WriterToKafka - KAFKA_PRODUCER_START_PROCESSING_MASSAGE: 
19:26:56.598 [pool-9-thread-2] INFO  r.m.l.rpks.impl.ReaderFromKafka - MASSAGE_FROM_KAFKA_TOPIC test_topic_in : 
19:26:56.598 [pool-9-thread-1] WARN  r.m.lessons.rpks.impl.WriterToKafka - NOT_CORRECT_MASSAGE:
19:26:56.598 [pool-9-thread-1] INFO  r.m.lessons.rpks.impl.WriterToKafka - KAFKA_PRODUCER_END_PROCESSING_MASSAGE: 
19:26:56.606 [pool-9-thread-2] INFO  r.m.l.rpks.impl.ReaderFromKafka - MASSAGE_FROM_KAFKA_TOPIC test_topic_in : {"name":"alex_ivanov", "age":18, "sex":"M"}
19:26:56.607 [pool-9-thread-1] INFO  r.m.lessons.rpks.impl.WriterToKafka - KAFKA_PRODUCER_START_PROCESSING_MASSAGE: {"name":"alex_ivanov", "age":18, "sex":"M"}
19:26:56.607 [pool-9-thread-2] INFO  r.m.l.rpks.impl.ReaderFromKafka - MASSAGE_FROM_KAFKA_TOPIC test_topic_in : {"name":"alex_ivanov", "age":18, "sex":"M"}
19:26:56.607 [pool-9-thread-1] INFO  r.m.l.rpks.impl.ProcessorOfRule - jsonValueOfname: alex_ivanov
19:26:56.607 [pool-9-thread-1] INFO  r.m.l.rpks.impl.ProcessorOfRule - CONTAINS:
19:26:56.607 [pool-9-thread-1] INFO  r.m.lessons.rpks.impl.WriterToKafka - KAFKA_PRODUCER_END_PROCESSING_MASSAGE: {"name":"alex_ivanov", "age":18, "sex":"M"}
19:26:56.614 [pool-9-thread-2] INFO  r.m.l.rpks.impl.ReaderFromKafka - MASSAGE_FROM_KAFKA_TOPIC test_topic_in : {"age":17, "sex":"M"}
19:26:56.614 [pool-9-thread-2] INFO  r.m.l.rpks.impl.ReaderFromKafka - MASSAGE_FROM_KAFKA_TOPIC test_topic_in : {"age":17, "sex":"M"}
19:26:56.614 [pool-9-thread-1] INFO  r.m.lessons.rpks.impl.WriterToKafka - KAFKA_PRODUCER_START_PROCESSING_MASSAGE: {"age":17, "sex":"M"}
19:26:56.614 [pool-9-thread-1] INFO  r.m.lessons.rpks.impl.WriterToKafka - KAFKA_PRODUCER_END_PROCESSING_MASSAGE: {"age":17, "sex":"M"}
19:26:56.621 [pool-9-thread-2] INFO  r.m.l.rpks.impl.ReaderFromKafka - MASSAGE_FROM_KAFKA_TOPIC test_topic_in : {"name":"pushkin", "age":19, "sex":"M"}
19:26:56.622 [pool-9-thread-2] INFO  r.m.l.rpks.impl.ReaderFromKafka - MASSAGE_FROM_KAFKA_TOPIC test_topic_in : {"name":"pushkin", "age":19, "sex":"M"}
19:26:56.622 [pool-9-thread-1] INFO  r.m.lessons.rpks.impl.WriterToKafka - KAFKA_PRODUCER_START_PROCESSING_MASSAGE: {"name":"pushkin", "age":19, "sex":"M"}
19:26:56.622 [pool-9-thread-1] INFO  r.m.l.rpks.impl.ProcessorOfRule - jsonValueOfname: pushkin
19:26:56.622 [pool-9-thread-1] INFO  r.m.l.rpks.impl.ProcessorOfRule - CONTAINS:
19:26:56.622 [pool-9-thread-1] INFO  r.m.lessons.rpks.impl.WriterToKafka - KAFKA_PRODUCER_END_PROCESSING_MASSAGE: {"name":"pushkin", "age":19, "sex":"M"}
19:26:56.628 [pool-9-thread-2] INFO  r.m.l.rpks.impl.ReaderFromKafka - MASSAGE_FROM_KAFKA_TOPIC test_topic_in : {"name":"", "age":"", "sex":"M"}
19:26:56.628 [pool-9-thread-2] INFO  r.m.l.rpks.impl.ReaderFromKafka - MASSAGE_FROM_KAFKA_TOPIC test_topic_in : {"name":"", "age":"", "sex":"M"}
19:26:56.628 [pool-9-thread-1] INFO  r.m.lessons.rpks.impl.WriterToKafka - KAFKA_PRODUCER_START_PROCESSING_MASSAGE: {"name":"", "age":"", "sex":"M"}
19:26:56.628 [pool-9-thread-1] INFO  r.m.l.rpks.impl.ProcessorOfRule - jsonValueOfname: 
19:26:56.628 [pool-9-thread-1] INFO  r.m.l.rpks.impl.ProcessorOfRule - CONTAINS:
19:26:56.628 [pool-9-thread-1] INFO  r.m.lessons.rpks.impl.WriterToKafka - KAFKA_PRODUCER_END_PROCESSING_MASSAGE: {"name":"", "age":"", "sex":"M"}
19:26:56.634 [pool-9-thread-2] INFO  r.m.l.rpks.impl.ReaderFromKafka - MASSAGE_FROM_KAFKA_TOPIC test_topic_in : {"name":, "age":, "sex":"M"}
19:26:56.634 [pool-9-thread-2] INFO  r.m.l.rpks.impl.ReaderFromKafka - MASSAGE_FROM_KAFKA_TOPIC test_topic_in : {"name":, "age":, "sex":"M"}
19:26:56.634 [pool-9-thread-1] INFO  r.m.lessons.rpks.impl.WriterToKafka - KAFKA_PRODUCER_START_PROCESSING_MASSAGE: {"name":, "age":, "sex":"M"}
19:26:56.634 [pool-9-thread-1] INFO  r.m.lessons.rpks.impl.WriterToKafka - KAFKA_PRODUCER_END_PROCESSING_MASSAGE: {"name":, "age":, "sex":"M"}
19:26:56.640 [pool-9-thread-2] INFO  r.m.l.rpks.impl.ReaderFromKafka - MASSAGE_FROM_KAFKA_TOPIC test_topic_in : {"name":"alexander", "age":18, "sex":"M"}
19:26:56.641 [pool-9-thread-2] INFO  r.m.l.rpks.impl.ReaderFromKafka - MASSAGE_FROM_KAFKA_TOPIC test_topic_in : {"name":"alexander", "age":18, "sex":"M"}
19:26:56.641 [pool-9-thread-1] INFO  r.m.lessons.rpks.impl.WriterToKafka - KAFKA_PRODUCER_START_PROCESSING_MASSAGE: {"name":"alexander", "age":18, "sex":"M"}
19:26:56.641 [pool-9-thread-1] INFO  r.m.l.rpks.impl.ProcessorOfRule - jsonValueOfname: alexander
19:26:56.641 [pool-9-thread-1] INFO  r.m.l.rpks.impl.ProcessorOfRule - CONTAINS:
19:26:56.641 [pool-9-thread-1] INFO  r.m.l.rpks.impl.ProcessorOfRule - jsonValueOfage: 18
19:26:56.641 [pool-9-thread-1] INFO  r.m.l.rpks.impl.ProcessorOfRule - EQUALS:
19:26:56.641 [pool-9-thread-1] INFO  r.m.lessons.rpks.impl.WriterToKafka - KAFKA_PRODUCER_END_PROCESSING_MASSAGE: {"name":"alexander", "age":18, "sex":"M"}
19:26:56.642 [pool-9-thread-1] INFO  r.m.lessons.rpks.impl.WriterToKafka - KAFKA_PRODUCER_SEND_MASSAGE: {"name":"alexander", "age":18, "sex":"M"}
19:26:56.650 [pool-8-thread-2] INFO  ru.mai.lessons.rpks.ServiceTest - Read messages 1
19:26:56.650 [pool-8-thread-1] WARN  r.m.l.rpks.impl.ServiceFiltering - CANT_SLEEP:sleep interrupted
19:26:56.650 [pool-8-thread-1] INFO  r.mai.lessons.rpks.impl.ReaderFromDB - HIKARY_CREATE
19:26:56.705 [pool-8-thread-1] INFO  r.mai.lessons.rpks.impl.ReaderFromDB - HIKARY_CREATE
19:26:56.705 [pool-8-thread-1] INFO  r.mai.lessons.rpks.impl.ReaderFromDB - CONTEXT_MADE
19:26:56.756 [pool-8-thread-1] INFO  r.mai.lessons.rpks.impl.ReaderFromDB - RULLES_CREATE:0
19:26:56.756 [pool-8-thread-1] INFO  r.mai.lessons.rpks.impl.ReaderFromDB - MAKE_RULES_FROM_DB
19:26:56.756 [pool-8-thread-1] INFO  r.m.l.rpks.impl.ServiceFiltering - ADD_RULE
19:26:56.756 [pool-8-thread-1] WARN  r.m.l.rpks.impl.ServiceFiltering - CANT_SLEEP:sleep interrupted
19:26:56.756 [pool-8-thread-1] INFO  r.mai.lessons.rpks.impl.ReaderFromDB - HIKARY_CREATE
19:26:56.803 [pool-8-thread-1] INFO  r.mai.lessons.rpks.impl.ReaderFromDB - HIKARY_CREATE
19:26:56.803 [pool-8-thread-1] INFO  r.mai.lessons.rpks.impl.ReaderFromDB - CONTEXT_MADE
19:26:56.822 [pool-8-thread-1] INFO  r.mai.lessons.rpks.impl.ReaderFromDB - RULLES_CREATE:0
19:26:56.822 [pool-8-thread-1] INFO  r.mai.lessons.rpks.impl.ReaderFromDB - MAKE_RULES_FROM_DB
19:26:56.822 [pool-8-thread-1] INFO  r.m.l.rpks.impl.ServiceFiltering - ADD_RULE
19:26:56.822 [pool-8-thread-1] WARN  r.m.l.rpks.impl.ServiceFiltering - CANT_SLEEP:sleep interrupted
19:26:56.822 [pool-8-thread-1] INFO  r.mai.lessons.rpks.impl.ReaderFromDB - HIKARY_CREATE
19:26:56.900 [pool-8-thread-1] INFO  r.mai.lessons.rpks.impl.ReaderFromDB - HIKARY_CREATE
19:26:56.900 [pool-8-thread-1] INFO  r.mai.lessons.rpks.impl.ReaderFromDB - CONTEXT_MADE
19:26:56.924 [pool-8-thread-1] INFO  r.mai.lessons.rpks.impl.ReaderFromDB - RULLES_CREATE:0
19:26:56.924 [pool-8-thread-1] INFO  r.mai.lessons.rpks.impl.ReaderFromDB - MAKE_RULES_FROM_DB
19:26:56.926 [pool-8-thread-1] INFO  r.m.l.rpks.impl.ServiceFiltering - ADD_RULE
19:26:56.926 [pool-8-thread-1] WARN  r.m.l.rpks.impl.ServiceFiltering - CANT_SLEEP:sleep interrupted
19:26:56.926 [pool-8-thread-1] INFO  r.mai.lessons.rpks.impl.ReaderFromDB - HIKARY_CREATE
19:26:56.966 [pool-8-thread-1] INFO  r.mai.lessons.rpks.impl.ReaderFromDB - HIKARY_CREATE
19:26:56.966 [pool-8-thread-1] INFO  r.mai.lessons.rpks.impl.ReaderFromDB - CONTEXT_MADE
19:26:56.979 [pool-8-thread-1] INFO  r.mai.lessons.rpks.impl.ReaderFromDB - RULLES_CREATE:0
19:26:56.979 [pool-8-thread-1] INFO  r.mai.lessons.rpks.impl.ReaderFromDB - MAKE_RULES_FROM_DB
19:26:56.979 [pool-8-thread-1] INFO  r.m.l.rpks.impl.ServiceFiltering - ADD_RULE
19:26:56.979 [pool-8-thread-1] WARN  r.m.l.rpks.impl.ServiceFiltering - CANT_SLEEP:sleep interrupted
19:26:56.979 [pool-8-thread-1] INFO  r.mai.lessons.rpks.impl.ReaderFromDB - HIKARY_CREATE
19:26:57.011 [pool-8-thread-1] INFO  r.mai.lessons.rpks.impl.ReaderFromDB - HIKARY_CREATE
19:26:57.011 [pool-8-thread-1] INFO  r.mai.lessons.rpks.impl.ReaderFromDB - CONTEXT_MADE
19:26:57.032 [pool-8-thread-1] INFO  r.mai.lessons.rpks.impl.ReaderFromDB - RULLES_CREATE:0
19:26:57.032 [pool-8-thread-1] INFO  r.mai.lessons.rpks.impl.ReaderFromDB - MAKE_RULES_FROM_DB
19:26:57.032 [pool-8-thread-1] INFO  r.m.l.rpks.impl.ServiceFiltering - ADD_RULE
19:26:57.032 [pool-8-thread-1] WARN  r.m.l.rpks.impl.ServiceFiltering - CANT_SLEEP:sleep interrupted
19:26:57.032 [pool-8-thread-1] INFO  r.mai.lessons.rpks.impl.ReaderFromDB - HIKARY_CREATE
19:26:57.066 [pool-8-thread-1] INFO  r.mai.lessons.rpks.impl.ReaderFromDB - HIKARY_CREATE
19:26:57.066 [pool-8-thread-1] INFO  r.mai.lessons.rpks.impl.ReaderFromDB - CONTEXT_MADE
19:26:57.080 [pool-8-thread-1] INFO  r.mai.lessons.rpks.impl.ReaderFromDB - RULLES_CREATE:0
19:26:57.081 [pool-8-thread-1] INFO  r.mai.lessons.rpks.impl.ReaderFromDB - MAKE_RULES_FROM_DB
19:26:57.081 [pool-8-thread-1] INFO  r.m.l.rpks.impl.ServiceFiltering - ADD_RULE
19:26:57.081 [pool-8-thread-1] WARN  r.m.l.rpks.impl.ServiceFiltering - CANT_SLEEP:sleep interrupted
19:26:57.081 [pool-8-thread-1] INFO  r.mai.lessons.rpks.impl.ReaderFromDB - HIKARY_CREATE
19:26:57.109 [pool-8-thread-1] INFO  r.mai.lessons.rpks.impl.ReaderFromDB - HIKARY_CREATE
19:26:57.109 [pool-8-thread-1] INFO  r.mai.lessons.rpks.impl.ReaderFromDB - CONTEXT_MADE
19:26:57.137 [pool-8-thread-1] INFO  r.mai.lessons.rpks.impl.ReaderFromDB - RULLES_CREATE:0
19:26:57.137 [pool-8-thread-1] INFO  r.mai.lessons.rpks.impl.ReaderFromDB - MAKE_RULES_FROM_DB
19:26:57.138 [pool-8-thread-1] INFO  r.m.l.rpks.impl.ServiceFiltering - ADD_RULE
19:26:57.139 [pool-8-thread-1] WARN  r.m.l.rpks.impl.ServiceFiltering - CANT_SLEEP:sleep interrupted
19:26:57.139 [pool-8-thread-1] INFO  r.mai.lessons.rpks.impl.ReaderFromDB - HIKARY_CREATE
19:26:57.200 [pool-8-thread-1] INFO  r.mai.lessons.rpks.impl.ReaderFromDB - HIKARY_CREATE
19:26:57.200 [pool-8-thread-1] INFO  r.mai.lessons.rpks.impl.ReaderFromDB - CONTEXT_MADE
19:26:57.215 [pool-8-thread-1] INFO  r.mai.lessons.rpks.impl.ReaderFromDB - RULLES_CREATE:0
19:26:57.215 [pool-8-thread-1] INFO  r.mai.lessons.rpks.impl.ReaderFromDB - MAKE_RULES_FROM_DB
19:26:57.215 [pool-8-thread-1] INFO  r.m.l.rpks.impl.ServiceFiltering - ADD_RULE
19:26:57.215 [pool-8-thread-1] WARN  r.m.l.rpks.impl.ServiceFiltering - CANT_SLEEP:sleep interrupted
19:26:57.215 [pool-8-thread-1] INFO  r.mai.lessons.rpks.impl.ReaderFromDB - HIKARY_CREATE
19:26:57.245 [pool-8-thread-1] INFO  r.mai.lessons.rpks.impl.ReaderFromDB - HIKARY_CREATE
19:26:57.245 [pool-8-thread-1] INFO  r.mai.lessons.rpks.impl.ReaderFromDB - CONTEXT_MADE
19:26:57.259 [pool-8-thread-1] INFO  r.mai.lessons.rpks.impl.ReaderFromDB - RULLES_CREATE:0
19:26:57.259 [pool-8-thread-1] INFO  r.mai.lessons.rpks.impl.ReaderFromDB - MAKE_RULES_FROM_DB
19:26:57.260 [pool-8-thread-1] INFO  r.m.l.rpks.impl.ServiceFiltering - ADD_RULE
19:26:57.260 [pool-8-thread-1] WARN  r.m.l.rpks.impl.ServiceFiltering - CANT_SLEEP:sleep interrupted
19:26:57.260 [pool-8-thread-1] INFO  r.mai.lessons.rpks.impl.ReaderFromDB - HIKARY_CREATE
19:26:57.287 [pool-8-thread-1] INFO  r.mai.lessons.rpks.impl.ReaderFromDB - HIKARY_CREATE
19:26:57.287 [pool-8-thread-1] INFO  r.mai.lessons.rpks.impl.ReaderFromDB - CONTEXT_MADE
19:26:57.299 [pool-8-thread-1] INFO  r.mai.lessons.rpks.impl.ReaderFromDB - RULLES_CREATE:0
19:26:57.299 [pool-8-thread-1] INFO  r.mai.lessons.rpks.impl.ReaderFromDB - MAKE_RULES_FROM_DB
19:26:57.300 [pool-8-thread-1] INFO  r.m.l.rpks.impl.ServiceFiltering - ADD_RULE
19:26:57.300 [pool-8-thread-1] WARN  r.m.l.rpks.impl.ServiceFiltering - CANT_SLEEP:sleep interrupted
19:26:57.300 [pool-8-thread-1] INFO  r.mai.lessons.rpks.impl.ReaderFromDB - HIKARY_CREATE
19:26:57.332 [pool-8-thread-1] INFO  r.mai.lessons.rpks.impl.ReaderFromDB - HIKARY_CREATE
19:26:57.332 [pool-8-thread-1] INFO  r.mai.lessons.rpks.impl.ReaderFromDB - CONTEXT_MADE
19:26:57.354 [pool-8-thread-1] INFO  r.mai.lessons.rpks.impl.ReaderFromDB - RULLES_CREATE:0
19:26:57.354 [pool-8-thread-1] INFO  r.mai.lessons.rpks.impl.ReaderFromDB - MAKE_RULES_FROM_DB
19:26:57.356 [pool-8-thread-1] INFO  r.m.l.rpks.impl.ServiceFiltering - ADD_RULE
19:26:57.356 [pool-8-thread-1] WARN  r.m.l.rpks.impl.ServiceFiltering - CANT_SLEEP:sleep interrupted
19:26:57.356 [pool-8-thread-1] INFO  r.mai.lessons.rpks.impl.ReaderFromDB - HIKARY_CREATE
19:26:57.398 [pool-8-thread-1] INFO  r.mai.lessons.rpks.impl.ReaderFromDB - HIKARY_CREATE
19:26:57.398 [pool-8-thread-1] INFO  r.mai.lessons.rpks.impl.ReaderFromDB - CONTEXT_MADE
19:26:57.429 [pool-8-thread-1] INFO  r.mai.lessons.rpks.impl.ReaderFromDB - RULLES_CREATE:0
19:26:57.429 [pool-8-thread-1] INFO  r.mai.lessons.rpks.impl.ReaderFromDB - MAKE_RULES_FROM_DB
19:26:57.430 [pool-8-thread-1] INFO  r.m.l.rpks.impl.ServiceFiltering - ADD_RULE
19:26:57.430 [pool-8-thread-1] WARN  r.m.l.rpks.impl.ServiceFiltering - CANT_SLEEP:sleep interrupted
19:26:57.431 [pool-8-thread-1] INFO  r.mai.lessons.rpks.impl.ReaderFromDB - HIKARY_CREATE
19:26:57.518 [pool-8-thread-1] INFO  r.mai.lessons.rpks.impl.ReaderFromDB - HIKARY_CREATE
19:26:57.518 [pool-8-thread-1] INFO  r.mai.lessons.rpks.impl.ReaderFromDB - CONTEXT_MADE
19:26:57.536 [pool-8-thread-1] INFO  r.mai.lessons.rpks.impl.ReaderFromDB - RULLES_CREATE:0
19:26:57.536 [pool-8-thread-1] INFO  r.mai.lessons.rpks.impl.ReaderFromDB - MAKE_RULES_FROM_DB
19:26:57.536 [pool-8-thread-1] INFO  r.m.l.rpks.impl.ServiceFiltering - ADD_RULE
19:26:57.536 [pool-8-thread-1] WARN  r.m.l.rpks.impl.ServiceFiltering - CANT_SLEEP:sleep interrupted
19:26:57.537 [pool-8-thread-1] INFO  r.mai.lessons.rpks.impl.ReaderFromDB - HIKARY_CREATE
19:26:57.573 [pool-8-thread-1] ERROR com.zaxxer.hikari.pool.HikariPool - HikariPool-72 - Exception during pool initialization.
org.postgresql.util.PSQLException: Ошибка при попытке подсоединения.
	at org.postgresql.core.v3.ConnectionFactoryImpl.openConnectionImpl(ConnectionFactoryImpl.java:354)
	at org.postgresql.core.ConnectionFactory.openConnection(ConnectionFactory.java:54)
	at org.postgresql.jdbc.PgConnection.<init>(PgConnection.java:253)
	at org.postgresql.Driver.makeConnection(Driver.java:434)
	at org.postgresql.Driver.connect(Driver.java:291)
	at com.zaxxer.hikari.util.DriverDataSource.getConnection(DriverDataSource.java:138)
	at com.zaxxer.hikari.pool.PoolBase.newConnection(PoolBase.java:359)
	at com.zaxxer.hikari.pool.PoolBase.newPoolEntry(PoolBase.java:201)
	at com.zaxxer.hikari.pool.HikariPool.createPoolEntry(HikariPool.java:470)
	at com.zaxxer.hikari.pool.HikariPool.checkFailFast(HikariPool.java:561)
	at com.zaxxer.hikari.pool.HikariPool.<init>(HikariPool.java:100)
	at com.zaxxer.hikari.HikariDataSource.<init>(HikariDataSource.java:81)
	at ru.mai.lessons.rpks.impl.ReaderFromDB.readRulesFromDB(ReaderFromDB.java:29)
	at ru.mai.lessons.rpks.impl.ServiceFiltering.start(ServiceFiltering.java:43)
	at ru.mai.lessons.rpks.ServiceTest.lambda$testStartService$49(ServiceTest.java:1335)
	at java.base/java.util.concurrent.FutureTask.run(FutureTask.java:264)
	at java.base/java.util.concurrent.ThreadPoolExecutor.runWorker(ThreadPoolExecutor.java:1136)
	at java.base/java.util.concurrent.ThreadPoolExecutor$Worker.run(ThreadPoolExecutor.java:635)
	at java.base/java.lang.Thread.run(Thread.java:833)
Caused by: java.io.EOFException: null
	at org.postgresql.core.PGStream.receiveChar(PGStream.java:467)
	at org.postgresql.core.v3.ConnectionFactoryImpl.enableSSL(ConnectionFactoryImpl.java:589)
	at org.postgresql.core.v3.ConnectionFactoryImpl.tryConnect(ConnectionFactoryImpl.java:191)
	at org.postgresql.core.v3.ConnectionFactoryImpl.openConnectionImpl(ConnectionFactoryImpl.java:258)
	... 18 common frames omitted
19:27:21.807 [Test worker] INFO  ru.mai.lessons.rpks.ServiceTest - Topics: [(name=test_topic_in, numPartitions=3, replicationFactor=1, replicasAssignments=null, configs=null), (name=test_topic_out, numPartitions=3, replicationFactor=1, replicasAssignments=null, configs=null)], replica factor 1, partitions 3
19:27:21.871 [Test worker] INFO  ru.mai.lessons.rpks.ServiceTest - Topic not exist. Create topics [(name=test_topic_in, numPartitions=3, replicationFactor=1, replicasAssignments=null, configs=null), (name=test_topic_out, numPartitions=3, replicationFactor=1, replicasAssignments=null, configs=null)]
19:27:22.904 [Test worker] INFO  ru.mai.lessons.rpks.ServiceTest - Create filtering rule 1
19:27:22.934 [Test worker] INFO  ru.mai.lessons.rpks.ServiceTest - Check rule from DB
19:27:22.939 [Test worker] INFO  ru.mai.lessons.rpks.ServiceTest - Create filtering rule 1
19:27:22.978 [Test worker] INFO  ru.mai.lessons.rpks.ServiceTest - Check rule from DB
19:27:22.985 [pool-10-thread-1] INFO  r.m.l.rpks.impl.ServiceFiltering - CONFIG:Config(SimpleConfigObject({"application":{"updateIntervalSec":10},"com":{"zaxxer":{"hikari":{"pool_number":"1"}}},"db":{"driver":"org.postgresql.Driver","jdbcUrl":"jdbc:postgresql://localhost:58276/test_db?loggerLevel=OFF","password":"password","user":"user"},"file":{"encoding":"windows-1251","separator":"\\"},"java":{"class":{"path":"C:\\\\Users\\\\eliza\\\\.gradle\\\\caches\\\\7.5.1\\\\workerMain\\\\gradle-worker.jar;P:\\\\Projects\\\\JetBrains\\\\IntelliJIDEA\\\\RPKS_2\\\\git_Clone\\\\JavaServiceFiltering\\\\build\\\\classes\\\\java\\\\test;P:\\\\Projects\\\\JetBrains\\\\IntelliJIDEA\\\\RPKS_2\\\\git_Clone\\\\JavaServiceFiltering\\\\build\\\\resources\\\\test;P:\\\\Projects\\\\JetBrains\\\\IntelliJIDEA\\\\RPKS_2\\\\git_Clone\\\\JavaServiceFiltering\\\\build\\\\classes\\\\java\\\\main;P:\\\\Projects\\\\JetBrains\\\\IntelliJIDEA\\\\RPKS_2\\\\git_Clone\\\\JavaServiceFiltering\\\\build\\\\resources\\\\main;C:\\\\Users\\\\eliza\\\\.gradle\\\\caches\\\\modules-2\\\\files-2.1\\\\org.apache.kafka\\\\kafka-clients\\\\3.4.0\\\\69aebfca9da335f6617f9e5e7a4b45f16e8c86b5\\\\kafka-clients-3.4.0.jar;C:\\\\Users\\\\eliza\\\\.gradle\\\\caches\\\\modules-2\\\\files-2.1\\\\ch.qos.logback\\\\logback-classic\\\\1.4.5\\\\28e7dc0b208d6c3f15beefd73976e064b4ecfa9b\\\\logback-classic-1.4.5.jar;C:\\\\Users\\\\eliza\\\\.gradle\\\\caches\\\\modules-2\\\\files-2.1\\\\com.typesafe\\\\config\\\\1.4.2\\\\4c40a633e7994cfb0354244efb6d03fcb11c3ecf\\\\config-1.4.2.jar;C:\\\\Users\\\\eliza\\\\.gradle\\\\caches\\\\modules-2\\\\files-2.1\\\\org.postgresql\\\\postgresql\\\\42.5.4\\\\15015a54f15e340a9a8a6a2c5457429cb1176b8\\\\postgresql-42.5.4.jar;C:\\\\Users\\\\eliza\\\\.gradle\\\\caches\\\\modules-2\\\\files-2.1\\\\com.zaxxer\\\\HikariCP\\\\5.0.1\\\\a74c7f0a37046846e88d54f7cb6ea6d565c65f9c\\\\HikariCP-5.0.1.jar;C:\\\\Users\\\\eliza\\\\.gradle\\\\caches\\\\modules-2\\\\files-2.1\\\\org.jooq\\\\jooq\\\\3.17.8\\\\6add040365183a3c0a043e11c6069a46b992df39\\\\jooq-3.17.8.jar;C:\\\\Users\\\\eliza\\\\.gradle\\\\caches\\\\modules-2\\\\files-2.1\\\\org.testcontainers\\\\junit-jupiter\\\\1.17.6\\\\94e9894bc665909e208959390ea6540309ce231e\\\\junit-jupiter-1.17.6.jar;C:\\\\Users\\\\eliza\\\\.gradle\\\\caches\\\\modules-2\\\\files-2.1\\\\org.testcontainers\\\\kafka\\\\1.17.6\\\\1975b93708e99340690690177a9c7bbf5aabc823\\\\kafka-1.17.6.jar;C:\\\\Users\\\\eliza\\\\.gradle\\\\caches\\\\modules-2\\\\files-2.1\\\\org.testcontainers\\\\postgresql\\\\1.17.6\\\\cd8aba02d8d46159ab85535d34a1e4217322f9a5\\\\postgresql-1.17.6.jar;C:\\\\Users\\\\eliza\\\\.gradle\\\\caches\\\\modules-2\\\\files-2.1\\\\org.testcontainers\\\\jdbc\\\\1.17.6\\\\1510482e46f5f70909693fc695a2369751510785\\\\jdbc-1.17.6.jar;C:\\\\Users\\\\eliza\\\\.gradle\\\\caches\\\\modules-2\\\\files-2.1\\\\org.testcontainers\\\\database-commons\\\\1.17.6\\\\8a4cd2cda51c2cc3092b1c22f4ee8148be4db410\\\\database-commons-1.17.6.jar;C:\\\\Users\\\\eliza\\\\.gradle\\\\caches\\\\modules-2\\\\files-2.1\\\\org.testcontainers\\\\testcontainers\\\\1.17.6\\\\11b28972d2d8bddd5a7d3b6e21016fbe13bc8e8b\\\\testcontainers-1.17.6.jar;C:\\\\Users\\\\eliza\\\\.gradle\\\\caches\\\\modules-2\\\\files-2.1\\\\com.github.docker-java\\\\docker-java-api\\\\3.2.13\\\\5817ef8f770cb7e740d590090bf352df9491f3c1\\\\docker-java-api-3.2.13.jar;C:\\\\Users\\\\eliza\\\\.gradle\\\\caches\\\\modules-2\\\\files-2.1\\\\com.fasterxml.jackson.core\\\\jackson-annotations\\\\2.14.2\\\\a7aae9525864930723e3453ab799521fdfd9d873\\\\jackson-annotations-2.14.2.jar;C:\\\\Users\\\\eliza\\\\.gradle\\\\caches\\\\modules-2\\\\files-2.1\\\\com.fasterxml.jackson.core\\\\jackson-core\\\\2.14.2\\\\f804090e6399ce0cf78242db086017512dd71fcc\\\\jackson-core-2.14.2.jar;C:\\\\Users\\\\eliza\\\\.gradle\\\\caches\\\\modules-2\\\\files-2.1\\\\org.junit.jupiter\\\\junit-jupiter-engine\\\\5.9.1\\\\1bf771097bde296c3ab174861954e8aafaaf2e94\\\\junit-jupiter-engine-5.9.1.jar;C:\\\\Users\\\\eliza\\\\.gradle\\\\caches\\\\modules-2\\\\files-2.1\\\\org.junit.platform\\\\junit-platform-engine\\\\1.9.1\\\\83591e5089d6cea5f324aa3ecca9b19d5a275803\\\\junit-platform-engine-1.9.1.jar;C:\\\\Users\\\\eliza\\\\.gradle\\\\caches\\\\modules-2\\\\files-2.1\\\\org.junit.platform\\\\junit-platform-commons\\\\1.9.1\\\\3145f821b5cd10abcdc5f925baa5fffa6f1b628f\\\\junit-platform-commons-1.9.1.jar;C:\\\\Users\\\\eliza\\\\.gradle\\\\caches\\\\modules-2\\\\files-2.1\\\\org.junit.jupiter\\\\junit-jupiter-api\\\\5.9.1\\\\7bb53fbc0173e9f6a9d21d58297af94b1f2f9ce1\\\\junit-jupiter-api-5.9.1.jar;C:\\\\Users\\\\eliza\\\\.gradle\\\\caches\\\\modules-2\\\\files-2.1\\\\com.github.luben\\\\zstd-jni\\\\1.5.2-1\\\\fad786abc1d1b81570e8d9a2fc8a1ef479bc27b6\\\\zstd-jni-1.5.2-1.jar;C:\\\\Users\\\\eliza\\\\.gradle\\\\caches\\\\modules-2\\\\files-2.1\\\\org.lz4\\\\lz4-java\\\\1.8.0\\\\4b986a99445e49ea5fbf5d149c4b63f6ed6c6780\\\\lz4-java-1.8.0.jar;C:\\\\Users\\\\eliza\\\\.gradle\\\\caches\\\\modules-2\\\\files-2.1\\\\org.xerial.snappy\\\\snappy-java\\\\1.1.8.4\\\\66f0d56454509f6e36175f2331572e250e04a6cc\\\\snappy-java-1.1.8.4.jar;C:\\\\Users\\\\eliza\\\\.gradle\\\\caches\\\\modules-2\\\\files-2.1\\\\com.github.docker-java\\\\docker-java-transport-zerodep\\\\3.2.13\\\\4cbc2c09d6c264767a39624066987ed4a152bc68\\\\docker-java-transport-zerodep-3.2.13.jar;C:\\\\Users\\\\eliza\\\\.gradle\\\\caches\\\\modules-2\\\\files-2.1\\\\org.slf4j\\\\slf4j-api\\\\2.0.4\\\\30d5eb5360bd113ce96f9e49e3431993bbf1b247\\\\slf4j-api-2.0.4.jar;C:\\\\Users\\\\eliza\\\\.gradle\\\\caches\\\\modules-2\\\\files-2.1\\\\ch.qos.logback\\\\logback-core\\\\1.4.5\\\\e9bb2ea70f84401314da4300343b0a246c8954da\\\\logback-core-1.4.5.jar;C:\\\\Users\\\\eliza\\\\.gradle\\\\caches\\\\modules-2\\\\files-2.1\\\\org.checkerframework\\\\checker-qual\\\\3.5.0\\\\2f50520c8abea66fbd8d26e481d3aef5c673b510\\\\checker-qual-3.5.0.jar;C:\\\\Users\\\\eliza\\\\.gradle\\\\caches\\\\modules-2\\\\files-2.1\\\\io.r2dbc\\\\r2dbc-spi\\\\0.9.1.RELEASE\\\\689338f54890e6981d9d98d059c1a94007a0b809\\\\r2dbc-spi-0.9.1.RELEASE.jar;C:\\\\Users\\\\eliza\\\\.gradle\\\\caches\\\\modules-2\\\\files-2.1\\\\jakarta.xml.bind\\\\jakarta.xml.bind-api\\\\3.0.0\\\\9275db6e21287df61690989254a0b46d8d31e99a\\\\jakarta.xml.bind-api-3.0.0.jar;C:\\\\Users\\\\eliza\\\\.gradle\\\\caches\\\\modules-2\\\\files-2.1\\\\junit\\\\junit\\\\4.13.2\\\\8ac9e16d933b6fb43bc7f576336b8f4d7eb5ba12\\\\junit-4.13.2.jar;C:\\\\Users\\\\eliza\\\\.gradle\\\\caches\\\\modules-2\\\\files-2.1\\\\org.apache.commons\\\\commons-compress\\\\1.22\\\\691a8b4e6cf4248c3bc72c8b719337d5cb7359fa\\\\commons-compress-1.22.jar;C:\\\\Users\\\\eliza\\\\.gradle\\\\caches\\\\modules-2\\\\files-2.1\\\\org.rnorth.duct-tape\\\\duct-tape\\\\1.0.8\\\\92edc22a9ab2f3e17c9bf700aaee377d50e8b530\\\\duct-tape-1.0.8.jar;C:\\\\Users\\\\eliza\\\\.gradle\\\\caches\\\\modules-2\\\\files-2.1\\\\org.reactivestreams\\\\reactive-streams\\\\1.0.3\\\\d9fb7a7926ffa635b3dcaa5049fb2bfa25b3e7d0\\\\reactive-streams-1.0.3.jar;C:\\\\Users\\\\eliza\\\\.gradle\\\\caches\\\\modules-2\\\\files-2.1\\\\com.sun.activation\\\\jakarta.activation\\\\2.0.0\\\\f4e7519148dee347c7666f336210deedb8aca09d\\\\jakarta.activation-2.0.0.jar;C:\\\\Users\\\\eliza\\\\.gradle\\\\caches\\\\modules-2\\\\files-2.1\\\\org.hamcrest\\\\hamcrest-core\\\\1.3\\\\42a25dc3219429f0e5d060061f71acb49bf010a0\\\\hamcrest-core-1.3.jar;C:\\\\Users\\\\eliza\\\\.gradle\\\\caches\\\\modules-2\\\\files-2.1\\\\org.jetbrains\\\\annotations\\\\17.0.0\\\\8ceead41f4e71821919dbdb7a9847608f1a938cb\\\\annotations-17.0.0.jar;C:\\\\Users\\\\eliza\\\\.gradle\\\\caches\\\\modules-2\\\\files-2.1\\\\com.github.docker-java\\\\docker-java-transport\\\\3.2.13\\\\e9d308d1822181a9d48c99739f5eca014ec89199\\\\docker-java-transport-3.2.13.jar;C:\\\\Users\\\\eliza\\\\.gradle\\\\caches\\\\modules-2\\\\files-2.1\\\\net.java.dev.jna\\\\jna\\\\5.8.0\\\\3551d8d827e54858214107541d3aff9c615cb615\\\\jna-5.8.0.jar;C:\\\\Users\\\\eliza\\\\.gradle\\\\caches\\\\modules-2\\\\files-2.1\\\\org.opentest4j\\\\opentest4j\\\\1.2.0\\\\28c11eb91f9b6d8e200631d46e20a7f407f2a046\\\\opentest4j-1.2.0.jar","version":"62.0"},"home":"C:\\Users\\eliza\\.jdks\\openjdk-18.0.1.1","io":{"tmpdir":"C:\\Users\\eliza\\AppData\\Local\\Temp\\"},"library":{"path":"C:\\Users\\eliza\\.jdks\\openjdk-18.0.1.1\\bin;C:\\WINDOWS\\Sun\\Java\\bin;C:\\WINDOWS\\system32;C:\\WINDOWS;;;;C:\\Windows\\system32;C:\\Windows;C:\\Windows\\System32\\Wbem;C:\\Windows\\System32\\WindowsPowerShell\\v1.0\\;C:\\Windows\\System32\\OpenSSH\\;C:\\Program Files\\Microsoft SQL Server\\150\\Tools\\Binn\\;C:\\Program Files\\dotnet\\;C:\\Program Files\\Git\\cmd;C:\\Program Files\\Git\\mingw64\\bin;C:\\Program Files\\Git\\usr\\bin;P:\\Programs\\MySql\\bin;C:\\WINDOWS\\system32;C:\\WINDOWS;C:\\WINDOWS\\System32\\Wbem;C:\\WINDOWS\\System32\\WindowsPowerShell\\v1.0\\;C:\\WINDOWS\\System32\\OpenSSH\\;C:\\Program Files\\PowerShell\\7\\;C:\\Program Files\\Docker\\Docker\\resources\\bin;C:\\Users\\eliza\\AppData\\Local\\Programs\\Python\\Python38\\Scripts\\;C:\\Users\\eliza\\AppData\\Local\\Programs\\Python\\Python38\\;C:\\Users\\eliza\\AppData\\Local\\Microsoft\\WindowsApps;P:\\Programs\\JetBrains\\PyCharm 2022.1.3\\Program Files\\JetBrains\\PyCharm 2022.1.3\\bin;;P:\\Programs\\JetBrains\\IntelliJ IDEA 2023.1.2\\bin;;P:\\Programs\\JetBrains\\CLion 2022.2.4\\bin;;C:\\Users\\eliza\\.dotnet\\tools;C:\\texlive\\2022\\bin\\win32;P:\\Programs\\JetBrains\\Rider 2022.2.4\\bin;;C:\\ProgramData\\eliza\\GitHubDesktop\\bin;C:\\Users\\eliza\\AppData\\Local\\GitHubDesktop\\bin;P:\\Programs\\JetBrains\\DataGrip 2022.2.5\\bin;;;P:\\Programs\\JetBrains\\Gateway 2023.1\\JetBrains Gateway 2023.1\\bin;;."},"runtime":{"name":"OpenJDK Runtime Environment","version":"18.0.1.1+2-6"},"specification":{"name":"Java Platform API Specification","vendor":"Oracle Corporation","version":"18"},"vendor":{"url":{"bug":"https://bugreport.java.com/bugreport/"}},"version":"18.0.1.1","vm":{"compressedOopsMode":"32-bit","info":"mixed mode, sharing","name":"OpenJDK 64-Bit Server VM","specification":{"name":"Java Virtual Machine Specification","vendor":"Oracle Corporation","version":"18"},"vendor":"Oracle Corporation","version":"18.0.1.1+2-6"}},"jdk":{"debug":"release"},"kafka":{"consumer":{"auto":{"offset":{"reset":"earliest"}},"bootstrap":{"servers":"PLAINTEXT://localhost:58307"},"group":{"id":"test_group_consumer"},"topicIn":"test_topic_in"},"producer":{"bootstrap":{"servers":"PLAINTEXT://localhost:58307"},"topicOut":"test_topic_out"}},"line":{"separator":"\r\n"},"native":{"encoding":"Cp1251"},"org":{"gradle":{"internal":{"worker":{"tmpdir":"P:\\Projects\\JetBrains\\IntelliJIDEA\\RPKS_2\\git_Clone\\JavaServiceFiltering\\build\\tmp\\test\\work"}},"native":"false","test":{"worker":"38"}}},"os":{"arch":"amd64","name":"Windows 11","version":"10.0"},"path":{"separator":";"},"sun":{"arch":{"data":{"model":"64"}},"boot":{"library":{"path":"C:\\Users\\eliza\\.jdks\\openjdk-18.0.1.1\\bin"}},"cpu":{"endian":"little","isalist":"amd64"},"io":{"unicode":{"encoding":"UnicodeLittle"}},"java":{"command":"worker.org.gradle.process.internal.worker.GradleWorkerMain 'Gradle Test Executor 38'","launcher":"SUN_STANDARD"},"jnu":{"encoding":"Cp1251"},"management":{"compiler":"HotSpot 64-Bit Tiered Compilers"},"os":{"patch":{"level":""}}},"user":{"country":"RU","dir":"P:\\Projects\\JetBrains\\IntelliJIDEA\\RPKS_2\\git_Clone\\JavaServiceFiltering","home":"C:\\Users\\eliza","language":"ru","name":"eliza","script":"","timezone":"Europe/Moscow","variant":""}}))
19:27:22.986 [pool-10-thread-1] INFO  r.m.l.rpks.impl.ServiceFiltering - CONSUMER_SETTINGS_WAS_READ: ConsumerSettings(bootstrapServers=PLAINTEXT://localhost:58307, groupId=test_group_consumer, autoOffsetReset=earliest, topicIn=test_topic_in, updateIntervalSec=100)
19:27:22.986 [pool-10-thread-1] INFO  r.m.l.rpks.impl.ServiceFiltering - PRODUCER_SETTINGS_WAS_READ: ProducerSettings(bootstrapServers=PLAINTEXT://localhost:58307, topicOut=test_topic_out, updateIntervalSec=100)
19:27:22.986 [pool-10-thread-1] INFO  r.m.l.rpks.impl.ServiceFiltering - DB_SETTINGS_WAS_READ: DBSettings(jdbcUrl=jdbc:postgresql://localhost:58276/test_db?loggerLevel=OFF, user=user, password=password, driver=org.postgresql.Driver, tableName=filter_rules)
19:27:22.986 [pool-10-thread-1] INFO  r.mai.lessons.rpks.impl.ReaderFromDB - HIKARY_CREATE
19:27:22.992 [pool-11-thread-1] INFO  r.m.lessons.rpks.impl.WriterToKafka - START_WRITE_MESSAGE_IN_KAFKA_TOPIC test_topic_out
19:27:23.008 [pool-11-thread-2] INFO  r.m.l.rpks.impl.ReaderFromKafka - CONSUMER_SETTINGS:ConsumerSettings(bootstrapServers=PLAINTEXT://localhost:58307, groupId=test_group_consumer, autoOffsetReset=earliest, topicIn=test_topic_in, updateIntervalSec=100)
19:27:23.008 [pool-11-thread-2] INFO  r.m.l.rpks.impl.ReaderFromKafka - KAFKA_CONSUMER_START_READING_FROM_TOPIC test_topic_in
19:27:23.147 [pool-10-thread-1] INFO  r.mai.lessons.rpks.impl.ReaderFromDB - HIKARY_CREATE
19:27:23.147 [pool-10-thread-1] INFO  r.mai.lessons.rpks.impl.ReaderFromDB - CONTEXT_MADE
19:27:23.188 [pool-10-thread-1] INFO  r.mai.lessons.rpks.impl.ReaderFromDB - RULLES_CREATE:2
19:27:23.188 [pool-10-thread-1] INFO  r.mai.lessons.rpks.impl.ReaderFromDB - FIND_RULE:Rule(filterId=1, ruleId=1, fieldName=name, filterFunctionName=contains, filterValue=alexander)
19:27:23.188 [pool-10-thread-1] INFO  r.mai.lessons.rpks.impl.ReaderFromDB - FIND_RULE:Rule(filterId=1, ruleId=2, fieldName=name, filterFunctionName=not_contains, filterValue=ivanov)
19:27:23.188 [pool-10-thread-1] INFO  r.mai.lessons.rpks.impl.ReaderFromDB - MAKE_RULES_FROM_DB
19:27:23.202 [pool-10-thread-1] INFO  r.m.l.rpks.impl.ServiceFiltering - ADD_RULE
19:27:23.645 [pool-10-thread-2] INFO  ru.mai.lessons.rpks.ServiceTest - Remaining attempts 10
19:27:23.851 [pool-11-thread-2] INFO  r.m.l.rpks.impl.ReaderFromKafka - MASSAGE_FROM_KAFKA_TOPIC test_topic_in : {"name":"alexander_ivanov", "age":18, "sex":"M"}
19:27:23.851 [pool-11-thread-2] INFO  r.m.l.rpks.impl.ReaderFromKafka - MASSAGE_FROM_KAFKA_TOPIC test_topic_in : {"name":"alexander_ivanov", "age":18, "sex":"M"}
19:27:23.851 [pool-11-thread-2] INFO  r.m.l.rpks.impl.ReaderFromKafka - MASSAGE_FROM_KAFKA_TOPIC test_topic_in : {"name":null, "age":18, "sex":"M"}
19:27:23.851 [pool-11-thread-2] INFO  r.m.l.rpks.impl.ReaderFromKafka - MASSAGE_FROM_KAFKA_TOPIC test_topic_in : {"name":null, "age":18, "sex":"M"}
19:27:23.851 [pool-11-thread-1] INFO  r.m.lessons.rpks.impl.WriterToKafka - KAFKA_PRODUCER_START_PROCESSING_MASSAGE: {"name":"alexander_ivanov", "age":18, "sex":"M"}
19:27:23.851 [pool-11-thread-2] INFO  r.m.l.rpks.impl.ReaderFromKafka - MASSAGE_FROM_KAFKA_TOPIC test_topic_in : {"name":"pushkin", "age":18, "sex":"M"}
19:27:23.851 [pool-11-thread-2] INFO  r.m.l.rpks.impl.ReaderFromKafka - MASSAGE_FROM_KAFKA_TOPIC test_topic_in : {"name":"pushkin", "age":18, "sex":"M"}
19:27:23.851 [pool-11-thread-2] INFO  r.m.l.rpks.impl.ReaderFromKafka - MASSAGE_FROM_KAFKA_TOPIC test_topic_in : {"name":"ivanov", "age":18, "sex":"M"}
19:27:23.851 [pool-11-thread-2] INFO  r.m.l.rpks.impl.ReaderFromKafka - MASSAGE_FROM_KAFKA_TOPIC test_topic_in : {"name":"ivanov", "age":18, "sex":"M"}
19:27:23.851 [pool-11-thread-2] INFO  r.m.l.rpks.impl.ReaderFromKafka - MASSAGE_FROM_KAFKA_TOPIC test_topic_in : 
19:27:23.851 [pool-11-thread-2] INFO  r.m.l.rpks.impl.ReaderFromKafka - MASSAGE_FROM_KAFKA_TOPIC test_topic_in : 
19:27:23.851 [pool-11-thread-2] INFO  r.m.l.rpks.impl.ReaderFromKafka - MASSAGE_FROM_KAFKA_TOPIC test_topic_in : {"age":18, "sex":"M"}
19:27:23.851 [pool-11-thread-2] INFO  r.m.l.rpks.impl.ReaderFromKafka - MASSAGE_FROM_KAFKA_TOPIC test_topic_in : {"age":18, "sex":"M"}
19:27:23.851 [pool-11-thread-2] INFO  r.m.l.rpks.impl.ReaderFromKafka - MASSAGE_FROM_KAFKA_TOPIC test_topic_in : {"name":"", "age":18, "sex":"M"}
19:27:23.852 [pool-11-thread-2] INFO  r.m.l.rpks.impl.ReaderFromKafka - MASSAGE_FROM_KAFKA_TOPIC test_topic_in : {"name":"", "age":18, "sex":"M"}
19:27:23.852 [pool-11-thread-2] INFO  r.m.l.rpks.impl.ReaderFromKafka - MASSAGE_FROM_KAFKA_TOPIC test_topic_in : {"name":"alexander_pushkin", "age":18, "sex":"M"}
19:27:23.852 [pool-11-thread-2] INFO  r.m.l.rpks.impl.ReaderFromKafka - MASSAGE_FROM_KAFKA_TOPIC test_topic_in : {"name":"alexander_pushkin", "age":18, "sex":"M"}
19:27:23.851 [pool-11-thread-1] INFO  r.m.l.rpks.impl.ProcessorOfRule - jsonValueOfname: alexander_ivanov
19:27:23.852 [pool-11-thread-1] INFO  r.m.l.rpks.impl.ProcessorOfRule - CONTAINS:
19:27:23.852 [pool-11-thread-1] INFO  r.m.l.rpks.impl.ProcessorOfRule - jsonValueOfname: alexander_ivanov
19:27:23.852 [pool-11-thread-1] INFO  r.m.l.rpks.impl.ProcessorOfRule - NOT_CONTAINS:
19:27:23.852 [pool-11-thread-1] INFO  r.m.l.rpks.impl.ProcessorOfRule - CONTAINS:
19:27:23.852 [pool-11-thread-1] INFO  r.m.lessons.rpks.impl.WriterToKafka - KAFKA_PRODUCER_END_PROCESSING_MASSAGE: {"name":"alexander_ivanov", "age":18, "sex":"M"}
19:27:23.852 [pool-11-thread-1] INFO  r.m.lessons.rpks.impl.WriterToKafka - KAFKA_PRODUCER_START_PROCESSING_MASSAGE: {"name":null, "age":18, "sex":"M"}
19:27:23.852 [pool-11-thread-1] INFO  r.m.lessons.rpks.impl.WriterToKafka - KAFKA_PRODUCER_END_PROCESSING_MASSAGE: {"name":null, "age":18, "sex":"M"}
19:27:23.852 [pool-11-thread-1] INFO  r.m.lessons.rpks.impl.WriterToKafka - KAFKA_PRODUCER_START_PROCESSING_MASSAGE: {"name":"pushkin", "age":18, "sex":"M"}
19:27:23.853 [pool-11-thread-1] INFO  r.m.l.rpks.impl.ProcessorOfRule - jsonValueOfname: pushkin
19:27:23.853 [pool-11-thread-1] INFO  r.m.l.rpks.impl.ProcessorOfRule - CONTAINS:
19:27:23.853 [pool-11-thread-1] INFO  r.m.lessons.rpks.impl.WriterToKafka - KAFKA_PRODUCER_END_PROCESSING_MASSAGE: {"name":"pushkin", "age":18, "sex":"M"}
19:27:23.853 [pool-11-thread-1] INFO  r.m.lessons.rpks.impl.WriterToKafka - KAFKA_PRODUCER_START_PROCESSING_MASSAGE: {"name":"ivanov", "age":18, "sex":"M"}
19:27:23.853 [pool-11-thread-1] INFO  r.m.l.rpks.impl.ProcessorOfRule - jsonValueOfname: ivanov
19:27:23.853 [pool-11-thread-1] INFO  r.m.l.rpks.impl.ProcessorOfRule - CONTAINS:
19:27:23.853 [pool-11-thread-1] INFO  r.m.lessons.rpks.impl.WriterToKafka - KAFKA_PRODUCER_END_PROCESSING_MASSAGE: {"name":"ivanov", "age":18, "sex":"M"}
19:27:23.853 [pool-11-thread-1] INFO  r.m.lessons.rpks.impl.WriterToKafka - KAFKA_PRODUCER_START_PROCESSING_MASSAGE: 
19:27:23.853 [pool-11-thread-1] WARN  r.m.lessons.rpks.impl.WriterToKafka - NOT_CORRECT_MASSAGE:
19:27:23.853 [pool-11-thread-1] INFO  r.m.lessons.rpks.impl.WriterToKafka - KAFKA_PRODUCER_END_PROCESSING_MASSAGE: 
19:27:23.853 [pool-11-thread-1] INFO  r.m.lessons.rpks.impl.WriterToKafka - KAFKA_PRODUCER_START_PROCESSING_MASSAGE: {"age":18, "sex":"M"}
19:27:23.853 [pool-11-thread-1] INFO  r.m.lessons.rpks.impl.WriterToKafka - KAFKA_PRODUCER_END_PROCESSING_MASSAGE: {"age":18, "sex":"M"}
19:27:23.853 [pool-11-thread-1] INFO  r.m.lessons.rpks.impl.WriterToKafka - KAFKA_PRODUCER_START_PROCESSING_MASSAGE: {"name":"", "age":18, "sex":"M"}
19:27:23.853 [pool-11-thread-1] INFO  r.m.l.rpks.impl.ProcessorOfRule - jsonValueOfname: 
19:27:23.853 [pool-11-thread-1] INFO  r.m.l.rpks.impl.ProcessorOfRule - CONTAINS:
19:27:23.853 [pool-11-thread-1] INFO  r.m.lessons.rpks.impl.WriterToKafka - KAFKA_PRODUCER_END_PROCESSING_MASSAGE: {"name":"", "age":18, "sex":"M"}
19:27:23.853 [pool-11-thread-1] INFO  r.m.lessons.rpks.impl.WriterToKafka - KAFKA_PRODUCER_START_PROCESSING_MASSAGE: {"name":"alexander_pushkin", "age":18, "sex":"M"}
19:27:23.853 [pool-11-thread-1] INFO  r.m.l.rpks.impl.ProcessorOfRule - jsonValueOfname: alexander_pushkin
19:27:23.853 [pool-11-thread-1] INFO  r.m.l.rpks.impl.ProcessorOfRule - CONTAINS:
19:27:23.853 [pool-11-thread-1] INFO  r.m.l.rpks.impl.ProcessorOfRule - jsonValueOfname: alexander_pushkin
19:27:23.853 [pool-11-thread-1] INFO  r.m.l.rpks.impl.ProcessorOfRule - NOT_CONTAINS:
19:27:23.853 [pool-11-thread-1] INFO  r.m.l.rpks.impl.ProcessorOfRule - CONTAINS:
19:27:23.853 [pool-11-thread-1] INFO  r.m.lessons.rpks.impl.WriterToKafka - KAFKA_PRODUCER_END_PROCESSING_MASSAGE: {"name":"alexander_pushkin", "age":18, "sex":"M"}
19:27:23.875 [pool-11-thread-1] INFO  r.m.lessons.rpks.impl.WriterToKafka - KAFKA_PRODUCER_SEND_MASSAGE: {"name":"alexander_pushkin", "age":18, "sex":"M"}
19:27:24.670 [pool-10-thread-2] INFO  ru.mai.lessons.rpks.ServiceTest - Read messages 1
19:27:24.671 [pool-10-thread-1] WARN  r.m.l.rpks.impl.ServiceFiltering - CANT_SLEEP:sleep interrupted
19:27:24.671 [pool-10-thread-1] INFO  r.mai.lessons.rpks.impl.ReaderFromDB - HIKARY_CREATE
19:27:24.738 [pool-10-thread-1] INFO  r.mai.lessons.rpks.impl.ReaderFromDB - HIKARY_CREATE
19:27:24.738 [pool-10-thread-1] INFO  r.mai.lessons.rpks.impl.ReaderFromDB - CONTEXT_MADE
19:27:24.755 [pool-10-thread-1] INFO  r.mai.lessons.rpks.impl.ReaderFromDB - RULLES_CREATE:0
19:27:24.755 [pool-10-thread-1] INFO  r.mai.lessons.rpks.impl.ReaderFromDB - MAKE_RULES_FROM_DB
19:27:24.756 [pool-10-thread-1] INFO  r.m.l.rpks.impl.ServiceFiltering - ADD_RULE
19:27:24.756 [pool-10-thread-1] WARN  r.m.l.rpks.impl.ServiceFiltering - CANT_SLEEP:sleep interrupted
19:27:24.756 [pool-10-thread-1] INFO  r.mai.lessons.rpks.impl.ReaderFromDB - HIKARY_CREATE
19:27:24.804 [pool-10-thread-1] INFO  r.mai.lessons.rpks.impl.ReaderFromDB - HIKARY_CREATE
19:27:24.804 [pool-10-thread-1] INFO  r.mai.lessons.rpks.impl.ReaderFromDB - CONTEXT_MADE
19:27:24.824 [pool-10-thread-1] INFO  r.mai.lessons.rpks.impl.ReaderFromDB - RULLES_CREATE:0
19:27:24.824 [pool-10-thread-1] INFO  r.mai.lessons.rpks.impl.ReaderFromDB - MAKE_RULES_FROM_DB
19:27:24.825 [pool-10-thread-1] INFO  r.m.l.rpks.impl.ServiceFiltering - ADD_RULE
19:27:24.825 [pool-10-thread-1] WARN  r.m.l.rpks.impl.ServiceFiltering - CANT_SLEEP:sleep interrupted
19:27:24.825 [pool-10-thread-1] INFO  r.mai.lessons.rpks.impl.ReaderFromDB - HIKARY_CREATE
19:27:24.857 [pool-10-thread-1] INFO  r.mai.lessons.rpks.impl.ReaderFromDB - HIKARY_CREATE
19:27:24.857 [pool-10-thread-1] INFO  r.mai.lessons.rpks.impl.ReaderFromDB - CONTEXT_MADE
19:27:24.887 [pool-10-thread-1] INFO  r.mai.lessons.rpks.impl.ReaderFromDB - RULLES_CREATE:0
19:27:24.887 [pool-10-thread-1] INFO  r.mai.lessons.rpks.impl.ReaderFromDB - MAKE_RULES_FROM_DB
19:27:24.887 [pool-10-thread-1] INFO  r.m.l.rpks.impl.ServiceFiltering - ADD_RULE
19:27:24.887 [pool-10-thread-1] WARN  r.m.l.rpks.impl.ServiceFiltering - CANT_SLEEP:sleep interrupted
19:27:24.887 [pool-10-thread-1] INFO  r.mai.lessons.rpks.impl.ReaderFromDB - HIKARY_CREATE
19:27:24.951 [pool-10-thread-1] INFO  r.mai.lessons.rpks.impl.ReaderFromDB - HIKARY_CREATE
19:27:24.951 [pool-10-thread-1] INFO  r.mai.lessons.rpks.impl.ReaderFromDB - CONTEXT_MADE
19:27:24.972 [pool-10-thread-1] INFO  r.mai.lessons.rpks.impl.ReaderFromDB - RULLES_CREATE:0
19:27:24.972 [pool-10-thread-1] INFO  r.mai.lessons.rpks.impl.ReaderFromDB - MAKE_RULES_FROM_DB
19:27:24.973 [pool-10-thread-1] INFO  r.m.l.rpks.impl.ServiceFiltering - ADD_RULE
19:27:24.973 [pool-10-thread-1] WARN  r.m.l.rpks.impl.ServiceFiltering - CANT_SLEEP:sleep interrupted
19:27:24.973 [pool-10-thread-1] INFO  r.mai.lessons.rpks.impl.ReaderFromDB - HIKARY_CREATE
19:27:25.018 [pool-10-thread-1] INFO  r.mai.lessons.rpks.impl.ReaderFromDB - HIKARY_CREATE
19:27:25.018 [pool-10-thread-1] INFO  r.mai.lessons.rpks.impl.ReaderFromDB - CONTEXT_MADE
19:27:25.035 [pool-10-thread-1] INFO  r.mai.lessons.rpks.impl.ReaderFromDB - RULLES_CREATE:0
19:27:25.035 [pool-10-thread-1] INFO  r.mai.lessons.rpks.impl.ReaderFromDB - MAKE_RULES_FROM_DB
19:27:25.036 [pool-10-thread-1] INFO  r.m.l.rpks.impl.ServiceFiltering - ADD_RULE
19:27:25.036 [pool-10-thread-1] WARN  r.m.l.rpks.impl.ServiceFiltering - CANT_SLEEP:sleep interrupted
19:27:25.036 [pool-10-thread-1] INFO  r.mai.lessons.rpks.impl.ReaderFromDB - HIKARY_CREATE
19:27:25.067 [pool-10-thread-1] INFO  r.mai.lessons.rpks.impl.ReaderFromDB - HIKARY_CREATE
19:27:25.067 [pool-10-thread-1] INFO  r.mai.lessons.rpks.impl.ReaderFromDB - CONTEXT_MADE
19:27:25.082 [pool-10-thread-1] INFO  r.mai.lessons.rpks.impl.ReaderFromDB - RULLES_CREATE:0
19:27:25.082 [pool-10-thread-1] INFO  r.mai.lessons.rpks.impl.ReaderFromDB - MAKE_RULES_FROM_DB
19:27:25.082 [pool-10-thread-1] INFO  r.m.l.rpks.impl.ServiceFiltering - ADD_RULE
19:27:25.082 [pool-10-thread-1] WARN  r.m.l.rpks.impl.ServiceFiltering - CANT_SLEEP:sleep interrupted
19:27:25.082 [pool-10-thread-1] INFO  r.mai.lessons.rpks.impl.ReaderFromDB - HIKARY_CREATE
19:27:25.109 [pool-10-thread-1] INFO  r.mai.lessons.rpks.impl.ReaderFromDB - HIKARY_CREATE
19:27:25.109 [pool-10-thread-1] INFO  r.mai.lessons.rpks.impl.ReaderFromDB - CONTEXT_MADE
19:27:25.127 [pool-10-thread-1] INFO  r.mai.lessons.rpks.impl.ReaderFromDB - RULLES_CREATE:0
19:27:25.127 [pool-10-thread-1] INFO  r.mai.lessons.rpks.impl.ReaderFromDB - MAKE_RULES_FROM_DB
19:27:25.127 [pool-10-thread-1] INFO  r.m.l.rpks.impl.ServiceFiltering - ADD_RULE
19:27:25.127 [pool-10-thread-1] WARN  r.m.l.rpks.impl.ServiceFiltering - CANT_SLEEP:sleep interrupted
19:27:25.127 [pool-10-thread-1] INFO  r.mai.lessons.rpks.impl.ReaderFromDB - HIKARY_CREATE
19:27:25.153 [pool-10-thread-1] INFO  r.mai.lessons.rpks.impl.ReaderFromDB - HIKARY_CREATE
19:27:25.153 [pool-10-thread-1] INFO  r.mai.lessons.rpks.impl.ReaderFromDB - CONTEXT_MADE
19:27:25.169 [pool-10-thread-1] INFO  r.mai.lessons.rpks.impl.ReaderFromDB - RULLES_CREATE:0
19:27:25.169 [pool-10-thread-1] INFO  r.mai.lessons.rpks.impl.ReaderFromDB - MAKE_RULES_FROM_DB
19:27:25.169 [pool-10-thread-1] INFO  r.m.l.rpks.impl.ServiceFiltering - ADD_RULE
19:27:25.169 [pool-10-thread-1] WARN  r.m.l.rpks.impl.ServiceFiltering - CANT_SLEEP:sleep interrupted
19:27:25.169 [pool-10-thread-1] INFO  r.mai.lessons.rpks.impl.ReaderFromDB - HIKARY_CREATE
19:27:25.255 [pool-10-thread-1] INFO  r.mai.lessons.rpks.impl.ReaderFromDB - HIKARY_CREATE
19:27:25.255 [pool-10-thread-1] INFO  r.mai.lessons.rpks.impl.ReaderFromDB - CONTEXT_MADE
19:27:25.275 [pool-10-thread-1] INFO  r.mai.lessons.rpks.impl.ReaderFromDB - RULLES_CREATE:0
19:27:25.275 [pool-10-thread-1] INFO  r.mai.lessons.rpks.impl.ReaderFromDB - MAKE_RULES_FROM_DB
19:27:25.275 [pool-10-thread-1] INFO  r.m.l.rpks.impl.ServiceFiltering - ADD_RULE
19:27:25.275 [pool-10-thread-1] WARN  r.m.l.rpks.impl.ServiceFiltering - CANT_SLEEP:sleep interrupted
19:27:25.275 [pool-10-thread-1] INFO  r.mai.lessons.rpks.impl.ReaderFromDB - HIKARY_CREATE
19:27:25.330 [pool-10-thread-1] INFO  r.mai.lessons.rpks.impl.ReaderFromDB - HIKARY_CREATE
19:27:25.330 [pool-10-thread-1] INFO  r.mai.lessons.rpks.impl.ReaderFromDB - CONTEXT_MADE
19:27:25.347 [pool-10-thread-1] INFO  r.mai.lessons.rpks.impl.ReaderFromDB - RULLES_CREATE:0
19:27:25.347 [pool-10-thread-1] INFO  r.mai.lessons.rpks.impl.ReaderFromDB - MAKE_RULES_FROM_DB
19:27:25.347 [pool-10-thread-1] INFO  r.m.l.rpks.impl.ServiceFiltering - ADD_RULE
19:27:25.347 [pool-10-thread-1] WARN  r.m.l.rpks.impl.ServiceFiltering - CANT_SLEEP:sleep interrupted
19:27:25.347 [pool-10-thread-1] INFO  r.mai.lessons.rpks.impl.ReaderFromDB - HIKARY_CREATE
19:27:25.389 [pool-10-thread-1] INFO  r.mai.lessons.rpks.impl.ReaderFromDB - HIKARY_CREATE
19:27:25.389 [pool-10-thread-1] INFO  r.mai.lessons.rpks.impl.ReaderFromDB - CONTEXT_MADE
19:27:25.410 [pool-10-thread-1] INFO  r.mai.lessons.rpks.impl.ReaderFromDB - RULLES_CREATE:0
19:27:25.410 [pool-10-thread-1] INFO  r.mai.lessons.rpks.impl.ReaderFromDB - MAKE_RULES_FROM_DB
19:27:25.410 [pool-10-thread-1] INFO  r.m.l.rpks.impl.ServiceFiltering - ADD_RULE
19:27:25.410 [pool-10-thread-1] WARN  r.m.l.rpks.impl.ServiceFiltering - CANT_SLEEP:sleep interrupted
19:27:25.410 [pool-10-thread-1] INFO  r.mai.lessons.rpks.impl.ReaderFromDB - HIKARY_CREATE
19:27:25.456 [pool-10-thread-1] INFO  r.mai.lessons.rpks.impl.ReaderFromDB - HIKARY_CREATE
19:27:25.456 [pool-10-thread-1] INFO  r.mai.lessons.rpks.impl.ReaderFromDB - CONTEXT_MADE
19:27:25.478 [pool-10-thread-1] INFO  r.mai.lessons.rpks.impl.ReaderFromDB - RULLES_CREATE:0
19:27:25.478 [pool-10-thread-1] INFO  r.mai.lessons.rpks.impl.ReaderFromDB - MAKE_RULES_FROM_DB
19:27:25.478 [pool-10-thread-1] INFO  r.m.l.rpks.impl.ServiceFiltering - ADD_RULE
19:27:25.479 [pool-10-thread-1] WARN  r.m.l.rpks.impl.ServiceFiltering - CANT_SLEEP:sleep interrupted
19:27:25.479 [pool-10-thread-1] INFO  r.mai.lessons.rpks.impl.ReaderFromDB - HIKARY_CREATE
19:27:25.518 [pool-10-thread-1] INFO  r.mai.lessons.rpks.impl.ReaderFromDB - HIKARY_CREATE
19:27:25.518 [pool-10-thread-1] INFO  r.mai.lessons.rpks.impl.ReaderFromDB - CONTEXT_MADE
19:27:25.548 [pool-10-thread-1] INFO  r.mai.lessons.rpks.impl.ReaderFromDB - RULLES_CREATE:0
19:27:25.548 [pool-10-thread-1] INFO  r.mai.lessons.rpks.impl.ReaderFromDB - MAKE_RULES_FROM_DB
19:27:25.549 [pool-10-thread-1] INFO  r.m.l.rpks.impl.ServiceFiltering - ADD_RULE
19:27:25.549 [pool-10-thread-1] WARN  r.m.l.rpks.impl.ServiceFiltering - CANT_SLEEP:sleep interrupted
19:27:25.549 [pool-10-thread-1] INFO  r.mai.lessons.rpks.impl.ReaderFromDB - HIKARY_CREATE
19:27:25.603 [pool-10-thread-1] INFO  r.mai.lessons.rpks.impl.ReaderFromDB - HIKARY_CREATE
19:27:25.603 [pool-10-thread-1] INFO  r.mai.lessons.rpks.impl.ReaderFromDB - CONTEXT_MADE
19:27:25.629 [pool-10-thread-1] INFO  r.mai.lessons.rpks.impl.ReaderFromDB - RULLES_CREATE:0
19:27:25.629 [pool-10-thread-1] INFO  r.mai.lessons.rpks.impl.ReaderFromDB - MAKE_RULES_FROM_DB
19:27:25.630 [pool-10-thread-1] INFO  r.m.l.rpks.impl.ServiceFiltering - ADD_RULE
19:27:25.630 [pool-10-thread-1] WARN  r.m.l.rpks.impl.ServiceFiltering - CANT_SLEEP:sleep interrupted
19:27:25.630 [pool-10-thread-1] INFO  r.mai.lessons.rpks.impl.ReaderFromDB - HIKARY_CREATE
19:27:25.657 [pool-10-thread-1] ERROR com.zaxxer.hikari.pool.HikariPool - HikariPool-89 - Exception during pool initialization.
org.postgresql.util.PSQLException: FATAL: terminating connection due to unexpected postmaster exit
	at org.postgresql.core.v3.ConnectionFactoryImpl.doAuthentication(ConnectionFactoryImpl.java:693)
	at org.postgresql.core.v3.ConnectionFactoryImpl.tryConnect(ConnectionFactoryImpl.java:203)
	at org.postgresql.core.v3.ConnectionFactoryImpl.openConnectionImpl(ConnectionFactoryImpl.java:258)
	at org.postgresql.core.ConnectionFactory.openConnection(ConnectionFactory.java:54)
	at org.postgresql.jdbc.PgConnection.<init>(PgConnection.java:253)
	at org.postgresql.Driver.makeConnection(Driver.java:434)
	at org.postgresql.Driver.connect(Driver.java:291)
	at com.zaxxer.hikari.util.DriverDataSource.getConnection(DriverDataSource.java:138)
	at com.zaxxer.hikari.pool.PoolBase.newConnection(PoolBase.java:359)
	at com.zaxxer.hikari.pool.PoolBase.newPoolEntry(PoolBase.java:201)
	at com.zaxxer.hikari.pool.HikariPool.createPoolEntry(HikariPool.java:470)
	at com.zaxxer.hikari.pool.HikariPool.checkFailFast(HikariPool.java:561)
	at com.zaxxer.hikari.pool.HikariPool.<init>(HikariPool.java:100)
	at com.zaxxer.hikari.HikariDataSource.<init>(HikariDataSource.java:81)
	at ru.mai.lessons.rpks.impl.ReaderFromDB.readRulesFromDB(ReaderFromDB.java:29)
	at ru.mai.lessons.rpks.impl.ServiceFiltering.start(ServiceFiltering.java:43)
	at ru.mai.lessons.rpks.ServiceTest.lambda$testStartService$49(ServiceTest.java:1335)
	at java.base/java.util.concurrent.FutureTask.run(FutureTask.java:264)
	at java.base/java.util.concurrent.ThreadPoolExecutor.runWorker(ThreadPoolExecutor.java:1136)
	at java.base/java.util.concurrent.ThreadPoolExecutor$Worker.run(ThreadPoolExecutor.java:635)
	at java.base/java.lang.Thread.run(Thread.java:833)
19:28:18.755 [Test worker] INFO  ru.mai.lessons.rpks.ServiceTest - Topics: [(name=test_topic_in, numPartitions=3, replicationFactor=1, replicasAssignments=null, configs=null), (name=test_topic_out, numPartitions=3, replicationFactor=1, replicasAssignments=null, configs=null)], replica factor 1, partitions 3
19:28:18.851 [Test worker] INFO  ru.mai.lessons.rpks.ServiceTest - Topic not exist. Create topics [(name=test_topic_in, numPartitions=3, replicationFactor=1, replicasAssignments=null, configs=null), (name=test_topic_out, numPartitions=3, replicationFactor=1, replicasAssignments=null, configs=null)]
19:28:19.839 [Test worker] INFO  ru.mai.lessons.rpks.ServiceTest - Create filtering rule 1
19:28:19.869 [Test worker] INFO  ru.mai.lessons.rpks.ServiceTest - Check rule from DB
19:28:19.876 [pool-13-thread-1] INFO  r.m.l.rpks.impl.ServiceFiltering - CONFIG:Config(SimpleConfigObject({"application":{"updateIntervalSec":10},"com":{"zaxxer":{"hikari":{"pool_number":"1"}}},"db":{"driver":"org.postgresql.Driver","jdbcUrl":"jdbc:postgresql://localhost:58828/test_db?loggerLevel=OFF","password":"password","user":"user"},"file":{"encoding":"windows-1251","separator":"\\"},"java":{"class":{"path":"C:\\\\Users\\\\eliza\\\\.gradle\\\\caches\\\\7.5.1\\\\workerMain\\\\gradle-worker.jar;P:\\\\Projects\\\\JetBrains\\\\IntelliJIDEA\\\\RPKS_2\\\\git_Clone\\\\JavaServiceFiltering\\\\build\\\\classes\\\\java\\\\test;P:\\\\Projects\\\\JetBrains\\\\IntelliJIDEA\\\\RPKS_2\\\\git_Clone\\\\JavaServiceFiltering\\\\build\\\\resources\\\\test;P:\\\\Projects\\\\JetBrains\\\\IntelliJIDEA\\\\RPKS_2\\\\git_Clone\\\\JavaServiceFiltering\\\\build\\\\classes\\\\java\\\\main;P:\\\\Projects\\\\JetBrains\\\\IntelliJIDEA\\\\RPKS_2\\\\git_Clone\\\\JavaServiceFiltering\\\\build\\\\resources\\\\main;C:\\\\Users\\\\eliza\\\\.gradle\\\\caches\\\\modules-2\\\\files-2.1\\\\org.apache.kafka\\\\kafka-clients\\\\3.4.0\\\\69aebfca9da335f6617f9e5e7a4b45f16e8c86b5\\\\kafka-clients-3.4.0.jar;C:\\\\Users\\\\eliza\\\\.gradle\\\\caches\\\\modules-2\\\\files-2.1\\\\ch.qos.logback\\\\logback-classic\\\\1.4.5\\\\28e7dc0b208d6c3f15beefd73976e064b4ecfa9b\\\\logback-classic-1.4.5.jar;C:\\\\Users\\\\eliza\\\\.gradle\\\\caches\\\\modules-2\\\\files-2.1\\\\com.typesafe\\\\config\\\\1.4.2\\\\4c40a633e7994cfb0354244efb6d03fcb11c3ecf\\\\config-1.4.2.jar;C:\\\\Users\\\\eliza\\\\.gradle\\\\caches\\\\modules-2\\\\files-2.1\\\\org.postgresql\\\\postgresql\\\\42.5.4\\\\15015a54f15e340a9a8a6a2c5457429cb1176b8\\\\postgresql-42.5.4.jar;C:\\\\Users\\\\eliza\\\\.gradle\\\\caches\\\\modules-2\\\\files-2.1\\\\com.zaxxer\\\\HikariCP\\\\5.0.1\\\\a74c7f0a37046846e88d54f7cb6ea6d565c65f9c\\\\HikariCP-5.0.1.jar;C:\\\\Users\\\\eliza\\\\.gradle\\\\caches\\\\modules-2\\\\files-2.1\\\\org.jooq\\\\jooq\\\\3.17.8\\\\6add040365183a3c0a043e11c6069a46b992df39\\\\jooq-3.17.8.jar;C:\\\\Users\\\\eliza\\\\.gradle\\\\caches\\\\modules-2\\\\files-2.1\\\\org.testcontainers\\\\junit-jupiter\\\\1.17.6\\\\94e9894bc665909e208959390ea6540309ce231e\\\\junit-jupiter-1.17.6.jar;C:\\\\Users\\\\eliza\\\\.gradle\\\\caches\\\\modules-2\\\\files-2.1\\\\org.testcontainers\\\\kafka\\\\1.17.6\\\\1975b93708e99340690690177a9c7bbf5aabc823\\\\kafka-1.17.6.jar;C:\\\\Users\\\\eliza\\\\.gradle\\\\caches\\\\modules-2\\\\files-2.1\\\\org.testcontainers\\\\postgresql\\\\1.17.6\\\\cd8aba02d8d46159ab85535d34a1e4217322f9a5\\\\postgresql-1.17.6.jar;C:\\\\Users\\\\eliza\\\\.gradle\\\\caches\\\\modules-2\\\\files-2.1\\\\org.testcontainers\\\\jdbc\\\\1.17.6\\\\1510482e46f5f70909693fc695a2369751510785\\\\jdbc-1.17.6.jar;C:\\\\Users\\\\eliza\\\\.gradle\\\\caches\\\\modules-2\\\\files-2.1\\\\org.testcontainers\\\\database-commons\\\\1.17.6\\\\8a4cd2cda51c2cc3092b1c22f4ee8148be4db410\\\\database-commons-1.17.6.jar;C:\\\\Users\\\\eliza\\\\.gradle\\\\caches\\\\modules-2\\\\files-2.1\\\\org.testcontainers\\\\testcontainers\\\\1.17.6\\\\11b28972d2d8bddd5a7d3b6e21016fbe13bc8e8b\\\\testcontainers-1.17.6.jar;C:\\\\Users\\\\eliza\\\\.gradle\\\\caches\\\\modules-2\\\\files-2.1\\\\com.github.docker-java\\\\docker-java-api\\\\3.2.13\\\\5817ef8f770cb7e740d590090bf352df9491f3c1\\\\docker-java-api-3.2.13.jar;C:\\\\Users\\\\eliza\\\\.gradle\\\\caches\\\\modules-2\\\\files-2.1\\\\com.fasterxml.jackson.core\\\\jackson-annotations\\\\2.14.2\\\\a7aae9525864930723e3453ab799521fdfd9d873\\\\jackson-annotations-2.14.2.jar;C:\\\\Users\\\\eliza\\\\.gradle\\\\caches\\\\modules-2\\\\files-2.1\\\\com.fasterxml.jackson.core\\\\jackson-core\\\\2.14.2\\\\f804090e6399ce0cf78242db086017512dd71fcc\\\\jackson-core-2.14.2.jar;C:\\\\Users\\\\eliza\\\\.gradle\\\\caches\\\\modules-2\\\\files-2.1\\\\org.junit.jupiter\\\\junit-jupiter-engine\\\\5.9.1\\\\1bf771097bde296c3ab174861954e8aafaaf2e94\\\\junit-jupiter-engine-5.9.1.jar;C:\\\\Users\\\\eliza\\\\.gradle\\\\caches\\\\modules-2\\\\files-2.1\\\\org.junit.platform\\\\junit-platform-engine\\\\1.9.1\\\\83591e5089d6cea5f324aa3ecca9b19d5a275803\\\\junit-platform-engine-1.9.1.jar;C:\\\\Users\\\\eliza\\\\.gradle\\\\caches\\\\modules-2\\\\files-2.1\\\\org.junit.platform\\\\junit-platform-commons\\\\1.9.1\\\\3145f821b5cd10abcdc5f925baa5fffa6f1b628f\\\\junit-platform-commons-1.9.1.jar;C:\\\\Users\\\\eliza\\\\.gradle\\\\caches\\\\modules-2\\\\files-2.1\\\\org.junit.jupiter\\\\junit-jupiter-api\\\\5.9.1\\\\7bb53fbc0173e9f6a9d21d58297af94b1f2f9ce1\\\\junit-jupiter-api-5.9.1.jar;C:\\\\Users\\\\eliza\\\\.gradle\\\\caches\\\\modules-2\\\\files-2.1\\\\com.github.luben\\\\zstd-jni\\\\1.5.2-1\\\\fad786abc1d1b81570e8d9a2fc8a1ef479bc27b6\\\\zstd-jni-1.5.2-1.jar;C:\\\\Users\\\\eliza\\\\.gradle\\\\caches\\\\modules-2\\\\files-2.1\\\\org.lz4\\\\lz4-java\\\\1.8.0\\\\4b986a99445e49ea5fbf5d149c4b63f6ed6c6780\\\\lz4-java-1.8.0.jar;C:\\\\Users\\\\eliza\\\\.gradle\\\\caches\\\\modules-2\\\\files-2.1\\\\org.xerial.snappy\\\\snappy-java\\\\1.1.8.4\\\\66f0d56454509f6e36175f2331572e250e04a6cc\\\\snappy-java-1.1.8.4.jar;C:\\\\Users\\\\eliza\\\\.gradle\\\\caches\\\\modules-2\\\\files-2.1\\\\com.github.docker-java\\\\docker-java-transport-zerodep\\\\3.2.13\\\\4cbc2c09d6c264767a39624066987ed4a152bc68\\\\docker-java-transport-zerodep-3.2.13.jar;C:\\\\Users\\\\eliza\\\\.gradle\\\\caches\\\\modules-2\\\\files-2.1\\\\org.slf4j\\\\slf4j-api\\\\2.0.4\\\\30d5eb5360bd113ce96f9e49e3431993bbf1b247\\\\slf4j-api-2.0.4.jar;C:\\\\Users\\\\eliza\\\\.gradle\\\\caches\\\\modules-2\\\\files-2.1\\\\ch.qos.logback\\\\logback-core\\\\1.4.5\\\\e9bb2ea70f84401314da4300343b0a246c8954da\\\\logback-core-1.4.5.jar;C:\\\\Users\\\\eliza\\\\.gradle\\\\caches\\\\modules-2\\\\files-2.1\\\\org.checkerframework\\\\checker-qual\\\\3.5.0\\\\2f50520c8abea66fbd8d26e481d3aef5c673b510\\\\checker-qual-3.5.0.jar;C:\\\\Users\\\\eliza\\\\.gradle\\\\caches\\\\modules-2\\\\files-2.1\\\\io.r2dbc\\\\r2dbc-spi\\\\0.9.1.RELEASE\\\\689338f54890e6981d9d98d059c1a94007a0b809\\\\r2dbc-spi-0.9.1.RELEASE.jar;C:\\\\Users\\\\eliza\\\\.gradle\\\\caches\\\\modules-2\\\\files-2.1\\\\jakarta.xml.bind\\\\jakarta.xml.bind-api\\\\3.0.0\\\\9275db6e21287df61690989254a0b46d8d31e99a\\\\jakarta.xml.bind-api-3.0.0.jar;C:\\\\Users\\\\eliza\\\\.gradle\\\\caches\\\\modules-2\\\\files-2.1\\\\junit\\\\junit\\\\4.13.2\\\\8ac9e16d933b6fb43bc7f576336b8f4d7eb5ba12\\\\junit-4.13.2.jar;C:\\\\Users\\\\eliza\\\\.gradle\\\\caches\\\\modules-2\\\\files-2.1\\\\org.apache.commons\\\\commons-compress\\\\1.22\\\\691a8b4e6cf4248c3bc72c8b719337d5cb7359fa\\\\commons-compress-1.22.jar;C:\\\\Users\\\\eliza\\\\.gradle\\\\caches\\\\modules-2\\\\files-2.1\\\\org.rnorth.duct-tape\\\\duct-tape\\\\1.0.8\\\\92edc22a9ab2f3e17c9bf700aaee377d50e8b530\\\\duct-tape-1.0.8.jar;C:\\\\Users\\\\eliza\\\\.gradle\\\\caches\\\\modules-2\\\\files-2.1\\\\org.reactivestreams\\\\reactive-streams\\\\1.0.3\\\\d9fb7a7926ffa635b3dcaa5049fb2bfa25b3e7d0\\\\reactive-streams-1.0.3.jar;C:\\\\Users\\\\eliza\\\\.gradle\\\\caches\\\\modules-2\\\\files-2.1\\\\com.sun.activation\\\\jakarta.activation\\\\2.0.0\\\\f4e7519148dee347c7666f336210deedb8aca09d\\\\jakarta.activation-2.0.0.jar;C:\\\\Users\\\\eliza\\\\.gradle\\\\caches\\\\modules-2\\\\files-2.1\\\\org.hamcrest\\\\hamcrest-core\\\\1.3\\\\42a25dc3219429f0e5d060061f71acb49bf010a0\\\\hamcrest-core-1.3.jar;C:\\\\Users\\\\eliza\\\\.gradle\\\\caches\\\\modules-2\\\\files-2.1\\\\org.jetbrains\\\\annotations\\\\17.0.0\\\\8ceead41f4e71821919dbdb7a9847608f1a938cb\\\\annotations-17.0.0.jar;C:\\\\Users\\\\eliza\\\\.gradle\\\\caches\\\\modules-2\\\\files-2.1\\\\com.github.docker-java\\\\docker-java-transport\\\\3.2.13\\\\e9d308d1822181a9d48c99739f5eca014ec89199\\\\docker-java-transport-3.2.13.jar;C:\\\\Users\\\\eliza\\\\.gradle\\\\caches\\\\modules-2\\\\files-2.1\\\\net.java.dev.jna\\\\jna\\\\5.8.0\\\\3551d8d827e54858214107541d3aff9c615cb615\\\\jna-5.8.0.jar;C:\\\\Users\\\\eliza\\\\.gradle\\\\caches\\\\modules-2\\\\files-2.1\\\\org.opentest4j\\\\opentest4j\\\\1.2.0\\\\28c11eb91f9b6d8e200631d46e20a7f407f2a046\\\\opentest4j-1.2.0.jar","version":"62.0"},"home":"C:\\Users\\eliza\\.jdks\\openjdk-18.0.1.1","io":{"tmpdir":"C:\\Users\\eliza\\AppData\\Local\\Temp\\"},"library":{"path":"C:\\Users\\eliza\\.jdks\\openjdk-18.0.1.1\\bin;C:\\WINDOWS\\Sun\\Java\\bin;C:\\WINDOWS\\system32;C:\\WINDOWS;;;;C:\\Windows\\system32;C:\\Windows;C:\\Windows\\System32\\Wbem;C:\\Windows\\System32\\WindowsPowerShell\\v1.0\\;C:\\Windows\\System32\\OpenSSH\\;C:\\Program Files\\Microsoft SQL Server\\150\\Tools\\Binn\\;C:\\Program Files\\dotnet\\;C:\\Program Files\\Git\\cmd;C:\\Program Files\\Git\\mingw64\\bin;C:\\Program Files\\Git\\usr\\bin;P:\\Programs\\MySql\\bin;C:\\WINDOWS\\system32;C:\\WINDOWS;C:\\WINDOWS\\System32\\Wbem;C:\\WINDOWS\\System32\\WindowsPowerShell\\v1.0\\;C:\\WINDOWS\\System32\\OpenSSH\\;C:\\Program Files\\PowerShell\\7\\;C:\\Program Files\\Docker\\Docker\\resources\\bin;C:\\Users\\eliza\\AppData\\Local\\Programs\\Python\\Python38\\Scripts\\;C:\\Users\\eliza\\AppData\\Local\\Programs\\Python\\Python38\\;C:\\Users\\eliza\\AppData\\Local\\Microsoft\\WindowsApps;P:\\Programs\\JetBrains\\PyCharm 2022.1.3\\Program Files\\JetBrains\\PyCharm 2022.1.3\\bin;;P:\\Programs\\JetBrains\\IntelliJ IDEA 2023.1.2\\bin;;P:\\Programs\\JetBrains\\CLion 2022.2.4\\bin;;C:\\Users\\eliza\\.dotnet\\tools;C:\\texlive\\2022\\bin\\win32;P:\\Programs\\JetBrains\\Rider 2022.2.4\\bin;;C:\\ProgramData\\eliza\\GitHubDesktop\\bin;C:\\Users\\eliza\\AppData\\Local\\GitHubDesktop\\bin;P:\\Programs\\JetBrains\\DataGrip 2022.2.5\\bin;;;P:\\Programs\\JetBrains\\Gateway 2023.1\\JetBrains Gateway 2023.1\\bin;;."},"runtime":{"name":"OpenJDK Runtime Environment","version":"18.0.1.1+2-6"},"specification":{"name":"Java Platform API Specification","vendor":"Oracle Corporation","version":"18"},"vendor":{"url":{"bug":"https://bugreport.java.com/bugreport/"}},"version":"18.0.1.1","vm":{"compressedOopsMode":"32-bit","info":"mixed mode, sharing","name":"OpenJDK 64-Bit Server VM","specification":{"name":"Java Virtual Machine Specification","vendor":"Oracle Corporation","version":"18"},"vendor":"Oracle Corporation","version":"18.0.1.1+2-6"}},"jdk":{"debug":"release"},"kafka":{"consumer":{"auto":{"offset":{"reset":"earliest"}},"bootstrap":{"servers":"PLAINTEXT://localhost:58873"},"group":{"id":"test_group_consumer"},"topicIn":"test_topic_in"},"producer":{"bootstrap":{"servers":"PLAINTEXT://localhost:58873"},"topicOut":"test_topic_out"}},"line":{"separator":"\r\n"},"native":{"encoding":"Cp1251"},"org":{"gradle":{"internal":{"worker":{"tmpdir":"P:\\Projects\\JetBrains\\IntelliJIDEA\\RPKS_2\\git_Clone\\JavaServiceFiltering\\build\\tmp\\test\\work"}},"native":"false","test":{"worker":"38"}}},"os":{"arch":"amd64","name":"Windows 11","version":"10.0"},"path":{"separator":";"},"sun":{"arch":{"data":{"model":"64"}},"boot":{"library":{"path":"C:\\Users\\eliza\\.jdks\\openjdk-18.0.1.1\\bin"}},"cpu":{"endian":"little","isalist":"amd64"},"io":{"unicode":{"encoding":"UnicodeLittle"}},"java":{"command":"worker.org.gradle.process.internal.worker.GradleWorkerMain 'Gradle Test Executor 38'","launcher":"SUN_STANDARD"},"jnu":{"encoding":"Cp1251"},"management":{"compiler":"HotSpot 64-Bit Tiered Compilers"},"os":{"patch":{"level":""}}},"user":{"country":"RU","dir":"P:\\Projects\\JetBrains\\IntelliJIDEA\\RPKS_2\\git_Clone\\JavaServiceFiltering","home":"C:\\Users\\eliza","language":"ru","name":"eliza","script":"","timezone":"Europe/Moscow","variant":""}}))
19:28:19.877 [pool-13-thread-1] INFO  r.m.l.rpks.impl.ServiceFiltering - CONSUMER_SETTINGS_WAS_READ: ConsumerSettings(bootstrapServers=PLAINTEXT://localhost:58873, groupId=test_group_consumer, autoOffsetReset=earliest, topicIn=test_topic_in, updateIntervalSec=100)
19:28:19.877 [pool-13-thread-1] INFO  r.m.l.rpks.impl.ServiceFiltering - PRODUCER_SETTINGS_WAS_READ: ProducerSettings(bootstrapServers=PLAINTEXT://localhost:58873, topicOut=test_topic_out, updateIntervalSec=100)
19:28:19.877 [pool-13-thread-1] INFO  r.m.l.rpks.impl.ServiceFiltering - DB_SETTINGS_WAS_READ: DBSettings(jdbcUrl=jdbc:postgresql://localhost:58828/test_db?loggerLevel=OFF, user=user, password=password, driver=org.postgresql.Driver, tableName=filter_rules)
19:28:19.877 [pool-13-thread-1] INFO  r.mai.lessons.rpks.impl.ReaderFromDB - HIKARY_CREATE
19:28:19.882 [pool-14-thread-2] INFO  r.m.l.rpks.impl.ReaderFromKafka - CONSUMER_SETTINGS:ConsumerSettings(bootstrapServers=PLAINTEXT://localhost:58873, groupId=test_group_consumer, autoOffsetReset=earliest, topicIn=test_topic_in, updateIntervalSec=100)
19:28:19.882 [pool-14-thread-2] INFO  r.m.l.rpks.impl.ReaderFromKafka - KAFKA_CONSUMER_START_READING_FROM_TOPIC test_topic_in
19:28:19.891 [pool-14-thread-1] INFO  r.m.lessons.rpks.impl.WriterToKafka - START_WRITE_MESSAGE_IN_KAFKA_TOPIC test_topic_out
19:28:20.079 [pool-13-thread-1] INFO  r.mai.lessons.rpks.impl.ReaderFromDB - HIKARY_CREATE
19:28:20.079 [pool-13-thread-1] INFO  r.mai.lessons.rpks.impl.ReaderFromDB - CONTEXT_MADE
19:28:20.119 [pool-13-thread-1] INFO  r.mai.lessons.rpks.impl.ReaderFromDB - RULLES_CREATE:1
19:28:20.119 [pool-13-thread-1] INFO  r.mai.lessons.rpks.impl.ReaderFromDB - FIND_RULE:Rule(filterId=1, ruleId=1, fieldName=name, filterFunctionName=equals, filterValue=alex)
19:28:20.119 [pool-13-thread-1] INFO  r.mai.lessons.rpks.impl.ReaderFromDB - MAKE_RULES_FROM_DB
19:28:20.123 [pool-13-thread-1] INFO  r.m.l.rpks.impl.ServiceFiltering - ADD_RULE
19:28:20.522 [pool-13-thread-2] INFO  ru.mai.lessons.rpks.ServiceTest - Remaining attempts 10
19:28:20.785 [pool-14-thread-2] INFO  r.m.l.rpks.impl.ReaderFromKafka - MASSAGE_FROM_KAFKA_TOPIC test_topic_in : {"name":"alex", "age":18, "sex":"M"}
19:28:20.785 [pool-14-thread-2] INFO  r.m.l.rpks.impl.ReaderFromKafka - MASSAGE_FROM_KAFKA_TOPIC test_topic_in : {"name":"alex", "age":18, "sex":"M"}
19:28:20.785 [pool-14-thread-1] INFO  r.m.lessons.rpks.impl.WriterToKafka - KAFKA_PRODUCER_START_PROCESSING_MASSAGE: {"name":"alex", "age":18, "sex":"M"}
19:28:20.785 [pool-14-thread-2] INFO  r.m.l.rpks.impl.ReaderFromKafka - MASSAGE_FROM_KAFKA_TOPIC test_topic_in : {"name":null, "sex":"M"}
19:28:20.785 [pool-14-thread-1] INFO  r.m.l.rpks.impl.ProcessorOfRule - jsonValueOfname: alex
19:28:20.785 [pool-14-thread-1] INFO  r.m.l.rpks.impl.ProcessorOfRule - EQUALS:
19:28:20.785 [pool-14-thread-1] INFO  r.m.lessons.rpks.impl.WriterToKafka - KAFKA_PRODUCER_END_PROCESSING_MASSAGE: {"name":"alex", "age":18, "sex":"M"}
19:28:20.785 [pool-14-thread-2] INFO  r.m.l.rpks.impl.ReaderFromKafka - MASSAGE_FROM_KAFKA_TOPIC test_topic_in : {"name":null, "sex":"M"}
19:28:20.785 [pool-14-thread-2] INFO  r.m.l.rpks.impl.ReaderFromKafka - MASSAGE_FROM_KAFKA_TOPIC test_topic_in : 
19:28:20.785 [pool-14-thread-2] INFO  r.m.l.rpks.impl.ReaderFromKafka - MASSAGE_FROM_KAFKA_TOPIC test_topic_in : 
19:28:20.785 [pool-14-thread-2] INFO  r.m.l.rpks.impl.ReaderFromKafka - MASSAGE_FROM_KAFKA_TOPIC test_topic_in : {"name":"alex_ivanov", "age":18, "sex":"M"}
19:28:20.785 [pool-14-thread-2] INFO  r.m.l.rpks.impl.ReaderFromKafka - MASSAGE_FROM_KAFKA_TOPIC test_topic_in : {"name":"alex_ivanov", "age":18, "sex":"M"}
19:28:20.785 [pool-14-thread-2] INFO  r.m.l.rpks.impl.ReaderFromKafka - MASSAGE_FROM_KAFKA_TOPIC test_topic_in : {"age":17, "sex":"M"}
19:28:20.785 [pool-14-thread-2] INFO  r.m.l.rpks.impl.ReaderFromKafka - MASSAGE_FROM_KAFKA_TOPIC test_topic_in : {"age":17, "sex":"M"}
19:28:20.785 [pool-14-thread-2] INFO  r.m.l.rpks.impl.ReaderFromKafka - MASSAGE_FROM_KAFKA_TOPIC test_topic_in : {"name":"", "age":"", "sex":"M"}
19:28:20.785 [pool-14-thread-2] INFO  r.m.l.rpks.impl.ReaderFromKafka - MASSAGE_FROM_KAFKA_TOPIC test_topic_in : {"name":"", "age":"", "sex":"M"}
19:28:20.785 [pool-14-thread-2] INFO  r.m.l.rpks.impl.ReaderFromKafka - MASSAGE_FROM_KAFKA_TOPIC test_topic_in : {"name":"pushkin", "age":19, "sex":"M"}
19:28:20.785 [pool-14-thread-2] INFO  r.m.l.rpks.impl.ReaderFromKafka - MASSAGE_FROM_KAFKA_TOPIC test_topic_in : {"name":"pushkin", "age":19, "sex":"M"}
19:28:20.785 [pool-14-thread-2] INFO  r.m.l.rpks.impl.ReaderFromKafka - MASSAGE_FROM_KAFKA_TOPIC test_topic_in : {"name":"alexander", "age":null, "sex":"M"}
19:28:20.785 [pool-14-thread-2] INFO  r.m.l.rpks.impl.ReaderFromKafka - MASSAGE_FROM_KAFKA_TOPIC test_topic_in : {"name":"alexander", "age":null, "sex":"M"}
19:28:20.785 [pool-14-thread-2] INFO  r.m.l.rpks.impl.ReaderFromKafka - MASSAGE_FROM_KAFKA_TOPIC test_topic_in : {"name":, "age":, "sex":"M"}
19:28:20.785 [pool-14-thread-2] INFO  r.m.l.rpks.impl.ReaderFromKafka - MASSAGE_FROM_KAFKA_TOPIC test_topic_in : {"name":, "age":, "sex":"M"}
19:28:20.830 [pool-14-thread-1] INFO  r.m.lessons.rpks.impl.WriterToKafka - KAFKA_PRODUCER_SEND_MASSAGE: {"name":"alex", "age":18, "sex":"M"}
19:28:20.830 [pool-14-thread-1] INFO  r.m.lessons.rpks.impl.WriterToKafka - KAFKA_PRODUCER_START_PROCESSING_MASSAGE: {"name":null, "sex":"M"}
19:28:20.830 [pool-14-thread-1] INFO  r.m.lessons.rpks.impl.WriterToKafka - KAFKA_PRODUCER_END_PROCESSING_MASSAGE: {"name":null, "sex":"M"}
19:28:20.830 [pool-14-thread-1] INFO  r.m.lessons.rpks.impl.WriterToKafka - KAFKA_PRODUCER_START_PROCESSING_MASSAGE: 
19:28:20.830 [pool-14-thread-1] WARN  r.m.lessons.rpks.impl.WriterToKafka - NOT_CORRECT_MASSAGE:
19:28:20.830 [pool-14-thread-1] INFO  r.m.lessons.rpks.impl.WriterToKafka - KAFKA_PRODUCER_END_PROCESSING_MASSAGE: 
19:28:20.830 [pool-14-thread-1] INFO  r.m.lessons.rpks.impl.WriterToKafka - KAFKA_PRODUCER_START_PROCESSING_MASSAGE: {"name":"alex_ivanov", "age":18, "sex":"M"}
19:28:20.830 [pool-14-thread-1] INFO  r.m.l.rpks.impl.ProcessorOfRule - jsonValueOfname: alex_ivanov
19:28:20.830 [pool-14-thread-1] INFO  r.m.l.rpks.impl.ProcessorOfRule - EQUALS:
19:28:20.830 [pool-14-thread-1] INFO  r.m.lessons.rpks.impl.WriterToKafka - KAFKA_PRODUCER_END_PROCESSING_MASSAGE: {"name":"alex_ivanov", "age":18, "sex":"M"}
19:28:20.830 [pool-14-thread-1] INFO  r.m.lessons.rpks.impl.WriterToKafka - KAFKA_PRODUCER_START_PROCESSING_MASSAGE: {"age":17, "sex":"M"}
19:28:20.830 [pool-14-thread-1] INFO  r.m.lessons.rpks.impl.WriterToKafka - KAFKA_PRODUCER_END_PROCESSING_MASSAGE: {"age":17, "sex":"M"}
19:28:20.830 [pool-14-thread-1] INFO  r.m.lessons.rpks.impl.WriterToKafka - KAFKA_PRODUCER_START_PROCESSING_MASSAGE: {"name":"", "age":"", "sex":"M"}
19:28:20.830 [pool-14-thread-1] INFO  r.m.l.rpks.impl.ProcessorOfRule - jsonValueOfname: 
19:28:20.830 [pool-14-thread-1] INFO  r.m.l.rpks.impl.ProcessorOfRule - EQUALS:
19:28:20.830 [pool-14-thread-1] INFO  r.m.lessons.rpks.impl.WriterToKafka - KAFKA_PRODUCER_END_PROCESSING_MASSAGE: {"name":"", "age":"", "sex":"M"}
19:28:20.830 [pool-14-thread-1] INFO  r.m.lessons.rpks.impl.WriterToKafka - KAFKA_PRODUCER_START_PROCESSING_MASSAGE: {"name":"pushkin", "age":19, "sex":"M"}
19:28:20.830 [pool-14-thread-1] INFO  r.m.l.rpks.impl.ProcessorOfRule - jsonValueOfname: pushkin
19:28:20.830 [pool-14-thread-1] INFO  r.m.l.rpks.impl.ProcessorOfRule - EQUALS:
19:28:20.830 [pool-14-thread-1] INFO  r.m.lessons.rpks.impl.WriterToKafka - KAFKA_PRODUCER_END_PROCESSING_MASSAGE: {"name":"pushkin", "age":19, "sex":"M"}
19:28:20.830 [pool-14-thread-1] INFO  r.m.lessons.rpks.impl.WriterToKafka - KAFKA_PRODUCER_START_PROCESSING_MASSAGE: {"name":"alexander", "age":null, "sex":"M"}
19:28:20.830 [pool-14-thread-1] INFO  r.m.l.rpks.impl.ProcessorOfRule - jsonValueOfname: alexander
19:28:20.830 [pool-14-thread-1] INFO  r.m.l.rpks.impl.ProcessorOfRule - EQUALS:
19:28:20.830 [pool-14-thread-1] INFO  r.m.lessons.rpks.impl.WriterToKafka - KAFKA_PRODUCER_END_PROCESSING_MASSAGE: {"name":"alexander", "age":null, "sex":"M"}
19:28:20.830 [pool-14-thread-1] INFO  r.m.lessons.rpks.impl.WriterToKafka - KAFKA_PRODUCER_START_PROCESSING_MASSAGE: {"name":, "age":, "sex":"M"}
19:28:20.830 [pool-14-thread-1] INFO  r.m.lessons.rpks.impl.WriterToKafka - KAFKA_PRODUCER_END_PROCESSING_MASSAGE: {"name":, "age":, "sex":"M"}
19:28:21.567 [pool-13-thread-2] INFO  ru.mai.lessons.rpks.ServiceTest - Read messages 1
19:28:21.578 [Test worker] INFO  ru.mai.lessons.rpks.ServiceTest - Create filtering rule 1
19:28:21.586 [Test worker] INFO  ru.mai.lessons.rpks.ServiceTest - Check rule from DB
19:28:21.590 [Test worker] INFO  ru.mai.lessons.rpks.ServiceTest - Wait until application updated rules from DB
19:28:30.123 [pool-13-thread-1] INFO  r.mai.lessons.rpks.impl.ReaderFromDB - HIKARY_CREATE
19:28:30.155 [pool-13-thread-1] INFO  r.mai.lessons.rpks.impl.ReaderFromDB - HIKARY_CREATE
19:28:30.155 [pool-13-thread-1] INFO  r.mai.lessons.rpks.impl.ReaderFromDB - CONTEXT_MADE
19:28:30.168 [pool-13-thread-1] INFO  r.mai.lessons.rpks.impl.ReaderFromDB - RULLES_CREATE:1
19:28:30.168 [pool-13-thread-1] INFO  r.mai.lessons.rpks.impl.ReaderFromDB - FIND_RULE:Rule(filterId=1, ruleId=1, fieldName=name, filterFunctionName=contains, filterValue=alexander)
19:28:30.168 [pool-13-thread-1] INFO  r.mai.lessons.rpks.impl.ReaderFromDB - MAKE_RULES_FROM_DB
19:28:30.169 [pool-13-thread-1] INFO  r.m.l.rpks.impl.ServiceFiltering - ADD_RULE
19:28:40.169 [pool-13-thread-1] INFO  r.mai.lessons.rpks.impl.ReaderFromDB - HIKARY_CREATE
19:28:40.200 [pool-13-thread-1] INFO  r.mai.lessons.rpks.impl.ReaderFromDB - HIKARY_CREATE
19:28:40.200 [pool-13-thread-1] INFO  r.mai.lessons.rpks.impl.ReaderFromDB - CONTEXT_MADE
19:28:40.212 [pool-13-thread-1] INFO  r.mai.lessons.rpks.impl.ReaderFromDB - RULLES_CREATE:1
19:28:40.212 [pool-13-thread-1] INFO  r.mai.lessons.rpks.impl.ReaderFromDB - FIND_RULE:Rule(filterId=1, ruleId=1, fieldName=name, filterFunctionName=contains, filterValue=alexander)
19:28:40.212 [pool-13-thread-1] INFO  r.mai.lessons.rpks.impl.ReaderFromDB - MAKE_RULES_FROM_DB
19:28:40.214 [pool-13-thread-1] INFO  r.m.l.rpks.impl.ServiceFiltering - ADD_RULE
19:28:41.612 [pool-14-thread-2] INFO  r.m.l.rpks.impl.ReaderFromKafka - MASSAGE_FROM_KAFKA_TOPIC test_topic_in : {"name":null, "sex":"M"}
19:28:41.612 [pool-14-thread-2] INFO  r.m.l.rpks.impl.ReaderFromKafka - MASSAGE_FROM_KAFKA_TOPIC test_topic_in : {"name":null, "sex":"M"}
19:28:41.612 [pool-14-thread-1] INFO  r.m.lessons.rpks.impl.WriterToKafka - KAFKA_PRODUCER_START_PROCESSING_MASSAGE: {"name":null, "sex":"M"}
19:28:41.613 [pool-14-thread-1] INFO  r.m.lessons.rpks.impl.WriterToKafka - KAFKA_PRODUCER_END_PROCESSING_MASSAGE: {"name":null, "sex":"M"}
19:28:41.621 [pool-14-thread-2] INFO  r.m.l.rpks.impl.ReaderFromKafka - MASSAGE_FROM_KAFKA_TOPIC test_topic_in : {"name":"alex", "age":null, "sex":"M"}
19:28:41.621 [pool-14-thread-2] INFO  r.m.l.rpks.impl.ReaderFromKafka - MASSAGE_FROM_KAFKA_TOPIC test_topic_in : {"name":"alex", "age":null, "sex":"M"}
19:28:41.621 [pool-14-thread-1] INFO  r.m.lessons.rpks.impl.WriterToKafka - KAFKA_PRODUCER_START_PROCESSING_MASSAGE: {"name":"alex", "age":null, "sex":"M"}
19:28:41.622 [pool-14-thread-1] INFO  r.m.l.rpks.impl.ProcessorOfRule - jsonValueOfname: alex
19:28:41.622 [pool-14-thread-1] INFO  r.m.l.rpks.impl.ProcessorOfRule - CONTAINS:
19:28:41.622 [pool-14-thread-1] INFO  r.m.lessons.rpks.impl.WriterToKafka - KAFKA_PRODUCER_END_PROCESSING_MASSAGE: {"name":"alex", "age":null, "sex":"M"}
19:28:41.632 [pool-14-thread-2] INFO  r.m.l.rpks.impl.ReaderFromKafka - MASSAGE_FROM_KAFKA_TOPIC test_topic_in : 
19:28:41.632 [pool-14-thread-2] INFO  r.m.l.rpks.impl.ReaderFromKafka - MASSAGE_FROM_KAFKA_TOPIC test_topic_in : 
19:28:41.632 [pool-14-thread-1] INFO  r.m.lessons.rpks.impl.WriterToKafka - KAFKA_PRODUCER_START_PROCESSING_MASSAGE: 
19:28:41.632 [pool-14-thread-1] WARN  r.m.lessons.rpks.impl.WriterToKafka - NOT_CORRECT_MASSAGE:
19:28:41.632 [pool-14-thread-1] INFO  r.m.lessons.rpks.impl.WriterToKafka - KAFKA_PRODUCER_END_PROCESSING_MASSAGE: 
19:28:41.640 [pool-14-thread-2] INFO  r.m.l.rpks.impl.ReaderFromKafka - MASSAGE_FROM_KAFKA_TOPIC test_topic_in : {"name":"alex_ivanov", "age":18, "sex":"M"}
19:28:41.640 [pool-14-thread-2] INFO  r.m.l.rpks.impl.ReaderFromKafka - MASSAGE_FROM_KAFKA_TOPIC test_topic_in : {"name":"alex_ivanov", "age":18, "sex":"M"}
19:28:41.640 [pool-14-thread-1] INFO  r.m.lessons.rpks.impl.WriterToKafka - KAFKA_PRODUCER_START_PROCESSING_MASSAGE: {"name":"alex_ivanov", "age":18, "sex":"M"}
19:28:41.641 [pool-14-thread-1] INFO  r.m.l.rpks.impl.ProcessorOfRule - jsonValueOfname: alex_ivanov
19:28:41.641 [pool-14-thread-1] INFO  r.m.l.rpks.impl.ProcessorOfRule - CONTAINS:
19:28:41.641 [pool-14-thread-1] INFO  r.m.lessons.rpks.impl.WriterToKafka - KAFKA_PRODUCER_END_PROCESSING_MASSAGE: {"name":"alex_ivanov", "age":18, "sex":"M"}
19:28:41.649 [pool-14-thread-2] INFO  r.m.l.rpks.impl.ReaderFromKafka - MASSAGE_FROM_KAFKA_TOPIC test_topic_in : {"age":17, "sex":"M"}
19:28:41.649 [pool-14-thread-2] INFO  r.m.l.rpks.impl.ReaderFromKafka - MASSAGE_FROM_KAFKA_TOPIC test_topic_in : {"age":17, "sex":"M"}
19:28:41.649 [pool-14-thread-1] INFO  r.m.lessons.rpks.impl.WriterToKafka - KAFKA_PRODUCER_START_PROCESSING_MASSAGE: {"age":17, "sex":"M"}
19:28:41.649 [pool-14-thread-1] INFO  r.m.lessons.rpks.impl.WriterToKafka - KAFKA_PRODUCER_END_PROCESSING_MASSAGE: {"age":17, "sex":"M"}
19:28:41.661 [pool-14-thread-2] INFO  r.m.l.rpks.impl.ReaderFromKafka - MASSAGE_FROM_KAFKA_TOPIC test_topic_in : {"name":"pushkin", "age":19, "sex":"M"}
19:28:41.661 [pool-14-thread-1] INFO  r.m.lessons.rpks.impl.WriterToKafka - KAFKA_PRODUCER_START_PROCESSING_MASSAGE: {"name":"pushkin", "age":19, "sex":"M"}
19:28:41.661 [pool-14-thread-2] INFO  r.m.l.rpks.impl.ReaderFromKafka - MASSAGE_FROM_KAFKA_TOPIC test_topic_in : {"name":"pushkin", "age":19, "sex":"M"}
19:28:41.661 [pool-14-thread-1] INFO  r.m.l.rpks.impl.ProcessorOfRule - jsonValueOfname: pushkin
19:28:41.661 [pool-14-thread-1] INFO  r.m.l.rpks.impl.ProcessorOfRule - CONTAINS:
19:28:41.661 [pool-14-thread-1] INFO  r.m.lessons.rpks.impl.WriterToKafka - KAFKA_PRODUCER_END_PROCESSING_MASSAGE: {"name":"pushkin", "age":19, "sex":"M"}
19:28:41.671 [pool-14-thread-2] INFO  r.m.l.rpks.impl.ReaderFromKafka - MASSAGE_FROM_KAFKA_TOPIC test_topic_in : {"name":"", "age":"", "sex":"M"}
19:28:41.671 [pool-14-thread-2] INFO  r.m.l.rpks.impl.ReaderFromKafka - MASSAGE_FROM_KAFKA_TOPIC test_topic_in : {"name":"", "age":"", "sex":"M"}
19:28:41.671 [pool-14-thread-1] INFO  r.m.lessons.rpks.impl.WriterToKafka - KAFKA_PRODUCER_START_PROCESSING_MASSAGE: {"name":"", "age":"", "sex":"M"}
19:28:41.671 [pool-14-thread-1] INFO  r.m.l.rpks.impl.ProcessorOfRule - jsonValueOfname: 
19:28:41.671 [pool-14-thread-1] INFO  r.m.l.rpks.impl.ProcessorOfRule - CONTAINS:
19:28:41.671 [pool-14-thread-1] INFO  r.m.lessons.rpks.impl.WriterToKafka - KAFKA_PRODUCER_END_PROCESSING_MASSAGE: {"name":"", "age":"", "sex":"M"}
19:28:41.679 [pool-14-thread-2] INFO  r.m.l.rpks.impl.ReaderFromKafka - MASSAGE_FROM_KAFKA_TOPIC test_topic_in : {"name":, "age":, "sex":"M"}
19:28:41.679 [pool-14-thread-2] INFO  r.m.l.rpks.impl.ReaderFromKafka - MASSAGE_FROM_KAFKA_TOPIC test_topic_in : {"name":, "age":, "sex":"M"}
19:28:41.679 [pool-14-thread-1] INFO  r.m.lessons.rpks.impl.WriterToKafka - KAFKA_PRODUCER_START_PROCESSING_MASSAGE: {"name":, "age":, "sex":"M"}
19:28:41.679 [pool-14-thread-1] INFO  r.m.lessons.rpks.impl.WriterToKafka - KAFKA_PRODUCER_END_PROCESSING_MASSAGE: {"name":, "age":, "sex":"M"}
19:28:41.687 [pool-14-thread-2] INFO  r.m.l.rpks.impl.ReaderFromKafka - MASSAGE_FROM_KAFKA_TOPIC test_topic_in : {"name":"alexander", "age":18, "sex":"M"}
19:28:41.687 [pool-14-thread-2] INFO  r.m.l.rpks.impl.ReaderFromKafka - MASSAGE_FROM_KAFKA_TOPIC test_topic_in : {"name":"alexander", "age":18, "sex":"M"}
19:28:41.687 [pool-14-thread-1] INFO  r.m.lessons.rpks.impl.WriterToKafka - KAFKA_PRODUCER_START_PROCESSING_MASSAGE: {"name":"alexander", "age":18, "sex":"M"}
19:28:41.687 [pool-14-thread-1] INFO  r.m.l.rpks.impl.ProcessorOfRule - jsonValueOfname: alexander
19:28:41.688 [pool-14-thread-1] INFO  r.m.l.rpks.impl.ProcessorOfRule - CONTAINS:
19:28:41.688 [pool-14-thread-1] INFO  r.m.lessons.rpks.impl.WriterToKafka - KAFKA_PRODUCER_END_PROCESSING_MASSAGE: {"name":"alexander", "age":18, "sex":"M"}
19:28:41.688 [pool-14-thread-1] INFO  r.m.lessons.rpks.impl.WriterToKafka - KAFKA_PRODUCER_SEND_MASSAGE: {"name":"alexander", "age":18, "sex":"M"}
19:28:41.699 [pool-13-thread-2] INFO  ru.mai.lessons.rpks.ServiceTest - Read messages 1
19:28:41.699 [pool-13-thread-1] WARN  r.m.l.rpks.impl.ServiceFiltering - CANT_SLEEP:sleep interrupted
19:28:41.699 [pool-13-thread-1] INFO  r.mai.lessons.rpks.impl.ReaderFromDB - HIKARY_CREATE
19:28:41.840 [pool-13-thread-1] INFO  r.mai.lessons.rpks.impl.ReaderFromDB - HIKARY_CREATE
19:28:41.840 [pool-13-thread-1] INFO  r.mai.lessons.rpks.impl.ReaderFromDB - CONTEXT_MADE
19:28:41.866 [pool-13-thread-1] INFO  r.mai.lessons.rpks.impl.ReaderFromDB - RULLES_CREATE:0
19:28:41.866 [pool-13-thread-1] INFO  r.mai.lessons.rpks.impl.ReaderFromDB - MAKE_RULES_FROM_DB
19:28:41.866 [pool-13-thread-1] INFO  r.m.l.rpks.impl.ServiceFiltering - ADD_RULE
19:28:41.866 [pool-13-thread-1] WARN  r.m.l.rpks.impl.ServiceFiltering - CANT_SLEEP:sleep interrupted
19:28:41.866 [pool-13-thread-1] INFO  r.mai.lessons.rpks.impl.ReaderFromDB - HIKARY_CREATE
19:28:42.075 [pool-13-thread-1] INFO  r.mai.lessons.rpks.impl.ReaderFromDB - HIKARY_CREATE
19:28:42.075 [pool-13-thread-1] INFO  r.mai.lessons.rpks.impl.ReaderFromDB - CONTEXT_MADE
19:28:42.120 [pool-13-thread-1] INFO  r.mai.lessons.rpks.impl.ReaderFromDB - RULLES_CREATE:0
19:28:42.120 [pool-13-thread-1] INFO  r.mai.lessons.rpks.impl.ReaderFromDB - MAKE_RULES_FROM_DB
19:28:42.120 [pool-13-thread-1] INFO  r.m.l.rpks.impl.ServiceFiltering - ADD_RULE
19:28:42.121 [pool-13-thread-1] WARN  r.m.l.rpks.impl.ServiceFiltering - CANT_SLEEP:sleep interrupted
19:28:42.121 [pool-13-thread-1] INFO  r.mai.lessons.rpks.impl.ReaderFromDB - HIKARY_CREATE
19:28:42.575 [pool-13-thread-1] INFO  r.mai.lessons.rpks.impl.ReaderFromDB - HIKARY_CREATE
19:28:42.575 [pool-13-thread-1] INFO  r.mai.lessons.rpks.impl.ReaderFromDB - CONTEXT_MADE
19:28:42.593 [pool-13-thread-1] INFO  r.mai.lessons.rpks.impl.ReaderFromDB - RULLES_CREATE:0
19:28:42.593 [pool-13-thread-1] INFO  r.mai.lessons.rpks.impl.ReaderFromDB - MAKE_RULES_FROM_DB
19:28:42.594 [pool-13-thread-1] INFO  r.m.l.rpks.impl.ServiceFiltering - ADD_RULE
19:28:42.594 [pool-13-thread-1] WARN  r.m.l.rpks.impl.ServiceFiltering - CANT_SLEEP:sleep interrupted
19:28:42.594 [pool-13-thread-1] INFO  r.mai.lessons.rpks.impl.ReaderFromDB - HIKARY_CREATE
19:28:42.663 [pool-13-thread-1] INFO  r.mai.lessons.rpks.impl.ReaderFromDB - HIKARY_CREATE
19:28:42.663 [pool-13-thread-1] INFO  r.mai.lessons.rpks.impl.ReaderFromDB - CONTEXT_MADE
19:28:42.722 [pool-13-thread-1] INFO  r.mai.lessons.rpks.impl.ReaderFromDB - RULLES_CREATE:0
19:28:42.722 [pool-13-thread-1] INFO  r.mai.lessons.rpks.impl.ReaderFromDB - MAKE_RULES_FROM_DB
19:28:42.722 [pool-13-thread-1] INFO  r.m.l.rpks.impl.ServiceFiltering - ADD_RULE
19:28:42.722 [pool-13-thread-1] WARN  r.m.l.rpks.impl.ServiceFiltering - CANT_SLEEP:sleep interrupted
19:28:42.722 [pool-13-thread-1] INFO  r.mai.lessons.rpks.impl.ReaderFromDB - HIKARY_CREATE
19:28:42.809 [pool-13-thread-1] INFO  r.mai.lessons.rpks.impl.ReaderFromDB - HIKARY_CREATE
19:28:42.809 [pool-13-thread-1] INFO  r.mai.lessons.rpks.impl.ReaderFromDB - CONTEXT_MADE
19:28:42.928 [pool-13-thread-1] INFO  r.mai.lessons.rpks.impl.ReaderFromDB - RULLES_CREATE:0
19:28:42.928 [pool-13-thread-1] INFO  r.mai.lessons.rpks.impl.ReaderFromDB - MAKE_RULES_FROM_DB
19:28:42.928 [pool-13-thread-1] INFO  r.m.l.rpks.impl.ServiceFiltering - ADD_RULE
19:28:42.928 [pool-13-thread-1] WARN  r.m.l.rpks.impl.ServiceFiltering - CANT_SLEEP:sleep interrupted
19:28:42.928 [pool-13-thread-1] INFO  r.mai.lessons.rpks.impl.ReaderFromDB - HIKARY_CREATE
19:28:43.137 [pool-13-thread-1] INFO  r.mai.lessons.rpks.impl.ReaderFromDB - HIKARY_CREATE
19:28:43.137 [pool-13-thread-1] INFO  r.mai.lessons.rpks.impl.ReaderFromDB - CONTEXT_MADE
19:28:43.184 [pool-13-thread-1] INFO  r.mai.lessons.rpks.impl.ReaderFromDB - RULLES_CREATE:0
19:28:43.184 [pool-13-thread-1] INFO  r.mai.lessons.rpks.impl.ReaderFromDB - MAKE_RULES_FROM_DB
19:28:43.185 [pool-13-thread-1] INFO  r.m.l.rpks.impl.ServiceFiltering - ADD_RULE
19:28:43.185 [pool-13-thread-1] WARN  r.m.l.rpks.impl.ServiceFiltering - CANT_SLEEP:sleep interrupted
19:28:43.185 [pool-13-thread-1] INFO  r.mai.lessons.rpks.impl.ReaderFromDB - HIKARY_CREATE
19:28:43.228 [pool-13-thread-1] INFO  r.mai.lessons.rpks.impl.ReaderFromDB - HIKARY_CREATE
19:28:43.228 [pool-13-thread-1] INFO  r.mai.lessons.rpks.impl.ReaderFromDB - CONTEXT_MADE
19:28:43.256 [pool-13-thread-1] INFO  r.mai.lessons.rpks.impl.ReaderFromDB - RULLES_CREATE:0
19:28:43.256 [pool-13-thread-1] INFO  r.mai.lessons.rpks.impl.ReaderFromDB - MAKE_RULES_FROM_DB
19:28:43.257 [pool-13-thread-1] INFO  r.m.l.rpks.impl.ServiceFiltering - ADD_RULE
19:28:43.257 [pool-13-thread-1] WARN  r.m.l.rpks.impl.ServiceFiltering - CANT_SLEEP:sleep interrupted
19:28:43.257 [pool-13-thread-1] INFO  r.mai.lessons.rpks.impl.ReaderFromDB - HIKARY_CREATE
19:28:43.318 [pool-13-thread-1] INFO  r.mai.lessons.rpks.impl.ReaderFromDB - HIKARY_CREATE
19:28:43.318 [pool-13-thread-1] INFO  r.mai.lessons.rpks.impl.ReaderFromDB - CONTEXT_MADE
19:28:43.339 [pool-13-thread-1] INFO  r.mai.lessons.rpks.impl.ReaderFromDB - RULLES_CREATE:0
19:28:43.339 [pool-13-thread-1] INFO  r.mai.lessons.rpks.impl.ReaderFromDB - MAKE_RULES_FROM_DB
19:28:43.339 [pool-13-thread-1] INFO  r.m.l.rpks.impl.ServiceFiltering - ADD_RULE
19:28:43.339 [pool-13-thread-1] WARN  r.m.l.rpks.impl.ServiceFiltering - CANT_SLEEP:sleep interrupted
19:28:43.339 [pool-13-thread-1] INFO  r.mai.lessons.rpks.impl.ReaderFromDB - HIKARY_CREATE
19:28:43.383 [pool-13-thread-1] ERROR com.zaxxer.hikari.pool.HikariPool - HikariPool-102 - Exception during pool initialization.
org.postgresql.util.PSQLException: FATAL: terminating connection due to unexpected postmaster exit
	at org.postgresql.core.v3.QueryExecutorImpl.receiveErrorResponse(QueryExecutorImpl.java:2676)
	at org.postgresql.core.v3.QueryExecutorImpl.processResults(QueryExecutorImpl.java:2366)
	at org.postgresql.core.v3.QueryExecutorImpl.execute(QueryExecutorImpl.java:356)
	at org.postgresql.core.v3.QueryExecutorImpl.execute(QueryExecutorImpl.java:316)
	at org.postgresql.core.SetupQueryRunner.run(SetupQueryRunner.java:55)
	at org.postgresql.core.v3.ConnectionFactoryImpl.runInitialQueries(ConnectionFactoryImpl.java:918)
	at org.postgresql.core.v3.ConnectionFactoryImpl.openConnectionImpl(ConnectionFactoryImpl.java:327)
	at org.postgresql.core.ConnectionFactory.openConnection(ConnectionFactory.java:54)
	at org.postgresql.jdbc.PgConnection.<init>(PgConnection.java:253)
	at org.postgresql.Driver.makeConnection(Driver.java:434)
	at org.postgresql.Driver.connect(Driver.java:291)
	at com.zaxxer.hikari.util.DriverDataSource.getConnection(DriverDataSource.java:138)
	at com.zaxxer.hikari.pool.PoolBase.newConnection(PoolBase.java:359)
	at com.zaxxer.hikari.pool.PoolBase.newPoolEntry(PoolBase.java:201)
	at com.zaxxer.hikari.pool.HikariPool.createPoolEntry(HikariPool.java:470)
	at com.zaxxer.hikari.pool.HikariPool.checkFailFast(HikariPool.java:561)
	at com.zaxxer.hikari.pool.HikariPool.<init>(HikariPool.java:100)
	at com.zaxxer.hikari.HikariDataSource.<init>(HikariDataSource.java:81)
	at ru.mai.lessons.rpks.impl.ReaderFromDB.readRulesFromDB(ReaderFromDB.java:29)
	at ru.mai.lessons.rpks.impl.ServiceFiltering.start(ServiceFiltering.java:43)
	at ru.mai.lessons.rpks.ServiceTest.lambda$testStartService$49(ServiceTest.java:1335)
	at java.base/java.util.concurrent.FutureTask.run(FutureTask.java:264)
	at java.base/java.util.concurrent.ThreadPoolExecutor.runWorker(ThreadPoolExecutor.java:1136)
	at java.base/java.util.concurrent.ThreadPoolExecutor$Worker.run(ThreadPoolExecutor.java:635)
	at java.base/java.lang.Thread.run(Thread.java:833)
19:29:12.676 [Test worker] INFO  ru.mai.lessons.rpks.ServiceTest - Topics: [(name=test_topic_in, numPartitions=3, replicationFactor=1, replicasAssignments=null, configs=null), (name=test_topic_out, numPartitions=3, replicationFactor=1, replicasAssignments=null, configs=null)], replica factor 1, partitions 3
19:29:12.758 [Test worker] INFO  ru.mai.lessons.rpks.ServiceTest - Topic not exist. Create topics [(name=test_topic_in, numPartitions=3, replicationFactor=1, replicasAssignments=null, configs=null), (name=test_topic_out, numPartitions=3, replicationFactor=1, replicasAssignments=null, configs=null)]
19:29:13.962 [Test worker] INFO  ru.mai.lessons.rpks.ServiceTest - Create filtering rule 1
19:29:13.989 [Test worker] INFO  ru.mai.lessons.rpks.ServiceTest - Check rule from DB
19:29:13.997 [pool-15-thread-1] INFO  r.m.l.rpks.impl.ServiceFiltering - CONFIG:Config(SimpleConfigObject({"application":{"updateIntervalSec":10},"com":{"zaxxer":{"hikari":{"pool_number":"1"}}},"db":{"driver":"org.postgresql.Driver","jdbcUrl":"jdbc:postgresql://localhost:59403/test_db?loggerLevel=OFF","password":"password","user":"user"},"file":{"encoding":"windows-1251","separator":"\\"},"java":{"class":{"path":"C:\\\\Users\\\\eliza\\\\.gradle\\\\caches\\\\7.5.1\\\\workerMain\\\\gradle-worker.jar;P:\\\\Projects\\\\JetBrains\\\\IntelliJIDEA\\\\RPKS_2\\\\git_Clone\\\\JavaServiceFiltering\\\\build\\\\classes\\\\java\\\\test;P:\\\\Projects\\\\JetBrains\\\\IntelliJIDEA\\\\RPKS_2\\\\git_Clone\\\\JavaServiceFiltering\\\\build\\\\resources\\\\test;P:\\\\Projects\\\\JetBrains\\\\IntelliJIDEA\\\\RPKS_2\\\\git_Clone\\\\JavaServiceFiltering\\\\build\\\\classes\\\\java\\\\main;P:\\\\Projects\\\\JetBrains\\\\IntelliJIDEA\\\\RPKS_2\\\\git_Clone\\\\JavaServiceFiltering\\\\build\\\\resources\\\\main;C:\\\\Users\\\\eliza\\\\.gradle\\\\caches\\\\modules-2\\\\files-2.1\\\\org.apache.kafka\\\\kafka-clients\\\\3.4.0\\\\69aebfca9da335f6617f9e5e7a4b45f16e8c86b5\\\\kafka-clients-3.4.0.jar;C:\\\\Users\\\\eliza\\\\.gradle\\\\caches\\\\modules-2\\\\files-2.1\\\\ch.qos.logback\\\\logback-classic\\\\1.4.5\\\\28e7dc0b208d6c3f15beefd73976e064b4ecfa9b\\\\logback-classic-1.4.5.jar;C:\\\\Users\\\\eliza\\\\.gradle\\\\caches\\\\modules-2\\\\files-2.1\\\\com.typesafe\\\\config\\\\1.4.2\\\\4c40a633e7994cfb0354244efb6d03fcb11c3ecf\\\\config-1.4.2.jar;C:\\\\Users\\\\eliza\\\\.gradle\\\\caches\\\\modules-2\\\\files-2.1\\\\org.postgresql\\\\postgresql\\\\42.5.4\\\\15015a54f15e340a9a8a6a2c5457429cb1176b8\\\\postgresql-42.5.4.jar;C:\\\\Users\\\\eliza\\\\.gradle\\\\caches\\\\modules-2\\\\files-2.1\\\\com.zaxxer\\\\HikariCP\\\\5.0.1\\\\a74c7f0a37046846e88d54f7cb6ea6d565c65f9c\\\\HikariCP-5.0.1.jar;C:\\\\Users\\\\eliza\\\\.gradle\\\\caches\\\\modules-2\\\\files-2.1\\\\org.jooq\\\\jooq\\\\3.17.8\\\\6add040365183a3c0a043e11c6069a46b992df39\\\\jooq-3.17.8.jar;C:\\\\Users\\\\eliza\\\\.gradle\\\\caches\\\\modules-2\\\\files-2.1\\\\org.testcontainers\\\\junit-jupiter\\\\1.17.6\\\\94e9894bc665909e208959390ea6540309ce231e\\\\junit-jupiter-1.17.6.jar;C:\\\\Users\\\\eliza\\\\.gradle\\\\caches\\\\modules-2\\\\files-2.1\\\\org.testcontainers\\\\kafka\\\\1.17.6\\\\1975b93708e99340690690177a9c7bbf5aabc823\\\\kafka-1.17.6.jar;C:\\\\Users\\\\eliza\\\\.gradle\\\\caches\\\\modules-2\\\\files-2.1\\\\org.testcontainers\\\\postgresql\\\\1.17.6\\\\cd8aba02d8d46159ab85535d34a1e4217322f9a5\\\\postgresql-1.17.6.jar;C:\\\\Users\\\\eliza\\\\.gradle\\\\caches\\\\modules-2\\\\files-2.1\\\\org.testcontainers\\\\jdbc\\\\1.17.6\\\\1510482e46f5f70909693fc695a2369751510785\\\\jdbc-1.17.6.jar;C:\\\\Users\\\\eliza\\\\.gradle\\\\caches\\\\modules-2\\\\files-2.1\\\\org.testcontainers\\\\database-commons\\\\1.17.6\\\\8a4cd2cda51c2cc3092b1c22f4ee8148be4db410\\\\database-commons-1.17.6.jar;C:\\\\Users\\\\eliza\\\\.gradle\\\\caches\\\\modules-2\\\\files-2.1\\\\org.testcontainers\\\\testcontainers\\\\1.17.6\\\\11b28972d2d8bddd5a7d3b6e21016fbe13bc8e8b\\\\testcontainers-1.17.6.jar;C:\\\\Users\\\\eliza\\\\.gradle\\\\caches\\\\modules-2\\\\files-2.1\\\\com.github.docker-java\\\\docker-java-api\\\\3.2.13\\\\5817ef8f770cb7e740d590090bf352df9491f3c1\\\\docker-java-api-3.2.13.jar;C:\\\\Users\\\\eliza\\\\.gradle\\\\caches\\\\modules-2\\\\files-2.1\\\\com.fasterxml.jackson.core\\\\jackson-annotations\\\\2.14.2\\\\a7aae9525864930723e3453ab799521fdfd9d873\\\\jackson-annotations-2.14.2.jar;C:\\\\Users\\\\eliza\\\\.gradle\\\\caches\\\\modules-2\\\\files-2.1\\\\com.fasterxml.jackson.core\\\\jackson-core\\\\2.14.2\\\\f804090e6399ce0cf78242db086017512dd71fcc\\\\jackson-core-2.14.2.jar;C:\\\\Users\\\\eliza\\\\.gradle\\\\caches\\\\modules-2\\\\files-2.1\\\\org.junit.jupiter\\\\junit-jupiter-engine\\\\5.9.1\\\\1bf771097bde296c3ab174861954e8aafaaf2e94\\\\junit-jupiter-engine-5.9.1.jar;C:\\\\Users\\\\eliza\\\\.gradle\\\\caches\\\\modules-2\\\\files-2.1\\\\org.junit.platform\\\\junit-platform-engine\\\\1.9.1\\\\83591e5089d6cea5f324aa3ecca9b19d5a275803\\\\junit-platform-engine-1.9.1.jar;C:\\\\Users\\\\eliza\\\\.gradle\\\\caches\\\\modules-2\\\\files-2.1\\\\org.junit.platform\\\\junit-platform-commons\\\\1.9.1\\\\3145f821b5cd10abcdc5f925baa5fffa6f1b628f\\\\junit-platform-commons-1.9.1.jar;C:\\\\Users\\\\eliza\\\\.gradle\\\\caches\\\\modules-2\\\\files-2.1\\\\org.junit.jupiter\\\\junit-jupiter-api\\\\5.9.1\\\\7bb53fbc0173e9f6a9d21d58297af94b1f2f9ce1\\\\junit-jupiter-api-5.9.1.jar;C:\\\\Users\\\\eliza\\\\.gradle\\\\caches\\\\modules-2\\\\files-2.1\\\\com.github.luben\\\\zstd-jni\\\\1.5.2-1\\\\fad786abc1d1b81570e8d9a2fc8a1ef479bc27b6\\\\zstd-jni-1.5.2-1.jar;C:\\\\Users\\\\eliza\\\\.gradle\\\\caches\\\\modules-2\\\\files-2.1\\\\org.lz4\\\\lz4-java\\\\1.8.0\\\\4b986a99445e49ea5fbf5d149c4b63f6ed6c6780\\\\lz4-java-1.8.0.jar;C:\\\\Users\\\\eliza\\\\.gradle\\\\caches\\\\modules-2\\\\files-2.1\\\\org.xerial.snappy\\\\snappy-java\\\\1.1.8.4\\\\66f0d56454509f6e36175f2331572e250e04a6cc\\\\snappy-java-1.1.8.4.jar;C:\\\\Users\\\\eliza\\\\.gradle\\\\caches\\\\modules-2\\\\files-2.1\\\\com.github.docker-java\\\\docker-java-transport-zerodep\\\\3.2.13\\\\4cbc2c09d6c264767a39624066987ed4a152bc68\\\\docker-java-transport-zerodep-3.2.13.jar;C:\\\\Users\\\\eliza\\\\.gradle\\\\caches\\\\modules-2\\\\files-2.1\\\\org.slf4j\\\\slf4j-api\\\\2.0.4\\\\30d5eb5360bd113ce96f9e49e3431993bbf1b247\\\\slf4j-api-2.0.4.jar;C:\\\\Users\\\\eliza\\\\.gradle\\\\caches\\\\modules-2\\\\files-2.1\\\\ch.qos.logback\\\\logback-core\\\\1.4.5\\\\e9bb2ea70f84401314da4300343b0a246c8954da\\\\logback-core-1.4.5.jar;C:\\\\Users\\\\eliza\\\\.gradle\\\\caches\\\\modules-2\\\\files-2.1\\\\org.checkerframework\\\\checker-qual\\\\3.5.0\\\\2f50520c8abea66fbd8d26e481d3aef5c673b510\\\\checker-qual-3.5.0.jar;C:\\\\Users\\\\eliza\\\\.gradle\\\\caches\\\\modules-2\\\\files-2.1\\\\io.r2dbc\\\\r2dbc-spi\\\\0.9.1.RELEASE\\\\689338f54890e6981d9d98d059c1a94007a0b809\\\\r2dbc-spi-0.9.1.RELEASE.jar;C:\\\\Users\\\\eliza\\\\.gradle\\\\caches\\\\modules-2\\\\files-2.1\\\\jakarta.xml.bind\\\\jakarta.xml.bind-api\\\\3.0.0\\\\9275db6e21287df61690989254a0b46d8d31e99a\\\\jakarta.xml.bind-api-3.0.0.jar;C:\\\\Users\\\\eliza\\\\.gradle\\\\caches\\\\modules-2\\\\files-2.1\\\\junit\\\\junit\\\\4.13.2\\\\8ac9e16d933b6fb43bc7f576336b8f4d7eb5ba12\\\\junit-4.13.2.jar;C:\\\\Users\\\\eliza\\\\.gradle\\\\caches\\\\modules-2\\\\files-2.1\\\\org.apache.commons\\\\commons-compress\\\\1.22\\\\691a8b4e6cf4248c3bc72c8b719337d5cb7359fa\\\\commons-compress-1.22.jar;C:\\\\Users\\\\eliza\\\\.gradle\\\\caches\\\\modules-2\\\\files-2.1\\\\org.rnorth.duct-tape\\\\duct-tape\\\\1.0.8\\\\92edc22a9ab2f3e17c9bf700aaee377d50e8b530\\\\duct-tape-1.0.8.jar;C:\\\\Users\\\\eliza\\\\.gradle\\\\caches\\\\modules-2\\\\files-2.1\\\\org.reactivestreams\\\\reactive-streams\\\\1.0.3\\\\d9fb7a7926ffa635b3dcaa5049fb2bfa25b3e7d0\\\\reactive-streams-1.0.3.jar;C:\\\\Users\\\\eliza\\\\.gradle\\\\caches\\\\modules-2\\\\files-2.1\\\\com.sun.activation\\\\jakarta.activation\\\\2.0.0\\\\f4e7519148dee347c7666f336210deedb8aca09d\\\\jakarta.activation-2.0.0.jar;C:\\\\Users\\\\eliza\\\\.gradle\\\\caches\\\\modules-2\\\\files-2.1\\\\org.hamcrest\\\\hamcrest-core\\\\1.3\\\\42a25dc3219429f0e5d060061f71acb49bf010a0\\\\hamcrest-core-1.3.jar;C:\\\\Users\\\\eliza\\\\.gradle\\\\caches\\\\modules-2\\\\files-2.1\\\\org.jetbrains\\\\annotations\\\\17.0.0\\\\8ceead41f4e71821919dbdb7a9847608f1a938cb\\\\annotations-17.0.0.jar;C:\\\\Users\\\\eliza\\\\.gradle\\\\caches\\\\modules-2\\\\files-2.1\\\\com.github.docker-java\\\\docker-java-transport\\\\3.2.13\\\\e9d308d1822181a9d48c99739f5eca014ec89199\\\\docker-java-transport-3.2.13.jar;C:\\\\Users\\\\eliza\\\\.gradle\\\\caches\\\\modules-2\\\\files-2.1\\\\net.java.dev.jna\\\\jna\\\\5.8.0\\\\3551d8d827e54858214107541d3aff9c615cb615\\\\jna-5.8.0.jar;C:\\\\Users\\\\eliza\\\\.gradle\\\\caches\\\\modules-2\\\\files-2.1\\\\org.opentest4j\\\\opentest4j\\\\1.2.0\\\\28c11eb91f9b6d8e200631d46e20a7f407f2a046\\\\opentest4j-1.2.0.jar","version":"62.0"},"home":"C:\\Users\\eliza\\.jdks\\openjdk-18.0.1.1","io":{"tmpdir":"C:\\Users\\eliza\\AppData\\Local\\Temp\\"},"library":{"path":"C:\\Users\\eliza\\.jdks\\openjdk-18.0.1.1\\bin;C:\\WINDOWS\\Sun\\Java\\bin;C:\\WINDOWS\\system32;C:\\WINDOWS;;;;C:\\Windows\\system32;C:\\Windows;C:\\Windows\\System32\\Wbem;C:\\Windows\\System32\\WindowsPowerShell\\v1.0\\;C:\\Windows\\System32\\OpenSSH\\;C:\\Program Files\\Microsoft SQL Server\\150\\Tools\\Binn\\;C:\\Program Files\\dotnet\\;C:\\Program Files\\Git\\cmd;C:\\Program Files\\Git\\mingw64\\bin;C:\\Program Files\\Git\\usr\\bin;P:\\Programs\\MySql\\bin;C:\\WINDOWS\\system32;C:\\WINDOWS;C:\\WINDOWS\\System32\\Wbem;C:\\WINDOWS\\System32\\WindowsPowerShell\\v1.0\\;C:\\WINDOWS\\System32\\OpenSSH\\;C:\\Program Files\\PowerShell\\7\\;C:\\Program Files\\Docker\\Docker\\resources\\bin;C:\\Users\\eliza\\AppData\\Local\\Programs\\Python\\Python38\\Scripts\\;C:\\Users\\eliza\\AppData\\Local\\Programs\\Python\\Python38\\;C:\\Users\\eliza\\AppData\\Local\\Microsoft\\WindowsApps;P:\\Programs\\JetBrains\\PyCharm 2022.1.3\\Program Files\\JetBrains\\PyCharm 2022.1.3\\bin;;P:\\Programs\\JetBrains\\IntelliJ IDEA 2023.1.2\\bin;;P:\\Programs\\JetBrains\\CLion 2022.2.4\\bin;;C:\\Users\\eliza\\.dotnet\\tools;C:\\texlive\\2022\\bin\\win32;P:\\Programs\\JetBrains\\Rider 2022.2.4\\bin;;C:\\ProgramData\\eliza\\GitHubDesktop\\bin;C:\\Users\\eliza\\AppData\\Local\\GitHubDesktop\\bin;P:\\Programs\\JetBrains\\DataGrip 2022.2.5\\bin;;;P:\\Programs\\JetBrains\\Gateway 2023.1\\JetBrains Gateway 2023.1\\bin;;."},"runtime":{"name":"OpenJDK Runtime Environment","version":"18.0.1.1+2-6"},"specification":{"name":"Java Platform API Specification","vendor":"Oracle Corporation","version":"18"},"vendor":{"url":{"bug":"https://bugreport.java.com/bugreport/"}},"version":"18.0.1.1","vm":{"compressedOopsMode":"32-bit","info":"mixed mode, sharing","name":"OpenJDK 64-Bit Server VM","specification":{"name":"Java Virtual Machine Specification","vendor":"Oracle Corporation","version":"18"},"vendor":"Oracle Corporation","version":"18.0.1.1+2-6"}},"jdk":{"debug":"release"},"kafka":{"consumer":{"auto":{"offset":{"reset":"earliest"}},"bootstrap":{"servers":"PLAINTEXT://localhost:59484"},"group":{"id":"test_group_consumer"},"topicIn":"test_topic_in"},"producer":{"bootstrap":{"servers":"PLAINTEXT://localhost:59484"},"topicOut":"test_topic_out"}},"line":{"separator":"\r\n"},"native":{"encoding":"Cp1251"},"org":{"gradle":{"internal":{"worker":{"tmpdir":"P:\\Projects\\JetBrains\\IntelliJIDEA\\RPKS_2\\git_Clone\\JavaServiceFiltering\\build\\tmp\\test\\work"}},"native":"false","test":{"worker":"38"}}},"os":{"arch":"amd64","name":"Windows 11","version":"10.0"},"path":{"separator":";"},"sun":{"arch":{"data":{"model":"64"}},"boot":{"library":{"path":"C:\\Users\\eliza\\.jdks\\openjdk-18.0.1.1\\bin"}},"cpu":{"endian":"little","isalist":"amd64"},"io":{"unicode":{"encoding":"UnicodeLittle"}},"java":{"command":"worker.org.gradle.process.internal.worker.GradleWorkerMain 'Gradle Test Executor 38'","launcher":"SUN_STANDARD"},"jnu":{"encoding":"Cp1251"},"management":{"compiler":"HotSpot 64-Bit Tiered Compilers"},"os":{"patch":{"level":""}}},"user":{"country":"RU","dir":"P:\\Projects\\JetBrains\\IntelliJIDEA\\RPKS_2\\git_Clone\\JavaServiceFiltering","home":"C:\\Users\\eliza","language":"ru","name":"eliza","script":"","timezone":"Europe/Moscow","variant":""}}))
19:29:13.997 [pool-15-thread-1] INFO  r.m.l.rpks.impl.ServiceFiltering - CONSUMER_SETTINGS_WAS_READ: ConsumerSettings(bootstrapServers=PLAINTEXT://localhost:59484, groupId=test_group_consumer, autoOffsetReset=earliest, topicIn=test_topic_in, updateIntervalSec=100)
19:29:13.997 [pool-15-thread-1] INFO  r.m.l.rpks.impl.ServiceFiltering - PRODUCER_SETTINGS_WAS_READ: ProducerSettings(bootstrapServers=PLAINTEXT://localhost:59484, topicOut=test_topic_out, updateIntervalSec=100)
19:29:13.998 [pool-15-thread-1] INFO  r.m.l.rpks.impl.ServiceFiltering - DB_SETTINGS_WAS_READ: DBSettings(jdbcUrl=jdbc:postgresql://localhost:59403/test_db?loggerLevel=OFF, user=user, password=password, driver=org.postgresql.Driver, tableName=filter_rules)
19:29:13.998 [pool-15-thread-1] INFO  r.mai.lessons.rpks.impl.ReaderFromDB - HIKARY_CREATE
19:29:14.012 [pool-16-thread-1] INFO  r.m.lessons.rpks.impl.WriterToKafka - START_WRITE_MESSAGE_IN_KAFKA_TOPIC test_topic_out
19:29:14.014 [pool-16-thread-2] INFO  r.m.l.rpks.impl.ReaderFromKafka - CONSUMER_SETTINGS:ConsumerSettings(bootstrapServers=PLAINTEXT://localhost:59484, groupId=test_group_consumer, autoOffsetReset=earliest, topicIn=test_topic_in, updateIntervalSec=100)
19:29:14.014 [pool-16-thread-2] INFO  r.m.l.rpks.impl.ReaderFromKafka - KAFKA_CONSUMER_START_READING_FROM_TOPIC test_topic_in
19:29:14.186 [pool-15-thread-1] INFO  r.mai.lessons.rpks.impl.ReaderFromDB - HIKARY_CREATE
19:29:14.186 [pool-15-thread-1] INFO  r.mai.lessons.rpks.impl.ReaderFromDB - CONTEXT_MADE
19:29:14.203 [pool-15-thread-1] INFO  r.mai.lessons.rpks.impl.ReaderFromDB - RULLES_CREATE:1
19:29:14.204 [pool-15-thread-1] INFO  r.mai.lessons.rpks.impl.ReaderFromDB - FIND_RULE:Rule(filterId=1, ruleId=1, fieldName=name, filterFunctionName=not_contains, filterValue=alexander)
19:29:14.204 [pool-15-thread-1] INFO  r.mai.lessons.rpks.impl.ReaderFromDB - MAKE_RULES_FROM_DB
19:29:14.267 [pool-15-thread-1] INFO  r.m.l.rpks.impl.ServiceFiltering - ADD_RULE
19:29:14.556 [pool-15-thread-2] INFO  ru.mai.lessons.rpks.ServiceTest - Remaining attempts 10
19:29:14.909 [pool-16-thread-2] INFO  r.m.l.rpks.impl.ReaderFromKafka - MASSAGE_FROM_KAFKA_TOPIC test_topic_in : {"name":"alexander_pushkin", "age":, "sex":null}
19:29:14.909 [pool-16-thread-2] INFO  r.m.l.rpks.impl.ReaderFromKafka - MASSAGE_FROM_KAFKA_TOPIC test_topic_in : {"name":"alexander_pushkin", "age":, "sex":null}
19:29:14.909 [pool-16-thread-2] INFO  r.m.l.rpks.impl.ReaderFromKafka - MASSAGE_FROM_KAFKA_TOPIC test_topic_in : {"name":"alexander_pushkin", "sex":"M"}
19:29:14.909 [pool-16-thread-2] INFO  r.m.l.rpks.impl.ReaderFromKafka - MASSAGE_FROM_KAFKA_TOPIC test_topic_in : {"name":"alexander_pushkin", "sex":"M"}
19:29:14.909 [pool-16-thread-2] INFO  r.m.l.rpks.impl.ReaderFromKafka - MASSAGE_FROM_KAFKA_TOPIC test_topic_in : {"name":"alexander_pushkin", "age":null}
19:29:14.909 [pool-16-thread-2] INFO  r.m.l.rpks.impl.ReaderFromKafka - MASSAGE_FROM_KAFKA_TOPIC test_topic_in : {"name":"alexander_pushkin", "age":null}
19:29:14.909 [pool-16-thread-1] INFO  r.m.lessons.rpks.impl.WriterToKafka - KAFKA_PRODUCER_START_PROCESSING_MASSAGE: {"name":"alexander_pushkin", "age":, "sex":null}
19:29:14.909 [pool-16-thread-2] INFO  r.m.l.rpks.impl.ReaderFromKafka - MASSAGE_FROM_KAFKA_TOPIC test_topic_in : {"name":"alexander_pushkin", "age":19, "sex":"M"}
19:29:14.909 [pool-16-thread-2] INFO  r.m.l.rpks.impl.ReaderFromKafka - MASSAGE_FROM_KAFKA_TOPIC test_topic_in : {"name":"alexander_pushkin", "age":19, "sex":"M"}
19:29:14.909 [pool-16-thread-2] INFO  r.m.l.rpks.impl.ReaderFromKafka - MASSAGE_FROM_KAFKA_TOPIC test_topic_in : {"name":"alexander_pushkin"}
19:29:14.909 [pool-16-thread-2] INFO  r.m.l.rpks.impl.ReaderFromKafka - MASSAGE_FROM_KAFKA_TOPIC test_topic_in : {"name":"alexander_pushkin"}
19:29:14.909 [pool-16-thread-2] INFO  r.m.l.rpks.impl.ReaderFromKafka - MASSAGE_FROM_KAFKA_TOPIC test_topic_in : {"name":"alex_pushkin", "age":18, "sex":"M"}
19:29:14.909 [pool-16-thread-2] INFO  r.m.l.rpks.impl.ReaderFromKafka - MASSAGE_FROM_KAFKA_TOPIC test_topic_in : {"name":"alex_pushkin", "age":18, "sex":"M"}
19:29:14.909 [pool-16-thread-1] INFO  r.m.l.rpks.impl.ProcessorOfRule - jsonValueOfname: alexander_pushkin
19:29:14.909 [pool-16-thread-1] INFO  r.m.l.rpks.impl.ProcessorOfRule - NOT_CONTAINS:
19:29:14.909 [pool-16-thread-1] INFO  r.m.l.rpks.impl.ProcessorOfRule - CONTAINS:
19:29:14.909 [pool-16-thread-1] INFO  r.m.lessons.rpks.impl.WriterToKafka - KAFKA_PRODUCER_END_PROCESSING_MASSAGE: {"name":"alexander_pushkin", "age":, "sex":null}
19:29:14.909 [pool-16-thread-1] INFO  r.m.lessons.rpks.impl.WriterToKafka - KAFKA_PRODUCER_START_PROCESSING_MASSAGE: {"name":"alexander_pushkin", "sex":"M"}
19:29:14.909 [pool-16-thread-1] INFO  r.m.l.rpks.impl.ProcessorOfRule - jsonValueOfname: alexander_pushkin
19:29:14.910 [pool-16-thread-1] INFO  r.m.l.rpks.impl.ProcessorOfRule - NOT_CONTAINS:
19:29:14.910 [pool-16-thread-1] INFO  r.m.l.rpks.impl.ProcessorOfRule - CONTAINS:
19:29:14.910 [pool-16-thread-1] INFO  r.m.lessons.rpks.impl.WriterToKafka - KAFKA_PRODUCER_END_PROCESSING_MASSAGE: {"name":"alexander_pushkin", "sex":"M"}
19:29:14.910 [pool-16-thread-1] INFO  r.m.lessons.rpks.impl.WriterToKafka - KAFKA_PRODUCER_START_PROCESSING_MASSAGE: {"name":"alexander_pushkin", "age":null}
19:29:14.910 [pool-16-thread-1] INFO  r.m.l.rpks.impl.ProcessorOfRule - jsonValueOfname: alexander_pushkin
19:29:14.910 [pool-16-thread-1] INFO  r.m.l.rpks.impl.ProcessorOfRule - NOT_CONTAINS:
19:29:14.910 [pool-16-thread-1] INFO  r.m.l.rpks.impl.ProcessorOfRule - CONTAINS:
19:29:14.910 [pool-16-thread-1] INFO  r.m.lessons.rpks.impl.WriterToKafka - KAFKA_PRODUCER_END_PROCESSING_MASSAGE: {"name":"alexander_pushkin", "age":null}
19:29:14.910 [pool-16-thread-1] INFO  r.m.lessons.rpks.impl.WriterToKafka - KAFKA_PRODUCER_START_PROCESSING_MASSAGE: {"name":"alexander_pushkin", "age":19, "sex":"M"}
19:29:14.911 [pool-16-thread-1] INFO  r.m.l.rpks.impl.ProcessorOfRule - jsonValueOfname: alexander_pushkin
19:29:14.911 [pool-16-thread-1] INFO  r.m.l.rpks.impl.ProcessorOfRule - NOT_CONTAINS:
19:29:14.911 [pool-16-thread-1] INFO  r.m.l.rpks.impl.ProcessorOfRule - CONTAINS:
19:29:14.911 [pool-16-thread-1] INFO  r.m.lessons.rpks.impl.WriterToKafka - KAFKA_PRODUCER_END_PROCESSING_MASSAGE: {"name":"alexander_pushkin", "age":19, "sex":"M"}
19:29:14.911 [pool-16-thread-1] INFO  r.m.lessons.rpks.impl.WriterToKafka - KAFKA_PRODUCER_START_PROCESSING_MASSAGE: {"name":"alexander_pushkin"}
19:29:14.911 [pool-16-thread-1] INFO  r.m.l.rpks.impl.ProcessorOfRule - jsonValueOfname: alexander_pushkin
19:29:14.911 [pool-16-thread-1] INFO  r.m.l.rpks.impl.ProcessorOfRule - NOT_CONTAINS:
19:29:14.911 [pool-16-thread-1] INFO  r.m.l.rpks.impl.ProcessorOfRule - CONTAINS:
19:29:14.911 [pool-16-thread-1] INFO  r.m.lessons.rpks.impl.WriterToKafka - KAFKA_PRODUCER_END_PROCESSING_MASSAGE: {"name":"alexander_pushkin"}
19:29:14.911 [pool-16-thread-1] INFO  r.m.lessons.rpks.impl.WriterToKafka - KAFKA_PRODUCER_START_PROCESSING_MASSAGE: {"name":"alex_pushkin", "age":18, "sex":"M"}
19:29:14.911 [pool-16-thread-1] INFO  r.m.l.rpks.impl.ProcessorOfRule - jsonValueOfname: alex_pushkin
19:29:14.911 [pool-16-thread-1] INFO  r.m.l.rpks.impl.ProcessorOfRule - NOT_CONTAINS:
19:29:14.911 [pool-16-thread-1] INFO  r.m.l.rpks.impl.ProcessorOfRule - CONTAINS:
19:29:14.912 [pool-16-thread-1] INFO  r.m.lessons.rpks.impl.WriterToKafka - KAFKA_PRODUCER_END_PROCESSING_MASSAGE: {"name":"alex_pushkin", "age":18, "sex":"M"}
19:29:14.978 [pool-16-thread-1] INFO  r.m.lessons.rpks.impl.WriterToKafka - KAFKA_PRODUCER_SEND_MASSAGE: {"name":"alex_pushkin", "age":18, "sex":"M"}
19:29:15.593 [pool-15-thread-2] INFO  ru.mai.lessons.rpks.ServiceTest - Read messages 1
19:29:15.594 [pool-15-thread-1] WARN  r.m.l.rpks.impl.ServiceFiltering - CANT_SLEEP:sleep interrupted
19:29:15.594 [pool-15-thread-1] INFO  r.mai.lessons.rpks.impl.ReaderFromDB - HIKARY_CREATE
19:29:15.681 [pool-15-thread-1] INFO  r.mai.lessons.rpks.impl.ReaderFromDB - HIKARY_CREATE
19:29:15.681 [pool-15-thread-1] INFO  r.mai.lessons.rpks.impl.ReaderFromDB - CONTEXT_MADE
19:29:15.696 [pool-15-thread-1] INFO  r.mai.lessons.rpks.impl.ReaderFromDB - RULLES_CREATE:0
19:29:15.696 [pool-15-thread-1] INFO  r.mai.lessons.rpks.impl.ReaderFromDB - MAKE_RULES_FROM_DB
19:29:15.696 [pool-15-thread-1] INFO  r.m.l.rpks.impl.ServiceFiltering - ADD_RULE
19:29:15.696 [pool-15-thread-1] WARN  r.m.l.rpks.impl.ServiceFiltering - CANT_SLEEP:sleep interrupted
19:29:15.696 [pool-15-thread-1] INFO  r.mai.lessons.rpks.impl.ReaderFromDB - HIKARY_CREATE
19:29:15.741 [pool-15-thread-1] INFO  r.mai.lessons.rpks.impl.ReaderFromDB - HIKARY_CREATE
19:29:15.741 [pool-15-thread-1] INFO  r.mai.lessons.rpks.impl.ReaderFromDB - CONTEXT_MADE
19:29:15.765 [pool-15-thread-1] INFO  r.mai.lessons.rpks.impl.ReaderFromDB - RULLES_CREATE:0
19:29:15.765 [pool-15-thread-1] INFO  r.mai.lessons.rpks.impl.ReaderFromDB - MAKE_RULES_FROM_DB
19:29:15.765 [pool-15-thread-1] INFO  r.m.l.rpks.impl.ServiceFiltering - ADD_RULE
19:29:15.765 [pool-15-thread-1] WARN  r.m.l.rpks.impl.ServiceFiltering - CANT_SLEEP:sleep interrupted
19:29:15.765 [pool-15-thread-1] INFO  r.mai.lessons.rpks.impl.ReaderFromDB - HIKARY_CREATE
19:29:15.959 [pool-15-thread-1] INFO  r.mai.lessons.rpks.impl.ReaderFromDB - HIKARY_CREATE
19:29:15.959 [pool-15-thread-1] INFO  r.mai.lessons.rpks.impl.ReaderFromDB - CONTEXT_MADE
19:29:15.992 [pool-15-thread-1] INFO  r.mai.lessons.rpks.impl.ReaderFromDB - RULLES_CREATE:0
19:29:15.992 [pool-15-thread-1] INFO  r.mai.lessons.rpks.impl.ReaderFromDB - MAKE_RULES_FROM_DB
19:29:15.992 [pool-15-thread-1] INFO  r.m.l.rpks.impl.ServiceFiltering - ADD_RULE
19:29:15.992 [pool-15-thread-1] WARN  r.m.l.rpks.impl.ServiceFiltering - CANT_SLEEP:sleep interrupted
19:29:15.992 [pool-15-thread-1] INFO  r.mai.lessons.rpks.impl.ReaderFromDB - HIKARY_CREATE
19:29:16.020 [pool-15-thread-1] INFO  r.mai.lessons.rpks.impl.ReaderFromDB - HIKARY_CREATE
19:29:16.020 [pool-15-thread-1] INFO  r.mai.lessons.rpks.impl.ReaderFromDB - CONTEXT_MADE
19:29:16.034 [pool-15-thread-1] INFO  r.mai.lessons.rpks.impl.ReaderFromDB - RULLES_CREATE:0
19:29:16.034 [pool-15-thread-1] INFO  r.mai.lessons.rpks.impl.ReaderFromDB - MAKE_RULES_FROM_DB
19:29:16.035 [pool-15-thread-1] INFO  r.m.l.rpks.impl.ServiceFiltering - ADD_RULE
19:29:16.035 [pool-15-thread-1] WARN  r.m.l.rpks.impl.ServiceFiltering - CANT_SLEEP:sleep interrupted
19:29:16.035 [pool-15-thread-1] INFO  r.mai.lessons.rpks.impl.ReaderFromDB - HIKARY_CREATE
19:29:16.071 [pool-15-thread-1] INFO  r.mai.lessons.rpks.impl.ReaderFromDB - HIKARY_CREATE
19:29:16.071 [pool-15-thread-1] INFO  r.mai.lessons.rpks.impl.ReaderFromDB - CONTEXT_MADE
19:29:16.082 [pool-15-thread-1] INFO  r.mai.lessons.rpks.impl.ReaderFromDB - RULLES_CREATE:0
19:29:16.082 [pool-15-thread-1] INFO  r.mai.lessons.rpks.impl.ReaderFromDB - MAKE_RULES_FROM_DB
19:29:16.083 [pool-15-thread-1] INFO  r.m.l.rpks.impl.ServiceFiltering - ADD_RULE
19:29:16.083 [pool-15-thread-1] WARN  r.m.l.rpks.impl.ServiceFiltering - CANT_SLEEP:sleep interrupted
19:29:16.083 [pool-15-thread-1] INFO  r.mai.lessons.rpks.impl.ReaderFromDB - HIKARY_CREATE
19:29:16.112 [pool-15-thread-1] INFO  r.mai.lessons.rpks.impl.ReaderFromDB - HIKARY_CREATE
19:29:16.112 [pool-15-thread-1] INFO  r.mai.lessons.rpks.impl.ReaderFromDB - CONTEXT_MADE
19:29:16.125 [pool-15-thread-1] INFO  r.mai.lessons.rpks.impl.ReaderFromDB - RULLES_CREATE:0
19:29:16.125 [pool-15-thread-1] INFO  r.mai.lessons.rpks.impl.ReaderFromDB - MAKE_RULES_FROM_DB
19:29:16.126 [pool-15-thread-1] INFO  r.m.l.rpks.impl.ServiceFiltering - ADD_RULE
19:29:16.126 [pool-15-thread-1] WARN  r.m.l.rpks.impl.ServiceFiltering - CANT_SLEEP:sleep interrupted
19:29:16.126 [pool-15-thread-1] INFO  r.mai.lessons.rpks.impl.ReaderFromDB - HIKARY_CREATE
19:29:16.173 [pool-15-thread-1] INFO  r.mai.lessons.rpks.impl.ReaderFromDB - HIKARY_CREATE
19:29:16.173 [pool-15-thread-1] INFO  r.mai.lessons.rpks.impl.ReaderFromDB - CONTEXT_MADE
19:29:16.184 [pool-15-thread-1] INFO  r.mai.lessons.rpks.impl.ReaderFromDB - RULLES_CREATE:0
19:29:16.184 [pool-15-thread-1] INFO  r.mai.lessons.rpks.impl.ReaderFromDB - MAKE_RULES_FROM_DB
19:29:16.184 [pool-15-thread-1] INFO  r.m.l.rpks.impl.ServiceFiltering - ADD_RULE
19:29:16.185 [pool-15-thread-1] WARN  r.m.l.rpks.impl.ServiceFiltering - CANT_SLEEP:sleep interrupted
19:29:16.185 [pool-15-thread-1] INFO  r.mai.lessons.rpks.impl.ReaderFromDB - HIKARY_CREATE
19:29:16.266 [pool-15-thread-1] INFO  r.mai.lessons.rpks.impl.ReaderFromDB - HIKARY_CREATE
19:29:16.266 [pool-15-thread-1] INFO  r.mai.lessons.rpks.impl.ReaderFromDB - CONTEXT_MADE
19:29:16.328 [pool-15-thread-1] INFO  r.mai.lessons.rpks.impl.ReaderFromDB - RULLES_CREATE:0
19:29:16.329 [pool-15-thread-1] INFO  r.mai.lessons.rpks.impl.ReaderFromDB - MAKE_RULES_FROM_DB
19:29:16.329 [pool-15-thread-1] INFO  r.m.l.rpks.impl.ServiceFiltering - ADD_RULE
19:29:16.329 [pool-15-thread-1] WARN  r.m.l.rpks.impl.ServiceFiltering - CANT_SLEEP:sleep interrupted
19:29:16.329 [pool-15-thread-1] INFO  r.mai.lessons.rpks.impl.ReaderFromDB - HIKARY_CREATE
19:29:16.427 [pool-15-thread-1] INFO  r.mai.lessons.rpks.impl.ReaderFromDB - HIKARY_CREATE
19:29:16.427 [pool-15-thread-1] INFO  r.mai.lessons.rpks.impl.ReaderFromDB - CONTEXT_MADE
19:29:16.439 [pool-15-thread-1] INFO  r.mai.lessons.rpks.impl.ReaderFromDB - RULLES_CREATE:0
19:29:16.439 [pool-15-thread-1] INFO  r.mai.lessons.rpks.impl.ReaderFromDB - MAKE_RULES_FROM_DB
19:29:16.440 [pool-15-thread-1] INFO  r.m.l.rpks.impl.ServiceFiltering - ADD_RULE
19:29:16.440 [pool-15-thread-1] WARN  r.m.l.rpks.impl.ServiceFiltering - CANT_SLEEP:sleep interrupted
19:29:16.440 [pool-15-thread-1] INFO  r.mai.lessons.rpks.impl.ReaderFromDB - HIKARY_CREATE
19:29:16.666 [pool-15-thread-1] INFO  r.mai.lessons.rpks.impl.ReaderFromDB - HIKARY_CREATE
19:29:16.666 [pool-15-thread-1] INFO  r.mai.lessons.rpks.impl.ReaderFromDB - CONTEXT_MADE
19:29:16.694 [pool-15-thread-1] INFO  r.mai.lessons.rpks.impl.ReaderFromDB - RULLES_CREATE:0
19:29:16.694 [pool-15-thread-1] INFO  r.mai.lessons.rpks.impl.ReaderFromDB - MAKE_RULES_FROM_DB
19:29:16.695 [pool-15-thread-1] INFO  r.m.l.rpks.impl.ServiceFiltering - ADD_RULE
19:29:16.695 [pool-15-thread-1] WARN  r.m.l.rpks.impl.ServiceFiltering - CANT_SLEEP:sleep interrupted
19:29:16.696 [pool-15-thread-1] INFO  r.mai.lessons.rpks.impl.ReaderFromDB - HIKARY_CREATE
19:29:16.779 [pool-15-thread-1] INFO  r.mai.lessons.rpks.impl.ReaderFromDB - HIKARY_CREATE
19:29:16.779 [pool-15-thread-1] INFO  r.mai.lessons.rpks.impl.ReaderFromDB - CONTEXT_MADE
19:29:16.797 [pool-15-thread-1] INFO  r.mai.lessons.rpks.impl.ReaderFromDB - RULLES_CREATE:0
19:29:16.797 [pool-15-thread-1] INFO  r.mai.lessons.rpks.impl.ReaderFromDB - MAKE_RULES_FROM_DB
19:29:16.798 [pool-15-thread-1] INFO  r.m.l.rpks.impl.ServiceFiltering - ADD_RULE
19:29:16.798 [pool-15-thread-1] WARN  r.m.l.rpks.impl.ServiceFiltering - CANT_SLEEP:sleep interrupted
19:29:16.798 [pool-15-thread-1] INFO  r.mai.lessons.rpks.impl.ReaderFromDB - HIKARY_CREATE
19:29:16.887 [pool-15-thread-1] INFO  r.mai.lessons.rpks.impl.ReaderFromDB - HIKARY_CREATE
19:29:16.887 [pool-15-thread-1] INFO  r.mai.lessons.rpks.impl.ReaderFromDB - CONTEXT_MADE
19:29:16.936 [pool-15-thread-1] INFO  r.mai.lessons.rpks.impl.ReaderFromDB - RULLES_CREATE:0
19:29:16.936 [pool-15-thread-1] INFO  r.mai.lessons.rpks.impl.ReaderFromDB - MAKE_RULES_FROM_DB
19:29:16.936 [pool-15-thread-1] INFO  r.m.l.rpks.impl.ServiceFiltering - ADD_RULE
19:29:16.936 [pool-15-thread-1] WARN  r.m.l.rpks.impl.ServiceFiltering - CANT_SLEEP:sleep interrupted
19:29:16.936 [pool-15-thread-1] INFO  r.mai.lessons.rpks.impl.ReaderFromDB - HIKARY_CREATE
19:29:16.968 [pool-15-thread-1] INFO  r.mai.lessons.rpks.impl.ReaderFromDB - HIKARY_CREATE
19:29:16.968 [pool-15-thread-1] INFO  r.mai.lessons.rpks.impl.ReaderFromDB - CONTEXT_MADE
19:29:16.982 [pool-15-thread-1] INFO  r.mai.lessons.rpks.impl.ReaderFromDB - RULLES_CREATE:0
19:29:16.982 [pool-15-thread-1] INFO  r.mai.lessons.rpks.impl.ReaderFromDB - MAKE_RULES_FROM_DB
19:29:16.983 [pool-15-thread-1] INFO  r.m.l.rpks.impl.ServiceFiltering - ADD_RULE
19:29:16.983 [pool-15-thread-1] WARN  r.m.l.rpks.impl.ServiceFiltering - CANT_SLEEP:sleep interrupted
19:29:16.983 [pool-15-thread-1] INFO  r.mai.lessons.rpks.impl.ReaderFromDB - HIKARY_CREATE
19:29:17.021 [pool-15-thread-1] INFO  r.mai.lessons.rpks.impl.ReaderFromDB - HIKARY_CREATE
19:29:17.021 [pool-15-thread-1] INFO  r.mai.lessons.rpks.impl.ReaderFromDB - CONTEXT_MADE
19:29:17.040 [pool-15-thread-1] INFO  r.mai.lessons.rpks.impl.ReaderFromDB - RULLES_CREATE:0
19:29:17.040 [pool-15-thread-1] INFO  r.mai.lessons.rpks.impl.ReaderFromDB - MAKE_RULES_FROM_DB
19:29:17.040 [pool-15-thread-1] INFO  r.m.l.rpks.impl.ServiceFiltering - ADD_RULE
19:29:17.041 [pool-15-thread-1] WARN  r.m.l.rpks.impl.ServiceFiltering - CANT_SLEEP:sleep interrupted
19:29:17.041 [pool-15-thread-1] INFO  r.mai.lessons.rpks.impl.ReaderFromDB - HIKARY_CREATE
19:29:17.099 [pool-15-thread-1] ERROR com.zaxxer.hikari.pool.HikariPool - HikariPool-119 - Error thrown while acquiring connection from data source
org.postgresql.util.PSQLException: Соединение уже было закрыто
	at org.postgresql.jdbc.PgConnection.checkClosed(PgConnection.java:956)
	at org.postgresql.jdbc.PgConnection.setTransactionIsolation(PgConnection.java:1015)
	at com.zaxxer.hikari.pool.PoolBase.setupConnection(PoolBase.java:414)
	at com.zaxxer.hikari.pool.PoolBase.newConnection(PoolBase.java:364)
	at com.zaxxer.hikari.pool.PoolBase.newPoolEntry(PoolBase.java:201)
	at com.zaxxer.hikari.pool.HikariPool.createPoolEntry(HikariPool.java:470)
	at com.zaxxer.hikari.pool.HikariPool.checkFailFast(HikariPool.java:561)
	at com.zaxxer.hikari.pool.HikariPool.<init>(HikariPool.java:100)
	at com.zaxxer.hikari.HikariDataSource.<init>(HikariDataSource.java:81)
	at ru.mai.lessons.rpks.impl.ReaderFromDB.readRulesFromDB(ReaderFromDB.java:29)
	at ru.mai.lessons.rpks.impl.ServiceFiltering.start(ServiceFiltering.java:43)
	at ru.mai.lessons.rpks.ServiceTest.lambda$testStartService$49(ServiceTest.java:1335)
	at java.base/java.util.concurrent.FutureTask.run(FutureTask.java:264)
	at java.base/java.util.concurrent.ThreadPoolExecutor.runWorker(ThreadPoolExecutor.java:1136)
	at java.base/java.util.concurrent.ThreadPoolExecutor$Worker.run(ThreadPoolExecutor.java:635)
	at java.base/java.lang.Thread.run(Thread.java:833)
19:29:17.099 [pool-15-thread-1] ERROR com.zaxxer.hikari.pool.HikariPool - HikariPool-119 - Exception during pool initialization.
org.postgresql.util.PSQLException: Соединение уже было закрыто
	at org.postgresql.jdbc.PgConnection.checkClosed(PgConnection.java:956)
	at org.postgresql.jdbc.PgConnection.setTransactionIsolation(PgConnection.java:1015)
	at com.zaxxer.hikari.pool.PoolBase.setupConnection(PoolBase.java:414)
	at com.zaxxer.hikari.pool.PoolBase.newConnection(PoolBase.java:364)
	at com.zaxxer.hikari.pool.PoolBase.newPoolEntry(PoolBase.java:201)
	at com.zaxxer.hikari.pool.HikariPool.createPoolEntry(HikariPool.java:470)
	at com.zaxxer.hikari.pool.HikariPool.checkFailFast(HikariPool.java:561)
	at com.zaxxer.hikari.pool.HikariPool.<init>(HikariPool.java:100)
	at com.zaxxer.hikari.HikariDataSource.<init>(HikariDataSource.java:81)
	at ru.mai.lessons.rpks.impl.ReaderFromDB.readRulesFromDB(ReaderFromDB.java:29)
	at ru.mai.lessons.rpks.impl.ServiceFiltering.start(ServiceFiltering.java:43)
	at ru.mai.lessons.rpks.ServiceTest.lambda$testStartService$49(ServiceTest.java:1335)
	at java.base/java.util.concurrent.FutureTask.run(FutureTask.java:264)
	at java.base/java.util.concurrent.ThreadPoolExecutor.runWorker(ThreadPoolExecutor.java:1136)
	at java.base/java.util.concurrent.ThreadPoolExecutor$Worker.run(ThreadPoolExecutor.java:635)
	at java.base/java.lang.Thread.run(Thread.java:833)
19:29:48.012 [Test worker] INFO  ru.mai.lessons.rpks.ServiceTest - Topics: [(name=test_topic_in, numPartitions=3, replicationFactor=1, replicasAssignments=null, configs=null), (name=test_topic_out, numPartitions=3, replicationFactor=1, replicasAssignments=null, configs=null)], replica factor 1, partitions 3
19:29:48.199 [Test worker] INFO  ru.mai.lessons.rpks.ServiceTest - Topic not exist. Create topics [(name=test_topic_in, numPartitions=3, replicationFactor=1, replicasAssignments=null, configs=null), (name=test_topic_out, numPartitions=3, replicationFactor=1, replicasAssignments=null, configs=null)]
19:29:49.633 [Test worker] INFO  ru.mai.lessons.rpks.ServiceTest - Create filtering rule 1
19:29:49.693 [Test worker] INFO  ru.mai.lessons.rpks.ServiceTest - Check rule from DB
19:29:49.700 [Test worker] INFO  ru.mai.lessons.rpks.ServiceTest - Create filtering rule 1
19:29:49.928 [Test worker] INFO  ru.mai.lessons.rpks.ServiceTest - Check rule from DB
19:29:49.968 [pool-17-thread-1] INFO  r.m.l.rpks.impl.ServiceFiltering - CONFIG:Config(SimpleConfigObject({"application":{"updateIntervalSec":10},"com":{"zaxxer":{"hikari":{"pool_number":"1"}}},"db":{"driver":"org.postgresql.Driver","jdbcUrl":"jdbc:postgresql://localhost:59871/test_db?loggerLevel=OFF","password":"password","user":"user"},"file":{"encoding":"windows-1251","separator":"\\"},"java":{"class":{"path":"C:\\\\Users\\\\eliza\\\\.gradle\\\\caches\\\\7.5.1\\\\workerMain\\\\gradle-worker.jar;P:\\\\Projects\\\\JetBrains\\\\IntelliJIDEA\\\\RPKS_2\\\\git_Clone\\\\JavaServiceFiltering\\\\build\\\\classes\\\\java\\\\test;P:\\\\Projects\\\\JetBrains\\\\IntelliJIDEA\\\\RPKS_2\\\\git_Clone\\\\JavaServiceFiltering\\\\build\\\\resources\\\\test;P:\\\\Projects\\\\JetBrains\\\\IntelliJIDEA\\\\RPKS_2\\\\git_Clone\\\\JavaServiceFiltering\\\\build\\\\classes\\\\java\\\\main;P:\\\\Projects\\\\JetBrains\\\\IntelliJIDEA\\\\RPKS_2\\\\git_Clone\\\\JavaServiceFiltering\\\\build\\\\resources\\\\main;C:\\\\Users\\\\eliza\\\\.gradle\\\\caches\\\\modules-2\\\\files-2.1\\\\org.apache.kafka\\\\kafka-clients\\\\3.4.0\\\\69aebfca9da335f6617f9e5e7a4b45f16e8c86b5\\\\kafka-clients-3.4.0.jar;C:\\\\Users\\\\eliza\\\\.gradle\\\\caches\\\\modules-2\\\\files-2.1\\\\ch.qos.logback\\\\logback-classic\\\\1.4.5\\\\28e7dc0b208d6c3f15beefd73976e064b4ecfa9b\\\\logback-classic-1.4.5.jar;C:\\\\Users\\\\eliza\\\\.gradle\\\\caches\\\\modules-2\\\\files-2.1\\\\com.typesafe\\\\config\\\\1.4.2\\\\4c40a633e7994cfb0354244efb6d03fcb11c3ecf\\\\config-1.4.2.jar;C:\\\\Users\\\\eliza\\\\.gradle\\\\caches\\\\modules-2\\\\files-2.1\\\\org.postgresql\\\\postgresql\\\\42.5.4\\\\15015a54f15e340a9a8a6a2c5457429cb1176b8\\\\postgresql-42.5.4.jar;C:\\\\Users\\\\eliza\\\\.gradle\\\\caches\\\\modules-2\\\\files-2.1\\\\com.zaxxer\\\\HikariCP\\\\5.0.1\\\\a74c7f0a37046846e88d54f7cb6ea6d565c65f9c\\\\HikariCP-5.0.1.jar;C:\\\\Users\\\\eliza\\\\.gradle\\\\caches\\\\modules-2\\\\files-2.1\\\\org.jooq\\\\jooq\\\\3.17.8\\\\6add040365183a3c0a043e11c6069a46b992df39\\\\jooq-3.17.8.jar;C:\\\\Users\\\\eliza\\\\.gradle\\\\caches\\\\modules-2\\\\files-2.1\\\\org.testcontainers\\\\junit-jupiter\\\\1.17.6\\\\94e9894bc665909e208959390ea6540309ce231e\\\\junit-jupiter-1.17.6.jar;C:\\\\Users\\\\eliza\\\\.gradle\\\\caches\\\\modules-2\\\\files-2.1\\\\org.testcontainers\\\\kafka\\\\1.17.6\\\\1975b93708e99340690690177a9c7bbf5aabc823\\\\kafka-1.17.6.jar;C:\\\\Users\\\\eliza\\\\.gradle\\\\caches\\\\modules-2\\\\files-2.1\\\\org.testcontainers\\\\postgresql\\\\1.17.6\\\\cd8aba02d8d46159ab85535d34a1e4217322f9a5\\\\postgresql-1.17.6.jar;C:\\\\Users\\\\eliza\\\\.gradle\\\\caches\\\\modules-2\\\\files-2.1\\\\org.testcontainers\\\\jdbc\\\\1.17.6\\\\1510482e46f5f70909693fc695a2369751510785\\\\jdbc-1.17.6.jar;C:\\\\Users\\\\eliza\\\\.gradle\\\\caches\\\\modules-2\\\\files-2.1\\\\org.testcontainers\\\\database-commons\\\\1.17.6\\\\8a4cd2cda51c2cc3092b1c22f4ee8148be4db410\\\\database-commons-1.17.6.jar;C:\\\\Users\\\\eliza\\\\.gradle\\\\caches\\\\modules-2\\\\files-2.1\\\\org.testcontainers\\\\testcontainers\\\\1.17.6\\\\11b28972d2d8bddd5a7d3b6e21016fbe13bc8e8b\\\\testcontainers-1.17.6.jar;C:\\\\Users\\\\eliza\\\\.gradle\\\\caches\\\\modules-2\\\\files-2.1\\\\com.github.docker-java\\\\docker-java-api\\\\3.2.13\\\\5817ef8f770cb7e740d590090bf352df9491f3c1\\\\docker-java-api-3.2.13.jar;C:\\\\Users\\\\eliza\\\\.gradle\\\\caches\\\\modules-2\\\\files-2.1\\\\com.fasterxml.jackson.core\\\\jackson-annotations\\\\2.14.2\\\\a7aae9525864930723e3453ab799521fdfd9d873\\\\jackson-annotations-2.14.2.jar;C:\\\\Users\\\\eliza\\\\.gradle\\\\caches\\\\modules-2\\\\files-2.1\\\\com.fasterxml.jackson.core\\\\jackson-core\\\\2.14.2\\\\f804090e6399ce0cf78242db086017512dd71fcc\\\\jackson-core-2.14.2.jar;C:\\\\Users\\\\eliza\\\\.gradle\\\\caches\\\\modules-2\\\\files-2.1\\\\org.junit.jupiter\\\\junit-jupiter-engine\\\\5.9.1\\\\1bf771097bde296c3ab174861954e8aafaaf2e94\\\\junit-jupiter-engine-5.9.1.jar;C:\\\\Users\\\\eliza\\\\.gradle\\\\caches\\\\modules-2\\\\files-2.1\\\\org.junit.platform\\\\junit-platform-engine\\\\1.9.1\\\\83591e5089d6cea5f324aa3ecca9b19d5a275803\\\\junit-platform-engine-1.9.1.jar;C:\\\\Users\\\\eliza\\\\.gradle\\\\caches\\\\modules-2\\\\files-2.1\\\\org.junit.platform\\\\junit-platform-commons\\\\1.9.1\\\\3145f821b5cd10abcdc5f925baa5fffa6f1b628f\\\\junit-platform-commons-1.9.1.jar;C:\\\\Users\\\\eliza\\\\.gradle\\\\caches\\\\modules-2\\\\files-2.1\\\\org.junit.jupiter\\\\junit-jupiter-api\\\\5.9.1\\\\7bb53fbc0173e9f6a9d21d58297af94b1f2f9ce1\\\\junit-jupiter-api-5.9.1.jar;C:\\\\Users\\\\eliza\\\\.gradle\\\\caches\\\\modules-2\\\\files-2.1\\\\com.github.luben\\\\zstd-jni\\\\1.5.2-1\\\\fad786abc1d1b81570e8d9a2fc8a1ef479bc27b6\\\\zstd-jni-1.5.2-1.jar;C:\\\\Users\\\\eliza\\\\.gradle\\\\caches\\\\modules-2\\\\files-2.1\\\\org.lz4\\\\lz4-java\\\\1.8.0\\\\4b986a99445e49ea5fbf5d149c4b63f6ed6c6780\\\\lz4-java-1.8.0.jar;C:\\\\Users\\\\eliza\\\\.gradle\\\\caches\\\\modules-2\\\\files-2.1\\\\org.xerial.snappy\\\\snappy-java\\\\1.1.8.4\\\\66f0d56454509f6e36175f2331572e250e04a6cc\\\\snappy-java-1.1.8.4.jar;C:\\\\Users\\\\eliza\\\\.gradle\\\\caches\\\\modules-2\\\\files-2.1\\\\com.github.docker-java\\\\docker-java-transport-zerodep\\\\3.2.13\\\\4cbc2c09d6c264767a39624066987ed4a152bc68\\\\docker-java-transport-zerodep-3.2.13.jar;C:\\\\Users\\\\eliza\\\\.gradle\\\\caches\\\\modules-2\\\\files-2.1\\\\org.slf4j\\\\slf4j-api\\\\2.0.4\\\\30d5eb5360bd113ce96f9e49e3431993bbf1b247\\\\slf4j-api-2.0.4.jar;C:\\\\Users\\\\eliza\\\\.gradle\\\\caches\\\\modules-2\\\\files-2.1\\\\ch.qos.logback\\\\logback-core\\\\1.4.5\\\\e9bb2ea70f84401314da4300343b0a246c8954da\\\\logback-core-1.4.5.jar;C:\\\\Users\\\\eliza\\\\.gradle\\\\caches\\\\modules-2\\\\files-2.1\\\\org.checkerframework\\\\checker-qual\\\\3.5.0\\\\2f50520c8abea66fbd8d26e481d3aef5c673b510\\\\checker-qual-3.5.0.jar;C:\\\\Users\\\\eliza\\\\.gradle\\\\caches\\\\modules-2\\\\files-2.1\\\\io.r2dbc\\\\r2dbc-spi\\\\0.9.1.RELEASE\\\\689338f54890e6981d9d98d059c1a94007a0b809\\\\r2dbc-spi-0.9.1.RELEASE.jar;C:\\\\Users\\\\eliza\\\\.gradle\\\\caches\\\\modules-2\\\\files-2.1\\\\jakarta.xml.bind\\\\jakarta.xml.bind-api\\\\3.0.0\\\\9275db6e21287df61690989254a0b46d8d31e99a\\\\jakarta.xml.bind-api-3.0.0.jar;C:\\\\Users\\\\eliza\\\\.gradle\\\\caches\\\\modules-2\\\\files-2.1\\\\junit\\\\junit\\\\4.13.2\\\\8ac9e16d933b6fb43bc7f576336b8f4d7eb5ba12\\\\junit-4.13.2.jar;C:\\\\Users\\\\eliza\\\\.gradle\\\\caches\\\\modules-2\\\\files-2.1\\\\org.apache.commons\\\\commons-compress\\\\1.22\\\\691a8b4e6cf4248c3bc72c8b719337d5cb7359fa\\\\commons-compress-1.22.jar;C:\\\\Users\\\\eliza\\\\.gradle\\\\caches\\\\modules-2\\\\files-2.1\\\\org.rnorth.duct-tape\\\\duct-tape\\\\1.0.8\\\\92edc22a9ab2f3e17c9bf700aaee377d50e8b530\\\\duct-tape-1.0.8.jar;C:\\\\Users\\\\eliza\\\\.gradle\\\\caches\\\\modules-2\\\\files-2.1\\\\org.reactivestreams\\\\reactive-streams\\\\1.0.3\\\\d9fb7a7926ffa635b3dcaa5049fb2bfa25b3e7d0\\\\reactive-streams-1.0.3.jar;C:\\\\Users\\\\eliza\\\\.gradle\\\\caches\\\\modules-2\\\\files-2.1\\\\com.sun.activation\\\\jakarta.activation\\\\2.0.0\\\\f4e7519148dee347c7666f336210deedb8aca09d\\\\jakarta.activation-2.0.0.jar;C:\\\\Users\\\\eliza\\\\.gradle\\\\caches\\\\modules-2\\\\files-2.1\\\\org.hamcrest\\\\hamcrest-core\\\\1.3\\\\42a25dc3219429f0e5d060061f71acb49bf010a0\\\\hamcrest-core-1.3.jar;C:\\\\Users\\\\eliza\\\\.gradle\\\\caches\\\\modules-2\\\\files-2.1\\\\org.jetbrains\\\\annotations\\\\17.0.0\\\\8ceead41f4e71821919dbdb7a9847608f1a938cb\\\\annotations-17.0.0.jar;C:\\\\Users\\\\eliza\\\\.gradle\\\\caches\\\\modules-2\\\\files-2.1\\\\com.github.docker-java\\\\docker-java-transport\\\\3.2.13\\\\e9d308d1822181a9d48c99739f5eca014ec89199\\\\docker-java-transport-3.2.13.jar;C:\\\\Users\\\\eliza\\\\.gradle\\\\caches\\\\modules-2\\\\files-2.1\\\\net.java.dev.jna\\\\jna\\\\5.8.0\\\\3551d8d827e54858214107541d3aff9c615cb615\\\\jna-5.8.0.jar;C:\\\\Users\\\\eliza\\\\.gradle\\\\caches\\\\modules-2\\\\files-2.1\\\\org.opentest4j\\\\opentest4j\\\\1.2.0\\\\28c11eb91f9b6d8e200631d46e20a7f407f2a046\\\\opentest4j-1.2.0.jar","version":"62.0"},"home":"C:\\Users\\eliza\\.jdks\\openjdk-18.0.1.1","io":{"tmpdir":"C:\\Users\\eliza\\AppData\\Local\\Temp\\"},"library":{"path":"C:\\Users\\eliza\\.jdks\\openjdk-18.0.1.1\\bin;C:\\WINDOWS\\Sun\\Java\\bin;C:\\WINDOWS\\system32;C:\\WINDOWS;;;;C:\\Windows\\system32;C:\\Windows;C:\\Windows\\System32\\Wbem;C:\\Windows\\System32\\WindowsPowerShell\\v1.0\\;C:\\Windows\\System32\\OpenSSH\\;C:\\Program Files\\Microsoft SQL Server\\150\\Tools\\Binn\\;C:\\Program Files\\dotnet\\;C:\\Program Files\\Git\\cmd;C:\\Program Files\\Git\\mingw64\\bin;C:\\Program Files\\Git\\usr\\bin;P:\\Programs\\MySql\\bin;C:\\WINDOWS\\system32;C:\\WINDOWS;C:\\WINDOWS\\System32\\Wbem;C:\\WINDOWS\\System32\\WindowsPowerShell\\v1.0\\;C:\\WINDOWS\\System32\\OpenSSH\\;C:\\Program Files\\PowerShell\\7\\;C:\\Program Files\\Docker\\Docker\\resources\\bin;C:\\Users\\eliza\\AppData\\Local\\Programs\\Python\\Python38\\Scripts\\;C:\\Users\\eliza\\AppData\\Local\\Programs\\Python\\Python38\\;C:\\Users\\eliza\\AppData\\Local\\Microsoft\\WindowsApps;P:\\Programs\\JetBrains\\PyCharm 2022.1.3\\Program Files\\JetBrains\\PyCharm 2022.1.3\\bin;;P:\\Programs\\JetBrains\\IntelliJ IDEA 2023.1.2\\bin;;P:\\Programs\\JetBrains\\CLion 2022.2.4\\bin;;C:\\Users\\eliza\\.dotnet\\tools;C:\\texlive\\2022\\bin\\win32;P:\\Programs\\JetBrains\\Rider 2022.2.4\\bin;;C:\\ProgramData\\eliza\\GitHubDesktop\\bin;C:\\Users\\eliza\\AppData\\Local\\GitHubDesktop\\bin;P:\\Programs\\JetBrains\\DataGrip 2022.2.5\\bin;;;P:\\Programs\\JetBrains\\Gateway 2023.1\\JetBrains Gateway 2023.1\\bin;;."},"runtime":{"name":"OpenJDK Runtime Environment","version":"18.0.1.1+2-6"},"specification":{"name":"Java Platform API Specification","vendor":"Oracle Corporation","version":"18"},"vendor":{"url":{"bug":"https://bugreport.java.com/bugreport/"}},"version":"18.0.1.1","vm":{"compressedOopsMode":"32-bit","info":"mixed mode, sharing","name":"OpenJDK 64-Bit Server VM","specification":{"name":"Java Virtual Machine Specification","vendor":"Oracle Corporation","version":"18"},"vendor":"Oracle Corporation","version":"18.0.1.1+2-6"}},"jdk":{"debug":"release"},"kafka":{"consumer":{"auto":{"offset":{"reset":"earliest"}},"bootstrap":{"servers":"PLAINTEXT://localhost:59987"},"group":{"id":"test_group_consumer"},"topicIn":"test_topic_in"},"producer":{"bootstrap":{"servers":"PLAINTEXT://localhost:59987"},"topicOut":"test_topic_out"}},"line":{"separator":"\r\n"},"native":{"encoding":"Cp1251"},"org":{"gradle":{"internal":{"worker":{"tmpdir":"P:\\Projects\\JetBrains\\IntelliJIDEA\\RPKS_2\\git_Clone\\JavaServiceFiltering\\build\\tmp\\test\\work"}},"native":"false","test":{"worker":"38"}}},"os":{"arch":"amd64","name":"Windows 11","version":"10.0"},"path":{"separator":";"},"sun":{"arch":{"data":{"model":"64"}},"boot":{"library":{"path":"C:\\Users\\eliza\\.jdks\\openjdk-18.0.1.1\\bin"}},"cpu":{"endian":"little","isalist":"amd64"},"io":{"unicode":{"encoding":"UnicodeLittle"}},"java":{"command":"worker.org.gradle.process.internal.worker.GradleWorkerMain 'Gradle Test Executor 38'","launcher":"SUN_STANDARD"},"jnu":{"encoding":"Cp1251"},"management":{"compiler":"HotSpot 64-Bit Tiered Compilers"},"os":{"patch":{"level":""}}},"user":{"country":"RU","dir":"P:\\Projects\\JetBrains\\IntelliJIDEA\\RPKS_2\\git_Clone\\JavaServiceFiltering","home":"C:\\Users\\eliza","language":"ru","name":"eliza","script":"","timezone":"Europe/Moscow","variant":""}}))
19:29:49.969 [pool-17-thread-1] INFO  r.m.l.rpks.impl.ServiceFiltering - CONSUMER_SETTINGS_WAS_READ: ConsumerSettings(bootstrapServers=PLAINTEXT://localhost:59987, groupId=test_group_consumer, autoOffsetReset=earliest, topicIn=test_topic_in, updateIntervalSec=100)
19:29:49.969 [pool-17-thread-1] INFO  r.m.l.rpks.impl.ServiceFiltering - PRODUCER_SETTINGS_WAS_READ: ProducerSettings(bootstrapServers=PLAINTEXT://localhost:59987, topicOut=test_topic_out, updateIntervalSec=100)
19:29:49.970 [pool-17-thread-1] INFO  r.m.l.rpks.impl.ServiceFiltering - DB_SETTINGS_WAS_READ: DBSettings(jdbcUrl=jdbc:postgresql://localhost:59871/test_db?loggerLevel=OFF, user=user, password=password, driver=org.postgresql.Driver, tableName=filter_rules)
19:29:49.971 [pool-17-thread-1] INFO  r.mai.lessons.rpks.impl.ReaderFromDB - HIKARY_CREATE
19:29:49.971 [pool-18-thread-2] INFO  r.m.l.rpks.impl.ReaderFromKafka - CONSUMER_SETTINGS:ConsumerSettings(bootstrapServers=PLAINTEXT://localhost:59987, groupId=test_group_consumer, autoOffsetReset=earliest, topicIn=test_topic_in, updateIntervalSec=100)
19:29:49.971 [pool-18-thread-2] INFO  r.m.l.rpks.impl.ReaderFromKafka - KAFKA_CONSUMER_START_READING_FROM_TOPIC test_topic_in
19:29:50.014 [pool-18-thread-1] INFO  r.m.lessons.rpks.impl.WriterToKafka - START_WRITE_MESSAGE_IN_KAFKA_TOPIC test_topic_out
19:29:50.295 [pool-17-thread-1] INFO  r.mai.lessons.rpks.impl.ReaderFromDB - HIKARY_CREATE
19:29:50.296 [pool-17-thread-1] INFO  r.mai.lessons.rpks.impl.ReaderFromDB - CONTEXT_MADE
19:29:50.354 [pool-17-thread-1] INFO  r.mai.lessons.rpks.impl.ReaderFromDB - RULLES_CREATE:2
19:29:50.354 [pool-17-thread-1] INFO  r.mai.lessons.rpks.impl.ReaderFromDB - FIND_RULE:Rule(filterId=1, ruleId=1, fieldName=age, filterFunctionName=equals, filterValue=18)
19:29:50.354 [pool-17-thread-1] INFO  r.mai.lessons.rpks.impl.ReaderFromDB - FIND_RULE:Rule(filterId=1, ruleId=2, fieldName=name, filterFunctionName=not_contains, filterValue=ivanov)
19:29:50.354 [pool-17-thread-1] INFO  r.mai.lessons.rpks.impl.ReaderFromDB - MAKE_RULES_FROM_DB
19:29:50.395 [pool-17-thread-1] INFO  r.m.l.rpks.impl.ServiceFiltering - ADD_RULE
19:29:50.787 [pool-17-thread-2] INFO  ru.mai.lessons.rpks.ServiceTest - Remaining attempts 10
19:29:51.065 [pool-18-thread-2] INFO  r.m.l.rpks.impl.ReaderFromKafka - MASSAGE_FROM_KAFKA_TOPIC test_topic_in : {"name":null, "sex":"M"}
19:29:51.065 [pool-18-thread-2] INFO  r.m.l.rpks.impl.ReaderFromKafka - MASSAGE_FROM_KAFKA_TOPIC test_topic_in : {"name":null, "sex":"M"}
19:29:51.065 [pool-18-thread-2] INFO  r.m.l.rpks.impl.ReaderFromKafka - MASSAGE_FROM_KAFKA_TOPIC test_topic_in : {"name":"alexander", "age":, "sex":"M"}
19:29:51.065 [pool-18-thread-2] INFO  r.m.l.rpks.impl.ReaderFromKafka - MASSAGE_FROM_KAFKA_TOPIC test_topic_in : {"name":"alexander", "age":, "sex":"M"}
19:29:51.065 [pool-18-thread-1] INFO  r.m.lessons.rpks.impl.WriterToKafka - KAFKA_PRODUCER_START_PROCESSING_MASSAGE: {"name":null, "sex":"M"}
19:29:51.065 [pool-18-thread-2] INFO  r.m.l.rpks.impl.ReaderFromKafka - MASSAGE_FROM_KAFKA_TOPIC test_topic_in : 
19:29:51.065 [pool-18-thread-2] INFO  r.m.l.rpks.impl.ReaderFromKafka - MASSAGE_FROM_KAFKA_TOPIC test_topic_in : 
19:29:51.066 [pool-18-thread-2] INFO  r.m.l.rpks.impl.ReaderFromKafka - MASSAGE_FROM_KAFKA_TOPIC test_topic_in : {"name":"alex_ivanov", "age":18, "sex":"M"}
19:29:51.066 [pool-18-thread-1] INFO  r.m.lessons.rpks.impl.WriterToKafka - KAFKA_PRODUCER_END_PROCESSING_MASSAGE: {"name":null, "sex":"M"}
19:29:51.066 [pool-18-thread-2] INFO  r.m.l.rpks.impl.ReaderFromKafka - MASSAGE_FROM_KAFKA_TOPIC test_topic_in : {"name":"alex_ivanov", "age":18, "sex":"M"}
19:29:51.066 [pool-18-thread-1] INFO  r.m.lessons.rpks.impl.WriterToKafka - KAFKA_PRODUCER_START_PROCESSING_MASSAGE: {"name":"alexander", "age":, "sex":"M"}
19:29:51.066 [pool-18-thread-2] INFO  r.m.l.rpks.impl.ReaderFromKafka - MASSAGE_FROM_KAFKA_TOPIC test_topic_in : {"age":18, "sex":"M"}
19:29:51.066 [pool-18-thread-2] INFO  r.m.l.rpks.impl.ReaderFromKafka - MASSAGE_FROM_KAFKA_TOPIC test_topic_in : {"age":18, "sex":"M"}
19:29:51.066 [pool-18-thread-1] INFO  r.m.lessons.rpks.impl.WriterToKafka - KAFKA_PRODUCER_END_PROCESSING_MASSAGE: {"name":"alexander", "age":, "sex":"M"}
19:29:51.066 [pool-18-thread-2] INFO  r.m.l.rpks.impl.ReaderFromKafka - MASSAGE_FROM_KAFKA_TOPIC test_topic_in : {"name":"pushkin", "age":19, "sex":"M"}
19:29:51.066 [pool-18-thread-1] INFO  r.m.lessons.rpks.impl.WriterToKafka - KAFKA_PRODUCER_START_PROCESSING_MASSAGE: 
19:29:51.066 [pool-18-thread-2] INFO  r.m.l.rpks.impl.ReaderFromKafka - MASSAGE_FROM_KAFKA_TOPIC test_topic_in : {"name":"pushkin", "age":19, "sex":"M"}
19:29:51.066 [pool-18-thread-2] INFO  r.m.l.rpks.impl.ReaderFromKafka - MASSAGE_FROM_KAFKA_TOPIC test_topic_in : {"name":"alexander", "age":null, "sex":"M"}
19:29:51.066 [pool-18-thread-2] INFO  r.m.l.rpks.impl.ReaderFromKafka - MASSAGE_FROM_KAFKA_TOPIC test_topic_in : {"name":"alexander", "age":null, "sex":"M"}
19:29:51.066 [pool-18-thread-2] INFO  r.m.l.rpks.impl.ReaderFromKafka - MASSAGE_FROM_KAFKA_TOPIC test_topic_in : {"name":"", "age":"", "sex":"M"}
19:29:51.066 [pool-18-thread-2] INFO  r.m.l.rpks.impl.ReaderFromKafka - MASSAGE_FROM_KAFKA_TOPIC test_topic_in : {"name":"", "age":"", "sex":"M"}
19:29:51.066 [pool-18-thread-1] WARN  r.m.lessons.rpks.impl.WriterToKafka - NOT_CORRECT_MASSAGE:
19:29:51.066 [pool-18-thread-1] INFO  r.m.lessons.rpks.impl.WriterToKafka - KAFKA_PRODUCER_END_PROCESSING_MASSAGE: 
19:29:51.066 [pool-18-thread-2] INFO  r.m.l.rpks.impl.ReaderFromKafka - MASSAGE_FROM_KAFKA_TOPIC test_topic_in : {"name":"alexander_pushkin", "age":18, "sex":"M"}
19:29:51.066 [pool-18-thread-2] INFO  r.m.l.rpks.impl.ReaderFromKafka - MASSAGE_FROM_KAFKA_TOPIC test_topic_in : {"name":"alexander_pushkin", "age":18, "sex":"M"}
19:29:51.066 [pool-18-thread-1] INFO  r.m.lessons.rpks.impl.WriterToKafka - KAFKA_PRODUCER_START_PROCESSING_MASSAGE: {"name":"alex_ivanov", "age":18, "sex":"M"}
19:29:51.066 [pool-18-thread-1] INFO  r.m.l.rpks.impl.ProcessorOfRule - jsonValueOfage: 18
19:29:51.066 [pool-18-thread-1] INFO  r.m.l.rpks.impl.ProcessorOfRule - EQUALS:
19:29:51.066 [pool-18-thread-1] INFO  r.m.l.rpks.impl.ProcessorOfRule - jsonValueOfname: alex_ivanov
19:29:51.066 [pool-18-thread-1] INFO  r.m.l.rpks.impl.ProcessorOfRule - NOT_CONTAINS:
19:29:51.066 [pool-18-thread-1] INFO  r.m.l.rpks.impl.ProcessorOfRule - CONTAINS:
19:29:51.066 [pool-18-thread-1] INFO  r.m.lessons.rpks.impl.WriterToKafka - KAFKA_PRODUCER_END_PROCESSING_MASSAGE: {"name":"alex_ivanov", "age":18, "sex":"M"}
19:29:51.066 [pool-18-thread-1] INFO  r.m.lessons.rpks.impl.WriterToKafka - KAFKA_PRODUCER_START_PROCESSING_MASSAGE: {"age":18, "sex":"M"}
19:29:51.066 [pool-18-thread-1] INFO  r.m.l.rpks.impl.ProcessorOfRule - jsonValueOfage: 18
19:29:51.066 [pool-18-thread-1] INFO  r.m.l.rpks.impl.ProcessorOfRule - EQUALS:
19:29:51.066 [pool-18-thread-1] INFO  r.m.lessons.rpks.impl.WriterToKafka - KAFKA_PRODUCER_END_PROCESSING_MASSAGE: {"age":18, "sex":"M"}
19:29:51.066 [pool-18-thread-1] INFO  r.m.lessons.rpks.impl.WriterToKafka - KAFKA_PRODUCER_START_PROCESSING_MASSAGE: {"name":"pushkin", "age":19, "sex":"M"}
19:29:51.066 [pool-18-thread-1] INFO  r.m.l.rpks.impl.ProcessorOfRule - jsonValueOfage: 19
19:29:51.066 [pool-18-thread-1] INFO  r.m.l.rpks.impl.ProcessorOfRule - EQUALS:
19:29:51.066 [pool-18-thread-1] INFO  r.m.lessons.rpks.impl.WriterToKafka - KAFKA_PRODUCER_END_PROCESSING_MASSAGE: {"name":"pushkin", "age":19, "sex":"M"}
19:29:51.066 [pool-18-thread-1] INFO  r.m.lessons.rpks.impl.WriterToKafka - KAFKA_PRODUCER_START_PROCESSING_MASSAGE: {"name":"alexander", "age":null, "sex":"M"}
19:29:51.066 [pool-18-thread-1] INFO  r.m.lessons.rpks.impl.WriterToKafka - KAFKA_PRODUCER_END_PROCESSING_MASSAGE: {"name":"alexander", "age":null, "sex":"M"}
19:29:51.066 [pool-18-thread-1] INFO  r.m.lessons.rpks.impl.WriterToKafka - KAFKA_PRODUCER_START_PROCESSING_MASSAGE: {"name":"", "age":"", "sex":"M"}
19:29:51.066 [pool-18-thread-1] INFO  r.m.l.rpks.impl.ProcessorOfRule - jsonValueOfage: 
19:29:51.066 [pool-18-thread-1] INFO  r.m.l.rpks.impl.ProcessorOfRule - EQUALS:
19:29:51.066 [pool-18-thread-1] INFO  r.m.lessons.rpks.impl.WriterToKafka - KAFKA_PRODUCER_END_PROCESSING_MASSAGE: {"name":"", "age":"", "sex":"M"}
19:29:51.066 [pool-18-thread-1] INFO  r.m.lessons.rpks.impl.WriterToKafka - KAFKA_PRODUCER_START_PROCESSING_MASSAGE: {"name":"alexander_pushkin", "age":18, "sex":"M"}
19:29:51.066 [pool-18-thread-1] INFO  r.m.l.rpks.impl.ProcessorOfRule - jsonValueOfage: 18
19:29:51.066 [pool-18-thread-1] INFO  r.m.l.rpks.impl.ProcessorOfRule - EQUALS:
19:29:51.066 [pool-18-thread-1] INFO  r.m.l.rpks.impl.ProcessorOfRule - jsonValueOfname: alexander_pushkin
19:29:51.066 [pool-18-thread-1] INFO  r.m.l.rpks.impl.ProcessorOfRule - NOT_CONTAINS:
19:29:51.067 [pool-18-thread-1] INFO  r.m.l.rpks.impl.ProcessorOfRule - CONTAINS:
19:29:51.067 [pool-18-thread-1] INFO  r.m.lessons.rpks.impl.WriterToKafka - KAFKA_PRODUCER_END_PROCESSING_MASSAGE: {"name":"alexander_pushkin", "age":18, "sex":"M"}
19:29:51.155 [pool-18-thread-1] INFO  r.m.lessons.rpks.impl.WriterToKafka - KAFKA_PRODUCER_SEND_MASSAGE: {"name":"alexander_pushkin", "age":18, "sex":"M"}
19:29:51.895 [pool-17-thread-2] INFO  ru.mai.lessons.rpks.ServiceTest - Remaining attempts 9
19:29:53.020 [pool-17-thread-2] INFO  ru.mai.lessons.rpks.ServiceTest - Remaining attempts 8
19:29:54.059 [pool-17-thread-2] INFO  ru.mai.lessons.rpks.ServiceTest - Read messages 1
19:29:54.059 [pool-17-thread-1] WARN  r.m.l.rpks.impl.ServiceFiltering - CANT_SLEEP:sleep interrupted
19:29:54.059 [pool-17-thread-1] INFO  r.mai.lessons.rpks.impl.ReaderFromDB - HIKARY_CREATE
19:29:54.357 [pool-17-thread-1] INFO  r.mai.lessons.rpks.impl.ReaderFromDB - HIKARY_CREATE
19:29:54.357 [pool-17-thread-1] INFO  r.mai.lessons.rpks.impl.ReaderFromDB - CONTEXT_MADE
19:29:54.424 [pool-17-thread-1] INFO  r.mai.lessons.rpks.impl.ReaderFromDB - RULLES_CREATE:0
19:29:54.424 [pool-17-thread-1] INFO  r.mai.lessons.rpks.impl.ReaderFromDB - MAKE_RULES_FROM_DB
19:29:54.424 [pool-17-thread-1] INFO  r.m.l.rpks.impl.ServiceFiltering - ADD_RULE
19:29:54.424 [pool-17-thread-1] WARN  r.m.l.rpks.impl.ServiceFiltering - CANT_SLEEP:sleep interrupted
19:29:54.424 [pool-17-thread-1] INFO  r.mai.lessons.rpks.impl.ReaderFromDB - HIKARY_CREATE
19:29:54.792 [pool-17-thread-1] INFO  r.mai.lessons.rpks.impl.ReaderFromDB - HIKARY_CREATE
19:29:54.792 [pool-17-thread-1] INFO  r.mai.lessons.rpks.impl.ReaderFromDB - CONTEXT_MADE
19:29:54.869 [pool-17-thread-1] INFO  r.mai.lessons.rpks.impl.ReaderFromDB - RULLES_CREATE:0
19:29:54.869 [pool-17-thread-1] INFO  r.mai.lessons.rpks.impl.ReaderFromDB - MAKE_RULES_FROM_DB
19:29:54.870 [pool-17-thread-1] INFO  r.m.l.rpks.impl.ServiceFiltering - ADD_RULE
19:29:54.870 [pool-17-thread-1] WARN  r.m.l.rpks.impl.ServiceFiltering - CANT_SLEEP:sleep interrupted
19:29:54.870 [pool-17-thread-1] INFO  r.mai.lessons.rpks.impl.ReaderFromDB - HIKARY_CREATE
19:29:55.262 [pool-17-thread-1] INFO  r.mai.lessons.rpks.impl.ReaderFromDB - HIKARY_CREATE
19:29:55.262 [pool-17-thread-1] INFO  r.mai.lessons.rpks.impl.ReaderFromDB - CONTEXT_MADE
19:29:55.337 [pool-17-thread-1] INFO  r.mai.lessons.rpks.impl.ReaderFromDB - RULLES_CREATE:0
19:29:55.337 [pool-17-thread-1] INFO  r.mai.lessons.rpks.impl.ReaderFromDB - MAKE_RULES_FROM_DB
19:29:55.338 [pool-17-thread-1] INFO  r.m.l.rpks.impl.ServiceFiltering - ADD_RULE
19:29:55.338 [pool-17-thread-1] WARN  r.m.l.rpks.impl.ServiceFiltering - CANT_SLEEP:sleep interrupted
19:29:55.338 [pool-17-thread-1] INFO  r.mai.lessons.rpks.impl.ReaderFromDB - HIKARY_CREATE
19:29:55.686 [pool-17-thread-1] INFO  r.mai.lessons.rpks.impl.ReaderFromDB - HIKARY_CREATE
19:29:55.686 [pool-17-thread-1] INFO  r.mai.lessons.rpks.impl.ReaderFromDB - CONTEXT_MADE
19:29:55.737 [pool-17-thread-1] INFO  r.mai.lessons.rpks.impl.ReaderFromDB - RULLES_CREATE:0
19:29:55.737 [pool-17-thread-1] INFO  r.mai.lessons.rpks.impl.ReaderFromDB - MAKE_RULES_FROM_DB
19:29:55.738 [pool-17-thread-1] INFO  r.m.l.rpks.impl.ServiceFiltering - ADD_RULE
19:29:55.738 [pool-17-thread-1] WARN  r.m.l.rpks.impl.ServiceFiltering - CANT_SLEEP:sleep interrupted
19:29:55.738 [pool-17-thread-1] INFO  r.mai.lessons.rpks.impl.ReaderFromDB - HIKARY_CREATE
19:29:56.027 [pool-17-thread-1] INFO  r.mai.lessons.rpks.impl.ReaderFromDB - HIKARY_CREATE
19:29:56.028 [pool-17-thread-1] INFO  r.mai.lessons.rpks.impl.ReaderFromDB - CONTEXT_MADE
19:29:56.086 [pool-17-thread-1] INFO  r.mai.lessons.rpks.impl.ReaderFromDB - RULLES_CREATE:0
19:29:56.086 [pool-17-thread-1] INFO  r.mai.lessons.rpks.impl.ReaderFromDB - MAKE_RULES_FROM_DB
19:29:56.086 [pool-17-thread-1] INFO  r.m.l.rpks.impl.ServiceFiltering - ADD_RULE
19:29:56.086 [pool-17-thread-1] WARN  r.m.l.rpks.impl.ServiceFiltering - CANT_SLEEP:sleep interrupted
19:29:56.087 [pool-17-thread-1] INFO  r.mai.lessons.rpks.impl.ReaderFromDB - HIKARY_CREATE
19:29:56.447 [pool-17-thread-1] INFO  r.mai.lessons.rpks.impl.ReaderFromDB - HIKARY_CREATE
19:29:56.447 [pool-17-thread-1] INFO  r.mai.lessons.rpks.impl.ReaderFromDB - CONTEXT_MADE
19:29:56.529 [pool-17-thread-1] INFO  r.mai.lessons.rpks.impl.ReaderFromDB - RULLES_CREATE:0
19:29:56.529 [pool-17-thread-1] INFO  r.mai.lessons.rpks.impl.ReaderFromDB - MAKE_RULES_FROM_DB
19:29:56.530 [pool-17-thread-1] INFO  r.m.l.rpks.impl.ServiceFiltering - ADD_RULE
19:29:56.530 [pool-17-thread-1] WARN  r.m.l.rpks.impl.ServiceFiltering - CANT_SLEEP:sleep interrupted
19:29:56.530 [pool-17-thread-1] INFO  r.mai.lessons.rpks.impl.ReaderFromDB - HIKARY_CREATE
19:29:56.698 [pool-17-thread-1] ERROR com.zaxxer.hikari.pool.HikariPool - HikariPool-128 - Exception during pool initialization.
org.postgresql.util.PSQLException: Ошибка при попытке подсоединения.
	at org.postgresql.core.v3.ConnectionFactoryImpl.openConnectionImpl(ConnectionFactoryImpl.java:354)
	at org.postgresql.core.ConnectionFactory.openConnection(ConnectionFactory.java:54)
	at org.postgresql.jdbc.PgConnection.<init>(PgConnection.java:253)
	at org.postgresql.Driver.makeConnection(Driver.java:434)
	at org.postgresql.Driver.connect(Driver.java:291)
	at com.zaxxer.hikari.util.DriverDataSource.getConnection(DriverDataSource.java:138)
	at com.zaxxer.hikari.pool.PoolBase.newConnection(PoolBase.java:359)
	at com.zaxxer.hikari.pool.PoolBase.newPoolEntry(PoolBase.java:201)
	at com.zaxxer.hikari.pool.HikariPool.createPoolEntry(HikariPool.java:470)
	at com.zaxxer.hikari.pool.HikariPool.checkFailFast(HikariPool.java:561)
	at com.zaxxer.hikari.pool.HikariPool.<init>(HikariPool.java:100)
	at com.zaxxer.hikari.HikariDataSource.<init>(HikariDataSource.java:81)
	at ru.mai.lessons.rpks.impl.ReaderFromDB.readRulesFromDB(ReaderFromDB.java:29)
	at ru.mai.lessons.rpks.impl.ServiceFiltering.start(ServiceFiltering.java:43)
	at ru.mai.lessons.rpks.ServiceTest.lambda$testStartService$49(ServiceTest.java:1335)
	at java.base/java.util.concurrent.FutureTask.run(FutureTask.java:264)
	at java.base/java.util.concurrent.ThreadPoolExecutor.runWorker(ThreadPoolExecutor.java:1136)
	at java.base/java.util.concurrent.ThreadPoolExecutor$Worker.run(ThreadPoolExecutor.java:635)
	at java.base/java.lang.Thread.run(Thread.java:833)
Caused by: java.io.EOFException: null
	at org.postgresql.core.PGStream.receiveChar(PGStream.java:467)
	at org.postgresql.core.v3.ConnectionFactoryImpl.doAuthentication(ConnectionFactoryImpl.java:678)
	at org.postgresql.core.v3.ConnectionFactoryImpl.tryConnect(ConnectionFactoryImpl.java:203)
	at org.postgresql.core.v3.ConnectionFactoryImpl.openConnectionImpl(ConnectionFactoryImpl.java:258)
	... 18 common frames omitted
19:30:42.123 [Test worker] INFO  ru.mai.lessons.rpks.ServiceTest - Topics: [(name=test_topic_in, numPartitions=3, replicationFactor=1, replicasAssignments=null, configs=null), (name=test_topic_out, numPartitions=3, replicationFactor=1, replicasAssignments=null, configs=null)], replica factor 1, partitions 3
19:30:42.370 [Test worker] INFO  ru.mai.lessons.rpks.ServiceTest - Topic not exist. Create topics [(name=test_topic_in, numPartitions=3, replicationFactor=1, replicasAssignments=null, configs=null), (name=test_topic_out, numPartitions=3, replicationFactor=1, replicasAssignments=null, configs=null)]
19:30:44.767 [Test worker] INFO  ru.mai.lessons.rpks.ServiceTest - Create filtering rule 1
19:30:45.084 [Test worker] INFO  ru.mai.lessons.rpks.ServiceTest - Check rule from DB
19:30:45.139 [pool-19-thread-1] INFO  r.m.l.rpks.impl.ServiceFiltering - CONFIG:Config(SimpleConfigObject({"application":{"updateIntervalSec":10},"com":{"zaxxer":{"hikari":{"pool_number":"1"}}},"db":{"driver":"org.postgresql.Driver","jdbcUrl":"jdbc:postgresql://localhost:60499/test_db?loggerLevel=OFF","password":"password","user":"user"},"file":{"encoding":"windows-1251","separator":"\\"},"java":{"class":{"path":"C:\\\\Users\\\\eliza\\\\.gradle\\\\caches\\\\7.5.1\\\\workerMain\\\\gradle-worker.jar;P:\\\\Projects\\\\JetBrains\\\\IntelliJIDEA\\\\RPKS_2\\\\git_Clone\\\\JavaServiceFiltering\\\\build\\\\classes\\\\java\\\\test;P:\\\\Projects\\\\JetBrains\\\\IntelliJIDEA\\\\RPKS_2\\\\git_Clone\\\\JavaServiceFiltering\\\\build\\\\resources\\\\test;P:\\\\Projects\\\\JetBrains\\\\IntelliJIDEA\\\\RPKS_2\\\\git_Clone\\\\JavaServiceFiltering\\\\build\\\\classes\\\\java\\\\main;P:\\\\Projects\\\\JetBrains\\\\IntelliJIDEA\\\\RPKS_2\\\\git_Clone\\\\JavaServiceFiltering\\\\build\\\\resources\\\\main;C:\\\\Users\\\\eliza\\\\.gradle\\\\caches\\\\modules-2\\\\files-2.1\\\\org.apache.kafka\\\\kafka-clients\\\\3.4.0\\\\69aebfca9da335f6617f9e5e7a4b45f16e8c86b5\\\\kafka-clients-3.4.0.jar;C:\\\\Users\\\\eliza\\\\.gradle\\\\caches\\\\modules-2\\\\files-2.1\\\\ch.qos.logback\\\\logback-classic\\\\1.4.5\\\\28e7dc0b208d6c3f15beefd73976e064b4ecfa9b\\\\logback-classic-1.4.5.jar;C:\\\\Users\\\\eliza\\\\.gradle\\\\caches\\\\modules-2\\\\files-2.1\\\\com.typesafe\\\\config\\\\1.4.2\\\\4c40a633e7994cfb0354244efb6d03fcb11c3ecf\\\\config-1.4.2.jar;C:\\\\Users\\\\eliza\\\\.gradle\\\\caches\\\\modules-2\\\\files-2.1\\\\org.postgresql\\\\postgresql\\\\42.5.4\\\\15015a54f15e340a9a8a6a2c5457429cb1176b8\\\\postgresql-42.5.4.jar;C:\\\\Users\\\\eliza\\\\.gradle\\\\caches\\\\modules-2\\\\files-2.1\\\\com.zaxxer\\\\HikariCP\\\\5.0.1\\\\a74c7f0a37046846e88d54f7cb6ea6d565c65f9c\\\\HikariCP-5.0.1.jar;C:\\\\Users\\\\eliza\\\\.gradle\\\\caches\\\\modules-2\\\\files-2.1\\\\org.jooq\\\\jooq\\\\3.17.8\\\\6add040365183a3c0a043e11c6069a46b992df39\\\\jooq-3.17.8.jar;C:\\\\Users\\\\eliza\\\\.gradle\\\\caches\\\\modules-2\\\\files-2.1\\\\org.testcontainers\\\\junit-jupiter\\\\1.17.6\\\\94e9894bc665909e208959390ea6540309ce231e\\\\junit-jupiter-1.17.6.jar;C:\\\\Users\\\\eliza\\\\.gradle\\\\caches\\\\modules-2\\\\files-2.1\\\\org.testcontainers\\\\kafka\\\\1.17.6\\\\1975b93708e99340690690177a9c7bbf5aabc823\\\\kafka-1.17.6.jar;C:\\\\Users\\\\eliza\\\\.gradle\\\\caches\\\\modules-2\\\\files-2.1\\\\org.testcontainers\\\\postgresql\\\\1.17.6\\\\cd8aba02d8d46159ab85535d34a1e4217322f9a5\\\\postgresql-1.17.6.jar;C:\\\\Users\\\\eliza\\\\.gradle\\\\caches\\\\modules-2\\\\files-2.1\\\\org.testcontainers\\\\jdbc\\\\1.17.6\\\\1510482e46f5f70909693fc695a2369751510785\\\\jdbc-1.17.6.jar;C:\\\\Users\\\\eliza\\\\.gradle\\\\caches\\\\modules-2\\\\files-2.1\\\\org.testcontainers\\\\database-commons\\\\1.17.6\\\\8a4cd2cda51c2cc3092b1c22f4ee8148be4db410\\\\database-commons-1.17.6.jar;C:\\\\Users\\\\eliza\\\\.gradle\\\\caches\\\\modules-2\\\\files-2.1\\\\org.testcontainers\\\\testcontainers\\\\1.17.6\\\\11b28972d2d8bddd5a7d3b6e21016fbe13bc8e8b\\\\testcontainers-1.17.6.jar;C:\\\\Users\\\\eliza\\\\.gradle\\\\caches\\\\modules-2\\\\files-2.1\\\\com.github.docker-java\\\\docker-java-api\\\\3.2.13\\\\5817ef8f770cb7e740d590090bf352df9491f3c1\\\\docker-java-api-3.2.13.jar;C:\\\\Users\\\\eliza\\\\.gradle\\\\caches\\\\modules-2\\\\files-2.1\\\\com.fasterxml.jackson.core\\\\jackson-annotations\\\\2.14.2\\\\a7aae9525864930723e3453ab799521fdfd9d873\\\\jackson-annotations-2.14.2.jar;C:\\\\Users\\\\eliza\\\\.gradle\\\\caches\\\\modules-2\\\\files-2.1\\\\com.fasterxml.jackson.core\\\\jackson-core\\\\2.14.2\\\\f804090e6399ce0cf78242db086017512dd71fcc\\\\jackson-core-2.14.2.jar;C:\\\\Users\\\\eliza\\\\.gradle\\\\caches\\\\modules-2\\\\files-2.1\\\\org.junit.jupiter\\\\junit-jupiter-engine\\\\5.9.1\\\\1bf771097bde296c3ab174861954e8aafaaf2e94\\\\junit-jupiter-engine-5.9.1.jar;C:\\\\Users\\\\eliza\\\\.gradle\\\\caches\\\\modules-2\\\\files-2.1\\\\org.junit.platform\\\\junit-platform-engine\\\\1.9.1\\\\83591e5089d6cea5f324aa3ecca9b19d5a275803\\\\junit-platform-engine-1.9.1.jar;C:\\\\Users\\\\eliza\\\\.gradle\\\\caches\\\\modules-2\\\\files-2.1\\\\org.junit.platform\\\\junit-platform-commons\\\\1.9.1\\\\3145f821b5cd10abcdc5f925baa5fffa6f1b628f\\\\junit-platform-commons-1.9.1.jar;C:\\\\Users\\\\eliza\\\\.gradle\\\\caches\\\\modules-2\\\\files-2.1\\\\org.junit.jupiter\\\\junit-jupiter-api\\\\5.9.1\\\\7bb53fbc0173e9f6a9d21d58297af94b1f2f9ce1\\\\junit-jupiter-api-5.9.1.jar;C:\\\\Users\\\\eliza\\\\.gradle\\\\caches\\\\modules-2\\\\files-2.1\\\\com.github.luben\\\\zstd-jni\\\\1.5.2-1\\\\fad786abc1d1b81570e8d9a2fc8a1ef479bc27b6\\\\zstd-jni-1.5.2-1.jar;C:\\\\Users\\\\eliza\\\\.gradle\\\\caches\\\\modules-2\\\\files-2.1\\\\org.lz4\\\\lz4-java\\\\1.8.0\\\\4b986a99445e49ea5fbf5d149c4b63f6ed6c6780\\\\lz4-java-1.8.0.jar;C:\\\\Users\\\\eliza\\\\.gradle\\\\caches\\\\modules-2\\\\files-2.1\\\\org.xerial.snappy\\\\snappy-java\\\\1.1.8.4\\\\66f0d56454509f6e36175f2331572e250e04a6cc\\\\snappy-java-1.1.8.4.jar;C:\\\\Users\\\\eliza\\\\.gradle\\\\caches\\\\modules-2\\\\files-2.1\\\\com.github.docker-java\\\\docker-java-transport-zerodep\\\\3.2.13\\\\4cbc2c09d6c264767a39624066987ed4a152bc68\\\\docker-java-transport-zerodep-3.2.13.jar;C:\\\\Users\\\\eliza\\\\.gradle\\\\caches\\\\modules-2\\\\files-2.1\\\\org.slf4j\\\\slf4j-api\\\\2.0.4\\\\30d5eb5360bd113ce96f9e49e3431993bbf1b247\\\\slf4j-api-2.0.4.jar;C:\\\\Users\\\\eliza\\\\.gradle\\\\caches\\\\modules-2\\\\files-2.1\\\\ch.qos.logback\\\\logback-core\\\\1.4.5\\\\e9bb2ea70f84401314da4300343b0a246c8954da\\\\logback-core-1.4.5.jar;C:\\\\Users\\\\eliza\\\\.gradle\\\\caches\\\\modules-2\\\\files-2.1\\\\org.checkerframework\\\\checker-qual\\\\3.5.0\\\\2f50520c8abea66fbd8d26e481d3aef5c673b510\\\\checker-qual-3.5.0.jar;C:\\\\Users\\\\eliza\\\\.gradle\\\\caches\\\\modules-2\\\\files-2.1\\\\io.r2dbc\\\\r2dbc-spi\\\\0.9.1.RELEASE\\\\689338f54890e6981d9d98d059c1a94007a0b809\\\\r2dbc-spi-0.9.1.RELEASE.jar;C:\\\\Users\\\\eliza\\\\.gradle\\\\caches\\\\modules-2\\\\files-2.1\\\\jakarta.xml.bind\\\\jakarta.xml.bind-api\\\\3.0.0\\\\9275db6e21287df61690989254a0b46d8d31e99a\\\\jakarta.xml.bind-api-3.0.0.jar;C:\\\\Users\\\\eliza\\\\.gradle\\\\caches\\\\modules-2\\\\files-2.1\\\\junit\\\\junit\\\\4.13.2\\\\8ac9e16d933b6fb43bc7f576336b8f4d7eb5ba12\\\\junit-4.13.2.jar;C:\\\\Users\\\\eliza\\\\.gradle\\\\caches\\\\modules-2\\\\files-2.1\\\\org.apache.commons\\\\commons-compress\\\\1.22\\\\691a8b4e6cf4248c3bc72c8b719337d5cb7359fa\\\\commons-compress-1.22.jar;C:\\\\Users\\\\eliza\\\\.gradle\\\\caches\\\\modules-2\\\\files-2.1\\\\org.rnorth.duct-tape\\\\duct-tape\\\\1.0.8\\\\92edc22a9ab2f3e17c9bf700aaee377d50e8b530\\\\duct-tape-1.0.8.jar;C:\\\\Users\\\\eliza\\\\.gradle\\\\caches\\\\modules-2\\\\files-2.1\\\\org.reactivestreams\\\\reactive-streams\\\\1.0.3\\\\d9fb7a7926ffa635b3dcaa5049fb2bfa25b3e7d0\\\\reactive-streams-1.0.3.jar;C:\\\\Users\\\\eliza\\\\.gradle\\\\caches\\\\modules-2\\\\files-2.1\\\\com.sun.activation\\\\jakarta.activation\\\\2.0.0\\\\f4e7519148dee347c7666f336210deedb8aca09d\\\\jakarta.activation-2.0.0.jar;C:\\\\Users\\\\eliza\\\\.gradle\\\\caches\\\\modules-2\\\\files-2.1\\\\org.hamcrest\\\\hamcrest-core\\\\1.3\\\\42a25dc3219429f0e5d060061f71acb49bf010a0\\\\hamcrest-core-1.3.jar;C:\\\\Users\\\\eliza\\\\.gradle\\\\caches\\\\modules-2\\\\files-2.1\\\\org.jetbrains\\\\annotations\\\\17.0.0\\\\8ceead41f4e71821919dbdb7a9847608f1a938cb\\\\annotations-17.0.0.jar;C:\\\\Users\\\\eliza\\\\.gradle\\\\caches\\\\modules-2\\\\files-2.1\\\\com.github.docker-java\\\\docker-java-transport\\\\3.2.13\\\\e9d308d1822181a9d48c99739f5eca014ec89199\\\\docker-java-transport-3.2.13.jar;C:\\\\Users\\\\eliza\\\\.gradle\\\\caches\\\\modules-2\\\\files-2.1\\\\net.java.dev.jna\\\\jna\\\\5.8.0\\\\3551d8d827e54858214107541d3aff9c615cb615\\\\jna-5.8.0.jar;C:\\\\Users\\\\eliza\\\\.gradle\\\\caches\\\\modules-2\\\\files-2.1\\\\org.opentest4j\\\\opentest4j\\\\1.2.0\\\\28c11eb91f9b6d8e200631d46e20a7f407f2a046\\\\opentest4j-1.2.0.jar","version":"62.0"},"home":"C:\\Users\\eliza\\.jdks\\openjdk-18.0.1.1","io":{"tmpdir":"C:\\Users\\eliza\\AppData\\Local\\Temp\\"},"library":{"path":"C:\\Users\\eliza\\.jdks\\openjdk-18.0.1.1\\bin;C:\\WINDOWS\\Sun\\Java\\bin;C:\\WINDOWS\\system32;C:\\WINDOWS;;;;C:\\Windows\\system32;C:\\Windows;C:\\Windows\\System32\\Wbem;C:\\Windows\\System32\\WindowsPowerShell\\v1.0\\;C:\\Windows\\System32\\OpenSSH\\;C:\\Program Files\\Microsoft SQL Server\\150\\Tools\\Binn\\;C:\\Program Files\\dotnet\\;C:\\Program Files\\Git\\cmd;C:\\Program Files\\Git\\mingw64\\bin;C:\\Program Files\\Git\\usr\\bin;P:\\Programs\\MySql\\bin;C:\\WINDOWS\\system32;C:\\WINDOWS;C:\\WINDOWS\\System32\\Wbem;C:\\WINDOWS\\System32\\WindowsPowerShell\\v1.0\\;C:\\WINDOWS\\System32\\OpenSSH\\;C:\\Program Files\\PowerShell\\7\\;C:\\Program Files\\Docker\\Docker\\resources\\bin;C:\\Users\\eliza\\AppData\\Local\\Programs\\Python\\Python38\\Scripts\\;C:\\Users\\eliza\\AppData\\Local\\Programs\\Python\\Python38\\;C:\\Users\\eliza\\AppData\\Local\\Microsoft\\WindowsApps;P:\\Programs\\JetBrains\\PyCharm 2022.1.3\\Program Files\\JetBrains\\PyCharm 2022.1.3\\bin;;P:\\Programs\\JetBrains\\IntelliJ IDEA 2023.1.2\\bin;;P:\\Programs\\JetBrains\\CLion 2022.2.4\\bin;;C:\\Users\\eliza\\.dotnet\\tools;C:\\texlive\\2022\\bin\\win32;P:\\Programs\\JetBrains\\Rider 2022.2.4\\bin;;C:\\ProgramData\\eliza\\GitHubDesktop\\bin;C:\\Users\\eliza\\AppData\\Local\\GitHubDesktop\\bin;P:\\Programs\\JetBrains\\DataGrip 2022.2.5\\bin;;;P:\\Programs\\JetBrains\\Gateway 2023.1\\JetBrains Gateway 2023.1\\bin;;."},"runtime":{"name":"OpenJDK Runtime Environment","version":"18.0.1.1+2-6"},"specification":{"name":"Java Platform API Specification","vendor":"Oracle Corporation","version":"18"},"vendor":{"url":{"bug":"https://bugreport.java.com/bugreport/"}},"version":"18.0.1.1","vm":{"compressedOopsMode":"32-bit","info":"mixed mode, sharing","name":"OpenJDK 64-Bit Server VM","specification":{"name":"Java Virtual Machine Specification","vendor":"Oracle Corporation","version":"18"},"vendor":"Oracle Corporation","version":"18.0.1.1+2-6"}},"jdk":{"debug":"release"},"kafka":{"consumer":{"auto":{"offset":{"reset":"earliest"}},"bootstrap":{"servers":"PLAINTEXT://localhost:60666"},"group":{"id":"test_group_consumer"},"topicIn":"test_topic_in"},"producer":{"bootstrap":{"servers":"PLAINTEXT://localhost:60666"},"topicOut":"test_topic_out"}},"line":{"separator":"\r\n"},"native":{"encoding":"Cp1251"},"org":{"gradle":{"internal":{"worker":{"tmpdir":"P:\\Projects\\JetBrains\\IntelliJIDEA\\RPKS_2\\git_Clone\\JavaServiceFiltering\\build\\tmp\\test\\work"}},"native":"false","test":{"worker":"38"}}},"os":{"arch":"amd64","name":"Windows 11","version":"10.0"},"path":{"separator":";"},"sun":{"arch":{"data":{"model":"64"}},"boot":{"library":{"path":"C:\\Users\\eliza\\.jdks\\openjdk-18.0.1.1\\bin"}},"cpu":{"endian":"little","isalist":"amd64"},"io":{"unicode":{"encoding":"UnicodeLittle"}},"java":{"command":"worker.org.gradle.process.internal.worker.GradleWorkerMain 'Gradle Test Executor 38'","launcher":"SUN_STANDARD"},"jnu":{"encoding":"Cp1251"},"management":{"compiler":"HotSpot 64-Bit Tiered Compilers"},"os":{"patch":{"level":""}}},"user":{"country":"RU","dir":"P:\\Projects\\JetBrains\\IntelliJIDEA\\RPKS_2\\git_Clone\\JavaServiceFiltering","home":"C:\\Users\\eliza","language":"ru","name":"eliza","script":"","timezone":"Europe/Moscow","variant":""}}))
19:30:45.140 [pool-19-thread-1] INFO  r.m.l.rpks.impl.ServiceFiltering - CONSUMER_SETTINGS_WAS_READ: ConsumerSettings(bootstrapServers=PLAINTEXT://localhost:60666, groupId=test_group_consumer, autoOffsetReset=earliest, topicIn=test_topic_in, updateIntervalSec=100)
19:30:45.140 [pool-19-thread-1] INFO  r.m.l.rpks.impl.ServiceFiltering - PRODUCER_SETTINGS_WAS_READ: ProducerSettings(bootstrapServers=PLAINTEXT://localhost:60666, topicOut=test_topic_out, updateIntervalSec=100)
19:30:45.140 [pool-19-thread-1] INFO  r.m.l.rpks.impl.ServiceFiltering - DB_SETTINGS_WAS_READ: DBSettings(jdbcUrl=jdbc:postgresql://localhost:60499/test_db?loggerLevel=OFF, user=user, password=password, driver=org.postgresql.Driver, tableName=filter_rules)
19:30:45.140 [pool-19-thread-1] INFO  r.mai.lessons.rpks.impl.ReaderFromDB - HIKARY_CREATE
19:30:45.173 [pool-20-thread-1] INFO  r.m.lessons.rpks.impl.WriterToKafka - START_WRITE_MESSAGE_IN_KAFKA_TOPIC test_topic_out
19:30:45.210 [pool-20-thread-2] INFO  r.m.l.rpks.impl.ReaderFromKafka - CONSUMER_SETTINGS:ConsumerSettings(bootstrapServers=PLAINTEXT://localhost:60666, groupId=test_group_consumer, autoOffsetReset=earliest, topicIn=test_topic_in, updateIntervalSec=100)
19:30:45.210 [pool-20-thread-2] INFO  r.m.l.rpks.impl.ReaderFromKafka - KAFKA_CONSUMER_START_READING_FROM_TOPIC test_topic_in
19:30:45.906 [pool-19-thread-1] INFO  r.mai.lessons.rpks.impl.ReaderFromDB - HIKARY_CREATE
19:30:45.906 [pool-19-thread-1] INFO  r.mai.lessons.rpks.impl.ReaderFromDB - CONTEXT_MADE
19:30:45.992 [pool-19-thread-1] INFO  r.mai.lessons.rpks.impl.ReaderFromDB - RULLES_CREATE:1
19:30:45.993 [pool-19-thread-1] INFO  r.mai.lessons.rpks.impl.ReaderFromDB - FIND_RULE:Rule(filterId=1, ruleId=1, fieldName=name, filterFunctionName=contains, filterValue=alexander)
19:30:45.993 [pool-19-thread-1] INFO  r.mai.lessons.rpks.impl.ReaderFromDB - MAKE_RULES_FROM_DB
19:30:46.022 [pool-19-thread-1] INFO  r.m.l.rpks.impl.ServiceFiltering - ADD_RULE
19:30:46.100 [pool-19-thread-2] INFO  ru.mai.lessons.rpks.ServiceTest - Remaining attempts 10
19:30:46.887 [pool-20-thread-2] INFO  r.m.l.rpks.impl.ReaderFromKafka - MASSAGE_FROM_KAFKA_TOPIC test_topic_in : {"name":"alexander_pushkin", "age":18, "sex":"M"}
19:30:46.887 [pool-20-thread-2] INFO  r.m.l.rpks.impl.ReaderFromKafka - MASSAGE_FROM_KAFKA_TOPIC test_topic_in : {"name":"alexander_pushkin", "age":18, "sex":"M"}
19:30:46.887 [pool-20-thread-1] INFO  r.m.lessons.rpks.impl.WriterToKafka - KAFKA_PRODUCER_START_PROCESSING_MASSAGE: {"name":"alexander_pushkin", "age":18, "sex":"M"}
19:30:46.887 [pool-20-thread-2] INFO  r.m.l.rpks.impl.ReaderFromKafka - MASSAGE_FROM_KAFKA_TOPIC test_topic_in : {"age":18, "sex":"M"}
19:30:46.887 [pool-20-thread-2] INFO  r.m.l.rpks.impl.ReaderFromKafka - MASSAGE_FROM_KAFKA_TOPIC test_topic_in : {"age":18, "sex":"M"}
19:30:46.887 [pool-20-thread-2] INFO  r.m.l.rpks.impl.ReaderFromKafka - MASSAGE_FROM_KAFKA_TOPIC test_topic_in : {"name":"", "age":18, "sex":"M"}
19:30:46.887 [pool-20-thread-2] INFO  r.m.l.rpks.impl.ReaderFromKafka - MASSAGE_FROM_KAFKA_TOPIC test_topic_in : {"name":"", "age":18, "sex":"M"}
19:30:46.887 [pool-20-thread-2] INFO  r.m.l.rpks.impl.ReaderFromKafka - MASSAGE_FROM_KAFKA_TOPIC test_topic_in : {"name":null, "age":18, "sex":"M"}
19:30:46.887 [pool-20-thread-2] INFO  r.m.l.rpks.impl.ReaderFromKafka - MASSAGE_FROM_KAFKA_TOPIC test_topic_in : {"name":null, "age":18, "sex":"M"}
19:30:46.887 [pool-20-thread-2] INFO  r.m.l.rpks.impl.ReaderFromKafka - MASSAGE_FROM_KAFKA_TOPIC test_topic_in : 
19:30:46.887 [pool-20-thread-2] INFO  r.m.l.rpks.impl.ReaderFromKafka - MASSAGE_FROM_KAFKA_TOPIC test_topic_in : 
19:30:46.887 [pool-20-thread-1] INFO  r.m.l.rpks.impl.ProcessorOfRule - jsonValueOfname: alexander_pushkin
19:30:46.887 [pool-20-thread-2] INFO  r.m.l.rpks.impl.ReaderFromKafka - MASSAGE_FROM_KAFKA_TOPIC test_topic_in : {"name":"no_alex", "age":18, "sex":"M"}
19:30:46.887 [pool-20-thread-1] INFO  r.m.l.rpks.impl.ProcessorOfRule - CONTAINS:
19:30:46.887 [pool-20-thread-2] INFO  r.m.l.rpks.impl.ReaderFromKafka - MASSAGE_FROM_KAFKA_TOPIC test_topic_in : {"name":"no_alex", "age":18, "sex":"M"}
19:30:46.887 [pool-20-thread-1] INFO  r.m.lessons.rpks.impl.WriterToKafka - KAFKA_PRODUCER_END_PROCESSING_MASSAGE: {"name":"alexander_pushkin", "age":18, "sex":"M"}
19:30:46.972 [pool-20-thread-1] INFO  r.m.lessons.rpks.impl.WriterToKafka - KAFKA_PRODUCER_SEND_MASSAGE: {"name":"alexander_pushkin", "age":18, "sex":"M"}
19:30:46.972 [pool-20-thread-1] INFO  r.m.lessons.rpks.impl.WriterToKafka - KAFKA_PRODUCER_START_PROCESSING_MASSAGE: {"age":18, "sex":"M"}
19:30:46.972 [pool-20-thread-1] INFO  r.m.lessons.rpks.impl.WriterToKafka - KAFKA_PRODUCER_END_PROCESSING_MASSAGE: {"age":18, "sex":"M"}
19:30:46.972 [pool-20-thread-1] INFO  r.m.lessons.rpks.impl.WriterToKafka - KAFKA_PRODUCER_START_PROCESSING_MASSAGE: {"name":"", "age":18, "sex":"M"}
19:30:46.972 [pool-20-thread-1] INFO  r.m.l.rpks.impl.ProcessorOfRule - jsonValueOfname: 
19:30:46.972 [pool-20-thread-1] INFO  r.m.l.rpks.impl.ProcessorOfRule - CONTAINS:
19:30:46.972 [pool-20-thread-1] INFO  r.m.lessons.rpks.impl.WriterToKafka - KAFKA_PRODUCER_END_PROCESSING_MASSAGE: {"name":"", "age":18, "sex":"M"}
19:30:46.972 [pool-20-thread-1] INFO  r.m.lessons.rpks.impl.WriterToKafka - KAFKA_PRODUCER_START_PROCESSING_MASSAGE: {"name":null, "age":18, "sex":"M"}
19:30:46.972 [pool-20-thread-1] INFO  r.m.lessons.rpks.impl.WriterToKafka - KAFKA_PRODUCER_END_PROCESSING_MASSAGE: {"name":null, "age":18, "sex":"M"}
19:30:46.972 [pool-20-thread-1] INFO  r.m.lessons.rpks.impl.WriterToKafka - KAFKA_PRODUCER_START_PROCESSING_MASSAGE: 
19:30:46.972 [pool-20-thread-1] WARN  r.m.lessons.rpks.impl.WriterToKafka - NOT_CORRECT_MASSAGE:
19:30:46.972 [pool-20-thread-1] INFO  r.m.lessons.rpks.impl.WriterToKafka - KAFKA_PRODUCER_END_PROCESSING_MASSAGE: 
19:30:46.972 [pool-20-thread-1] INFO  r.m.lessons.rpks.impl.WriterToKafka - KAFKA_PRODUCER_START_PROCESSING_MASSAGE: {"name":"no_alex", "age":18, "sex":"M"}
19:30:46.972 [pool-20-thread-1] INFO  r.m.l.rpks.impl.ProcessorOfRule - jsonValueOfname: no_alex
19:30:46.972 [pool-20-thread-1] INFO  r.m.l.rpks.impl.ProcessorOfRule - CONTAINS:
19:30:46.972 [pool-20-thread-1] INFO  r.m.lessons.rpks.impl.WriterToKafka - KAFKA_PRODUCER_END_PROCESSING_MASSAGE: {"name":"no_alex", "age":18, "sex":"M"}
19:30:47.262 [pool-19-thread-2] INFO  ru.mai.lessons.rpks.ServiceTest - Remaining attempts 9
19:30:48.386 [pool-19-thread-2] INFO  ru.mai.lessons.rpks.ServiceTest - Remaining attempts 8
19:30:49.509 [pool-19-thread-2] INFO  ru.mai.lessons.rpks.ServiceTest - Remaining attempts 7
19:30:50.627 [pool-19-thread-2] INFO  ru.mai.lessons.rpks.ServiceTest - Remaining attempts 6
19:30:51.684 [pool-19-thread-2] INFO  ru.mai.lessons.rpks.ServiceTest - Read messages 1
19:30:51.684 [pool-19-thread-1] WARN  r.m.l.rpks.impl.ServiceFiltering - CANT_SLEEP:sleep interrupted
19:30:51.684 [pool-19-thread-1] INFO  r.mai.lessons.rpks.impl.ReaderFromDB - HIKARY_CREATE
19:30:52.007 [pool-19-thread-1] INFO  r.mai.lessons.rpks.impl.ReaderFromDB - HIKARY_CREATE
19:30:52.007 [pool-19-thread-1] INFO  r.mai.lessons.rpks.impl.ReaderFromDB - CONTEXT_MADE
19:30:52.090 [pool-19-thread-1] INFO  r.mai.lessons.rpks.impl.ReaderFromDB - RULLES_CREATE:0
19:30:52.090 [pool-19-thread-1] INFO  r.mai.lessons.rpks.impl.ReaderFromDB - MAKE_RULES_FROM_DB
19:30:52.090 [pool-19-thread-1] INFO  r.m.l.rpks.impl.ServiceFiltering - ADD_RULE
19:30:52.090 [pool-19-thread-1] WARN  r.m.l.rpks.impl.ServiceFiltering - CANT_SLEEP:sleep interrupted
19:30:52.090 [pool-19-thread-1] INFO  r.mai.lessons.rpks.impl.ReaderFromDB - HIKARY_CREATE
19:30:52.391 [pool-19-thread-1] INFO  r.mai.lessons.rpks.impl.ReaderFromDB - HIKARY_CREATE
19:30:52.391 [pool-19-thread-1] INFO  r.mai.lessons.rpks.impl.ReaderFromDB - CONTEXT_MADE
19:30:52.480 [pool-19-thread-1] INFO  r.mai.lessons.rpks.impl.ReaderFromDB - RULLES_CREATE:0
19:30:52.480 [pool-19-thread-1] INFO  r.mai.lessons.rpks.impl.ReaderFromDB - MAKE_RULES_FROM_DB
19:30:52.480 [pool-19-thread-1] INFO  r.m.l.rpks.impl.ServiceFiltering - ADD_RULE
19:30:52.481 [pool-19-thread-1] WARN  r.m.l.rpks.impl.ServiceFiltering - CANT_SLEEP:sleep interrupted
19:30:52.481 [pool-19-thread-1] INFO  r.mai.lessons.rpks.impl.ReaderFromDB - HIKARY_CREATE
19:30:52.861 [pool-19-thread-1] INFO  r.mai.lessons.rpks.impl.ReaderFromDB - HIKARY_CREATE
19:30:52.861 [pool-19-thread-1] INFO  r.mai.lessons.rpks.impl.ReaderFromDB - CONTEXT_MADE
19:30:52.974 [pool-19-thread-1] INFO  r.mai.lessons.rpks.impl.ReaderFromDB - RULLES_CREATE:0
19:30:52.974 [pool-19-thread-1] INFO  r.mai.lessons.rpks.impl.ReaderFromDB - MAKE_RULES_FROM_DB
19:30:52.977 [pool-19-thread-1] INFO  r.m.l.rpks.impl.ServiceFiltering - ADD_RULE
19:30:52.977 [pool-19-thread-1] WARN  r.m.l.rpks.impl.ServiceFiltering - CANT_SLEEP:sleep interrupted
19:30:52.977 [pool-19-thread-1] INFO  r.mai.lessons.rpks.impl.ReaderFromDB - HIKARY_CREATE
19:30:53.325 [pool-19-thread-1] INFO  r.mai.lessons.rpks.impl.ReaderFromDB - HIKARY_CREATE
19:30:53.325 [pool-19-thread-1] INFO  r.mai.lessons.rpks.impl.ReaderFromDB - CONTEXT_MADE
19:30:53.410 [pool-19-thread-1] INFO  r.mai.lessons.rpks.impl.ReaderFromDB - RULLES_CREATE:0
19:30:53.411 [pool-19-thread-1] INFO  r.mai.lessons.rpks.impl.ReaderFromDB - MAKE_RULES_FROM_DB
19:30:53.412 [pool-19-thread-1] INFO  r.m.l.rpks.impl.ServiceFiltering - ADD_RULE
19:30:53.412 [pool-19-thread-1] WARN  r.m.l.rpks.impl.ServiceFiltering - CANT_SLEEP:sleep interrupted
19:30:53.412 [pool-19-thread-1] INFO  r.mai.lessons.rpks.impl.ReaderFromDB - HIKARY_CREATE
19:30:53.849 [pool-19-thread-1] INFO  r.mai.lessons.rpks.impl.ReaderFromDB - HIKARY_CREATE
19:30:53.849 [pool-19-thread-1] INFO  r.mai.lessons.rpks.impl.ReaderFromDB - CONTEXT_MADE
19:30:53.909 [pool-19-thread-1] INFO  r.mai.lessons.rpks.impl.ReaderFromDB - RULLES_CREATE:0
19:30:53.909 [pool-19-thread-1] INFO  r.mai.lessons.rpks.impl.ReaderFromDB - MAKE_RULES_FROM_DB
19:30:53.910 [pool-19-thread-1] INFO  r.m.l.rpks.impl.ServiceFiltering - ADD_RULE
19:30:53.911 [pool-19-thread-1] WARN  r.m.l.rpks.impl.ServiceFiltering - CANT_SLEEP:sleep interrupted
19:30:53.911 [pool-19-thread-1] INFO  r.mai.lessons.rpks.impl.ReaderFromDB - HIKARY_CREATE
19:30:54.379 [pool-19-thread-1] INFO  r.mai.lessons.rpks.impl.ReaderFromDB - HIKARY_CREATE
19:30:54.379 [pool-19-thread-1] INFO  r.mai.lessons.rpks.impl.ReaderFromDB - CONTEXT_MADE
19:31:53.320 [Test worker] INFO  ru.mai.lessons.rpks.ServiceTest - Topics: [(name=test_topic_in, numPartitions=3, replicationFactor=1, replicasAssignments=null, configs=null), (name=test_topic_out, numPartitions=3, replicationFactor=1, replicasAssignments=null, configs=null)], replica factor 1, partitions 3
19:31:53.623 [Test worker] INFO  ru.mai.lessons.rpks.ServiceTest - Topic not exist. Create topics [(name=test_topic_in, numPartitions=3, replicationFactor=1, replicasAssignments=null, configs=null), (name=test_topic_out, numPartitions=3, replicationFactor=1, replicasAssignments=null, configs=null)]
19:31:55.807 [Test worker] INFO  ru.mai.lessons.rpks.ServiceTest - Create filtering rule 1
19:31:56.224 [Test worker] INFO  ru.mai.lessons.rpks.ServiceTest - Check rule from DB
19:31:56.292 [Test worker] INFO  ru.mai.lessons.rpks.ServiceTest - Create filtering rule 1
19:31:56.439 [Test worker] INFO  ru.mai.lessons.rpks.ServiceTest - Check rule from DB
19:31:56.518 [pool-21-thread-1] INFO  r.m.l.rpks.impl.ServiceFiltering - CONFIG:Config(SimpleConfigObject({"application":{"updateIntervalSec":10},"com":{"zaxxer":{"hikari":{"pool_number":"1"}}},"db":{"driver":"org.postgresql.Driver","jdbcUrl":"jdbc:postgresql://localhost:61466/test_db?loggerLevel=OFF","password":"password","user":"user"},"file":{"encoding":"windows-1251","separator":"\\"},"java":{"class":{"path":"C:\\\\Users\\\\eliza\\\\.gradle\\\\caches\\\\7.5.1\\\\workerMain\\\\gradle-worker.jar;P:\\\\Projects\\\\JetBrains\\\\IntelliJIDEA\\\\RPKS_2\\\\git_Clone\\\\JavaServiceFiltering\\\\build\\\\classes\\\\java\\\\test;P:\\\\Projects\\\\JetBrains\\\\IntelliJIDEA\\\\RPKS_2\\\\git_Clone\\\\JavaServiceFiltering\\\\build\\\\resources\\\\test;P:\\\\Projects\\\\JetBrains\\\\IntelliJIDEA\\\\RPKS_2\\\\git_Clone\\\\JavaServiceFiltering\\\\build\\\\classes\\\\java\\\\main;P:\\\\Projects\\\\JetBrains\\\\IntelliJIDEA\\\\RPKS_2\\\\git_Clone\\\\JavaServiceFiltering\\\\build\\\\resources\\\\main;C:\\\\Users\\\\eliza\\\\.gradle\\\\caches\\\\modules-2\\\\files-2.1\\\\org.apache.kafka\\\\kafka-clients\\\\3.4.0\\\\69aebfca9da335f6617f9e5e7a4b45f16e8c86b5\\\\kafka-clients-3.4.0.jar;C:\\\\Users\\\\eliza\\\\.gradle\\\\caches\\\\modules-2\\\\files-2.1\\\\ch.qos.logback\\\\logback-classic\\\\1.4.5\\\\28e7dc0b208d6c3f15beefd73976e064b4ecfa9b\\\\logback-classic-1.4.5.jar;C:\\\\Users\\\\eliza\\\\.gradle\\\\caches\\\\modules-2\\\\files-2.1\\\\com.typesafe\\\\config\\\\1.4.2\\\\4c40a633e7994cfb0354244efb6d03fcb11c3ecf\\\\config-1.4.2.jar;C:\\\\Users\\\\eliza\\\\.gradle\\\\caches\\\\modules-2\\\\files-2.1\\\\org.postgresql\\\\postgresql\\\\42.5.4\\\\15015a54f15e340a9a8a6a2c5457429cb1176b8\\\\postgresql-42.5.4.jar;C:\\\\Users\\\\eliza\\\\.gradle\\\\caches\\\\modules-2\\\\files-2.1\\\\com.zaxxer\\\\HikariCP\\\\5.0.1\\\\a74c7f0a37046846e88d54f7cb6ea6d565c65f9c\\\\HikariCP-5.0.1.jar;C:\\\\Users\\\\eliza\\\\.gradle\\\\caches\\\\modules-2\\\\files-2.1\\\\org.jooq\\\\jooq\\\\3.17.8\\\\6add040365183a3c0a043e11c6069a46b992df39\\\\jooq-3.17.8.jar;C:\\\\Users\\\\eliza\\\\.gradle\\\\caches\\\\modules-2\\\\files-2.1\\\\org.testcontainers\\\\junit-jupiter\\\\1.17.6\\\\94e9894bc665909e208959390ea6540309ce231e\\\\junit-jupiter-1.17.6.jar;C:\\\\Users\\\\eliza\\\\.gradle\\\\caches\\\\modules-2\\\\files-2.1\\\\org.testcontainers\\\\kafka\\\\1.17.6\\\\1975b93708e99340690690177a9c7bbf5aabc823\\\\kafka-1.17.6.jar;C:\\\\Users\\\\eliza\\\\.gradle\\\\caches\\\\modules-2\\\\files-2.1\\\\org.testcontainers\\\\postgresql\\\\1.17.6\\\\cd8aba02d8d46159ab85535d34a1e4217322f9a5\\\\postgresql-1.17.6.jar;C:\\\\Users\\\\eliza\\\\.gradle\\\\caches\\\\modules-2\\\\files-2.1\\\\org.testcontainers\\\\jdbc\\\\1.17.6\\\\1510482e46f5f70909693fc695a2369751510785\\\\jdbc-1.17.6.jar;C:\\\\Users\\\\eliza\\\\.gradle\\\\caches\\\\modules-2\\\\files-2.1\\\\org.testcontainers\\\\database-commons\\\\1.17.6\\\\8a4cd2cda51c2cc3092b1c22f4ee8148be4db410\\\\database-commons-1.17.6.jar;C:\\\\Users\\\\eliza\\\\.gradle\\\\caches\\\\modules-2\\\\files-2.1\\\\org.testcontainers\\\\testcontainers\\\\1.17.6\\\\11b28972d2d8bddd5a7d3b6e21016fbe13bc8e8b\\\\testcontainers-1.17.6.jar;C:\\\\Users\\\\eliza\\\\.gradle\\\\caches\\\\modules-2\\\\files-2.1\\\\com.github.docker-java\\\\docker-java-api\\\\3.2.13\\\\5817ef8f770cb7e740d590090bf352df9491f3c1\\\\docker-java-api-3.2.13.jar;C:\\\\Users\\\\eliza\\\\.gradle\\\\caches\\\\modules-2\\\\files-2.1\\\\com.fasterxml.jackson.core\\\\jackson-annotations\\\\2.14.2\\\\a7aae9525864930723e3453ab799521fdfd9d873\\\\jackson-annotations-2.14.2.jar;C:\\\\Users\\\\eliza\\\\.gradle\\\\caches\\\\modules-2\\\\files-2.1\\\\com.fasterxml.jackson.core\\\\jackson-core\\\\2.14.2\\\\f804090e6399ce0cf78242db086017512dd71fcc\\\\jackson-core-2.14.2.jar;C:\\\\Users\\\\eliza\\\\.gradle\\\\caches\\\\modules-2\\\\files-2.1\\\\org.junit.jupiter\\\\junit-jupiter-engine\\\\5.9.1\\\\1bf771097bde296c3ab174861954e8aafaaf2e94\\\\junit-jupiter-engine-5.9.1.jar;C:\\\\Users\\\\eliza\\\\.gradle\\\\caches\\\\modules-2\\\\files-2.1\\\\org.junit.platform\\\\junit-platform-engine\\\\1.9.1\\\\83591e5089d6cea5f324aa3ecca9b19d5a275803\\\\junit-platform-engine-1.9.1.jar;C:\\\\Users\\\\eliza\\\\.gradle\\\\caches\\\\modules-2\\\\files-2.1\\\\org.junit.platform\\\\junit-platform-commons\\\\1.9.1\\\\3145f821b5cd10abcdc5f925baa5fffa6f1b628f\\\\junit-platform-commons-1.9.1.jar;C:\\\\Users\\\\eliza\\\\.gradle\\\\caches\\\\modules-2\\\\files-2.1\\\\org.junit.jupiter\\\\junit-jupiter-api\\\\5.9.1\\\\7bb53fbc0173e9f6a9d21d58297af94b1f2f9ce1\\\\junit-jupiter-api-5.9.1.jar;C:\\\\Users\\\\eliza\\\\.gradle\\\\caches\\\\modules-2\\\\files-2.1\\\\com.github.luben\\\\zstd-jni\\\\1.5.2-1\\\\fad786abc1d1b81570e8d9a2fc8a1ef479bc27b6\\\\zstd-jni-1.5.2-1.jar;C:\\\\Users\\\\eliza\\\\.gradle\\\\caches\\\\modules-2\\\\files-2.1\\\\org.lz4\\\\lz4-java\\\\1.8.0\\\\4b986a99445e49ea5fbf5d149c4b63f6ed6c6780\\\\lz4-java-1.8.0.jar;C:\\\\Users\\\\eliza\\\\.gradle\\\\caches\\\\modules-2\\\\files-2.1\\\\org.xerial.snappy\\\\snappy-java\\\\1.1.8.4\\\\66f0d56454509f6e36175f2331572e250e04a6cc\\\\snappy-java-1.1.8.4.jar;C:\\\\Users\\\\eliza\\\\.gradle\\\\caches\\\\modules-2\\\\files-2.1\\\\com.github.docker-java\\\\docker-java-transport-zerodep\\\\3.2.13\\\\4cbc2c09d6c264767a39624066987ed4a152bc68\\\\docker-java-transport-zerodep-3.2.13.jar;C:\\\\Users\\\\eliza\\\\.gradle\\\\caches\\\\modules-2\\\\files-2.1\\\\org.slf4j\\\\slf4j-api\\\\2.0.4\\\\30d5eb5360bd113ce96f9e49e3431993bbf1b247\\\\slf4j-api-2.0.4.jar;C:\\\\Users\\\\eliza\\\\.gradle\\\\caches\\\\modules-2\\\\files-2.1\\\\ch.qos.logback\\\\logback-core\\\\1.4.5\\\\e9bb2ea70f84401314da4300343b0a246c8954da\\\\logback-core-1.4.5.jar;C:\\\\Users\\\\eliza\\\\.gradle\\\\caches\\\\modules-2\\\\files-2.1\\\\org.checkerframework\\\\checker-qual\\\\3.5.0\\\\2f50520c8abea66fbd8d26e481d3aef5c673b510\\\\checker-qual-3.5.0.jar;C:\\\\Users\\\\eliza\\\\.gradle\\\\caches\\\\modules-2\\\\files-2.1\\\\io.r2dbc\\\\r2dbc-spi\\\\0.9.1.RELEASE\\\\689338f54890e6981d9d98d059c1a94007a0b809\\\\r2dbc-spi-0.9.1.RELEASE.jar;C:\\\\Users\\\\eliza\\\\.gradle\\\\caches\\\\modules-2\\\\files-2.1\\\\jakarta.xml.bind\\\\jakarta.xml.bind-api\\\\3.0.0\\\\9275db6e21287df61690989254a0b46d8d31e99a\\\\jakarta.xml.bind-api-3.0.0.jar;C:\\\\Users\\\\eliza\\\\.gradle\\\\caches\\\\modules-2\\\\files-2.1\\\\junit\\\\junit\\\\4.13.2\\\\8ac9e16d933b6fb43bc7f576336b8f4d7eb5ba12\\\\junit-4.13.2.jar;C:\\\\Users\\\\eliza\\\\.gradle\\\\caches\\\\modules-2\\\\files-2.1\\\\org.apache.commons\\\\commons-compress\\\\1.22\\\\691a8b4e6cf4248c3bc72c8b719337d5cb7359fa\\\\commons-compress-1.22.jar;C:\\\\Users\\\\eliza\\\\.gradle\\\\caches\\\\modules-2\\\\files-2.1\\\\org.rnorth.duct-tape\\\\duct-tape\\\\1.0.8\\\\92edc22a9ab2f3e17c9bf700aaee377d50e8b530\\\\duct-tape-1.0.8.jar;C:\\\\Users\\\\eliza\\\\.gradle\\\\caches\\\\modules-2\\\\files-2.1\\\\org.reactivestreams\\\\reactive-streams\\\\1.0.3\\\\d9fb7a7926ffa635b3dcaa5049fb2bfa25b3e7d0\\\\reactive-streams-1.0.3.jar;C:\\\\Users\\\\eliza\\\\.gradle\\\\caches\\\\modules-2\\\\files-2.1\\\\com.sun.activation\\\\jakarta.activation\\\\2.0.0\\\\f4e7519148dee347c7666f336210deedb8aca09d\\\\jakarta.activation-2.0.0.jar;C:\\\\Users\\\\eliza\\\\.gradle\\\\caches\\\\modules-2\\\\files-2.1\\\\org.hamcrest\\\\hamcrest-core\\\\1.3\\\\42a25dc3219429f0e5d060061f71acb49bf010a0\\\\hamcrest-core-1.3.jar;C:\\\\Users\\\\eliza\\\\.gradle\\\\caches\\\\modules-2\\\\files-2.1\\\\org.jetbrains\\\\annotations\\\\17.0.0\\\\8ceead41f4e71821919dbdb7a9847608f1a938cb\\\\annotations-17.0.0.jar;C:\\\\Users\\\\eliza\\\\.gradle\\\\caches\\\\modules-2\\\\files-2.1\\\\com.github.docker-java\\\\docker-java-transport\\\\3.2.13\\\\e9d308d1822181a9d48c99739f5eca014ec89199\\\\docker-java-transport-3.2.13.jar;C:\\\\Users\\\\eliza\\\\.gradle\\\\caches\\\\modules-2\\\\files-2.1\\\\net.java.dev.jna\\\\jna\\\\5.8.0\\\\3551d8d827e54858214107541d3aff9c615cb615\\\\jna-5.8.0.jar;C:\\\\Users\\\\eliza\\\\.gradle\\\\caches\\\\modules-2\\\\files-2.1\\\\org.opentest4j\\\\opentest4j\\\\1.2.0\\\\28c11eb91f9b6d8e200631d46e20a7f407f2a046\\\\opentest4j-1.2.0.jar","version":"62.0"},"home":"C:\\Users\\eliza\\.jdks\\openjdk-18.0.1.1","io":{"tmpdir":"C:\\Users\\eliza\\AppData\\Local\\Temp\\"},"library":{"path":"C:\\Users\\eliza\\.jdks\\openjdk-18.0.1.1\\bin;C:\\WINDOWS\\Sun\\Java\\bin;C:\\WINDOWS\\system32;C:\\WINDOWS;;;;C:\\Windows\\system32;C:\\Windows;C:\\Windows\\System32\\Wbem;C:\\Windows\\System32\\WindowsPowerShell\\v1.0\\;C:\\Windows\\System32\\OpenSSH\\;C:\\Program Files\\Microsoft SQL Server\\150\\Tools\\Binn\\;C:\\Program Files\\dotnet\\;C:\\Program Files\\Git\\cmd;C:\\Program Files\\Git\\mingw64\\bin;C:\\Program Files\\Git\\usr\\bin;P:\\Programs\\MySql\\bin;C:\\WINDOWS\\system32;C:\\WINDOWS;C:\\WINDOWS\\System32\\Wbem;C:\\WINDOWS\\System32\\WindowsPowerShell\\v1.0\\;C:\\WINDOWS\\System32\\OpenSSH\\;C:\\Program Files\\PowerShell\\7\\;C:\\Program Files\\Docker\\Docker\\resources\\bin;C:\\Users\\eliza\\AppData\\Local\\Programs\\Python\\Python38\\Scripts\\;C:\\Users\\eliza\\AppData\\Local\\Programs\\Python\\Python38\\;C:\\Users\\eliza\\AppData\\Local\\Microsoft\\WindowsApps;P:\\Programs\\JetBrains\\PyCharm 2022.1.3\\Program Files\\JetBrains\\PyCharm 2022.1.3\\bin;;P:\\Programs\\JetBrains\\IntelliJ IDEA 2023.1.2\\bin;;P:\\Programs\\JetBrains\\CLion 2022.2.4\\bin;;C:\\Users\\eliza\\.dotnet\\tools;C:\\texlive\\2022\\bin\\win32;P:\\Programs\\JetBrains\\Rider 2022.2.4\\bin;;C:\\ProgramData\\eliza\\GitHubDesktop\\bin;C:\\Users\\eliza\\AppData\\Local\\GitHubDesktop\\bin;P:\\Programs\\JetBrains\\DataGrip 2022.2.5\\bin;;;P:\\Programs\\JetBrains\\Gateway 2023.1\\JetBrains Gateway 2023.1\\bin;;."},"runtime":{"name":"OpenJDK Runtime Environment","version":"18.0.1.1+2-6"},"specification":{"name":"Java Platform API Specification","vendor":"Oracle Corporation","version":"18"},"vendor":{"url":{"bug":"https://bugreport.java.com/bugreport/"}},"version":"18.0.1.1","vm":{"compressedOopsMode":"32-bit","info":"mixed mode, sharing","name":"OpenJDK 64-Bit Server VM","specification":{"name":"Java Virtual Machine Specification","vendor":"Oracle Corporation","version":"18"},"vendor":"Oracle Corporation","version":"18.0.1.1+2-6"}},"jdk":{"debug":"release"},"kafka":{"consumer":{"auto":{"offset":{"reset":"earliest"}},"bootstrap":{"servers":"PLAINTEXT://localhost:61832"},"group":{"id":"test_group_consumer"},"topicIn":"test_topic_in"},"producer":{"bootstrap":{"servers":"PLAINTEXT://localhost:61832"},"topicOut":"test_topic_out"}},"line":{"separator":"\r\n"},"native":{"encoding":"Cp1251"},"org":{"gradle":{"internal":{"worker":{"tmpdir":"P:\\Projects\\JetBrains\\IntelliJIDEA\\RPKS_2\\git_Clone\\JavaServiceFiltering\\build\\tmp\\test\\work"}},"native":"false","test":{"worker":"38"}}},"os":{"arch":"amd64","name":"Windows 11","version":"10.0"},"path":{"separator":";"},"sun":{"arch":{"data":{"model":"64"}},"boot":{"library":{"path":"C:\\Users\\eliza\\.jdks\\openjdk-18.0.1.1\\bin"}},"cpu":{"endian":"little","isalist":"amd64"},"io":{"unicode":{"encoding":"UnicodeLittle"}},"java":{"command":"worker.org.gradle.process.internal.worker.GradleWorkerMain 'Gradle Test Executor 38'","launcher":"SUN_STANDARD"},"jnu":{"encoding":"Cp1251"},"management":{"compiler":"HotSpot 64-Bit Tiered Compilers"},"os":{"patch":{"level":""}}},"user":{"country":"RU","dir":"P:\\Projects\\JetBrains\\IntelliJIDEA\\RPKS_2\\git_Clone\\JavaServiceFiltering","home":"C:\\Users\\eliza","language":"ru","name":"eliza","script":"","timezone":"Europe/Moscow","variant":""}}))
19:31:56.518 [pool-21-thread-1] INFO  r.m.l.rpks.impl.ServiceFiltering - CONSUMER_SETTINGS_WAS_READ: ConsumerSettings(bootstrapServers=PLAINTEXT://localhost:61832, groupId=test_group_consumer, autoOffsetReset=earliest, topicIn=test_topic_in, updateIntervalSec=100)
19:31:56.519 [pool-21-thread-1] INFO  r.m.l.rpks.impl.ServiceFiltering - PRODUCER_SETTINGS_WAS_READ: ProducerSettings(bootstrapServers=PLAINTEXT://localhost:61832, topicOut=test_topic_out, updateIntervalSec=100)
19:31:56.519 [pool-21-thread-1] INFO  r.m.l.rpks.impl.ServiceFiltering - DB_SETTINGS_WAS_READ: DBSettings(jdbcUrl=jdbc:postgresql://localhost:61466/test_db?loggerLevel=OFF, user=user, password=password, driver=org.postgresql.Driver, tableName=filter_rules)
19:31:56.519 [pool-21-thread-1] INFO  r.mai.lessons.rpks.impl.ReaderFromDB - HIKARY_CREATE
19:31:56.552 [pool-22-thread-2] INFO  r.m.l.rpks.impl.ReaderFromKafka - CONSUMER_SETTINGS:ConsumerSettings(bootstrapServers=PLAINTEXT://localhost:61832, groupId=test_group_consumer, autoOffsetReset=earliest, topicIn=test_topic_in, updateIntervalSec=100)
19:31:56.552 [pool-22-thread-2] INFO  r.m.l.rpks.impl.ReaderFromKafka - KAFKA_CONSUMER_START_READING_FROM_TOPIC test_topic_in
19:31:56.557 [pool-22-thread-1] INFO  r.m.lessons.rpks.impl.WriterToKafka - START_WRITE_MESSAGE_IN_KAFKA_TOPIC test_topic_out
19:31:57.006 [pool-21-thread-1] INFO  r.mai.lessons.rpks.impl.ReaderFromDB - HIKARY_CREATE
19:31:57.006 [pool-21-thread-1] INFO  r.mai.lessons.rpks.impl.ReaderFromDB - CONTEXT_MADE
19:31:57.132 [pool-21-thread-1] INFO  r.mai.lessons.rpks.impl.ReaderFromDB - RULLES_CREATE:2
19:31:57.133 [pool-21-thread-1] INFO  r.mai.lessons.rpks.impl.ReaderFromDB - FIND_RULE:Rule(filterId=1, ruleId=1, fieldName=age, filterFunctionName=equals, filterValue=18)
19:31:57.133 [pool-21-thread-1] INFO  r.mai.lessons.rpks.impl.ReaderFromDB - FIND_RULE:Rule(filterId=1, ruleId=2, fieldName=name, filterFunctionName=contains, filterValue=alexander)
19:31:57.133 [pool-21-thread-1] INFO  r.mai.lessons.rpks.impl.ReaderFromDB - MAKE_RULES_FROM_DB
19:31:57.257 [pool-21-thread-1] INFO  r.m.l.rpks.impl.ServiceFiltering - ADD_RULE
19:31:57.581 [pool-21-thread-2] INFO  ru.mai.lessons.rpks.ServiceTest - Remaining attempts 10
19:31:58.069 [pool-22-thread-2] INFO  r.m.l.rpks.impl.ReaderFromKafka - MASSAGE_FROM_KAFKA_TOPIC test_topic_in : {"name":"alexander", "age":, "sex":"M"}
19:31:58.069 [pool-22-thread-2] INFO  r.m.l.rpks.impl.ReaderFromKafka - MASSAGE_FROM_KAFKA_TOPIC test_topic_in : {"name":"alexander", "age":, "sex":"M"}
19:31:58.069 [pool-22-thread-2] INFO  r.m.l.rpks.impl.ReaderFromKafka - MASSAGE_FROM_KAFKA_TOPIC test_topic_in : {"name":"alexander", "age":19, "sex":"M"}
19:31:58.069 [pool-22-thread-2] INFO  r.m.l.rpks.impl.ReaderFromKafka - MASSAGE_FROM_KAFKA_TOPIC test_topic_in : {"name":"alexander", "age":19, "sex":"M"}
19:31:58.069 [pool-22-thread-2] INFO  r.m.l.rpks.impl.ReaderFromKafka - MASSAGE_FROM_KAFKA_TOPIC test_topic_in : {"name":"ivanov", "age":18, "sex":"M"}
19:31:58.069 [pool-22-thread-2] INFO  r.m.l.rpks.impl.ReaderFromKafka - MASSAGE_FROM_KAFKA_TOPIC test_topic_in : {"name":"ivanov", "age":18, "sex":"M"}
19:31:58.069 [pool-22-thread-2] INFO  r.m.l.rpks.impl.ReaderFromKafka - MASSAGE_FROM_KAFKA_TOPIC test_topic_in : {"age":18, "sex":"M"}
19:31:58.069 [pool-22-thread-2] INFO  r.m.l.rpks.impl.ReaderFromKafka - MASSAGE_FROM_KAFKA_TOPIC test_topic_in : {"age":18, "sex":"M"}
19:31:58.069 [pool-22-thread-2] INFO  r.m.l.rpks.impl.ReaderFromKafka - MASSAGE_FROM_KAFKA_TOPIC test_topic_in : {"name":"", "age":"", "sex":"M"}
19:31:58.069 [pool-22-thread-2] INFO  r.m.l.rpks.impl.ReaderFromKafka - MASSAGE_FROM_KAFKA_TOPIC test_topic_in : {"name":"", "age":"", "sex":"M"}
19:31:58.069 [pool-22-thread-2] INFO  r.m.l.rpks.impl.ReaderFromKafka - MASSAGE_FROM_KAFKA_TOPIC test_topic_in : {"name":null, "age":18, "sex":"M"}
19:31:58.069 [pool-22-thread-2] INFO  r.m.l.rpks.impl.ReaderFromKafka - MASSAGE_FROM_KAFKA_TOPIC test_topic_in : {"name":null, "age":18, "sex":"M"}
19:31:58.069 [pool-22-thread-2] INFO  r.m.l.rpks.impl.ReaderFromKafka - MASSAGE_FROM_KAFKA_TOPIC test_topic_in : {"name":"alexander", "age":null, "sex":"M"}
19:31:58.069 [pool-22-thread-2] INFO  r.m.l.rpks.impl.ReaderFromKafka - MASSAGE_FROM_KAFKA_TOPIC test_topic_in : {"name":"alexander", "age":null, "sex":"M"}
19:31:58.069 [pool-22-thread-2] INFO  r.m.l.rpks.impl.ReaderFromKafka - MASSAGE_FROM_KAFKA_TOPIC test_topic_in : {"name":"pushkin", "age":18, "sex":"M"}
19:31:58.069 [pool-22-thread-2] INFO  r.m.l.rpks.impl.ReaderFromKafka - MASSAGE_FROM_KAFKA_TOPIC test_topic_in : {"name":"pushkin", "age":18, "sex":"M"}
19:31:58.069 [pool-22-thread-2] INFO  r.m.l.rpks.impl.ReaderFromKafka - MASSAGE_FROM_KAFKA_TOPIC test_topic_in : 
19:31:58.069 [pool-22-thread-2] INFO  r.m.l.rpks.impl.ReaderFromKafka - MASSAGE_FROM_KAFKA_TOPIC test_topic_in : 
19:31:58.069 [pool-22-thread-2] INFO  r.m.l.rpks.impl.ReaderFromKafka - MASSAGE_FROM_KAFKA_TOPIC test_topic_in : {"name":"alex_ivanov", "age":18, "sex":"M"}
19:31:58.069 [pool-22-thread-2] INFO  r.m.l.rpks.impl.ReaderFromKafka - MASSAGE_FROM_KAFKA_TOPIC test_topic_in : {"name":"alex_ivanov", "age":18, "sex":"M"}
19:31:58.069 [pool-22-thread-2] INFO  r.m.l.rpks.impl.ReaderFromKafka - MASSAGE_FROM_KAFKA_TOPIC test_topic_in : {"name":"alexander_pushkin", "age":18, "sex":"M"}
19:31:58.069 [pool-22-thread-2] INFO  r.m.l.rpks.impl.ReaderFromKafka - MASSAGE_FROM_KAFKA_TOPIC test_topic_in : {"name":"alexander_pushkin", "age":18, "sex":"M"}
19:31:58.071 [pool-22-thread-1] INFO  r.m.lessons.rpks.impl.WriterToKafka - KAFKA_PRODUCER_START_PROCESSING_MASSAGE: {"name":"alexander", "age":, "sex":"M"}
19:31:58.071 [pool-22-thread-1] INFO  r.m.lessons.rpks.impl.WriterToKafka - KAFKA_PRODUCER_END_PROCESSING_MASSAGE: {"name":"alexander", "age":, "sex":"M"}
19:31:58.071 [pool-22-thread-1] INFO  r.m.lessons.rpks.impl.WriterToKafka - KAFKA_PRODUCER_START_PROCESSING_MASSAGE: {"name":"alexander", "age":19, "sex":"M"}
19:31:58.071 [pool-22-thread-1] INFO  r.m.l.rpks.impl.ProcessorOfRule - jsonValueOfage: 19
19:31:58.071 [pool-22-thread-1] INFO  r.m.l.rpks.impl.ProcessorOfRule - EQUALS:
19:31:58.071 [pool-22-thread-1] INFO  r.m.lessons.rpks.impl.WriterToKafka - KAFKA_PRODUCER_END_PROCESSING_MASSAGE: {"name":"alexander", "age":19, "sex":"M"}
19:31:58.071 [pool-22-thread-1] INFO  r.m.lessons.rpks.impl.WriterToKafka - KAFKA_PRODUCER_START_PROCESSING_MASSAGE: {"name":"ivanov", "age":18, "sex":"M"}
19:31:58.071 [pool-22-thread-1] INFO  r.m.l.rpks.impl.ProcessorOfRule - jsonValueOfage: 18
19:31:58.071 [pool-22-thread-1] INFO  r.m.l.rpks.impl.ProcessorOfRule - EQUALS:
19:31:58.071 [pool-22-thread-1] INFO  r.m.l.rpks.impl.ProcessorOfRule - jsonValueOfname: ivanov
19:31:58.071 [pool-22-thread-1] INFO  r.m.l.rpks.impl.ProcessorOfRule - CONTAINS:
19:31:58.071 [pool-22-thread-1] INFO  r.m.lessons.rpks.impl.WriterToKafka - KAFKA_PRODUCER_END_PROCESSING_MASSAGE: {"name":"ivanov", "age":18, "sex":"M"}
19:31:58.071 [pool-22-thread-1] INFO  r.m.lessons.rpks.impl.WriterToKafka - KAFKA_PRODUCER_START_PROCESSING_MASSAGE: {"age":18, "sex":"M"}
19:31:58.071 [pool-22-thread-1] INFO  r.m.l.rpks.impl.ProcessorOfRule - jsonValueOfage: 18
19:31:58.071 [pool-22-thread-1] INFO  r.m.l.rpks.impl.ProcessorOfRule - EQUALS:
19:31:58.071 [pool-22-thread-1] INFO  r.m.lessons.rpks.impl.WriterToKafka - KAFKA_PRODUCER_END_PROCESSING_MASSAGE: {"age":18, "sex":"M"}
19:31:58.071 [pool-22-thread-1] INFO  r.m.lessons.rpks.impl.WriterToKafka - KAFKA_PRODUCER_START_PROCESSING_MASSAGE: {"name":"", "age":"", "sex":"M"}
19:31:58.071 [pool-22-thread-1] INFO  r.m.l.rpks.impl.ProcessorOfRule - jsonValueOfage: 
19:31:58.071 [pool-22-thread-1] INFO  r.m.l.rpks.impl.ProcessorOfRule - EQUALS:
19:31:58.071 [pool-22-thread-1] INFO  r.m.lessons.rpks.impl.WriterToKafka - KAFKA_PRODUCER_END_PROCESSING_MASSAGE: {"name":"", "age":"", "sex":"M"}
19:31:58.071 [pool-22-thread-1] INFO  r.m.lessons.rpks.impl.WriterToKafka - KAFKA_PRODUCER_START_PROCESSING_MASSAGE: {"name":null, "age":18, "sex":"M"}
19:31:58.071 [pool-22-thread-1] INFO  r.m.l.rpks.impl.ProcessorOfRule - jsonValueOfage: 18
19:31:58.071 [pool-22-thread-1] INFO  r.m.l.rpks.impl.ProcessorOfRule - EQUALS:
19:31:58.071 [pool-22-thread-1] INFO  r.m.lessons.rpks.impl.WriterToKafka - KAFKA_PRODUCER_END_PROCESSING_MASSAGE: {"name":null, "age":18, "sex":"M"}
19:31:58.071 [pool-22-thread-1] INFO  r.m.lessons.rpks.impl.WriterToKafka - KAFKA_PRODUCER_START_PROCESSING_MASSAGE: {"name":"alexander", "age":null, "sex":"M"}
19:31:58.071 [pool-22-thread-1] INFO  r.m.lessons.rpks.impl.WriterToKafka - KAFKA_PRODUCER_END_PROCESSING_MASSAGE: {"name":"alexander", "age":null, "sex":"M"}
19:31:58.071 [pool-22-thread-1] INFO  r.m.lessons.rpks.impl.WriterToKafka - KAFKA_PRODUCER_START_PROCESSING_MASSAGE: {"name":"pushkin", "age":18, "sex":"M"}
19:31:58.071 [pool-22-thread-1] INFO  r.m.l.rpks.impl.ProcessorOfRule - jsonValueOfage: 18
19:31:58.071 [pool-22-thread-1] INFO  r.m.l.rpks.impl.ProcessorOfRule - EQUALS:
19:31:58.071 [pool-22-thread-1] INFO  r.m.l.rpks.impl.ProcessorOfRule - jsonValueOfname: pushkin
19:31:58.071 [pool-22-thread-1] INFO  r.m.l.rpks.impl.ProcessorOfRule - CONTAINS:
19:31:58.071 [pool-22-thread-1] INFO  r.m.lessons.rpks.impl.WriterToKafka - KAFKA_PRODUCER_END_PROCESSING_MASSAGE: {"name":"pushkin", "age":18, "sex":"M"}
19:31:58.071 [pool-22-thread-1] INFO  r.m.lessons.rpks.impl.WriterToKafka - KAFKA_PRODUCER_START_PROCESSING_MASSAGE: 
19:31:58.071 [pool-22-thread-1] WARN  r.m.lessons.rpks.impl.WriterToKafka - NOT_CORRECT_MASSAGE:
19:31:58.071 [pool-22-thread-1] INFO  r.m.lessons.rpks.impl.WriterToKafka - KAFKA_PRODUCER_END_PROCESSING_MASSAGE: 
19:31:58.071 [pool-22-thread-1] INFO  r.m.lessons.rpks.impl.WriterToKafka - KAFKA_PRODUCER_START_PROCESSING_MASSAGE: {"name":"alex_ivanov", "age":18, "sex":"M"}
19:31:58.071 [pool-22-thread-1] INFO  r.m.l.rpks.impl.ProcessorOfRule - jsonValueOfage: 18
19:31:58.071 [pool-22-thread-1] INFO  r.m.l.rpks.impl.ProcessorOfRule - EQUALS:
19:31:58.071 [pool-22-thread-1] INFO  r.m.l.rpks.impl.ProcessorOfRule - jsonValueOfname: alex_ivanov
19:31:58.071 [pool-22-thread-1] INFO  r.m.l.rpks.impl.ProcessorOfRule - CONTAINS:
19:31:58.071 [pool-22-thread-1] INFO  r.m.lessons.rpks.impl.WriterToKafka - KAFKA_PRODUCER_END_PROCESSING_MASSAGE: {"name":"alex_ivanov", "age":18, "sex":"M"}
19:31:58.071 [pool-22-thread-1] INFO  r.m.lessons.rpks.impl.WriterToKafka - KAFKA_PRODUCER_START_PROCESSING_MASSAGE: {"name":"alexander_pushkin", "age":18, "sex":"M"}
19:31:58.071 [pool-22-thread-1] INFO  r.m.l.rpks.impl.ProcessorOfRule - jsonValueOfage: 18
19:31:58.071 [pool-22-thread-1] INFO  r.m.l.rpks.impl.ProcessorOfRule - EQUALS:
19:31:58.071 [pool-22-thread-1] INFO  r.m.l.rpks.impl.ProcessorOfRule - jsonValueOfname: alexander_pushkin
19:31:58.071 [pool-22-thread-1] INFO  r.m.l.rpks.impl.ProcessorOfRule - CONTAINS:
19:31:58.071 [pool-22-thread-1] INFO  r.m.lessons.rpks.impl.WriterToKafka - KAFKA_PRODUCER_END_PROCESSING_MASSAGE: {"name":"alexander_pushkin", "age":18, "sex":"M"}
19:31:58.244 [pool-22-thread-1] INFO  r.m.lessons.rpks.impl.WriterToKafka - KAFKA_PRODUCER_SEND_MASSAGE: {"name":"alexander_pushkin", "age":18, "sex":"M"}
19:31:58.706 [pool-21-thread-2] INFO  ru.mai.lessons.rpks.ServiceTest - Remaining attempts 9
19:31:59.834 [pool-21-thread-2] INFO  ru.mai.lessons.rpks.ServiceTest - Remaining attempts 8
19:32:00.962 [pool-21-thread-2] INFO  ru.mai.lessons.rpks.ServiceTest - Remaining attempts 7
19:32:02.075 [pool-21-thread-2] INFO  ru.mai.lessons.rpks.ServiceTest - Remaining attempts 6
19:32:03.204 [pool-21-thread-2] INFO  ru.mai.lessons.rpks.ServiceTest - Remaining attempts 5
19:32:04.340 [pool-21-thread-2] INFO  ru.mai.lessons.rpks.ServiceTest - Remaining attempts 4
19:32:05.356 [pool-21-thread-2] INFO  ru.mai.lessons.rpks.ServiceTest - Read messages 1
19:32:05.356 [pool-21-thread-1] WARN  r.m.l.rpks.impl.ServiceFiltering - CANT_SLEEP:sleep interrupted
19:32:05.356 [pool-21-thread-1] INFO  r.mai.lessons.rpks.impl.ReaderFromDB - HIKARY_CREATE
19:32:05.846 [pool-21-thread-1] INFO  r.mai.lessons.rpks.impl.ReaderFromDB - HIKARY_CREATE
19:32:05.846 [pool-21-thread-1] INFO  r.mai.lessons.rpks.impl.ReaderFromDB - CONTEXT_MADE
19:32:05.968 [pool-21-thread-1] INFO  r.mai.lessons.rpks.impl.ReaderFromDB - RULLES_CREATE:0
19:32:05.968 [pool-21-thread-1] INFO  r.mai.lessons.rpks.impl.ReaderFromDB - MAKE_RULES_FROM_DB
19:32:05.968 [pool-21-thread-1] INFO  r.m.l.rpks.impl.ServiceFiltering - ADD_RULE
19:32:05.969 [pool-21-thread-1] WARN  r.m.l.rpks.impl.ServiceFiltering - CANT_SLEEP:sleep interrupted
19:32:05.969 [pool-21-thread-1] INFO  r.mai.lessons.rpks.impl.ReaderFromDB - HIKARY_CREATE
19:32:06.415 [pool-21-thread-1] INFO  r.mai.lessons.rpks.impl.ReaderFromDB - HIKARY_CREATE
19:32:06.415 [pool-21-thread-1] INFO  r.mai.lessons.rpks.impl.ReaderFromDB - CONTEXT_MADE
19:32:06.484 [pool-21-thread-1] INFO  r.mai.lessons.rpks.impl.ReaderFromDB - RULLES_CREATE:0
19:32:06.484 [pool-21-thread-1] INFO  r.mai.lessons.rpks.impl.ReaderFromDB - MAKE_RULES_FROM_DB
19:32:06.484 [pool-21-thread-1] INFO  r.m.l.rpks.impl.ServiceFiltering - ADD_RULE
19:32:06.485 [pool-21-thread-1] WARN  r.m.l.rpks.impl.ServiceFiltering - CANT_SLEEP:sleep interrupted
19:32:06.485 [pool-21-thread-1] INFO  r.mai.lessons.rpks.impl.ReaderFromDB - HIKARY_CREATE
19:32:06.894 [pool-21-thread-1] INFO  r.mai.lessons.rpks.impl.ReaderFromDB - HIKARY_CREATE
19:32:06.895 [pool-21-thread-1] INFO  r.mai.lessons.rpks.impl.ReaderFromDB - CONTEXT_MADE
19:32:07.019 [pool-21-thread-1] INFO  r.mai.lessons.rpks.impl.ReaderFromDB - RULLES_CREATE:0
19:32:07.020 [pool-21-thread-1] INFO  r.mai.lessons.rpks.impl.ReaderFromDB - MAKE_RULES_FROM_DB
19:32:07.020 [pool-21-thread-1] INFO  r.m.l.rpks.impl.ServiceFiltering - ADD_RULE
19:32:07.020 [pool-21-thread-1] WARN  r.m.l.rpks.impl.ServiceFiltering - CANT_SLEEP:sleep interrupted
19:32:07.020 [pool-21-thread-1] INFO  r.mai.lessons.rpks.impl.ReaderFromDB - HIKARY_CREATE
19:32:07.510 [pool-21-thread-1] INFO  r.mai.lessons.rpks.impl.ReaderFromDB - HIKARY_CREATE
19:32:07.511 [pool-21-thread-1] INFO  r.mai.lessons.rpks.impl.ReaderFromDB - CONTEXT_MADE
19:32:07.633 [pool-21-thread-1] INFO  r.mai.lessons.rpks.impl.ReaderFromDB - RULLES_CREATE:0
19:32:07.633 [pool-21-thread-1] INFO  r.mai.lessons.rpks.impl.ReaderFromDB - MAKE_RULES_FROM_DB
19:32:07.633 [pool-21-thread-1] INFO  r.m.l.rpks.impl.ServiceFiltering - ADD_RULE
19:32:07.633 [pool-21-thread-1] WARN  r.m.l.rpks.impl.ServiceFiltering - CANT_SLEEP:sleep interrupted
19:32:07.633 [pool-21-thread-1] INFO  r.mai.lessons.rpks.impl.ReaderFromDB - HIKARY_CREATE
19:32:08.135 [pool-21-thread-1] INFO  r.mai.lessons.rpks.impl.ReaderFromDB - HIKARY_CREATE
19:32:08.135 [pool-21-thread-1] INFO  r.mai.lessons.rpks.impl.ReaderFromDB - CONTEXT_MADE
19:32:08.275 [pool-21-thread-1] INFO  r.mai.lessons.rpks.impl.ReaderFromDB - RULLES_CREATE:0
19:32:08.275 [pool-21-thread-1] INFO  r.mai.lessons.rpks.impl.ReaderFromDB - MAKE_RULES_FROM_DB
19:32:08.275 [pool-21-thread-1] INFO  r.m.l.rpks.impl.ServiceFiltering - ADD_RULE
19:32:08.275 [pool-21-thread-1] WARN  r.m.l.rpks.impl.ServiceFiltering - CANT_SLEEP:sleep interrupted
19:32:08.275 [pool-21-thread-1] INFO  r.mai.lessons.rpks.impl.ReaderFromDB - HIKARY_CREATE
19:32:08.759 [pool-21-thread-1] INFO  r.mai.lessons.rpks.impl.ReaderFromDB - HIKARY_CREATE
19:32:08.759 [pool-21-thread-1] INFO  r.mai.lessons.rpks.impl.ReaderFromDB - CONTEXT_MADE
19:32:08.856 [pool-21-thread-1] INFO  r.mai.lessons.rpks.impl.ReaderFromDB - RULLES_CREATE:0
19:32:08.856 [pool-21-thread-1] INFO  r.mai.lessons.rpks.impl.ReaderFromDB - MAKE_RULES_FROM_DB
19:32:08.856 [pool-21-thread-1] INFO  r.m.l.rpks.impl.ServiceFiltering - ADD_RULE
19:32:08.856 [pool-21-thread-1] WARN  r.m.l.rpks.impl.ServiceFiltering - CANT_SLEEP:sleep interrupted
19:32:08.856 [pool-21-thread-1] INFO  r.mai.lessons.rpks.impl.ReaderFromDB - HIKARY_CREATE
19:32:08.981 [pool-21-thread-1] ERROR com.zaxxer.hikari.pool.HikariPool - HikariPool-145 - Exception during pool initialization.
org.postgresql.util.PSQLException: Ошибка при попытке подсоединения.
	at org.postgresql.core.v3.ConnectionFactoryImpl.openConnectionImpl(ConnectionFactoryImpl.java:354)
	at org.postgresql.core.ConnectionFactory.openConnection(ConnectionFactory.java:54)
	at org.postgresql.jdbc.PgConnection.<init>(PgConnection.java:253)
	at org.postgresql.Driver.makeConnection(Driver.java:434)
	at org.postgresql.Driver.connect(Driver.java:291)
	at com.zaxxer.hikari.util.DriverDataSource.getConnection(DriverDataSource.java:138)
	at com.zaxxer.hikari.pool.PoolBase.newConnection(PoolBase.java:359)
	at com.zaxxer.hikari.pool.PoolBase.newPoolEntry(PoolBase.java:201)
	at com.zaxxer.hikari.pool.HikariPool.createPoolEntry(HikariPool.java:470)
	at com.zaxxer.hikari.pool.HikariPool.checkFailFast(HikariPool.java:561)
	at com.zaxxer.hikari.pool.HikariPool.<init>(HikariPool.java:100)
	at com.zaxxer.hikari.HikariDataSource.<init>(HikariDataSource.java:81)
	at ru.mai.lessons.rpks.impl.ReaderFromDB.readRulesFromDB(ReaderFromDB.java:29)
	at ru.mai.lessons.rpks.impl.ServiceFiltering.start(ServiceFiltering.java:43)
	at ru.mai.lessons.rpks.ServiceTest.lambda$testStartService$49(ServiceTest.java:1335)
	at java.base/java.util.concurrent.FutureTask.run(FutureTask.java:264)
	at java.base/java.util.concurrent.ThreadPoolExecutor.runWorker(ThreadPoolExecutor.java:1136)
	at java.base/java.util.concurrent.ThreadPoolExecutor$Worker.run(ThreadPoolExecutor.java:635)
	at java.base/java.lang.Thread.run(Thread.java:833)
Caused by: java.io.EOFException: null
	at org.postgresql.core.PGStream.receiveChar(PGStream.java:467)
	at org.postgresql.core.v3.ConnectionFactoryImpl.doAuthentication(ConnectionFactoryImpl.java:678)
	at org.postgresql.core.v3.ConnectionFactoryImpl.tryConnect(ConnectionFactoryImpl.java:203)
	at org.postgresql.core.v3.ConnectionFactoryImpl.openConnectionImpl(ConnectionFactoryImpl.java:258)
	... 18 common frames omitted
19:33:14.111 [Test worker] INFO  ru.mai.lessons.rpks.ServiceTest - Topics: [(name=test_topic_in, numPartitions=3, replicationFactor=1, replicasAssignments=null, configs=null), (name=test_topic_out, numPartitions=3, replicationFactor=1, replicasAssignments=null, configs=null)], replica factor 1, partitions 3
19:33:14.589 [Test worker] INFO  ru.mai.lessons.rpks.ServiceTest - Topic not exist. Create topics [(name=test_topic_in, numPartitions=3, replicationFactor=1, replicasAssignments=null, configs=null), (name=test_topic_out, numPartitions=3, replicationFactor=1, replicasAssignments=null, configs=null)]
19:33:17.706 [Test worker] INFO  ru.mai.lessons.rpks.ServiceTest - Create filtering rule 1
19:33:18.151 [Test worker] INFO  ru.mai.lessons.rpks.ServiceTest - Check rule from DB
19:33:18.290 [pool-23-thread-1] INFO  r.m.l.rpks.impl.ServiceFiltering - CONFIG:Config(SimpleConfigObject({"application":{"updateIntervalSec":10},"com":{"zaxxer":{"hikari":{"pool_number":"1"}}},"db":{"driver":"org.postgresql.Driver","jdbcUrl":"jdbc:postgresql://localhost:62860/test_db?loggerLevel=OFF","password":"password","user":"user"},"file":{"encoding":"windows-1251","separator":"\\"},"java":{"class":{"path":"C:\\\\Users\\\\eliza\\\\.gradle\\\\caches\\\\7.5.1\\\\workerMain\\\\gradle-worker.jar;P:\\\\Projects\\\\JetBrains\\\\IntelliJIDEA\\\\RPKS_2\\\\git_Clone\\\\JavaServiceFiltering\\\\build\\\\classes\\\\java\\\\test;P:\\\\Projects\\\\JetBrains\\\\IntelliJIDEA\\\\RPKS_2\\\\git_Clone\\\\JavaServiceFiltering\\\\build\\\\resources\\\\test;P:\\\\Projects\\\\JetBrains\\\\IntelliJIDEA\\\\RPKS_2\\\\git_Clone\\\\JavaServiceFiltering\\\\build\\\\classes\\\\java\\\\main;P:\\\\Projects\\\\JetBrains\\\\IntelliJIDEA\\\\RPKS_2\\\\git_Clone\\\\JavaServiceFiltering\\\\build\\\\resources\\\\main;C:\\\\Users\\\\eliza\\\\.gradle\\\\caches\\\\modules-2\\\\files-2.1\\\\org.apache.kafka\\\\kafka-clients\\\\3.4.0\\\\69aebfca9da335f6617f9e5e7a4b45f16e8c86b5\\\\kafka-clients-3.4.0.jar;C:\\\\Users\\\\eliza\\\\.gradle\\\\caches\\\\modules-2\\\\files-2.1\\\\ch.qos.logback\\\\logback-classic\\\\1.4.5\\\\28e7dc0b208d6c3f15beefd73976e064b4ecfa9b\\\\logback-classic-1.4.5.jar;C:\\\\Users\\\\eliza\\\\.gradle\\\\caches\\\\modules-2\\\\files-2.1\\\\com.typesafe\\\\config\\\\1.4.2\\\\4c40a633e7994cfb0354244efb6d03fcb11c3ecf\\\\config-1.4.2.jar;C:\\\\Users\\\\eliza\\\\.gradle\\\\caches\\\\modules-2\\\\files-2.1\\\\org.postgresql\\\\postgresql\\\\42.5.4\\\\15015a54f15e340a9a8a6a2c5457429cb1176b8\\\\postgresql-42.5.4.jar;C:\\\\Users\\\\eliza\\\\.gradle\\\\caches\\\\modules-2\\\\files-2.1\\\\com.zaxxer\\\\HikariCP\\\\5.0.1\\\\a74c7f0a37046846e88d54f7cb6ea6d565c65f9c\\\\HikariCP-5.0.1.jar;C:\\\\Users\\\\eliza\\\\.gradle\\\\caches\\\\modules-2\\\\files-2.1\\\\org.jooq\\\\jooq\\\\3.17.8\\\\6add040365183a3c0a043e11c6069a46b992df39\\\\jooq-3.17.8.jar;C:\\\\Users\\\\eliza\\\\.gradle\\\\caches\\\\modules-2\\\\files-2.1\\\\org.testcontainers\\\\junit-jupiter\\\\1.17.6\\\\94e9894bc665909e208959390ea6540309ce231e\\\\junit-jupiter-1.17.6.jar;C:\\\\Users\\\\eliza\\\\.gradle\\\\caches\\\\modules-2\\\\files-2.1\\\\org.testcontainers\\\\kafka\\\\1.17.6\\\\1975b93708e99340690690177a9c7bbf5aabc823\\\\kafka-1.17.6.jar;C:\\\\Users\\\\eliza\\\\.gradle\\\\caches\\\\modules-2\\\\files-2.1\\\\org.testcontainers\\\\postgresql\\\\1.17.6\\\\cd8aba02d8d46159ab85535d34a1e4217322f9a5\\\\postgresql-1.17.6.jar;C:\\\\Users\\\\eliza\\\\.gradle\\\\caches\\\\modules-2\\\\files-2.1\\\\org.testcontainers\\\\jdbc\\\\1.17.6\\\\1510482e46f5f70909693fc695a2369751510785\\\\jdbc-1.17.6.jar;C:\\\\Users\\\\eliza\\\\.gradle\\\\caches\\\\modules-2\\\\files-2.1\\\\org.testcontainers\\\\database-commons\\\\1.17.6\\\\8a4cd2cda51c2cc3092b1c22f4ee8148be4db410\\\\database-commons-1.17.6.jar;C:\\\\Users\\\\eliza\\\\.gradle\\\\caches\\\\modules-2\\\\files-2.1\\\\org.testcontainers\\\\testcontainers\\\\1.17.6\\\\11b28972d2d8bddd5a7d3b6e21016fbe13bc8e8b\\\\testcontainers-1.17.6.jar;C:\\\\Users\\\\eliza\\\\.gradle\\\\caches\\\\modules-2\\\\files-2.1\\\\com.github.docker-java\\\\docker-java-api\\\\3.2.13\\\\5817ef8f770cb7e740d590090bf352df9491f3c1\\\\docker-java-api-3.2.13.jar;C:\\\\Users\\\\eliza\\\\.gradle\\\\caches\\\\modules-2\\\\files-2.1\\\\com.fasterxml.jackson.core\\\\jackson-annotations\\\\2.14.2\\\\a7aae9525864930723e3453ab799521fdfd9d873\\\\jackson-annotations-2.14.2.jar;C:\\\\Users\\\\eliza\\\\.gradle\\\\caches\\\\modules-2\\\\files-2.1\\\\com.fasterxml.jackson.core\\\\jackson-core\\\\2.14.2\\\\f804090e6399ce0cf78242db086017512dd71fcc\\\\jackson-core-2.14.2.jar;C:\\\\Users\\\\eliza\\\\.gradle\\\\caches\\\\modules-2\\\\files-2.1\\\\org.junit.jupiter\\\\junit-jupiter-engine\\\\5.9.1\\\\1bf771097bde296c3ab174861954e8aafaaf2e94\\\\junit-jupiter-engine-5.9.1.jar;C:\\\\Users\\\\eliza\\\\.gradle\\\\caches\\\\modules-2\\\\files-2.1\\\\org.junit.platform\\\\junit-platform-engine\\\\1.9.1\\\\83591e5089d6cea5f324aa3ecca9b19d5a275803\\\\junit-platform-engine-1.9.1.jar;C:\\\\Users\\\\eliza\\\\.gradle\\\\caches\\\\modules-2\\\\files-2.1\\\\org.junit.platform\\\\junit-platform-commons\\\\1.9.1\\\\3145f821b5cd10abcdc5f925baa5fffa6f1b628f\\\\junit-platform-commons-1.9.1.jar;C:\\\\Users\\\\eliza\\\\.gradle\\\\caches\\\\modules-2\\\\files-2.1\\\\org.junit.jupiter\\\\junit-jupiter-api\\\\5.9.1\\\\7bb53fbc0173e9f6a9d21d58297af94b1f2f9ce1\\\\junit-jupiter-api-5.9.1.jar;C:\\\\Users\\\\eliza\\\\.gradle\\\\caches\\\\modules-2\\\\files-2.1\\\\com.github.luben\\\\zstd-jni\\\\1.5.2-1\\\\fad786abc1d1b81570e8d9a2fc8a1ef479bc27b6\\\\zstd-jni-1.5.2-1.jar;C:\\\\Users\\\\eliza\\\\.gradle\\\\caches\\\\modules-2\\\\files-2.1\\\\org.lz4\\\\lz4-java\\\\1.8.0\\\\4b986a99445e49ea5fbf5d149c4b63f6ed6c6780\\\\lz4-java-1.8.0.jar;C:\\\\Users\\\\eliza\\\\.gradle\\\\caches\\\\modules-2\\\\files-2.1\\\\org.xerial.snappy\\\\snappy-java\\\\1.1.8.4\\\\66f0d56454509f6e36175f2331572e250e04a6cc\\\\snappy-java-1.1.8.4.jar;C:\\\\Users\\\\eliza\\\\.gradle\\\\caches\\\\modules-2\\\\files-2.1\\\\com.github.docker-java\\\\docker-java-transport-zerodep\\\\3.2.13\\\\4cbc2c09d6c264767a39624066987ed4a152bc68\\\\docker-java-transport-zerodep-3.2.13.jar;C:\\\\Users\\\\eliza\\\\.gradle\\\\caches\\\\modules-2\\\\files-2.1\\\\org.slf4j\\\\slf4j-api\\\\2.0.4\\\\30d5eb5360bd113ce96f9e49e3431993bbf1b247\\\\slf4j-api-2.0.4.jar;C:\\\\Users\\\\eliza\\\\.gradle\\\\caches\\\\modules-2\\\\files-2.1\\\\ch.qos.logback\\\\logback-core\\\\1.4.5\\\\e9bb2ea70f84401314da4300343b0a246c8954da\\\\logback-core-1.4.5.jar;C:\\\\Users\\\\eliza\\\\.gradle\\\\caches\\\\modules-2\\\\files-2.1\\\\org.checkerframework\\\\checker-qual\\\\3.5.0\\\\2f50520c8abea66fbd8d26e481d3aef5c673b510\\\\checker-qual-3.5.0.jar;C:\\\\Users\\\\eliza\\\\.gradle\\\\caches\\\\modules-2\\\\files-2.1\\\\io.r2dbc\\\\r2dbc-spi\\\\0.9.1.RELEASE\\\\689338f54890e6981d9d98d059c1a94007a0b809\\\\r2dbc-spi-0.9.1.RELEASE.jar;C:\\\\Users\\\\eliza\\\\.gradle\\\\caches\\\\modules-2\\\\files-2.1\\\\jakarta.xml.bind\\\\jakarta.xml.bind-api\\\\3.0.0\\\\9275db6e21287df61690989254a0b46d8d31e99a\\\\jakarta.xml.bind-api-3.0.0.jar;C:\\\\Users\\\\eliza\\\\.gradle\\\\caches\\\\modules-2\\\\files-2.1\\\\junit\\\\junit\\\\4.13.2\\\\8ac9e16d933b6fb43bc7f576336b8f4d7eb5ba12\\\\junit-4.13.2.jar;C:\\\\Users\\\\eliza\\\\.gradle\\\\caches\\\\modules-2\\\\files-2.1\\\\org.apache.commons\\\\commons-compress\\\\1.22\\\\691a8b4e6cf4248c3bc72c8b719337d5cb7359fa\\\\commons-compress-1.22.jar;C:\\\\Users\\\\eliza\\\\.gradle\\\\caches\\\\modules-2\\\\files-2.1\\\\org.rnorth.duct-tape\\\\duct-tape\\\\1.0.8\\\\92edc22a9ab2f3e17c9bf700aaee377d50e8b530\\\\duct-tape-1.0.8.jar;C:\\\\Users\\\\eliza\\\\.gradle\\\\caches\\\\modules-2\\\\files-2.1\\\\org.reactivestreams\\\\reactive-streams\\\\1.0.3\\\\d9fb7a7926ffa635b3dcaa5049fb2bfa25b3e7d0\\\\reactive-streams-1.0.3.jar;C:\\\\Users\\\\eliza\\\\.gradle\\\\caches\\\\modules-2\\\\files-2.1\\\\com.sun.activation\\\\jakarta.activation\\\\2.0.0\\\\f4e7519148dee347c7666f336210deedb8aca09d\\\\jakarta.activation-2.0.0.jar;C:\\\\Users\\\\eliza\\\\.gradle\\\\caches\\\\modules-2\\\\files-2.1\\\\org.hamcrest\\\\hamcrest-core\\\\1.3\\\\42a25dc3219429f0e5d060061f71acb49bf010a0\\\\hamcrest-core-1.3.jar;C:\\\\Users\\\\eliza\\\\.gradle\\\\caches\\\\modules-2\\\\files-2.1\\\\org.jetbrains\\\\annotations\\\\17.0.0\\\\8ceead41f4e71821919dbdb7a9847608f1a938cb\\\\annotations-17.0.0.jar;C:\\\\Users\\\\eliza\\\\.gradle\\\\caches\\\\modules-2\\\\files-2.1\\\\com.github.docker-java\\\\docker-java-transport\\\\3.2.13\\\\e9d308d1822181a9d48c99739f5eca014ec89199\\\\docker-java-transport-3.2.13.jar;C:\\\\Users\\\\eliza\\\\.gradle\\\\caches\\\\modules-2\\\\files-2.1\\\\net.java.dev.jna\\\\jna\\\\5.8.0\\\\3551d8d827e54858214107541d3aff9c615cb615\\\\jna-5.8.0.jar;C:\\\\Users\\\\eliza\\\\.gradle\\\\caches\\\\modules-2\\\\files-2.1\\\\org.opentest4j\\\\opentest4j\\\\1.2.0\\\\28c11eb91f9b6d8e200631d46e20a7f407f2a046\\\\opentest4j-1.2.0.jar","version":"62.0"},"home":"C:\\Users\\eliza\\.jdks\\openjdk-18.0.1.1","io":{"tmpdir":"C:\\Users\\eliza\\AppData\\Local\\Temp\\"},"library":{"path":"C:\\Users\\eliza\\.jdks\\openjdk-18.0.1.1\\bin;C:\\WINDOWS\\Sun\\Java\\bin;C:\\WINDOWS\\system32;C:\\WINDOWS;;;;C:\\Windows\\system32;C:\\Windows;C:\\Windows\\System32\\Wbem;C:\\Windows\\System32\\WindowsPowerShell\\v1.0\\;C:\\Windows\\System32\\OpenSSH\\;C:\\Program Files\\Microsoft SQL Server\\150\\Tools\\Binn\\;C:\\Program Files\\dotnet\\;C:\\Program Files\\Git\\cmd;C:\\Program Files\\Git\\mingw64\\bin;C:\\Program Files\\Git\\usr\\bin;P:\\Programs\\MySql\\bin;C:\\WINDOWS\\system32;C:\\WINDOWS;C:\\WINDOWS\\System32\\Wbem;C:\\WINDOWS\\System32\\WindowsPowerShell\\v1.0\\;C:\\WINDOWS\\System32\\OpenSSH\\;C:\\Program Files\\PowerShell\\7\\;C:\\Program Files\\Docker\\Docker\\resources\\bin;C:\\Users\\eliza\\AppData\\Local\\Programs\\Python\\Python38\\Scripts\\;C:\\Users\\eliza\\AppData\\Local\\Programs\\Python\\Python38\\;C:\\Users\\eliza\\AppData\\Local\\Microsoft\\WindowsApps;P:\\Programs\\JetBrains\\PyCharm 2022.1.3\\Program Files\\JetBrains\\PyCharm 2022.1.3\\bin;;P:\\Programs\\JetBrains\\IntelliJ IDEA 2023.1.2\\bin;;P:\\Programs\\JetBrains\\CLion 2022.2.4\\bin;;C:\\Users\\eliza\\.dotnet\\tools;C:\\texlive\\2022\\bin\\win32;P:\\Programs\\JetBrains\\Rider 2022.2.4\\bin;;C:\\ProgramData\\eliza\\GitHubDesktop\\bin;C:\\Users\\eliza\\AppData\\Local\\GitHubDesktop\\bin;P:\\Programs\\JetBrains\\DataGrip 2022.2.5\\bin;;;P:\\Programs\\JetBrains\\Gateway 2023.1\\JetBrains Gateway 2023.1\\bin;;."},"runtime":{"name":"OpenJDK Runtime Environment","version":"18.0.1.1+2-6"},"specification":{"name":"Java Platform API Specification","vendor":"Oracle Corporation","version":"18"},"vendor":{"url":{"bug":"https://bugreport.java.com/bugreport/"}},"version":"18.0.1.1","vm":{"compressedOopsMode":"32-bit","info":"mixed mode, sharing","name":"OpenJDK 64-Bit Server VM","specification":{"name":"Java Virtual Machine Specification","vendor":"Oracle Corporation","version":"18"},"vendor":"Oracle Corporation","version":"18.0.1.1+2-6"}},"jdk":{"debug":"release"},"kafka":{"consumer":{"auto":{"offset":{"reset":"earliest"}},"bootstrap":{"servers":"PLAINTEXT://localhost:63412"},"group":{"id":"test_group_consumer"},"topicIn":"test_topic_in"},"producer":{"bootstrap":{"servers":"PLAINTEXT://localhost:63412"},"topicOut":"test_topic_out"}},"line":{"separator":"\r\n"},"native":{"encoding":"Cp1251"},"org":{"gradle":{"internal":{"worker":{"tmpdir":"P:\\Projects\\JetBrains\\IntelliJIDEA\\RPKS_2\\git_Clone\\JavaServiceFiltering\\build\\tmp\\test\\work"}},"native":"false","test":{"worker":"38"}}},"os":{"arch":"amd64","name":"Windows 11","version":"10.0"},"path":{"separator":";"},"sun":{"arch":{"data":{"model":"64"}},"boot":{"library":{"path":"C:\\Users\\eliza\\.jdks\\openjdk-18.0.1.1\\bin"}},"cpu":{"endian":"little","isalist":"amd64"},"io":{"unicode":{"encoding":"UnicodeLittle"}},"java":{"command":"worker.org.gradle.process.internal.worker.GradleWorkerMain 'Gradle Test Executor 38'","launcher":"SUN_STANDARD"},"jnu":{"encoding":"Cp1251"},"management":{"compiler":"HotSpot 64-Bit Tiered Compilers"},"os":{"patch":{"level":""}}},"user":{"country":"RU","dir":"P:\\Projects\\JetBrains\\IntelliJIDEA\\RPKS_2\\git_Clone\\JavaServiceFiltering","home":"C:\\Users\\eliza","language":"ru","name":"eliza","script":"","timezone":"Europe/Moscow","variant":""}}))
19:33:18.290 [pool-23-thread-1] INFO  r.m.l.rpks.impl.ServiceFiltering - CONSUMER_SETTINGS_WAS_READ: ConsumerSettings(bootstrapServers=PLAINTEXT://localhost:63412, groupId=test_group_consumer, autoOffsetReset=earliest, topicIn=test_topic_in, updateIntervalSec=100)
19:33:18.290 [pool-23-thread-1] INFO  r.m.l.rpks.impl.ServiceFiltering - PRODUCER_SETTINGS_WAS_READ: ProducerSettings(bootstrapServers=PLAINTEXT://localhost:63412, topicOut=test_topic_out, updateIntervalSec=100)
19:33:18.290 [pool-23-thread-1] INFO  r.m.l.rpks.impl.ServiceFiltering - DB_SETTINGS_WAS_READ: DBSettings(jdbcUrl=jdbc:postgresql://localhost:62860/test_db?loggerLevel=OFF, user=user, password=password, driver=org.postgresql.Driver, tableName=filter_rules)
19:33:18.290 [pool-23-thread-1] INFO  r.mai.lessons.rpks.impl.ReaderFromDB - HIKARY_CREATE
19:33:18.372 [pool-24-thread-1] INFO  r.m.lessons.rpks.impl.WriterToKafka - START_WRITE_MESSAGE_IN_KAFKA_TOPIC test_topic_out
19:33:18.387 [pool-24-thread-2] INFO  r.m.l.rpks.impl.ReaderFromKafka - CONSUMER_SETTINGS:ConsumerSettings(bootstrapServers=PLAINTEXT://localhost:63412, groupId=test_group_consumer, autoOffsetReset=earliest, topicIn=test_topic_in, updateIntervalSec=100)
19:33:18.388 [pool-24-thread-2] INFO  r.m.l.rpks.impl.ReaderFromKafka - KAFKA_CONSUMER_START_READING_FROM_TOPIC test_topic_in
19:33:19.014 [pool-23-thread-1] INFO  r.mai.lessons.rpks.impl.ReaderFromDB - HIKARY_CREATE
19:33:19.014 [pool-23-thread-1] INFO  r.mai.lessons.rpks.impl.ReaderFromDB - CONTEXT_MADE
19:33:19.108 [pool-23-thread-1] INFO  r.mai.lessons.rpks.impl.ReaderFromDB - RULLES_CREATE:1
19:33:19.109 [pool-23-thread-1] INFO  r.mai.lessons.rpks.impl.ReaderFromDB - FIND_RULE:Rule(filterId=1, ruleId=1, fieldName=name, filterFunctionName=equals, filterValue=alex)
19:33:19.109 [pool-23-thread-1] INFO  r.mai.lessons.rpks.impl.ReaderFromDB - MAKE_RULES_FROM_DB
19:33:19.180 [pool-23-thread-1] INFO  r.m.l.rpks.impl.ServiceFiltering - ADD_RULE
19:33:19.388 [pool-23-thread-2] INFO  ru.mai.lessons.rpks.ServiceTest - Remaining attempts 10
19:33:20.087 [pool-24-thread-2] INFO  r.m.l.rpks.impl.ReaderFromKafka - MASSAGE_FROM_KAFKA_TOPIC test_topic_in : {"age":18, "sex":"M"}
19:33:20.087 [pool-24-thread-2] INFO  r.m.l.rpks.impl.ReaderFromKafka - MASSAGE_FROM_KAFKA_TOPIC test_topic_in : {"age":18, "sex":"M"}
19:33:20.087 [pool-24-thread-2] INFO  r.m.l.rpks.impl.ReaderFromKafka - MASSAGE_FROM_KAFKA_TOPIC test_topic_in : {"name":"", "age":18, "sex":"M"}
19:33:20.087 [pool-24-thread-2] INFO  r.m.l.rpks.impl.ReaderFromKafka - MASSAGE_FROM_KAFKA_TOPIC test_topic_in : {"name":"", "age":18, "sex":"M"}
19:33:20.087 [pool-24-thread-2] INFO  r.m.l.rpks.impl.ReaderFromKafka - MASSAGE_FROM_KAFKA_TOPIC test_topic_in : {"name":null, "age":18, "sex":"M"}
19:33:20.087 [pool-24-thread-2] INFO  r.m.l.rpks.impl.ReaderFromKafka - MASSAGE_FROM_KAFKA_TOPIC test_topic_in : {"name":null, "age":18, "sex":"M"}
19:33:20.087 [pool-24-thread-2] INFO  r.m.l.rpks.impl.ReaderFromKafka - MASSAGE_FROM_KAFKA_TOPIC test_topic_in : 
19:33:20.087 [pool-24-thread-2] INFO  r.m.l.rpks.impl.ReaderFromKafka - MASSAGE_FROM_KAFKA_TOPIC test_topic_in : 
19:33:20.087 [pool-24-thread-2] INFO  r.m.l.rpks.impl.ReaderFromKafka - MASSAGE_FROM_KAFKA_TOPIC test_topic_in : {"name":"no_alex", "age":18, "sex":"M"}
19:33:20.087 [pool-24-thread-2] INFO  r.m.l.rpks.impl.ReaderFromKafka - MASSAGE_FROM_KAFKA_TOPIC test_topic_in : {"name":"no_alex", "age":18, "sex":"M"}
19:33:20.087 [pool-24-thread-2] INFO  r.m.l.rpks.impl.ReaderFromKafka - MASSAGE_FROM_KAFKA_TOPIC test_topic_in : {"name":"alex", "age":18, "sex":"M"}
19:33:20.087 [pool-24-thread-2] INFO  r.m.l.rpks.impl.ReaderFromKafka - MASSAGE_FROM_KAFKA_TOPIC test_topic_in : {"name":"alex", "age":18, "sex":"M"}
19:33:20.088 [pool-24-thread-1] INFO  r.m.lessons.rpks.impl.WriterToKafka - KAFKA_PRODUCER_START_PROCESSING_MASSAGE: {"age":18, "sex":"M"}
19:33:20.088 [pool-24-thread-1] INFO  r.m.lessons.rpks.impl.WriterToKafka - KAFKA_PRODUCER_END_PROCESSING_MASSAGE: {"age":18, "sex":"M"}
19:33:20.088 [pool-24-thread-1] INFO  r.m.lessons.rpks.impl.WriterToKafka - KAFKA_PRODUCER_START_PROCESSING_MASSAGE: {"name":"", "age":18, "sex":"M"}
19:33:20.089 [pool-24-thread-1] INFO  r.m.l.rpks.impl.ProcessorOfRule - jsonValueOfname: 
19:33:20.089 [pool-24-thread-1] INFO  r.m.l.rpks.impl.ProcessorOfRule - EQUALS:
19:33:20.089 [pool-24-thread-1] INFO  r.m.lessons.rpks.impl.WriterToKafka - KAFKA_PRODUCER_END_PROCESSING_MASSAGE: {"name":"", "age":18, "sex":"M"}
19:33:20.089 [pool-24-thread-1] INFO  r.m.lessons.rpks.impl.WriterToKafka - KAFKA_PRODUCER_START_PROCESSING_MASSAGE: {"name":null, "age":18, "sex":"M"}
19:33:20.089 [pool-24-thread-1] INFO  r.m.lessons.rpks.impl.WriterToKafka - KAFKA_PRODUCER_END_PROCESSING_MASSAGE: {"name":null, "age":18, "sex":"M"}
19:33:20.089 [pool-24-thread-1] INFO  r.m.lessons.rpks.impl.WriterToKafka - KAFKA_PRODUCER_START_PROCESSING_MASSAGE: 
19:33:20.089 [pool-24-thread-1] WARN  r.m.lessons.rpks.impl.WriterToKafka - NOT_CORRECT_MASSAGE:
19:33:20.090 [pool-24-thread-1] INFO  r.m.lessons.rpks.impl.WriterToKafka - KAFKA_PRODUCER_END_PROCESSING_MASSAGE: 
19:33:20.090 [pool-24-thread-1] INFO  r.m.lessons.rpks.impl.WriterToKafka - KAFKA_PRODUCER_START_PROCESSING_MASSAGE: {"name":"no_alex", "age":18, "sex":"M"}
19:33:20.090 [pool-24-thread-1] INFO  r.m.l.rpks.impl.ProcessorOfRule - jsonValueOfname: no_alex
19:33:20.090 [pool-24-thread-1] INFO  r.m.l.rpks.impl.ProcessorOfRule - EQUALS:
19:33:20.090 [pool-24-thread-1] INFO  r.m.lessons.rpks.impl.WriterToKafka - KAFKA_PRODUCER_END_PROCESSING_MASSAGE: {"name":"no_alex", "age":18, "sex":"M"}
19:33:20.090 [pool-24-thread-1] INFO  r.m.lessons.rpks.impl.WriterToKafka - KAFKA_PRODUCER_START_PROCESSING_MASSAGE: {"name":"alex", "age":18, "sex":"M"}
19:33:20.090 [pool-24-thread-1] INFO  r.m.l.rpks.impl.ProcessorOfRule - jsonValueOfname: alex
19:33:20.090 [pool-24-thread-1] INFO  r.m.l.rpks.impl.ProcessorOfRule - EQUALS:
19:33:20.091 [pool-24-thread-1] INFO  r.m.lessons.rpks.impl.WriterToKafka - KAFKA_PRODUCER_END_PROCESSING_MASSAGE: {"name":"alex", "age":18, "sex":"M"}
19:33:20.220 [pool-24-thread-1] INFO  r.m.lessons.rpks.impl.WriterToKafka - KAFKA_PRODUCER_SEND_MASSAGE: {"name":"alex", "age":18, "sex":"M"}
19:33:20.548 [pool-23-thread-2] INFO  ru.mai.lessons.rpks.ServiceTest - Remaining attempts 9
19:33:21.680 [pool-23-thread-2] INFO  ru.mai.lessons.rpks.ServiceTest - Remaining attempts 8
19:33:22.804 [pool-23-thread-2] INFO  ru.mai.lessons.rpks.ServiceTest - Remaining attempts 7
19:33:23.926 [pool-23-thread-2] INFO  ru.mai.lessons.rpks.ServiceTest - Remaining attempts 6
19:33:25.113 [pool-23-thread-2] INFO  ru.mai.lessons.rpks.ServiceTest - Remaining attempts 5
19:33:26.141 [pool-23-thread-2] INFO  ru.mai.lessons.rpks.ServiceTest - Read messages 1
19:33:26.142 [pool-23-thread-1] WARN  r.m.l.rpks.impl.ServiceFiltering - CANT_SLEEP:sleep interrupted
19:33:26.142 [pool-23-thread-1] INFO  r.mai.lessons.rpks.impl.ReaderFromDB - HIKARY_CREATE
19:33:27.162 [pool-23-thread-1] INFO  r.mai.lessons.rpks.impl.ReaderFromDB - HIKARY_CREATE
19:33:27.162 [pool-23-thread-1] INFO  r.mai.lessons.rpks.impl.ReaderFromDB - CONTEXT_MADE
19:33:27.325 [pool-23-thread-1] INFO  r.mai.lessons.rpks.impl.ReaderFromDB - RULLES_CREATE:0
19:33:27.326 [pool-23-thread-1] INFO  r.mai.lessons.rpks.impl.ReaderFromDB - MAKE_RULES_FROM_DB
19:33:27.326 [pool-23-thread-1] INFO  r.m.l.rpks.impl.ServiceFiltering - ADD_RULE
19:33:27.326 [pool-23-thread-1] WARN  r.m.l.rpks.impl.ServiceFiltering - CANT_SLEEP:sleep interrupted
19:33:27.326 [pool-23-thread-1] INFO  r.mai.lessons.rpks.impl.ReaderFromDB - HIKARY_CREATE
19:33:28.112 [pool-23-thread-1] INFO  r.mai.lessons.rpks.impl.ReaderFromDB - HIKARY_CREATE
19:33:28.112 [pool-23-thread-1] INFO  r.mai.lessons.rpks.impl.ReaderFromDB - CONTEXT_MADE
19:33:28.289 [pool-23-thread-1] INFO  r.mai.lessons.rpks.impl.ReaderFromDB - RULLES_CREATE:0
19:33:28.290 [pool-23-thread-1] INFO  r.mai.lessons.rpks.impl.ReaderFromDB - MAKE_RULES_FROM_DB
19:33:28.290 [pool-23-thread-1] INFO  r.m.l.rpks.impl.ServiceFiltering - ADD_RULE
19:33:28.290 [pool-23-thread-1] WARN  r.m.l.rpks.impl.ServiceFiltering - CANT_SLEEP:sleep interrupted
19:33:28.290 [pool-23-thread-1] INFO  r.mai.lessons.rpks.impl.ReaderFromDB - HIKARY_CREATE
19:33:28.999 [pool-23-thread-1] INFO  r.mai.lessons.rpks.impl.ReaderFromDB - HIKARY_CREATE
19:33:29.000 [pool-23-thread-1] INFO  r.mai.lessons.rpks.impl.ReaderFromDB - CONTEXT_MADE
19:33:29.138 [pool-23-thread-1] INFO  r.mai.lessons.rpks.impl.ReaderFromDB - RULLES_CREATE:0
19:33:29.138 [pool-23-thread-1] INFO  r.mai.lessons.rpks.impl.ReaderFromDB - MAKE_RULES_FROM_DB
19:33:29.138 [pool-23-thread-1] INFO  r.m.l.rpks.impl.ServiceFiltering - ADD_RULE
19:33:29.138 [pool-23-thread-1] WARN  r.m.l.rpks.impl.ServiceFiltering - CANT_SLEEP:sleep interrupted
19:33:29.138 [pool-23-thread-1] INFO  r.mai.lessons.rpks.impl.ReaderFromDB - HIKARY_CREATE
19:33:29.841 [pool-23-thread-1] INFO  r.mai.lessons.rpks.impl.ReaderFromDB - HIKARY_CREATE
19:33:29.841 [pool-23-thread-1] INFO  r.mai.lessons.rpks.impl.ReaderFromDB - CONTEXT_MADE
19:33:29.980 [pool-23-thread-1] INFO  r.mai.lessons.rpks.impl.ReaderFromDB - RULLES_CREATE:0
19:33:29.980 [pool-23-thread-1] INFO  r.mai.lessons.rpks.impl.ReaderFromDB - MAKE_RULES_FROM_DB
19:33:29.980 [pool-23-thread-1] INFO  r.m.l.rpks.impl.ServiceFiltering - ADD_RULE
19:33:29.980 [pool-23-thread-1] WARN  r.m.l.rpks.impl.ServiceFiltering - CANT_SLEEP:sleep interrupted
19:33:29.980 [pool-23-thread-1] INFO  r.mai.lessons.rpks.impl.ReaderFromDB - HIKARY_CREATE
19:33:30.698 [pool-23-thread-1] INFO  r.mai.lessons.rpks.impl.ReaderFromDB - HIKARY_CREATE
19:33:30.698 [pool-23-thread-1] INFO  r.mai.lessons.rpks.impl.ReaderFromDB - CONTEXT_MADE
19:33:30.827 [pool-23-thread-1] INFO  r.mai.lessons.rpks.impl.ReaderFromDB - RULLES_CREATE:0
19:33:30.827 [pool-23-thread-1] INFO  r.mai.lessons.rpks.impl.ReaderFromDB - MAKE_RULES_FROM_DB
19:33:30.827 [pool-23-thread-1] INFO  r.m.l.rpks.impl.ServiceFiltering - ADD_RULE
19:33:30.827 [pool-23-thread-1] WARN  r.m.l.rpks.impl.ServiceFiltering - CANT_SLEEP:sleep interrupted
19:33:30.828 [pool-23-thread-1] INFO  r.mai.lessons.rpks.impl.ReaderFromDB - HIKARY_CREATE
19:33:30.955 [pool-23-thread-1] ERROR com.zaxxer.hikari.pool.HikariPool - HikariPool-153 - Exception during pool initialization.
org.postgresql.util.PSQLException: Ошибка при попытке подсоединения.
	at org.postgresql.core.v3.ConnectionFactoryImpl.openConnectionImpl(ConnectionFactoryImpl.java:354)
	at org.postgresql.core.ConnectionFactory.openConnection(ConnectionFactory.java:54)
	at org.postgresql.jdbc.PgConnection.<init>(PgConnection.java:253)
	at org.postgresql.Driver.makeConnection(Driver.java:434)
	at org.postgresql.Driver.connect(Driver.java:291)
	at com.zaxxer.hikari.util.DriverDataSource.getConnection(DriverDataSource.java:138)
	at com.zaxxer.hikari.pool.PoolBase.newConnection(PoolBase.java:359)
	at com.zaxxer.hikari.pool.PoolBase.newPoolEntry(PoolBase.java:201)
	at com.zaxxer.hikari.pool.HikariPool.createPoolEntry(HikariPool.java:470)
	at com.zaxxer.hikari.pool.HikariPool.checkFailFast(HikariPool.java:561)
	at com.zaxxer.hikari.pool.HikariPool.<init>(HikariPool.java:100)
	at com.zaxxer.hikari.HikariDataSource.<init>(HikariDataSource.java:81)
	at ru.mai.lessons.rpks.impl.ReaderFromDB.readRulesFromDB(ReaderFromDB.java:29)
	at ru.mai.lessons.rpks.impl.ServiceFiltering.start(ServiceFiltering.java:43)
	at ru.mai.lessons.rpks.ServiceTest.lambda$testStartService$49(ServiceTest.java:1335)
	at java.base/java.util.concurrent.FutureTask.run(FutureTask.java:264)
	at java.base/java.util.concurrent.ThreadPoolExecutor.runWorker(ThreadPoolExecutor.java:1136)
	at java.base/java.util.concurrent.ThreadPoolExecutor$Worker.run(ThreadPoolExecutor.java:635)
	at java.base/java.lang.Thread.run(Thread.java:833)
Caused by: java.io.EOFException: null
	at org.postgresql.core.PGStream.receiveChar(PGStream.java:467)
	at org.postgresql.core.v3.ConnectionFactoryImpl.enableSSL(ConnectionFactoryImpl.java:589)
	at org.postgresql.core.v3.ConnectionFactoryImpl.tryConnect(ConnectionFactoryImpl.java:191)
	at org.postgresql.core.v3.ConnectionFactoryImpl.openConnectionImpl(ConnectionFactoryImpl.java:258)
	... 18 common frames omitted
19:34:40.760 [Test worker] INFO  ru.mai.lessons.rpks.ServiceTest - Create filtering rule 1
19:34:41.279 [Test worker] INFO  ru.mai.lessons.rpks.ServiceTest - Check rule from DB
19:35:54.199 [Test worker] INFO  ru.mai.lessons.rpks.ServiceTest - Topics: [(name=test_topic_in, numPartitions=3, replicationFactor=1, replicasAssignments=null, configs=null), (name=test_topic_out, numPartitions=3, replicationFactor=1, replicasAssignments=null, configs=null)], replica factor 1, partitions 3
19:35:54.652 [Test worker] INFO  ru.mai.lessons.rpks.ServiceTest - Topic not exist. Create topics [(name=test_topic_in, numPartitions=3, replicationFactor=1, replicasAssignments=null, configs=null), (name=test_topic_out, numPartitions=3, replicationFactor=1, replicasAssignments=null, configs=null)]
19:35:57.785 [Test worker] INFO  ru.mai.lessons.rpks.ServiceTest - Create filtering rule 1
19:35:58.334 [Test worker] INFO  ru.mai.lessons.rpks.ServiceTest - Check rule from DB
19:35:58.402 [Test worker] INFO  ru.mai.lessons.rpks.ServiceTest - Create filtering rule 1
19:35:58.825 [Test worker] INFO  ru.mai.lessons.rpks.ServiceTest - Check rule from DB
19:35:58.949 [pool-26-thread-1] INFO  r.m.l.rpks.impl.ServiceFiltering - CONFIG:Config(SimpleConfigObject({"application":{"updateIntervalSec":10},"com":{"zaxxer":{"hikari":{"pool_number":"1"}}},"db":{"driver":"org.postgresql.Driver","jdbcUrl":"jdbc:postgresql://localhost:49762/test_db?loggerLevel=OFF","password":"password","user":"user"},"file":{"encoding":"windows-1251","separator":"\\"},"java":{"class":{"path":"C:\\\\Users\\\\eliza\\\\.gradle\\\\caches\\\\7.5.1\\\\workerMain\\\\gradle-worker.jar;P:\\\\Projects\\\\JetBrains\\\\IntelliJIDEA\\\\RPKS_2\\\\git_Clone\\\\JavaServiceFiltering\\\\build\\\\classes\\\\java\\\\test;P:\\\\Projects\\\\JetBrains\\\\IntelliJIDEA\\\\RPKS_2\\\\git_Clone\\\\JavaServiceFiltering\\\\build\\\\resources\\\\test;P:\\\\Projects\\\\JetBrains\\\\IntelliJIDEA\\\\RPKS_2\\\\git_Clone\\\\JavaServiceFiltering\\\\build\\\\classes\\\\java\\\\main;P:\\\\Projects\\\\JetBrains\\\\IntelliJIDEA\\\\RPKS_2\\\\git_Clone\\\\JavaServiceFiltering\\\\build\\\\resources\\\\main;C:\\\\Users\\\\eliza\\\\.gradle\\\\caches\\\\modules-2\\\\files-2.1\\\\org.apache.kafka\\\\kafka-clients\\\\3.4.0\\\\69aebfca9da335f6617f9e5e7a4b45f16e8c86b5\\\\kafka-clients-3.4.0.jar;C:\\\\Users\\\\eliza\\\\.gradle\\\\caches\\\\modules-2\\\\files-2.1\\\\ch.qos.logback\\\\logback-classic\\\\1.4.5\\\\28e7dc0b208d6c3f15beefd73976e064b4ecfa9b\\\\logback-classic-1.4.5.jar;C:\\\\Users\\\\eliza\\\\.gradle\\\\caches\\\\modules-2\\\\files-2.1\\\\com.typesafe\\\\config\\\\1.4.2\\\\4c40a633e7994cfb0354244efb6d03fcb11c3ecf\\\\config-1.4.2.jar;C:\\\\Users\\\\eliza\\\\.gradle\\\\caches\\\\modules-2\\\\files-2.1\\\\org.postgresql\\\\postgresql\\\\42.5.4\\\\15015a54f15e340a9a8a6a2c5457429cb1176b8\\\\postgresql-42.5.4.jar;C:\\\\Users\\\\eliza\\\\.gradle\\\\caches\\\\modules-2\\\\files-2.1\\\\com.zaxxer\\\\HikariCP\\\\5.0.1\\\\a74c7f0a37046846e88d54f7cb6ea6d565c65f9c\\\\HikariCP-5.0.1.jar;C:\\\\Users\\\\eliza\\\\.gradle\\\\caches\\\\modules-2\\\\files-2.1\\\\org.jooq\\\\jooq\\\\3.17.8\\\\6add040365183a3c0a043e11c6069a46b992df39\\\\jooq-3.17.8.jar;C:\\\\Users\\\\eliza\\\\.gradle\\\\caches\\\\modules-2\\\\files-2.1\\\\org.testcontainers\\\\junit-jupiter\\\\1.17.6\\\\94e9894bc665909e208959390ea6540309ce231e\\\\junit-jupiter-1.17.6.jar;C:\\\\Users\\\\eliza\\\\.gradle\\\\caches\\\\modules-2\\\\files-2.1\\\\org.testcontainers\\\\kafka\\\\1.17.6\\\\1975b93708e99340690690177a9c7bbf5aabc823\\\\kafka-1.17.6.jar;C:\\\\Users\\\\eliza\\\\.gradle\\\\caches\\\\modules-2\\\\files-2.1\\\\org.testcontainers\\\\postgresql\\\\1.17.6\\\\cd8aba02d8d46159ab85535d34a1e4217322f9a5\\\\postgresql-1.17.6.jar;C:\\\\Users\\\\eliza\\\\.gradle\\\\caches\\\\modules-2\\\\files-2.1\\\\org.testcontainers\\\\jdbc\\\\1.17.6\\\\1510482e46f5f70909693fc695a2369751510785\\\\jdbc-1.17.6.jar;C:\\\\Users\\\\eliza\\\\.gradle\\\\caches\\\\modules-2\\\\files-2.1\\\\org.testcontainers\\\\database-commons\\\\1.17.6\\\\8a4cd2cda51c2cc3092b1c22f4ee8148be4db410\\\\database-commons-1.17.6.jar;C:\\\\Users\\\\eliza\\\\.gradle\\\\caches\\\\modules-2\\\\files-2.1\\\\org.testcontainers\\\\testcontainers\\\\1.17.6\\\\11b28972d2d8bddd5a7d3b6e21016fbe13bc8e8b\\\\testcontainers-1.17.6.jar;C:\\\\Users\\\\eliza\\\\.gradle\\\\caches\\\\modules-2\\\\files-2.1\\\\com.github.docker-java\\\\docker-java-api\\\\3.2.13\\\\5817ef8f770cb7e740d590090bf352df9491f3c1\\\\docker-java-api-3.2.13.jar;C:\\\\Users\\\\eliza\\\\.gradle\\\\caches\\\\modules-2\\\\files-2.1\\\\com.fasterxml.jackson.core\\\\jackson-annotations\\\\2.14.2\\\\a7aae9525864930723e3453ab799521fdfd9d873\\\\jackson-annotations-2.14.2.jar;C:\\\\Users\\\\eliza\\\\.gradle\\\\caches\\\\modules-2\\\\files-2.1\\\\com.fasterxml.jackson.core\\\\jackson-core\\\\2.14.2\\\\f804090e6399ce0cf78242db086017512dd71fcc\\\\jackson-core-2.14.2.jar;C:\\\\Users\\\\eliza\\\\.gradle\\\\caches\\\\modules-2\\\\files-2.1\\\\org.junit.jupiter\\\\junit-jupiter-engine\\\\5.9.1\\\\1bf771097bde296c3ab174861954e8aafaaf2e94\\\\junit-jupiter-engine-5.9.1.jar;C:\\\\Users\\\\eliza\\\\.gradle\\\\caches\\\\modules-2\\\\files-2.1\\\\org.junit.platform\\\\junit-platform-engine\\\\1.9.1\\\\83591e5089d6cea5f324aa3ecca9b19d5a275803\\\\junit-platform-engine-1.9.1.jar;C:\\\\Users\\\\eliza\\\\.gradle\\\\caches\\\\modules-2\\\\files-2.1\\\\org.junit.platform\\\\junit-platform-commons\\\\1.9.1\\\\3145f821b5cd10abcdc5f925baa5fffa6f1b628f\\\\junit-platform-commons-1.9.1.jar;C:\\\\Users\\\\eliza\\\\.gradle\\\\caches\\\\modules-2\\\\files-2.1\\\\org.junit.jupiter\\\\junit-jupiter-api\\\\5.9.1\\\\7bb53fbc0173e9f6a9d21d58297af94b1f2f9ce1\\\\junit-jupiter-api-5.9.1.jar;C:\\\\Users\\\\eliza\\\\.gradle\\\\caches\\\\modules-2\\\\files-2.1\\\\com.github.luben\\\\zstd-jni\\\\1.5.2-1\\\\fad786abc1d1b81570e8d9a2fc8a1ef479bc27b6\\\\zstd-jni-1.5.2-1.jar;C:\\\\Users\\\\eliza\\\\.gradle\\\\caches\\\\modules-2\\\\files-2.1\\\\org.lz4\\\\lz4-java\\\\1.8.0\\\\4b986a99445e49ea5fbf5d149c4b63f6ed6c6780\\\\lz4-java-1.8.0.jar;C:\\\\Users\\\\eliza\\\\.gradle\\\\caches\\\\modules-2\\\\files-2.1\\\\org.xerial.snappy\\\\snappy-java\\\\1.1.8.4\\\\66f0d56454509f6e36175f2331572e250e04a6cc\\\\snappy-java-1.1.8.4.jar;C:\\\\Users\\\\eliza\\\\.gradle\\\\caches\\\\modules-2\\\\files-2.1\\\\com.github.docker-java\\\\docker-java-transport-zerodep\\\\3.2.13\\\\4cbc2c09d6c264767a39624066987ed4a152bc68\\\\docker-java-transport-zerodep-3.2.13.jar;C:\\\\Users\\\\eliza\\\\.gradle\\\\caches\\\\modules-2\\\\files-2.1\\\\org.slf4j\\\\slf4j-api\\\\2.0.4\\\\30d5eb5360bd113ce96f9e49e3431993bbf1b247\\\\slf4j-api-2.0.4.jar;C:\\\\Users\\\\eliza\\\\.gradle\\\\caches\\\\modules-2\\\\files-2.1\\\\ch.qos.logback\\\\logback-core\\\\1.4.5\\\\e9bb2ea70f84401314da4300343b0a246c8954da\\\\logback-core-1.4.5.jar;C:\\\\Users\\\\eliza\\\\.gradle\\\\caches\\\\modules-2\\\\files-2.1\\\\org.checkerframework\\\\checker-qual\\\\3.5.0\\\\2f50520c8abea66fbd8d26e481d3aef5c673b510\\\\checker-qual-3.5.0.jar;C:\\\\Users\\\\eliza\\\\.gradle\\\\caches\\\\modules-2\\\\files-2.1\\\\io.r2dbc\\\\r2dbc-spi\\\\0.9.1.RELEASE\\\\689338f54890e6981d9d98d059c1a94007a0b809\\\\r2dbc-spi-0.9.1.RELEASE.jar;C:\\\\Users\\\\eliza\\\\.gradle\\\\caches\\\\modules-2\\\\files-2.1\\\\jakarta.xml.bind\\\\jakarta.xml.bind-api\\\\3.0.0\\\\9275db6e21287df61690989254a0b46d8d31e99a\\\\jakarta.xml.bind-api-3.0.0.jar;C:\\\\Users\\\\eliza\\\\.gradle\\\\caches\\\\modules-2\\\\files-2.1\\\\junit\\\\junit\\\\4.13.2\\\\8ac9e16d933b6fb43bc7f576336b8f4d7eb5ba12\\\\junit-4.13.2.jar;C:\\\\Users\\\\eliza\\\\.gradle\\\\caches\\\\modules-2\\\\files-2.1\\\\org.apache.commons\\\\commons-compress\\\\1.22\\\\691a8b4e6cf4248c3bc72c8b719337d5cb7359fa\\\\commons-compress-1.22.jar;C:\\\\Users\\\\eliza\\\\.gradle\\\\caches\\\\modules-2\\\\files-2.1\\\\org.rnorth.duct-tape\\\\duct-tape\\\\1.0.8\\\\92edc22a9ab2f3e17c9bf700aaee377d50e8b530\\\\duct-tape-1.0.8.jar;C:\\\\Users\\\\eliza\\\\.gradle\\\\caches\\\\modules-2\\\\files-2.1\\\\org.reactivestreams\\\\reactive-streams\\\\1.0.3\\\\d9fb7a7926ffa635b3dcaa5049fb2bfa25b3e7d0\\\\reactive-streams-1.0.3.jar;C:\\\\Users\\\\eliza\\\\.gradle\\\\caches\\\\modules-2\\\\files-2.1\\\\com.sun.activation\\\\jakarta.activation\\\\2.0.0\\\\f4e7519148dee347c7666f336210deedb8aca09d\\\\jakarta.activation-2.0.0.jar;C:\\\\Users\\\\eliza\\\\.gradle\\\\caches\\\\modules-2\\\\files-2.1\\\\org.hamcrest\\\\hamcrest-core\\\\1.3\\\\42a25dc3219429f0e5d060061f71acb49bf010a0\\\\hamcrest-core-1.3.jar;C:\\\\Users\\\\eliza\\\\.gradle\\\\caches\\\\modules-2\\\\files-2.1\\\\org.jetbrains\\\\annotations\\\\17.0.0\\\\8ceead41f4e71821919dbdb7a9847608f1a938cb\\\\annotations-17.0.0.jar;C:\\\\Users\\\\eliza\\\\.gradle\\\\caches\\\\modules-2\\\\files-2.1\\\\com.github.docker-java\\\\docker-java-transport\\\\3.2.13\\\\e9d308d1822181a9d48c99739f5eca014ec89199\\\\docker-java-transport-3.2.13.jar;C:\\\\Users\\\\eliza\\\\.gradle\\\\caches\\\\modules-2\\\\files-2.1\\\\net.java.dev.jna\\\\jna\\\\5.8.0\\\\3551d8d827e54858214107541d3aff9c615cb615\\\\jna-5.8.0.jar;C:\\\\Users\\\\eliza\\\\.gradle\\\\caches\\\\modules-2\\\\files-2.1\\\\org.opentest4j\\\\opentest4j\\\\1.2.0\\\\28c11eb91f9b6d8e200631d46e20a7f407f2a046\\\\opentest4j-1.2.0.jar","version":"62.0"},"home":"C:\\Users\\eliza\\.jdks\\openjdk-18.0.1.1","io":{"tmpdir":"C:\\Users\\eliza\\AppData\\Local\\Temp\\"},"library":{"path":"C:\\Users\\eliza\\.jdks\\openjdk-18.0.1.1\\bin;C:\\WINDOWS\\Sun\\Java\\bin;C:\\WINDOWS\\system32;C:\\WINDOWS;;;;C:\\Windows\\system32;C:\\Windows;C:\\Windows\\System32\\Wbem;C:\\Windows\\System32\\WindowsPowerShell\\v1.0\\;C:\\Windows\\System32\\OpenSSH\\;C:\\Program Files\\Microsoft SQL Server\\150\\Tools\\Binn\\;C:\\Program Files\\dotnet\\;C:\\Program Files\\Git\\cmd;C:\\Program Files\\Git\\mingw64\\bin;C:\\Program Files\\Git\\usr\\bin;P:\\Programs\\MySql\\bin;C:\\WINDOWS\\system32;C:\\WINDOWS;C:\\WINDOWS\\System32\\Wbem;C:\\WINDOWS\\System32\\WindowsPowerShell\\v1.0\\;C:\\WINDOWS\\System32\\OpenSSH\\;C:\\Program Files\\PowerShell\\7\\;C:\\Program Files\\Docker\\Docker\\resources\\bin;C:\\Users\\eliza\\AppData\\Local\\Programs\\Python\\Python38\\Scripts\\;C:\\Users\\eliza\\AppData\\Local\\Programs\\Python\\Python38\\;C:\\Users\\eliza\\AppData\\Local\\Microsoft\\WindowsApps;P:\\Programs\\JetBrains\\PyCharm 2022.1.3\\Program Files\\JetBrains\\PyCharm 2022.1.3\\bin;;P:\\Programs\\JetBrains\\IntelliJ IDEA 2023.1.2\\bin;;P:\\Programs\\JetBrains\\CLion 2022.2.4\\bin;;C:\\Users\\eliza\\.dotnet\\tools;C:\\texlive\\2022\\bin\\win32;P:\\Programs\\JetBrains\\Rider 2022.2.4\\bin;;C:\\ProgramData\\eliza\\GitHubDesktop\\bin;C:\\Users\\eliza\\AppData\\Local\\GitHubDesktop\\bin;P:\\Programs\\JetBrains\\DataGrip 2022.2.5\\bin;;;P:\\Programs\\JetBrains\\Gateway 2023.1\\JetBrains Gateway 2023.1\\bin;;."},"runtime":{"name":"OpenJDK Runtime Environment","version":"18.0.1.1+2-6"},"specification":{"name":"Java Platform API Specification","vendor":"Oracle Corporation","version":"18"},"vendor":{"url":{"bug":"https://bugreport.java.com/bugreport/"}},"version":"18.0.1.1","vm":{"compressedOopsMode":"32-bit","info":"mixed mode, sharing","name":"OpenJDK 64-Bit Server VM","specification":{"name":"Java Virtual Machine Specification","vendor":"Oracle Corporation","version":"18"},"vendor":"Oracle Corporation","version":"18.0.1.1+2-6"}},"jdk":{"debug":"release"},"kafka":{"consumer":{"auto":{"offset":{"reset":"earliest"}},"bootstrap":{"servers":"PLAINTEXT://localhost:50458"},"group":{"id":"test_group_consumer"},"topicIn":"test_topic_in"},"producer":{"bootstrap":{"servers":"PLAINTEXT://localhost:50458"},"topicOut":"test_topic_out"}},"line":{"separator":"\r\n"},"native":{"encoding":"Cp1251"},"org":{"gradle":{"internal":{"worker":{"tmpdir":"P:\\Projects\\JetBrains\\IntelliJIDEA\\RPKS_2\\git_Clone\\JavaServiceFiltering\\build\\tmp\\test\\work"}},"native":"false","test":{"worker":"38"}}},"os":{"arch":"amd64","name":"Windows 11","version":"10.0"},"path":{"separator":";"},"sun":{"arch":{"data":{"model":"64"}},"boot":{"library":{"path":"C:\\Users\\eliza\\.jdks\\openjdk-18.0.1.1\\bin"}},"cpu":{"endian":"little","isalist":"amd64"},"io":{"unicode":{"encoding":"UnicodeLittle"}},"java":{"command":"worker.org.gradle.process.internal.worker.GradleWorkerMain 'Gradle Test Executor 38'","launcher":"SUN_STANDARD"},"jnu":{"encoding":"Cp1251"},"management":{"compiler":"HotSpot 64-Bit Tiered Compilers"},"os":{"patch":{"level":""}}},"user":{"country":"RU","dir":"P:\\Projects\\JetBrains\\IntelliJIDEA\\RPKS_2\\git_Clone\\JavaServiceFiltering","home":"C:\\Users\\eliza","language":"ru","name":"eliza","script":"","timezone":"Europe/Moscow","variant":""}}))
19:35:58.950 [pool-26-thread-1] INFO  r.m.l.rpks.impl.ServiceFiltering - CONSUMER_SETTINGS_WAS_READ: ConsumerSettings(bootstrapServers=PLAINTEXT://localhost:50458, groupId=test_group_consumer, autoOffsetReset=earliest, topicIn=test_topic_in, updateIntervalSec=100)
19:35:58.950 [pool-26-thread-1] INFO  r.m.l.rpks.impl.ServiceFiltering - PRODUCER_SETTINGS_WAS_READ: ProducerSettings(bootstrapServers=PLAINTEXT://localhost:50458, topicOut=test_topic_out, updateIntervalSec=100)
19:35:58.950 [pool-26-thread-1] INFO  r.m.l.rpks.impl.ServiceFiltering - DB_SETTINGS_WAS_READ: DBSettings(jdbcUrl=jdbc:postgresql://localhost:49762/test_db?loggerLevel=OFF, user=user, password=password, driver=org.postgresql.Driver, tableName=filter_rules)
19:35:58.951 [pool-26-thread-1] INFO  r.mai.lessons.rpks.impl.ReaderFromDB - HIKARY_CREATE
19:35:59.024 [pool-27-thread-2] INFO  r.m.l.rpks.impl.ReaderFromKafka - CONSUMER_SETTINGS:ConsumerSettings(bootstrapServers=PLAINTEXT://localhost:50458, groupId=test_group_consumer, autoOffsetReset=earliest, topicIn=test_topic_in, updateIntervalSec=100)
19:35:59.024 [pool-27-thread-2] INFO  r.m.l.rpks.impl.ReaderFromKafka - KAFKA_CONSUMER_START_READING_FROM_TOPIC test_topic_in
19:35:59.035 [pool-27-thread-1] INFO  r.m.lessons.rpks.impl.WriterToKafka - START_WRITE_MESSAGE_IN_KAFKA_TOPIC test_topic_out
19:35:59.744 [pool-26-thread-1] INFO  r.mai.lessons.rpks.impl.ReaderFromDB - HIKARY_CREATE
19:35:59.744 [pool-26-thread-1] INFO  r.mai.lessons.rpks.impl.ReaderFromDB - CONTEXT_MADE
19:35:59.969 [pool-26-thread-1] INFO  r.mai.lessons.rpks.impl.ReaderFromDB - RULLES_CREATE:2
19:35:59.969 [pool-26-thread-1] INFO  r.mai.lessons.rpks.impl.ReaderFromDB - FIND_RULE:Rule(filterId=1, ruleId=1, fieldName=name, filterFunctionName=equals, filterValue=alex)
19:35:59.969 [pool-26-thread-1] INFO  r.mai.lessons.rpks.impl.ReaderFromDB - FIND_RULE:Rule(filterId=1, ruleId=2, fieldName=age, filterFunctionName=equals, filterValue=18)
19:35:59.969 [pool-26-thread-1] INFO  r.mai.lessons.rpks.impl.ReaderFromDB - MAKE_RULES_FROM_DB
19:36:00.386 [pool-26-thread-2] INFO  ru.mai.lessons.rpks.ServiceTest - Remaining attempts 10
19:36:00.908 [pool-27-thread-2] INFO  r.m.l.rpks.impl.ReaderFromKafka - MASSAGE_FROM_KAFKA_TOPIC test_topic_in : {"name":"no_alex", "age":18, "sex":"M"}
19:36:00.908 [pool-27-thread-2] INFO  r.m.l.rpks.impl.ReaderFromKafka - MASSAGE_FROM_KAFKA_TOPIC test_topic_in : {"name":"no_alex", "age":18, "sex":"M"}
19:36:00.908 [pool-27-thread-2] INFO  r.m.l.rpks.impl.ReaderFromKafka - MASSAGE_FROM_KAFKA_TOPIC test_topic_in : 
19:36:00.908 [pool-27-thread-2] INFO  r.m.l.rpks.impl.ReaderFromKafka - MASSAGE_FROM_KAFKA_TOPIC test_topic_in : 
19:36:00.908 [pool-27-thread-2] INFO  r.m.l.rpks.impl.ReaderFromKafka - MASSAGE_FROM_KAFKA_TOPIC test_topic_in : {"name":null, "age":"", "sex":"M"}
19:36:00.908 [pool-27-thread-2] INFO  r.m.l.rpks.impl.ReaderFromKafka - MASSAGE_FROM_KAFKA_TOPIC test_topic_in : {"name":null, "age":"", "sex":"M"}
19:36:00.908 [pool-27-thread-2] INFO  r.m.l.rpks.impl.ReaderFromKafka - MASSAGE_FROM_KAFKA_TOPIC test_topic_in : {"age":18, "sex":"M"}
19:36:00.908 [pool-27-thread-2] INFO  r.m.l.rpks.impl.ReaderFromKafka - MASSAGE_FROM_KAFKA_TOPIC test_topic_in : {"age":18, "sex":"M"}
19:36:00.908 [pool-27-thread-2] INFO  r.m.l.rpks.impl.ReaderFromKafka - MASSAGE_FROM_KAFKA_TOPIC test_topic_in : {"name":"", "age":-, "sex":"M"}
19:36:00.908 [pool-27-thread-2] INFO  r.m.l.rpks.impl.ReaderFromKafka - MASSAGE_FROM_KAFKA_TOPIC test_topic_in : {"name":"", "age":-, "sex":"M"}
19:36:00.908 [pool-27-thread-2] INFO  r.m.l.rpks.impl.ReaderFromKafka - MASSAGE_FROM_KAFKA_TOPIC test_topic_in : {"name":null, "age":null, "sex":"M"}
19:36:00.908 [pool-27-thread-2] INFO  r.m.l.rpks.impl.ReaderFromKafka - MASSAGE_FROM_KAFKA_TOPIC test_topic_in : {"name":null, "age":null, "sex":"M"}
19:36:00.908 [pool-27-thread-2] INFO  r.m.l.rpks.impl.ReaderFromKafka - MASSAGE_FROM_KAFKA_TOPIC test_topic_in : {"name":"alex", "age":19, "sex":"F"}
19:36:00.908 [pool-27-thread-2] INFO  r.m.l.rpks.impl.ReaderFromKafka - MASSAGE_FROM_KAFKA_TOPIC test_topic_in : {"name":"alex", "age":19, "sex":"F"}
19:36:00.908 [pool-27-thread-2] INFO  r.m.l.rpks.impl.ReaderFromKafka - MASSAGE_FROM_KAFKA_TOPIC test_topic_in : {"name":"alex", "age":18, "sex":"M"}
19:36:00.908 [pool-27-thread-2] INFO  r.m.l.rpks.impl.ReaderFromKafka - MASSAGE_FROM_KAFKA_TOPIC test_topic_in : {"name":"alex", "age":18, "sex":"M"}
19:36:01.017 [pool-26-thread-1] INFO  r.m.l.rpks.impl.ServiceFiltering - ADD_RULE
19:36:01.017 [pool-27-thread-1] INFO  r.m.lessons.rpks.impl.WriterToKafka - KAFKA_PRODUCER_START_PROCESSING_MASSAGE: {"name":"no_alex", "age":18, "sex":"M"}
19:36:01.017 [pool-27-thread-1] INFO  r.m.l.rpks.impl.ProcessorOfRule - jsonValueOfname: no_alex
19:36:01.018 [pool-27-thread-1] INFO  r.m.l.rpks.impl.ProcessorOfRule - EQUALS:
19:36:01.018 [pool-27-thread-1] INFO  r.m.lessons.rpks.impl.WriterToKafka - KAFKA_PRODUCER_END_PROCESSING_MASSAGE: {"name":"no_alex", "age":18, "sex":"M"}
19:36:01.018 [pool-27-thread-1] INFO  r.m.lessons.rpks.impl.WriterToKafka - KAFKA_PRODUCER_START_PROCESSING_MASSAGE: 
19:36:01.018 [pool-27-thread-1] WARN  r.m.lessons.rpks.impl.WriterToKafka - NOT_CORRECT_MASSAGE:
19:36:01.018 [pool-27-thread-1] INFO  r.m.lessons.rpks.impl.WriterToKafka - KAFKA_PRODUCER_END_PROCESSING_MASSAGE: 
19:36:01.018 [pool-27-thread-1] INFO  r.m.lessons.rpks.impl.WriterToKafka - KAFKA_PRODUCER_START_PROCESSING_MASSAGE: {"name":null, "age":"", "sex":"M"}
19:36:01.018 [pool-27-thread-1] INFO  r.m.lessons.rpks.impl.WriterToKafka - KAFKA_PRODUCER_END_PROCESSING_MASSAGE: {"name":null, "age":"", "sex":"M"}
19:36:01.018 [pool-27-thread-1] INFO  r.m.lessons.rpks.impl.WriterToKafka - KAFKA_PRODUCER_START_PROCESSING_MASSAGE: {"age":18, "sex":"M"}
19:36:01.018 [pool-27-thread-1] INFO  r.m.lessons.rpks.impl.WriterToKafka - KAFKA_PRODUCER_END_PROCESSING_MASSAGE: {"age":18, "sex":"M"}
19:36:01.018 [pool-27-thread-1] INFO  r.m.lessons.rpks.impl.WriterToKafka - KAFKA_PRODUCER_START_PROCESSING_MASSAGE: {"name":"", "age":-, "sex":"M"}
19:36:01.018 [pool-27-thread-1] INFO  r.m.l.rpks.impl.ProcessorOfRule - jsonValueOfname: 
19:36:01.018 [pool-27-thread-1] INFO  r.m.l.rpks.impl.ProcessorOfRule - EQUALS:
19:36:01.018 [pool-27-thread-1] INFO  r.m.lessons.rpks.impl.WriterToKafka - KAFKA_PRODUCER_END_PROCESSING_MASSAGE: {"name":"", "age":-, "sex":"M"}
19:36:01.018 [pool-27-thread-1] INFO  r.m.lessons.rpks.impl.WriterToKafka - KAFKA_PRODUCER_START_PROCESSING_MASSAGE: {"name":null, "age":null, "sex":"M"}
19:36:01.018 [pool-27-thread-1] INFO  r.m.lessons.rpks.impl.WriterToKafka - KAFKA_PRODUCER_END_PROCESSING_MASSAGE: {"name":null, "age":null, "sex":"M"}
19:36:01.018 [pool-27-thread-1] INFO  r.m.lessons.rpks.impl.WriterToKafka - KAFKA_PRODUCER_START_PROCESSING_MASSAGE: {"name":"alex", "age":19, "sex":"F"}
19:36:01.018 [pool-27-thread-1] INFO  r.m.l.rpks.impl.ProcessorOfRule - jsonValueOfname: alex
19:36:01.018 [pool-27-thread-1] INFO  r.m.l.rpks.impl.ProcessorOfRule - EQUALS:
19:36:01.018 [pool-27-thread-1] INFO  r.m.l.rpks.impl.ProcessorOfRule - jsonValueOfage: 19
19:36:01.018 [pool-27-thread-1] INFO  r.m.l.rpks.impl.ProcessorOfRule - EQUALS:
19:36:01.018 [pool-27-thread-1] INFO  r.m.lessons.rpks.impl.WriterToKafka - KAFKA_PRODUCER_END_PROCESSING_MASSAGE: {"name":"alex", "age":19, "sex":"F"}
19:36:01.018 [pool-27-thread-1] INFO  r.m.lessons.rpks.impl.WriterToKafka - KAFKA_PRODUCER_START_PROCESSING_MASSAGE: {"name":"alex", "age":18, "sex":"M"}
19:36:01.019 [pool-27-thread-1] INFO  r.m.l.rpks.impl.ProcessorOfRule - jsonValueOfname: alex
19:36:01.019 [pool-27-thread-1] INFO  r.m.l.rpks.impl.ProcessorOfRule - EQUALS:
19:36:01.019 [pool-27-thread-1] INFO  r.m.l.rpks.impl.ProcessorOfRule - jsonValueOfage: 18
19:36:01.019 [pool-27-thread-1] INFO  r.m.l.rpks.impl.ProcessorOfRule - EQUALS:
19:36:01.019 [pool-27-thread-1] INFO  r.m.lessons.rpks.impl.WriterToKafka - KAFKA_PRODUCER_END_PROCESSING_MASSAGE: {"name":"alex", "age":18, "sex":"M"}
19:36:01.479 [pool-27-thread-1] INFO  r.m.lessons.rpks.impl.WriterToKafka - KAFKA_PRODUCER_SEND_MASSAGE: {"name":"alex", "age":18, "sex":"M"}
19:36:01.496 [pool-26-thread-2] INFO  ru.mai.lessons.rpks.ServiceTest - Remaining attempts 9
19:36:02.638 [pool-26-thread-2] INFO  ru.mai.lessons.rpks.ServiceTest - Remaining attempts 8
19:36:03.777 [pool-26-thread-2] INFO  ru.mai.lessons.rpks.ServiceTest - Remaining attempts 7
19:36:04.920 [pool-26-thread-2] INFO  ru.mai.lessons.rpks.ServiceTest - Remaining attempts 6
19:36:06.046 [pool-26-thread-2] INFO  ru.mai.lessons.rpks.ServiceTest - Remaining attempts 5
19:36:07.159 [pool-26-thread-2] INFO  ru.mai.lessons.rpks.ServiceTest - Read messages 1
19:36:07.160 [pool-26-thread-1] WARN  r.m.l.rpks.impl.ServiceFiltering - CANT_SLEEP:sleep interrupted
19:36:07.160 [pool-26-thread-1] INFO  r.mai.lessons.rpks.impl.ReaderFromDB - HIKARY_CREATE
19:36:08.060 [pool-26-thread-1] INFO  r.mai.lessons.rpks.impl.ReaderFromDB - HIKARY_CREATE
19:36:08.060 [pool-26-thread-1] INFO  r.mai.lessons.rpks.impl.ReaderFromDB - CONTEXT_MADE
19:36:08.216 [pool-26-thread-1] INFO  r.mai.lessons.rpks.impl.ReaderFromDB - RULLES_CREATE:0
19:36:08.216 [pool-26-thread-1] INFO  r.mai.lessons.rpks.impl.ReaderFromDB - MAKE_RULES_FROM_DB
19:36:08.216 [pool-26-thread-1] INFO  r.m.l.rpks.impl.ServiceFiltering - ADD_RULE
19:36:08.216 [pool-26-thread-1] WARN  r.m.l.rpks.impl.ServiceFiltering - CANT_SLEEP:sleep interrupted
19:36:08.216 [pool-26-thread-1] INFO  r.mai.lessons.rpks.impl.ReaderFromDB - HIKARY_CREATE
19:36:08.908 [pool-26-thread-1] INFO  r.mai.lessons.rpks.impl.ReaderFromDB - HIKARY_CREATE
19:36:08.908 [pool-26-thread-1] INFO  r.mai.lessons.rpks.impl.ReaderFromDB - CONTEXT_MADE
19:36:09.066 [pool-26-thread-1] INFO  r.mai.lessons.rpks.impl.ReaderFromDB - RULLES_CREATE:0
19:36:09.066 [pool-26-thread-1] INFO  r.mai.lessons.rpks.impl.ReaderFromDB - MAKE_RULES_FROM_DB
19:36:09.066 [pool-26-thread-1] INFO  r.m.l.rpks.impl.ServiceFiltering - ADD_RULE
19:36:09.066 [pool-26-thread-1] WARN  r.m.l.rpks.impl.ServiceFiltering - CANT_SLEEP:sleep interrupted
19:36:09.066 [pool-26-thread-1] INFO  r.mai.lessons.rpks.impl.ReaderFromDB - HIKARY_CREATE
19:36:09.799 [pool-26-thread-1] INFO  r.mai.lessons.rpks.impl.ReaderFromDB - HIKARY_CREATE
19:36:09.799 [pool-26-thread-1] INFO  r.mai.lessons.rpks.impl.ReaderFromDB - CONTEXT_MADE
19:36:09.978 [pool-26-thread-1] INFO  r.mai.lessons.rpks.impl.ReaderFromDB - RULLES_CREATE:0
19:36:09.978 [pool-26-thread-1] INFO  r.mai.lessons.rpks.impl.ReaderFromDB - MAKE_RULES_FROM_DB
19:36:09.978 [pool-26-thread-1] INFO  r.m.l.rpks.impl.ServiceFiltering - ADD_RULE
19:36:09.978 [pool-26-thread-1] WARN  r.m.l.rpks.impl.ServiceFiltering - CANT_SLEEP:sleep interrupted
19:36:09.978 [pool-26-thread-1] INFO  r.mai.lessons.rpks.impl.ReaderFromDB - HIKARY_CREATE
19:36:10.671 [pool-26-thread-1] INFO  r.mai.lessons.rpks.impl.ReaderFromDB - HIKARY_CREATE
19:36:10.672 [pool-26-thread-1] INFO  r.mai.lessons.rpks.impl.ReaderFromDB - CONTEXT_MADE
19:36:10.824 [pool-26-thread-1] INFO  r.mai.lessons.rpks.impl.ReaderFromDB - RULLES_CREATE:0
19:36:10.824 [pool-26-thread-1] INFO  r.mai.lessons.rpks.impl.ReaderFromDB - MAKE_RULES_FROM_DB
19:36:10.824 [pool-26-thread-1] INFO  r.m.l.rpks.impl.ServiceFiltering - ADD_RULE
19:36:10.824 [pool-26-thread-1] WARN  r.m.l.rpks.impl.ServiceFiltering - CANT_SLEEP:sleep interrupted
19:36:10.824 [pool-26-thread-1] INFO  r.mai.lessons.rpks.impl.ReaderFromDB - HIKARY_CREATE
19:36:11.595 [pool-26-thread-1] INFO  r.mai.lessons.rpks.impl.ReaderFromDB - HIKARY_CREATE
19:36:11.595 [pool-26-thread-1] INFO  r.mai.lessons.rpks.impl.ReaderFromDB - CONTEXT_MADE
19:36:11.740 [pool-26-thread-1] INFO  r.mai.lessons.rpks.impl.ReaderFromDB - RULLES_CREATE:0
19:36:11.740 [pool-26-thread-1] INFO  r.mai.lessons.rpks.impl.ReaderFromDB - MAKE_RULES_FROM_DB
19:36:11.740 [pool-26-thread-1] INFO  r.m.l.rpks.impl.ServiceFiltering - ADD_RULE
19:36:11.740 [pool-26-thread-1] WARN  r.m.l.rpks.impl.ServiceFiltering - CANT_SLEEP:sleep interrupted
19:36:11.740 [pool-26-thread-1] INFO  r.mai.lessons.rpks.impl.ReaderFromDB - HIKARY_CREATE
19:36:12.498 [pool-26-thread-1] INFO  r.mai.lessons.rpks.impl.ReaderFromDB - HIKARY_CREATE
19:36:12.498 [pool-26-thread-1] INFO  r.mai.lessons.rpks.impl.ReaderFromDB - CONTEXT_MADE
19:37:22.644 [Test worker] INFO  ru.mai.lessons.rpks.ServiceTest - Topics: [(name=test_topic_in, numPartitions=3, replicationFactor=1, replicasAssignments=null, configs=null), (name=test_topic_out, numPartitions=3, replicationFactor=1, replicasAssignments=null, configs=null)], replica factor 1, partitions 3
19:37:23.103 [Test worker] INFO  ru.mai.lessons.rpks.ServiceTest - Topic not exist. Create topics [(name=test_topic_in, numPartitions=3, replicationFactor=1, replicasAssignments=null, configs=null), (name=test_topic_out, numPartitions=3, replicationFactor=1, replicasAssignments=null, configs=null)]
19:37:26.349 [Test worker] INFO  ru.mai.lessons.rpks.ServiceTest - Create filtering rule 1
19:37:26.823 [Test worker] INFO  ru.mai.lessons.rpks.ServiceTest - Check rule from DB
19:37:26.871 [Test worker] INFO  ru.mai.lessons.rpks.ServiceTest - Create filtering rule 1
19:37:27.214 [Test worker] INFO  ru.mai.lessons.rpks.ServiceTest - Check rule from DB
19:37:27.315 [pool-28-thread-1] INFO  r.m.l.rpks.impl.ServiceFiltering - CONFIG:Config(SimpleConfigObject({"application":{"updateIntervalSec":10},"com":{"zaxxer":{"hikari":{"pool_number":"1"}}},"db":{"driver":"org.postgresql.Driver","jdbcUrl":"jdbc:postgresql://localhost:51754/test_db?loggerLevel=OFF","password":"password","user":"user"},"file":{"encoding":"windows-1251","separator":"\\"},"java":{"class":{"path":"C:\\\\Users\\\\eliza\\\\.gradle\\\\caches\\\\7.5.1\\\\workerMain\\\\gradle-worker.jar;P:\\\\Projects\\\\JetBrains\\\\IntelliJIDEA\\\\RPKS_2\\\\git_Clone\\\\JavaServiceFiltering\\\\build\\\\classes\\\\java\\\\test;P:\\\\Projects\\\\JetBrains\\\\IntelliJIDEA\\\\RPKS_2\\\\git_Clone\\\\JavaServiceFiltering\\\\build\\\\resources\\\\test;P:\\\\Projects\\\\JetBrains\\\\IntelliJIDEA\\\\RPKS_2\\\\git_Clone\\\\JavaServiceFiltering\\\\build\\\\classes\\\\java\\\\main;P:\\\\Projects\\\\JetBrains\\\\IntelliJIDEA\\\\RPKS_2\\\\git_Clone\\\\JavaServiceFiltering\\\\build\\\\resources\\\\main;C:\\\\Users\\\\eliza\\\\.gradle\\\\caches\\\\modules-2\\\\files-2.1\\\\org.apache.kafka\\\\kafka-clients\\\\3.4.0\\\\69aebfca9da335f6617f9e5e7a4b45f16e8c86b5\\\\kafka-clients-3.4.0.jar;C:\\\\Users\\\\eliza\\\\.gradle\\\\caches\\\\modules-2\\\\files-2.1\\\\ch.qos.logback\\\\logback-classic\\\\1.4.5\\\\28e7dc0b208d6c3f15beefd73976e064b4ecfa9b\\\\logback-classic-1.4.5.jar;C:\\\\Users\\\\eliza\\\\.gradle\\\\caches\\\\modules-2\\\\files-2.1\\\\com.typesafe\\\\config\\\\1.4.2\\\\4c40a633e7994cfb0354244efb6d03fcb11c3ecf\\\\config-1.4.2.jar;C:\\\\Users\\\\eliza\\\\.gradle\\\\caches\\\\modules-2\\\\files-2.1\\\\org.postgresql\\\\postgresql\\\\42.5.4\\\\15015a54f15e340a9a8a6a2c5457429cb1176b8\\\\postgresql-42.5.4.jar;C:\\\\Users\\\\eliza\\\\.gradle\\\\caches\\\\modules-2\\\\files-2.1\\\\com.zaxxer\\\\HikariCP\\\\5.0.1\\\\a74c7f0a37046846e88d54f7cb6ea6d565c65f9c\\\\HikariCP-5.0.1.jar;C:\\\\Users\\\\eliza\\\\.gradle\\\\caches\\\\modules-2\\\\files-2.1\\\\org.jooq\\\\jooq\\\\3.17.8\\\\6add040365183a3c0a043e11c6069a46b992df39\\\\jooq-3.17.8.jar;C:\\\\Users\\\\eliza\\\\.gradle\\\\caches\\\\modules-2\\\\files-2.1\\\\org.testcontainers\\\\junit-jupiter\\\\1.17.6\\\\94e9894bc665909e208959390ea6540309ce231e\\\\junit-jupiter-1.17.6.jar;C:\\\\Users\\\\eliza\\\\.gradle\\\\caches\\\\modules-2\\\\files-2.1\\\\org.testcontainers\\\\kafka\\\\1.17.6\\\\1975b93708e99340690690177a9c7bbf5aabc823\\\\kafka-1.17.6.jar;C:\\\\Users\\\\eliza\\\\.gradle\\\\caches\\\\modules-2\\\\files-2.1\\\\org.testcontainers\\\\postgresql\\\\1.17.6\\\\cd8aba02d8d46159ab85535d34a1e4217322f9a5\\\\postgresql-1.17.6.jar;C:\\\\Users\\\\eliza\\\\.gradle\\\\caches\\\\modules-2\\\\files-2.1\\\\org.testcontainers\\\\jdbc\\\\1.17.6\\\\1510482e46f5f70909693fc695a2369751510785\\\\jdbc-1.17.6.jar;C:\\\\Users\\\\eliza\\\\.gradle\\\\caches\\\\modules-2\\\\files-2.1\\\\org.testcontainers\\\\database-commons\\\\1.17.6\\\\8a4cd2cda51c2cc3092b1c22f4ee8148be4db410\\\\database-commons-1.17.6.jar;C:\\\\Users\\\\eliza\\\\.gradle\\\\caches\\\\modules-2\\\\files-2.1\\\\org.testcontainers\\\\testcontainers\\\\1.17.6\\\\11b28972d2d8bddd5a7d3b6e21016fbe13bc8e8b\\\\testcontainers-1.17.6.jar;C:\\\\Users\\\\eliza\\\\.gradle\\\\caches\\\\modules-2\\\\files-2.1\\\\com.github.docker-java\\\\docker-java-api\\\\3.2.13\\\\5817ef8f770cb7e740d590090bf352df9491f3c1\\\\docker-java-api-3.2.13.jar;C:\\\\Users\\\\eliza\\\\.gradle\\\\caches\\\\modules-2\\\\files-2.1\\\\com.fasterxml.jackson.core\\\\jackson-annotations\\\\2.14.2\\\\a7aae9525864930723e3453ab799521fdfd9d873\\\\jackson-annotations-2.14.2.jar;C:\\\\Users\\\\eliza\\\\.gradle\\\\caches\\\\modules-2\\\\files-2.1\\\\com.fasterxml.jackson.core\\\\jackson-core\\\\2.14.2\\\\f804090e6399ce0cf78242db086017512dd71fcc\\\\jackson-core-2.14.2.jar;C:\\\\Users\\\\eliza\\\\.gradle\\\\caches\\\\modules-2\\\\files-2.1\\\\org.junit.jupiter\\\\junit-jupiter-engine\\\\5.9.1\\\\1bf771097bde296c3ab174861954e8aafaaf2e94\\\\junit-jupiter-engine-5.9.1.jar;C:\\\\Users\\\\eliza\\\\.gradle\\\\caches\\\\modules-2\\\\files-2.1\\\\org.junit.platform\\\\junit-platform-engine\\\\1.9.1\\\\83591e5089d6cea5f324aa3ecca9b19d5a275803\\\\junit-platform-engine-1.9.1.jar;C:\\\\Users\\\\eliza\\\\.gradle\\\\caches\\\\modules-2\\\\files-2.1\\\\org.junit.platform\\\\junit-platform-commons\\\\1.9.1\\\\3145f821b5cd10abcdc5f925baa5fffa6f1b628f\\\\junit-platform-commons-1.9.1.jar;C:\\\\Users\\\\eliza\\\\.gradle\\\\caches\\\\modules-2\\\\files-2.1\\\\org.junit.jupiter\\\\junit-jupiter-api\\\\5.9.1\\\\7bb53fbc0173e9f6a9d21d58297af94b1f2f9ce1\\\\junit-jupiter-api-5.9.1.jar;C:\\\\Users\\\\eliza\\\\.gradle\\\\caches\\\\modules-2\\\\files-2.1\\\\com.github.luben\\\\zstd-jni\\\\1.5.2-1\\\\fad786abc1d1b81570e8d9a2fc8a1ef479bc27b6\\\\zstd-jni-1.5.2-1.jar;C:\\\\Users\\\\eliza\\\\.gradle\\\\caches\\\\modules-2\\\\files-2.1\\\\org.lz4\\\\lz4-java\\\\1.8.0\\\\4b986a99445e49ea5fbf5d149c4b63f6ed6c6780\\\\lz4-java-1.8.0.jar;C:\\\\Users\\\\eliza\\\\.gradle\\\\caches\\\\modules-2\\\\files-2.1\\\\org.xerial.snappy\\\\snappy-java\\\\1.1.8.4\\\\66f0d56454509f6e36175f2331572e250e04a6cc\\\\snappy-java-1.1.8.4.jar;C:\\\\Users\\\\eliza\\\\.gradle\\\\caches\\\\modules-2\\\\files-2.1\\\\com.github.docker-java\\\\docker-java-transport-zerodep\\\\3.2.13\\\\4cbc2c09d6c264767a39624066987ed4a152bc68\\\\docker-java-transport-zerodep-3.2.13.jar;C:\\\\Users\\\\eliza\\\\.gradle\\\\caches\\\\modules-2\\\\files-2.1\\\\org.slf4j\\\\slf4j-api\\\\2.0.4\\\\30d5eb5360bd113ce96f9e49e3431993bbf1b247\\\\slf4j-api-2.0.4.jar;C:\\\\Users\\\\eliza\\\\.gradle\\\\caches\\\\modules-2\\\\files-2.1\\\\ch.qos.logback\\\\logback-core\\\\1.4.5\\\\e9bb2ea70f84401314da4300343b0a246c8954da\\\\logback-core-1.4.5.jar;C:\\\\Users\\\\eliza\\\\.gradle\\\\caches\\\\modules-2\\\\files-2.1\\\\org.checkerframework\\\\checker-qual\\\\3.5.0\\\\2f50520c8abea66fbd8d26e481d3aef5c673b510\\\\checker-qual-3.5.0.jar;C:\\\\Users\\\\eliza\\\\.gradle\\\\caches\\\\modules-2\\\\files-2.1\\\\io.r2dbc\\\\r2dbc-spi\\\\0.9.1.RELEASE\\\\689338f54890e6981d9d98d059c1a94007a0b809\\\\r2dbc-spi-0.9.1.RELEASE.jar;C:\\\\Users\\\\eliza\\\\.gradle\\\\caches\\\\modules-2\\\\files-2.1\\\\jakarta.xml.bind\\\\jakarta.xml.bind-api\\\\3.0.0\\\\9275db6e21287df61690989254a0b46d8d31e99a\\\\jakarta.xml.bind-api-3.0.0.jar;C:\\\\Users\\\\eliza\\\\.gradle\\\\caches\\\\modules-2\\\\files-2.1\\\\junit\\\\junit\\\\4.13.2\\\\8ac9e16d933b6fb43bc7f576336b8f4d7eb5ba12\\\\junit-4.13.2.jar;C:\\\\Users\\\\eliza\\\\.gradle\\\\caches\\\\modules-2\\\\files-2.1\\\\org.apache.commons\\\\commons-compress\\\\1.22\\\\691a8b4e6cf4248c3bc72c8b719337d5cb7359fa\\\\commons-compress-1.22.jar;C:\\\\Users\\\\eliza\\\\.gradle\\\\caches\\\\modules-2\\\\files-2.1\\\\org.rnorth.duct-tape\\\\duct-tape\\\\1.0.8\\\\92edc22a9ab2f3e17c9bf700aaee377d50e8b530\\\\duct-tape-1.0.8.jar;C:\\\\Users\\\\eliza\\\\.gradle\\\\caches\\\\modules-2\\\\files-2.1\\\\org.reactivestreams\\\\reactive-streams\\\\1.0.3\\\\d9fb7a7926ffa635b3dcaa5049fb2bfa25b3e7d0\\\\reactive-streams-1.0.3.jar;C:\\\\Users\\\\eliza\\\\.gradle\\\\caches\\\\modules-2\\\\files-2.1\\\\com.sun.activation\\\\jakarta.activation\\\\2.0.0\\\\f4e7519148dee347c7666f336210deedb8aca09d\\\\jakarta.activation-2.0.0.jar;C:\\\\Users\\\\eliza\\\\.gradle\\\\caches\\\\modules-2\\\\files-2.1\\\\org.hamcrest\\\\hamcrest-core\\\\1.3\\\\42a25dc3219429f0e5d060061f71acb49bf010a0\\\\hamcrest-core-1.3.jar;C:\\\\Users\\\\eliza\\\\.gradle\\\\caches\\\\modules-2\\\\files-2.1\\\\org.jetbrains\\\\annotations\\\\17.0.0\\\\8ceead41f4e71821919dbdb7a9847608f1a938cb\\\\annotations-17.0.0.jar;C:\\\\Users\\\\eliza\\\\.gradle\\\\caches\\\\modules-2\\\\files-2.1\\\\com.github.docker-java\\\\docker-java-transport\\\\3.2.13\\\\e9d308d1822181a9d48c99739f5eca014ec89199\\\\docker-java-transport-3.2.13.jar;C:\\\\Users\\\\eliza\\\\.gradle\\\\caches\\\\modules-2\\\\files-2.1\\\\net.java.dev.jna\\\\jna\\\\5.8.0\\\\3551d8d827e54858214107541d3aff9c615cb615\\\\jna-5.8.0.jar;C:\\\\Users\\\\eliza\\\\.gradle\\\\caches\\\\modules-2\\\\files-2.1\\\\org.opentest4j\\\\opentest4j\\\\1.2.0\\\\28c11eb91f9b6d8e200631d46e20a7f407f2a046\\\\opentest4j-1.2.0.jar","version":"62.0"},"home":"C:\\Users\\eliza\\.jdks\\openjdk-18.0.1.1","io":{"tmpdir":"C:\\Users\\eliza\\AppData\\Local\\Temp\\"},"library":{"path":"C:\\Users\\eliza\\.jdks\\openjdk-18.0.1.1\\bin;C:\\WINDOWS\\Sun\\Java\\bin;C:\\WINDOWS\\system32;C:\\WINDOWS;;;;C:\\Windows\\system32;C:\\Windows;C:\\Windows\\System32\\Wbem;C:\\Windows\\System32\\WindowsPowerShell\\v1.0\\;C:\\Windows\\System32\\OpenSSH\\;C:\\Program Files\\Microsoft SQL Server\\150\\Tools\\Binn\\;C:\\Program Files\\dotnet\\;C:\\Program Files\\Git\\cmd;C:\\Program Files\\Git\\mingw64\\bin;C:\\Program Files\\Git\\usr\\bin;P:\\Programs\\MySql\\bin;C:\\WINDOWS\\system32;C:\\WINDOWS;C:\\WINDOWS\\System32\\Wbem;C:\\WINDOWS\\System32\\WindowsPowerShell\\v1.0\\;C:\\WINDOWS\\System32\\OpenSSH\\;C:\\Program Files\\PowerShell\\7\\;C:\\Program Files\\Docker\\Docker\\resources\\bin;C:\\Users\\eliza\\AppData\\Local\\Programs\\Python\\Python38\\Scripts\\;C:\\Users\\eliza\\AppData\\Local\\Programs\\Python\\Python38\\;C:\\Users\\eliza\\AppData\\Local\\Microsoft\\WindowsApps;P:\\Programs\\JetBrains\\PyCharm 2022.1.3\\Program Files\\JetBrains\\PyCharm 2022.1.3\\bin;;P:\\Programs\\JetBrains\\IntelliJ IDEA 2023.1.2\\bin;;P:\\Programs\\JetBrains\\CLion 2022.2.4\\bin;;C:\\Users\\eliza\\.dotnet\\tools;C:\\texlive\\2022\\bin\\win32;P:\\Programs\\JetBrains\\Rider 2022.2.4\\bin;;C:\\ProgramData\\eliza\\GitHubDesktop\\bin;C:\\Users\\eliza\\AppData\\Local\\GitHubDesktop\\bin;P:\\Programs\\JetBrains\\DataGrip 2022.2.5\\bin;;;P:\\Programs\\JetBrains\\Gateway 2023.1\\JetBrains Gateway 2023.1\\bin;;."},"runtime":{"name":"OpenJDK Runtime Environment","version":"18.0.1.1+2-6"},"specification":{"name":"Java Platform API Specification","vendor":"Oracle Corporation","version":"18"},"vendor":{"url":{"bug":"https://bugreport.java.com/bugreport/"}},"version":"18.0.1.1","vm":{"compressedOopsMode":"32-bit","info":"mixed mode, sharing","name":"OpenJDK 64-Bit Server VM","specification":{"name":"Java Virtual Machine Specification","vendor":"Oracle Corporation","version":"18"},"vendor":"Oracle Corporation","version":"18.0.1.1+2-6"}},"jdk":{"debug":"release"},"kafka":{"consumer":{"auto":{"offset":{"reset":"earliest"}},"bootstrap":{"servers":"PLAINTEXT://localhost:52491"},"group":{"id":"test_group_consumer"},"topicIn":"test_topic_in"},"producer":{"bootstrap":{"servers":"PLAINTEXT://localhost:52491"},"topicOut":"test_topic_out"}},"line":{"separator":"\r\n"},"native":{"encoding":"Cp1251"},"org":{"gradle":{"internal":{"worker":{"tmpdir":"P:\\Projects\\JetBrains\\IntelliJIDEA\\RPKS_2\\git_Clone\\JavaServiceFiltering\\build\\tmp\\test\\work"}},"native":"false","test":{"worker":"38"}}},"os":{"arch":"amd64","name":"Windows 11","version":"10.0"},"path":{"separator":";"},"sun":{"arch":{"data":{"model":"64"}},"boot":{"library":{"path":"C:\\Users\\eliza\\.jdks\\openjdk-18.0.1.1\\bin"}},"cpu":{"endian":"little","isalist":"amd64"},"io":{"unicode":{"encoding":"UnicodeLittle"}},"java":{"command":"worker.org.gradle.process.internal.worker.GradleWorkerMain 'Gradle Test Executor 38'","launcher":"SUN_STANDARD"},"jnu":{"encoding":"Cp1251"},"management":{"compiler":"HotSpot 64-Bit Tiered Compilers"},"os":{"patch":{"level":""}}},"user":{"country":"RU","dir":"P:\\Projects\\JetBrains\\IntelliJIDEA\\RPKS_2\\git_Clone\\JavaServiceFiltering","home":"C:\\Users\\eliza","language":"ru","name":"eliza","script":"","timezone":"Europe/Moscow","variant":""}}))
19:37:27.316 [pool-28-thread-1] INFO  r.m.l.rpks.impl.ServiceFiltering - CONSUMER_SETTINGS_WAS_READ: ConsumerSettings(bootstrapServers=PLAINTEXT://localhost:52491, groupId=test_group_consumer, autoOffsetReset=earliest, topicIn=test_topic_in, updateIntervalSec=100)
19:37:27.316 [pool-28-thread-1] INFO  r.m.l.rpks.impl.ServiceFiltering - PRODUCER_SETTINGS_WAS_READ: ProducerSettings(bootstrapServers=PLAINTEXT://localhost:52491, topicOut=test_topic_out, updateIntervalSec=100)
19:37:27.316 [pool-28-thread-1] INFO  r.m.l.rpks.impl.ServiceFiltering - DB_SETTINGS_WAS_READ: DBSettings(jdbcUrl=jdbc:postgresql://localhost:51754/test_db?loggerLevel=OFF, user=user, password=password, driver=org.postgresql.Driver, tableName=filter_rules)
19:37:27.316 [pool-28-thread-1] INFO  r.mai.lessons.rpks.impl.ReaderFromDB - HIKARY_CREATE
19:37:27.409 [pool-29-thread-1] INFO  r.m.lessons.rpks.impl.WriterToKafka - START_WRITE_MESSAGE_IN_KAFKA_TOPIC test_topic_out
19:37:27.428 [pool-29-thread-2] INFO  r.m.l.rpks.impl.ReaderFromKafka - CONSUMER_SETTINGS:ConsumerSettings(bootstrapServers=PLAINTEXT://localhost:52491, groupId=test_group_consumer, autoOffsetReset=earliest, topicIn=test_topic_in, updateIntervalSec=100)
19:37:27.428 [pool-29-thread-2] INFO  r.m.l.rpks.impl.ReaderFromKafka - KAFKA_CONSUMER_START_READING_FROM_TOPIC test_topic_in
19:37:27.891 [pool-28-thread-1] INFO  r.mai.lessons.rpks.impl.ReaderFromDB - HIKARY_CREATE
19:37:27.891 [pool-28-thread-1] INFO  r.mai.lessons.rpks.impl.ReaderFromDB - CONTEXT_MADE
19:37:28.021 [pool-28-thread-1] INFO  r.mai.lessons.rpks.impl.ReaderFromDB - RULLES_CREATE:2
19:37:28.021 [pool-28-thread-1] INFO  r.mai.lessons.rpks.impl.ReaderFromDB - FIND_RULE:Rule(filterId=1, ruleId=1, fieldName=name, filterFunctionName=equals, filterValue=alex)
19:37:28.021 [pool-28-thread-1] INFO  r.mai.lessons.rpks.impl.ReaderFromDB - FIND_RULE:Rule(filterId=1, ruleId=2, fieldName=age, filterFunctionName=not_equals, filterValue=18)
19:37:28.021 [pool-28-thread-1] INFO  r.mai.lessons.rpks.impl.ReaderFromDB - MAKE_RULES_FROM_DB
19:37:28.160 [pool-28-thread-1] INFO  r.m.l.rpks.impl.ServiceFiltering - ADD_RULE
19:37:28.437 [pool-28-thread-2] INFO  ru.mai.lessons.rpks.ServiceTest - Remaining attempts 10
19:37:29.054 [pool-29-thread-2] INFO  r.m.l.rpks.impl.ReaderFromKafka - MASSAGE_FROM_KAFKA_TOPIC test_topic_in : {"name":"alex", "age":20, "sex":"M"}
19:37:29.054 [pool-29-thread-2] INFO  r.m.l.rpks.impl.ReaderFromKafka - MASSAGE_FROM_KAFKA_TOPIC test_topic_in : {"name":"alex", "age":20, "sex":"M"}
19:37:29.054 [pool-29-thread-2] INFO  r.m.l.rpks.impl.ReaderFromKafka - MASSAGE_FROM_KAFKA_TOPIC test_topic_in : {"name":"no_alex", "age":18, "sex":"M"}
19:37:29.054 [pool-29-thread-2] INFO  r.m.l.rpks.impl.ReaderFromKafka - MASSAGE_FROM_KAFKA_TOPIC test_topic_in : {"name":"no_alex", "age":18, "sex":"M"}
19:37:29.054 [pool-29-thread-2] INFO  r.m.l.rpks.impl.ReaderFromKafka - MASSAGE_FROM_KAFKA_TOPIC test_topic_in : 
19:37:29.054 [pool-29-thread-2] INFO  r.m.l.rpks.impl.ReaderFromKafka - MASSAGE_FROM_KAFKA_TOPIC test_topic_in : 
19:37:29.054 [pool-29-thread-2] INFO  r.m.l.rpks.impl.ReaderFromKafka - MASSAGE_FROM_KAFKA_TOPIC test_topic_in : {"name":"alex", "age":18, "sex":"M"}
19:37:29.054 [pool-29-thread-2] INFO  r.m.l.rpks.impl.ReaderFromKafka - MASSAGE_FROM_KAFKA_TOPIC test_topic_in : {"name":"alex", "age":18, "sex":"M"}
19:37:29.054 [pool-29-thread-2] INFO  r.m.l.rpks.impl.ReaderFromKafka - MASSAGE_FROM_KAFKA_TOPIC test_topic_in : {"name":null, "age":"", "sex":"M"}
19:37:29.054 [pool-29-thread-2] INFO  r.m.l.rpks.impl.ReaderFromKafka - MASSAGE_FROM_KAFKA_TOPIC test_topic_in : {"name":null, "age":"", "sex":"M"}
19:37:29.054 [pool-29-thread-2] INFO  r.m.l.rpks.impl.ReaderFromKafka - MASSAGE_FROM_KAFKA_TOPIC test_topic_in : {"age":18, "sex":"M"}
19:37:29.054 [pool-29-thread-2] INFO  r.m.l.rpks.impl.ReaderFromKafka - MASSAGE_FROM_KAFKA_TOPIC test_topic_in : {"age":18, "sex":"M"}
19:37:29.054 [pool-29-thread-2] INFO  r.m.l.rpks.impl.ReaderFromKafka - MASSAGE_FROM_KAFKA_TOPIC test_topic_in : {"name":"", "age":-, "sex":"M"}
19:37:29.054 [pool-29-thread-2] INFO  r.m.l.rpks.impl.ReaderFromKafka - MASSAGE_FROM_KAFKA_TOPIC test_topic_in : {"name":"", "age":-, "sex":"M"}
19:37:29.054 [pool-29-thread-2] INFO  r.m.l.rpks.impl.ReaderFromKafka - MASSAGE_FROM_KAFKA_TOPIC test_topic_in : {"name":null, "age":null, "sex":"M"}
19:37:29.054 [pool-29-thread-2] INFO  r.m.l.rpks.impl.ReaderFromKafka - MASSAGE_FROM_KAFKA_TOPIC test_topic_in : {"name":null, "age":null, "sex":"M"}
19:37:29.054 [pool-29-thread-1] INFO  r.m.lessons.rpks.impl.WriterToKafka - KAFKA_PRODUCER_START_PROCESSING_MASSAGE: {"name":"alex", "age":20, "sex":"M"}
19:37:29.054 [pool-29-thread-1] INFO  r.m.l.rpks.impl.ProcessorOfRule - jsonValueOfname: alex
19:37:29.054 [pool-29-thread-1] INFO  r.m.l.rpks.impl.ProcessorOfRule - EQUALS:
19:37:29.054 [pool-29-thread-1] INFO  r.m.l.rpks.impl.ProcessorOfRule - jsonValueOfage: 20
19:37:29.054 [pool-29-thread-1] INFO  r.m.l.rpks.impl.ProcessorOfRule - NOT_EQUALS:
19:37:29.054 [pool-29-thread-1] INFO  r.m.l.rpks.impl.ProcessorOfRule - EQUALS:
19:37:29.054 [pool-29-thread-1] INFO  r.m.lessons.rpks.impl.WriterToKafka - KAFKA_PRODUCER_END_PROCESSING_MASSAGE: {"name":"alex", "age":20, "sex":"M"}
19:37:29.242 [pool-29-thread-1] INFO  r.m.lessons.rpks.impl.WriterToKafka - KAFKA_PRODUCER_SEND_MASSAGE: {"name":"alex", "age":20, "sex":"M"}
19:37:29.242 [pool-29-thread-1] INFO  r.m.lessons.rpks.impl.WriterToKafka - KAFKA_PRODUCER_START_PROCESSING_MASSAGE: {"name":"no_alex", "age":18, "sex":"M"}
19:37:29.242 [pool-29-thread-1] INFO  r.m.l.rpks.impl.ProcessorOfRule - jsonValueOfname: no_alex
19:37:29.242 [pool-29-thread-1] INFO  r.m.l.rpks.impl.ProcessorOfRule - EQUALS:
19:37:29.242 [pool-29-thread-1] INFO  r.m.lessons.rpks.impl.WriterToKafka - KAFKA_PRODUCER_END_PROCESSING_MASSAGE: {"name":"no_alex", "age":18, "sex":"M"}
19:37:29.242 [pool-29-thread-1] INFO  r.m.lessons.rpks.impl.WriterToKafka - KAFKA_PRODUCER_START_PROCESSING_MASSAGE: 
19:37:29.242 [pool-29-thread-1] WARN  r.m.lessons.rpks.impl.WriterToKafka - NOT_CORRECT_MASSAGE:
19:37:29.242 [pool-29-thread-1] INFO  r.m.lessons.rpks.impl.WriterToKafka - KAFKA_PRODUCER_END_PROCESSING_MASSAGE: 
19:37:29.242 [pool-29-thread-1] INFO  r.m.lessons.rpks.impl.WriterToKafka - KAFKA_PRODUCER_START_PROCESSING_MASSAGE: {"name":"alex", "age":18, "sex":"M"}
19:37:29.242 [pool-29-thread-1] INFO  r.m.l.rpks.impl.ProcessorOfRule - jsonValueOfname: alex
19:37:29.242 [pool-29-thread-1] INFO  r.m.l.rpks.impl.ProcessorOfRule - EQUALS:
19:37:29.242 [pool-29-thread-1] INFO  r.m.l.rpks.impl.ProcessorOfRule - jsonValueOfage: 18
19:37:29.242 [pool-29-thread-1] INFO  r.m.l.rpks.impl.ProcessorOfRule - NOT_EQUALS:
19:37:29.242 [pool-29-thread-1] INFO  r.m.l.rpks.impl.ProcessorOfRule - EQUALS:
19:37:29.242 [pool-29-thread-1] INFO  r.m.lessons.rpks.impl.WriterToKafka - KAFKA_PRODUCER_END_PROCESSING_MASSAGE: {"name":"alex", "age":18, "sex":"M"}
19:37:29.242 [pool-29-thread-1] INFO  r.m.lessons.rpks.impl.WriterToKafka - KAFKA_PRODUCER_START_PROCESSING_MASSAGE: {"name":null, "age":"", "sex":"M"}
19:37:29.242 [pool-29-thread-1] INFO  r.m.lessons.rpks.impl.WriterToKafka - KAFKA_PRODUCER_END_PROCESSING_MASSAGE: {"name":null, "age":"", "sex":"M"}
19:37:29.242 [pool-29-thread-1] INFO  r.m.lessons.rpks.impl.WriterToKafka - KAFKA_PRODUCER_START_PROCESSING_MASSAGE: {"age":18, "sex":"M"}
19:37:29.242 [pool-29-thread-1] INFO  r.m.lessons.rpks.impl.WriterToKafka - KAFKA_PRODUCER_END_PROCESSING_MASSAGE: {"age":18, "sex":"M"}
19:37:29.242 [pool-29-thread-1] INFO  r.m.lessons.rpks.impl.WriterToKafka - KAFKA_PRODUCER_START_PROCESSING_MASSAGE: {"name":"", "age":-, "sex":"M"}
19:37:29.242 [pool-29-thread-1] INFO  r.m.l.rpks.impl.ProcessorOfRule - jsonValueOfname: 
19:37:29.242 [pool-29-thread-1] INFO  r.m.l.rpks.impl.ProcessorOfRule - EQUALS:
19:37:29.242 [pool-29-thread-1] INFO  r.m.lessons.rpks.impl.WriterToKafka - KAFKA_PRODUCER_END_PROCESSING_MASSAGE: {"name":"", "age":-, "sex":"M"}
19:37:29.242 [pool-29-thread-1] INFO  r.m.lessons.rpks.impl.WriterToKafka - KAFKA_PRODUCER_START_PROCESSING_MASSAGE: {"name":null, "age":null, "sex":"M"}
19:37:29.242 [pool-29-thread-1] INFO  r.m.lessons.rpks.impl.WriterToKafka - KAFKA_PRODUCER_END_PROCESSING_MASSAGE: {"name":null, "age":null, "sex":"M"}
19:37:29.555 [pool-28-thread-2] INFO  ru.mai.lessons.rpks.ServiceTest - Remaining attempts 9
19:37:30.679 [pool-28-thread-2] INFO  ru.mai.lessons.rpks.ServiceTest - Remaining attempts 8
19:37:31.793 [pool-28-thread-2] INFO  ru.mai.lessons.rpks.ServiceTest - Remaining attempts 7
19:37:32.940 [pool-28-thread-2] INFO  ru.mai.lessons.rpks.ServiceTest - Remaining attempts 6
19:37:34.087 [pool-28-thread-2] INFO  ru.mai.lessons.rpks.ServiceTest - Remaining attempts 5
19:37:35.248 [pool-28-thread-2] INFO  ru.mai.lessons.rpks.ServiceTest - Read messages 1
19:37:35.248 [pool-28-thread-1] WARN  r.m.l.rpks.impl.ServiceFiltering - CANT_SLEEP:sleep interrupted
19:37:35.248 [pool-28-thread-1] INFO  r.mai.lessons.rpks.impl.ReaderFromDB - HIKARY_CREATE
19:37:35.736 [pool-28-thread-1] INFO  r.mai.lessons.rpks.impl.ReaderFromDB - HIKARY_CREATE
19:37:35.737 [pool-28-thread-1] INFO  r.mai.lessons.rpks.impl.ReaderFromDB - CONTEXT_MADE
19:37:35.852 [pool-28-thread-1] INFO  r.mai.lessons.rpks.impl.ReaderFromDB - RULLES_CREATE:0
19:37:35.852 [pool-28-thread-1] INFO  r.mai.lessons.rpks.impl.ReaderFromDB - MAKE_RULES_FROM_DB
19:37:35.853 [pool-28-thread-1] INFO  r.m.l.rpks.impl.ServiceFiltering - ADD_RULE
19:37:35.853 [pool-28-thread-1] WARN  r.m.l.rpks.impl.ServiceFiltering - CANT_SLEEP:sleep interrupted
19:37:35.853 [pool-28-thread-1] INFO  r.mai.lessons.rpks.impl.ReaderFromDB - HIKARY_CREATE
19:37:36.426 [pool-28-thread-1] INFO  r.mai.lessons.rpks.impl.ReaderFromDB - HIKARY_CREATE
19:37:36.427 [pool-28-thread-1] INFO  r.mai.lessons.rpks.impl.ReaderFromDB - CONTEXT_MADE
19:37:36.609 [pool-28-thread-1] INFO  r.mai.lessons.rpks.impl.ReaderFromDB - RULLES_CREATE:0
19:37:36.609 [pool-28-thread-1] INFO  r.mai.lessons.rpks.impl.ReaderFromDB - MAKE_RULES_FROM_DB
19:37:36.609 [pool-28-thread-1] INFO  r.m.l.rpks.impl.ServiceFiltering - ADD_RULE
19:37:36.609 [pool-28-thread-1] WARN  r.m.l.rpks.impl.ServiceFiltering - CANT_SLEEP:sleep interrupted
19:37:36.609 [pool-28-thread-1] INFO  r.mai.lessons.rpks.impl.ReaderFromDB - HIKARY_CREATE
19:37:37.188 [pool-28-thread-1] INFO  r.mai.lessons.rpks.impl.ReaderFromDB - HIKARY_CREATE
19:37:37.188 [pool-28-thread-1] INFO  r.mai.lessons.rpks.impl.ReaderFromDB - CONTEXT_MADE
19:37:37.323 [pool-28-thread-1] INFO  r.mai.lessons.rpks.impl.ReaderFromDB - RULLES_CREATE:0
19:37:37.323 [pool-28-thread-1] INFO  r.mai.lessons.rpks.impl.ReaderFromDB - MAKE_RULES_FROM_DB
19:37:37.324 [pool-28-thread-1] INFO  r.m.l.rpks.impl.ServiceFiltering - ADD_RULE
19:37:37.324 [pool-28-thread-1] WARN  r.m.l.rpks.impl.ServiceFiltering - CANT_SLEEP:sleep interrupted
19:37:37.324 [pool-28-thread-1] INFO  r.mai.lessons.rpks.impl.ReaderFromDB - HIKARY_CREATE
19:37:37.813 [pool-28-thread-1] INFO  r.mai.lessons.rpks.impl.ReaderFromDB - HIKARY_CREATE
19:37:37.813 [pool-28-thread-1] INFO  r.mai.lessons.rpks.impl.ReaderFromDB - CONTEXT_MADE
19:37:37.942 [pool-28-thread-1] INFO  r.mai.lessons.rpks.impl.ReaderFromDB - RULLES_CREATE:0
19:37:37.942 [pool-28-thread-1] INFO  r.mai.lessons.rpks.impl.ReaderFromDB - MAKE_RULES_FROM_DB
19:37:37.942 [pool-28-thread-1] INFO  r.m.l.rpks.impl.ServiceFiltering - ADD_RULE
19:37:37.942 [pool-28-thread-1] WARN  r.m.l.rpks.impl.ServiceFiltering - CANT_SLEEP:sleep interrupted
19:37:37.942 [pool-28-thread-1] INFO  r.mai.lessons.rpks.impl.ReaderFromDB - HIKARY_CREATE
19:37:38.474 [pool-28-thread-1] INFO  r.mai.lessons.rpks.impl.ReaderFromDB - HIKARY_CREATE
19:37:38.474 [pool-28-thread-1] INFO  r.mai.lessons.rpks.impl.ReaderFromDB - CONTEXT_MADE
19:37:38.595 [pool-28-thread-1] INFO  r.mai.lessons.rpks.impl.ReaderFromDB - RULLES_CREATE:0
19:37:38.595 [pool-28-thread-1] INFO  r.mai.lessons.rpks.impl.ReaderFromDB - MAKE_RULES_FROM_DB
19:37:38.595 [pool-28-thread-1] INFO  r.m.l.rpks.impl.ServiceFiltering - ADD_RULE
19:37:38.596 [pool-28-thread-1] WARN  r.m.l.rpks.impl.ServiceFiltering - CANT_SLEEP:sleep interrupted
19:37:38.596 [pool-28-thread-1] INFO  r.mai.lessons.rpks.impl.ReaderFromDB - HIKARY_CREATE
19:37:39.101 [pool-28-thread-1] INFO  r.mai.lessons.rpks.impl.ReaderFromDB - HIKARY_CREATE
19:37:39.101 [pool-28-thread-1] INFO  r.mai.lessons.rpks.impl.ReaderFromDB - CONTEXT_MADE
19:37:39.287 [pool-28-thread-1] INFO  r.mai.lessons.rpks.impl.ReaderFromDB - RULLES_CREATE:0
19:37:39.287 [pool-28-thread-1] INFO  r.mai.lessons.rpks.impl.ReaderFromDB - MAKE_RULES_FROM_DB
19:37:39.288 [pool-28-thread-1] INFO  r.m.l.rpks.impl.ServiceFiltering - ADD_RULE
19:37:39.288 [pool-28-thread-1] WARN  r.m.l.rpks.impl.ServiceFiltering - CANT_SLEEP:sleep interrupted
19:37:39.288 [pool-28-thread-1] INFO  r.mai.lessons.rpks.impl.ReaderFromDB - HIKARY_CREATE
19:37:40.157 [pool-28-thread-1] INFO  r.mai.lessons.rpks.impl.ReaderFromDB - HIKARY_CREATE
19:37:40.157 [pool-28-thread-1] INFO  r.mai.lessons.rpks.impl.ReaderFromDB - CONTEXT_MADE
19:37:40.311 [pool-28-thread-1] INFO  r.mai.lessons.rpks.impl.ReaderFromDB - RULLES_CREATE:0
19:37:40.311 [pool-28-thread-1] INFO  r.mai.lessons.rpks.impl.ReaderFromDB - MAKE_RULES_FROM_DB
19:37:40.311 [pool-28-thread-1] INFO  r.m.l.rpks.impl.ServiceFiltering - ADD_RULE
19:37:40.311 [pool-28-thread-1] WARN  r.m.l.rpks.impl.ServiceFiltering - CANT_SLEEP:sleep interrupted
19:37:40.312 [pool-28-thread-1] INFO  r.mai.lessons.rpks.impl.ReaderFromDB - HIKARY_CREATE
19:37:41.012 [pool-28-thread-1] ERROR com.zaxxer.hikari.pool.HikariPool - HikariPool-172 - Error thrown while acquiring connection from data source
org.postgresql.util.PSQLException: Соединение уже было закрыто
	at org.postgresql.jdbc.PgConnection.checkClosed(PgConnection.java:956)
	at org.postgresql.jdbc.PgConnection.setTransactionIsolation(PgConnection.java:1015)
	at com.zaxxer.hikari.pool.PoolBase.setupConnection(PoolBase.java:414)
	at com.zaxxer.hikari.pool.PoolBase.newConnection(PoolBase.java:364)
	at com.zaxxer.hikari.pool.PoolBase.newPoolEntry(PoolBase.java:201)
	at com.zaxxer.hikari.pool.HikariPool.createPoolEntry(HikariPool.java:470)
	at com.zaxxer.hikari.pool.HikariPool.checkFailFast(HikariPool.java:561)
	at com.zaxxer.hikari.pool.HikariPool.<init>(HikariPool.java:100)
	at com.zaxxer.hikari.HikariDataSource.<init>(HikariDataSource.java:81)
	at ru.mai.lessons.rpks.impl.ReaderFromDB.readRulesFromDB(ReaderFromDB.java:29)
	at ru.mai.lessons.rpks.impl.ServiceFiltering.start(ServiceFiltering.java:43)
	at ru.mai.lessons.rpks.ServiceTest.lambda$testStartService$49(ServiceTest.java:1335)
	at java.base/java.util.concurrent.FutureTask.run(FutureTask.java:264)
	at java.base/java.util.concurrent.ThreadPoolExecutor.runWorker(ThreadPoolExecutor.java:1136)
	at java.base/java.util.concurrent.ThreadPoolExecutor$Worker.run(ThreadPoolExecutor.java:635)
	at java.base/java.lang.Thread.run(Thread.java:833)
19:37:41.014 [pool-28-thread-1] ERROR com.zaxxer.hikari.pool.HikariPool - HikariPool-172 - Exception during pool initialization.
org.postgresql.util.PSQLException: Соединение уже было закрыто
	at org.postgresql.jdbc.PgConnection.checkClosed(PgConnection.java:956)
	at org.postgresql.jdbc.PgConnection.setTransactionIsolation(PgConnection.java:1015)
	at com.zaxxer.hikari.pool.PoolBase.setupConnection(PoolBase.java:414)
	at com.zaxxer.hikari.pool.PoolBase.newConnection(PoolBase.java:364)
	at com.zaxxer.hikari.pool.PoolBase.newPoolEntry(PoolBase.java:201)
	at com.zaxxer.hikari.pool.HikariPool.createPoolEntry(HikariPool.java:470)
	at com.zaxxer.hikari.pool.HikariPool.checkFailFast(HikariPool.java:561)
	at com.zaxxer.hikari.pool.HikariPool.<init>(HikariPool.java:100)
	at com.zaxxer.hikari.HikariDataSource.<init>(HikariDataSource.java:81)
	at ru.mai.lessons.rpks.impl.ReaderFromDB.readRulesFromDB(ReaderFromDB.java:29)
	at ru.mai.lessons.rpks.impl.ServiceFiltering.start(ServiceFiltering.java:43)
	at ru.mai.lessons.rpks.ServiceTest.lambda$testStartService$49(ServiceTest.java:1335)
	at java.base/java.util.concurrent.FutureTask.run(FutureTask.java:264)
	at java.base/java.util.concurrent.ThreadPoolExecutor.runWorker(ThreadPoolExecutor.java:1136)
	at java.base/java.util.concurrent.ThreadPoolExecutor$Worker.run(ThreadPoolExecutor.java:635)
	at java.base/java.lang.Thread.run(Thread.java:833)
19:38:52.225 [Test worker] INFO  ru.mai.lessons.rpks.ServiceTest - Topics: [(name=test_topic_in, numPartitions=3, replicationFactor=1, replicasAssignments=null, configs=null), (name=test_topic_out, numPartitions=3, replicationFactor=1, replicasAssignments=null, configs=null)], replica factor 1, partitions 3
19:38:52.646 [Test worker] INFO  ru.mai.lessons.rpks.ServiceTest - Topic not exist. Create topics [(name=test_topic_in, numPartitions=3, replicationFactor=1, replicasAssignments=null, configs=null), (name=test_topic_out, numPartitions=3, replicationFactor=1, replicasAssignments=null, configs=null)]
19:38:55.851 [Test worker] INFO  ru.mai.lessons.rpks.ServiceTest - Create filtering rule 1
19:38:56.489 [Test worker] INFO  ru.mai.lessons.rpks.ServiceTest - Check rule from DB
19:38:56.557 [Test worker] INFO  ru.mai.lessons.rpks.ServiceTest - Create filtering rule 1
19:38:56.838 [Test worker] INFO  ru.mai.lessons.rpks.ServiceTest - Check rule from DB
19:38:56.960 [pool-30-thread-1] INFO  r.m.l.rpks.impl.ServiceFiltering - CONFIG:Config(SimpleConfigObject({"application":{"updateIntervalSec":10},"com":{"zaxxer":{"hikari":{"pool_number":"1"}}},"db":{"driver":"org.postgresql.Driver","jdbcUrl":"jdbc:postgresql://localhost:54401/test_db?loggerLevel=OFF","password":"password","user":"user"},"file":{"encoding":"windows-1251","separator":"\\"},"java":{"class":{"path":"C:\\\\Users\\\\eliza\\\\.gradle\\\\caches\\\\7.5.1\\\\workerMain\\\\gradle-worker.jar;P:\\\\Projects\\\\JetBrains\\\\IntelliJIDEA\\\\RPKS_2\\\\git_Clone\\\\JavaServiceFiltering\\\\build\\\\classes\\\\java\\\\test;P:\\\\Projects\\\\JetBrains\\\\IntelliJIDEA\\\\RPKS_2\\\\git_Clone\\\\JavaServiceFiltering\\\\build\\\\resources\\\\test;P:\\\\Projects\\\\JetBrains\\\\IntelliJIDEA\\\\RPKS_2\\\\git_Clone\\\\JavaServiceFiltering\\\\build\\\\classes\\\\java\\\\main;P:\\\\Projects\\\\JetBrains\\\\IntelliJIDEA\\\\RPKS_2\\\\git_Clone\\\\JavaServiceFiltering\\\\build\\\\resources\\\\main;C:\\\\Users\\\\eliza\\\\.gradle\\\\caches\\\\modules-2\\\\files-2.1\\\\org.apache.kafka\\\\kafka-clients\\\\3.4.0\\\\69aebfca9da335f6617f9e5e7a4b45f16e8c86b5\\\\kafka-clients-3.4.0.jar;C:\\\\Users\\\\eliza\\\\.gradle\\\\caches\\\\modules-2\\\\files-2.1\\\\ch.qos.logback\\\\logback-classic\\\\1.4.5\\\\28e7dc0b208d6c3f15beefd73976e064b4ecfa9b\\\\logback-classic-1.4.5.jar;C:\\\\Users\\\\eliza\\\\.gradle\\\\caches\\\\modules-2\\\\files-2.1\\\\com.typesafe\\\\config\\\\1.4.2\\\\4c40a633e7994cfb0354244efb6d03fcb11c3ecf\\\\config-1.4.2.jar;C:\\\\Users\\\\eliza\\\\.gradle\\\\caches\\\\modules-2\\\\files-2.1\\\\org.postgresql\\\\postgresql\\\\42.5.4\\\\15015a54f15e340a9a8a6a2c5457429cb1176b8\\\\postgresql-42.5.4.jar;C:\\\\Users\\\\eliza\\\\.gradle\\\\caches\\\\modules-2\\\\files-2.1\\\\com.zaxxer\\\\HikariCP\\\\5.0.1\\\\a74c7f0a37046846e88d54f7cb6ea6d565c65f9c\\\\HikariCP-5.0.1.jar;C:\\\\Users\\\\eliza\\\\.gradle\\\\caches\\\\modules-2\\\\files-2.1\\\\org.jooq\\\\jooq\\\\3.17.8\\\\6add040365183a3c0a043e11c6069a46b992df39\\\\jooq-3.17.8.jar;C:\\\\Users\\\\eliza\\\\.gradle\\\\caches\\\\modules-2\\\\files-2.1\\\\org.testcontainers\\\\junit-jupiter\\\\1.17.6\\\\94e9894bc665909e208959390ea6540309ce231e\\\\junit-jupiter-1.17.6.jar;C:\\\\Users\\\\eliza\\\\.gradle\\\\caches\\\\modules-2\\\\files-2.1\\\\org.testcontainers\\\\kafka\\\\1.17.6\\\\1975b93708e99340690690177a9c7bbf5aabc823\\\\kafka-1.17.6.jar;C:\\\\Users\\\\eliza\\\\.gradle\\\\caches\\\\modules-2\\\\files-2.1\\\\org.testcontainers\\\\postgresql\\\\1.17.6\\\\cd8aba02d8d46159ab85535d34a1e4217322f9a5\\\\postgresql-1.17.6.jar;C:\\\\Users\\\\eliza\\\\.gradle\\\\caches\\\\modules-2\\\\files-2.1\\\\org.testcontainers\\\\jdbc\\\\1.17.6\\\\1510482e46f5f70909693fc695a2369751510785\\\\jdbc-1.17.6.jar;C:\\\\Users\\\\eliza\\\\.gradle\\\\caches\\\\modules-2\\\\files-2.1\\\\org.testcontainers\\\\database-commons\\\\1.17.6\\\\8a4cd2cda51c2cc3092b1c22f4ee8148be4db410\\\\database-commons-1.17.6.jar;C:\\\\Users\\\\eliza\\\\.gradle\\\\caches\\\\modules-2\\\\files-2.1\\\\org.testcontainers\\\\testcontainers\\\\1.17.6\\\\11b28972d2d8bddd5a7d3b6e21016fbe13bc8e8b\\\\testcontainers-1.17.6.jar;C:\\\\Users\\\\eliza\\\\.gradle\\\\caches\\\\modules-2\\\\files-2.1\\\\com.github.docker-java\\\\docker-java-api\\\\3.2.13\\\\5817ef8f770cb7e740d590090bf352df9491f3c1\\\\docker-java-api-3.2.13.jar;C:\\\\Users\\\\eliza\\\\.gradle\\\\caches\\\\modules-2\\\\files-2.1\\\\com.fasterxml.jackson.core\\\\jackson-annotations\\\\2.14.2\\\\a7aae9525864930723e3453ab799521fdfd9d873\\\\jackson-annotations-2.14.2.jar;C:\\\\Users\\\\eliza\\\\.gradle\\\\caches\\\\modules-2\\\\files-2.1\\\\com.fasterxml.jackson.core\\\\jackson-core\\\\2.14.2\\\\f804090e6399ce0cf78242db086017512dd71fcc\\\\jackson-core-2.14.2.jar;C:\\\\Users\\\\eliza\\\\.gradle\\\\caches\\\\modules-2\\\\files-2.1\\\\org.junit.jupiter\\\\junit-jupiter-engine\\\\5.9.1\\\\1bf771097bde296c3ab174861954e8aafaaf2e94\\\\junit-jupiter-engine-5.9.1.jar;C:\\\\Users\\\\eliza\\\\.gradle\\\\caches\\\\modules-2\\\\files-2.1\\\\org.junit.platform\\\\junit-platform-engine\\\\1.9.1\\\\83591e5089d6cea5f324aa3ecca9b19d5a275803\\\\junit-platform-engine-1.9.1.jar;C:\\\\Users\\\\eliza\\\\.gradle\\\\caches\\\\modules-2\\\\files-2.1\\\\org.junit.platform\\\\junit-platform-commons\\\\1.9.1\\\\3145f821b5cd10abcdc5f925baa5fffa6f1b628f\\\\junit-platform-commons-1.9.1.jar;C:\\\\Users\\\\eliza\\\\.gradle\\\\caches\\\\modules-2\\\\files-2.1\\\\org.junit.jupiter\\\\junit-jupiter-api\\\\5.9.1\\\\7bb53fbc0173e9f6a9d21d58297af94b1f2f9ce1\\\\junit-jupiter-api-5.9.1.jar;C:\\\\Users\\\\eliza\\\\.gradle\\\\caches\\\\modules-2\\\\files-2.1\\\\com.github.luben\\\\zstd-jni\\\\1.5.2-1\\\\fad786abc1d1b81570e8d9a2fc8a1ef479bc27b6\\\\zstd-jni-1.5.2-1.jar;C:\\\\Users\\\\eliza\\\\.gradle\\\\caches\\\\modules-2\\\\files-2.1\\\\org.lz4\\\\lz4-java\\\\1.8.0\\\\4b986a99445e49ea5fbf5d149c4b63f6ed6c6780\\\\lz4-java-1.8.0.jar;C:\\\\Users\\\\eliza\\\\.gradle\\\\caches\\\\modules-2\\\\files-2.1\\\\org.xerial.snappy\\\\snappy-java\\\\1.1.8.4\\\\66f0d56454509f6e36175f2331572e250e04a6cc\\\\snappy-java-1.1.8.4.jar;C:\\\\Users\\\\eliza\\\\.gradle\\\\caches\\\\modules-2\\\\files-2.1\\\\com.github.docker-java\\\\docker-java-transport-zerodep\\\\3.2.13\\\\4cbc2c09d6c264767a39624066987ed4a152bc68\\\\docker-java-transport-zerodep-3.2.13.jar;C:\\\\Users\\\\eliza\\\\.gradle\\\\caches\\\\modules-2\\\\files-2.1\\\\org.slf4j\\\\slf4j-api\\\\2.0.4\\\\30d5eb5360bd113ce96f9e49e3431993bbf1b247\\\\slf4j-api-2.0.4.jar;C:\\\\Users\\\\eliza\\\\.gradle\\\\caches\\\\modules-2\\\\files-2.1\\\\ch.qos.logback\\\\logback-core\\\\1.4.5\\\\e9bb2ea70f84401314da4300343b0a246c8954da\\\\logback-core-1.4.5.jar;C:\\\\Users\\\\eliza\\\\.gradle\\\\caches\\\\modules-2\\\\files-2.1\\\\org.checkerframework\\\\checker-qual\\\\3.5.0\\\\2f50520c8abea66fbd8d26e481d3aef5c673b510\\\\checker-qual-3.5.0.jar;C:\\\\Users\\\\eliza\\\\.gradle\\\\caches\\\\modules-2\\\\files-2.1\\\\io.r2dbc\\\\r2dbc-spi\\\\0.9.1.RELEASE\\\\689338f54890e6981d9d98d059c1a94007a0b809\\\\r2dbc-spi-0.9.1.RELEASE.jar;C:\\\\Users\\\\eliza\\\\.gradle\\\\caches\\\\modules-2\\\\files-2.1\\\\jakarta.xml.bind\\\\jakarta.xml.bind-api\\\\3.0.0\\\\9275db6e21287df61690989254a0b46d8d31e99a\\\\jakarta.xml.bind-api-3.0.0.jar;C:\\\\Users\\\\eliza\\\\.gradle\\\\caches\\\\modules-2\\\\files-2.1\\\\junit\\\\junit\\\\4.13.2\\\\8ac9e16d933b6fb43bc7f576336b8f4d7eb5ba12\\\\junit-4.13.2.jar;C:\\\\Users\\\\eliza\\\\.gradle\\\\caches\\\\modules-2\\\\files-2.1\\\\org.apache.commons\\\\commons-compress\\\\1.22\\\\691a8b4e6cf4248c3bc72c8b719337d5cb7359fa\\\\commons-compress-1.22.jar;C:\\\\Users\\\\eliza\\\\.gradle\\\\caches\\\\modules-2\\\\files-2.1\\\\org.rnorth.duct-tape\\\\duct-tape\\\\1.0.8\\\\92edc22a9ab2f3e17c9bf700aaee377d50e8b530\\\\duct-tape-1.0.8.jar;C:\\\\Users\\\\eliza\\\\.gradle\\\\caches\\\\modules-2\\\\files-2.1\\\\org.reactivestreams\\\\reactive-streams\\\\1.0.3\\\\d9fb7a7926ffa635b3dcaa5049fb2bfa25b3e7d0\\\\reactive-streams-1.0.3.jar;C:\\\\Users\\\\eliza\\\\.gradle\\\\caches\\\\modules-2\\\\files-2.1\\\\com.sun.activation\\\\jakarta.activation\\\\2.0.0\\\\f4e7519148dee347c7666f336210deedb8aca09d\\\\jakarta.activation-2.0.0.jar;C:\\\\Users\\\\eliza\\\\.gradle\\\\caches\\\\modules-2\\\\files-2.1\\\\org.hamcrest\\\\hamcrest-core\\\\1.3\\\\42a25dc3219429f0e5d060061f71acb49bf010a0\\\\hamcrest-core-1.3.jar;C:\\\\Users\\\\eliza\\\\.gradle\\\\caches\\\\modules-2\\\\files-2.1\\\\org.jetbrains\\\\annotations\\\\17.0.0\\\\8ceead41f4e71821919dbdb7a9847608f1a938cb\\\\annotations-17.0.0.jar;C:\\\\Users\\\\eliza\\\\.gradle\\\\caches\\\\modules-2\\\\files-2.1\\\\com.github.docker-java\\\\docker-java-transport\\\\3.2.13\\\\e9d308d1822181a9d48c99739f5eca014ec89199\\\\docker-java-transport-3.2.13.jar;C:\\\\Users\\\\eliza\\\\.gradle\\\\caches\\\\modules-2\\\\files-2.1\\\\net.java.dev.jna\\\\jna\\\\5.8.0\\\\3551d8d827e54858214107541d3aff9c615cb615\\\\jna-5.8.0.jar;C:\\\\Users\\\\eliza\\\\.gradle\\\\caches\\\\modules-2\\\\files-2.1\\\\org.opentest4j\\\\opentest4j\\\\1.2.0\\\\28c11eb91f9b6d8e200631d46e20a7f407f2a046\\\\opentest4j-1.2.0.jar","version":"62.0"},"home":"C:\\Users\\eliza\\.jdks\\openjdk-18.0.1.1","io":{"tmpdir":"C:\\Users\\eliza\\AppData\\Local\\Temp\\"},"library":{"path":"C:\\Users\\eliza\\.jdks\\openjdk-18.0.1.1\\bin;C:\\WINDOWS\\Sun\\Java\\bin;C:\\WINDOWS\\system32;C:\\WINDOWS;;;;C:\\Windows\\system32;C:\\Windows;C:\\Windows\\System32\\Wbem;C:\\Windows\\System32\\WindowsPowerShell\\v1.0\\;C:\\Windows\\System32\\OpenSSH\\;C:\\Program Files\\Microsoft SQL Server\\150\\Tools\\Binn\\;C:\\Program Files\\dotnet\\;C:\\Program Files\\Git\\cmd;C:\\Program Files\\Git\\mingw64\\bin;C:\\Program Files\\Git\\usr\\bin;P:\\Programs\\MySql\\bin;C:\\WINDOWS\\system32;C:\\WINDOWS;C:\\WINDOWS\\System32\\Wbem;C:\\WINDOWS\\System32\\WindowsPowerShell\\v1.0\\;C:\\WINDOWS\\System32\\OpenSSH\\;C:\\Program Files\\PowerShell\\7\\;C:\\Program Files\\Docker\\Docker\\resources\\bin;C:\\Users\\eliza\\AppData\\Local\\Programs\\Python\\Python38\\Scripts\\;C:\\Users\\eliza\\AppData\\Local\\Programs\\Python\\Python38\\;C:\\Users\\eliza\\AppData\\Local\\Microsoft\\WindowsApps;P:\\Programs\\JetBrains\\PyCharm 2022.1.3\\Program Files\\JetBrains\\PyCharm 2022.1.3\\bin;;P:\\Programs\\JetBrains\\IntelliJ IDEA 2023.1.2\\bin;;P:\\Programs\\JetBrains\\CLion 2022.2.4\\bin;;C:\\Users\\eliza\\.dotnet\\tools;C:\\texlive\\2022\\bin\\win32;P:\\Programs\\JetBrains\\Rider 2022.2.4\\bin;;C:\\ProgramData\\eliza\\GitHubDesktop\\bin;C:\\Users\\eliza\\AppData\\Local\\GitHubDesktop\\bin;P:\\Programs\\JetBrains\\DataGrip 2022.2.5\\bin;;;P:\\Programs\\JetBrains\\Gateway 2023.1\\JetBrains Gateway 2023.1\\bin;;."},"runtime":{"name":"OpenJDK Runtime Environment","version":"18.0.1.1+2-6"},"specification":{"name":"Java Platform API Specification","vendor":"Oracle Corporation","version":"18"},"vendor":{"url":{"bug":"https://bugreport.java.com/bugreport/"}},"version":"18.0.1.1","vm":{"compressedOopsMode":"32-bit","info":"mixed mode, sharing","name":"OpenJDK 64-Bit Server VM","specification":{"name":"Java Virtual Machine Specification","vendor":"Oracle Corporation","version":"18"},"vendor":"Oracle Corporation","version":"18.0.1.1+2-6"}},"jdk":{"debug":"release"},"kafka":{"consumer":{"auto":{"offset":{"reset":"earliest"}},"bootstrap":{"servers":"PLAINTEXT://localhost:55178"},"group":{"id":"test_group_consumer"},"topicIn":"test_topic_in"},"producer":{"bootstrap":{"servers":"PLAINTEXT://localhost:55178"},"topicOut":"test_topic_out"}},"line":{"separator":"\r\n"},"native":{"encoding":"Cp1251"},"org":{"gradle":{"internal":{"worker":{"tmpdir":"P:\\Projects\\JetBrains\\IntelliJIDEA\\RPKS_2\\git_Clone\\JavaServiceFiltering\\build\\tmp\\test\\work"}},"native":"false","test":{"worker":"38"}}},"os":{"arch":"amd64","name":"Windows 11","version":"10.0"},"path":{"separator":";"},"sun":{"arch":{"data":{"model":"64"}},"boot":{"library":{"path":"C:\\Users\\eliza\\.jdks\\openjdk-18.0.1.1\\bin"}},"cpu":{"endian":"little","isalist":"amd64"},"io":{"unicode":{"encoding":"UnicodeLittle"}},"java":{"command":"worker.org.gradle.process.internal.worker.GradleWorkerMain 'Gradle Test Executor 38'","launcher":"SUN_STANDARD"},"jnu":{"encoding":"Cp1251"},"management":{"compiler":"HotSpot 64-Bit Tiered Compilers"},"os":{"patch":{"level":""}}},"user":{"country":"RU","dir":"P:\\Projects\\JetBrains\\IntelliJIDEA\\RPKS_2\\git_Clone\\JavaServiceFiltering","home":"C:\\Users\\eliza","language":"ru","name":"eliza","script":"","timezone":"Europe/Moscow","variant":""}}))
19:38:56.960 [pool-30-thread-1] INFO  r.m.l.rpks.impl.ServiceFiltering - CONSUMER_SETTINGS_WAS_READ: ConsumerSettings(bootstrapServers=PLAINTEXT://localhost:55178, groupId=test_group_consumer, autoOffsetReset=earliest, topicIn=test_topic_in, updateIntervalSec=100)
19:38:56.960 [pool-30-thread-1] INFO  r.m.l.rpks.impl.ServiceFiltering - PRODUCER_SETTINGS_WAS_READ: ProducerSettings(bootstrapServers=PLAINTEXT://localhost:55178, topicOut=test_topic_out, updateIntervalSec=100)
19:38:56.960 [pool-30-thread-1] INFO  r.m.l.rpks.impl.ServiceFiltering - DB_SETTINGS_WAS_READ: DBSettings(jdbcUrl=jdbc:postgresql://localhost:54401/test_db?loggerLevel=OFF, user=user, password=password, driver=org.postgresql.Driver, tableName=filter_rules)
19:38:56.962 [pool-30-thread-1] INFO  r.mai.lessons.rpks.impl.ReaderFromDB - HIKARY_CREATE
19:38:57.024 [pool-31-thread-1] INFO  r.m.lessons.rpks.impl.WriterToKafka - START_WRITE_MESSAGE_IN_KAFKA_TOPIC test_topic_out
19:38:57.064 [pool-31-thread-2] INFO  r.m.l.rpks.impl.ReaderFromKafka - CONSUMER_SETTINGS:ConsumerSettings(bootstrapServers=PLAINTEXT://localhost:55178, groupId=test_group_consumer, autoOffsetReset=earliest, topicIn=test_topic_in, updateIntervalSec=100)
19:38:57.065 [pool-31-thread-2] INFO  r.m.l.rpks.impl.ReaderFromKafka - KAFKA_CONSUMER_START_READING_FROM_TOPIC test_topic_in
19:38:57.556 [pool-30-thread-1] INFO  r.mai.lessons.rpks.impl.ReaderFromDB - HIKARY_CREATE
19:38:57.556 [pool-30-thread-1] INFO  r.mai.lessons.rpks.impl.ReaderFromDB - CONTEXT_MADE
19:38:57.794 [pool-30-thread-1] INFO  r.mai.lessons.rpks.impl.ReaderFromDB - RULLES_CREATE:2
19:38:57.794 [pool-30-thread-1] INFO  r.mai.lessons.rpks.impl.ReaderFromDB - FIND_RULE:Rule(filterId=1, ruleId=1, fieldName=name, filterFunctionName=contains, filterValue=alexander)
19:38:57.794 [pool-30-thread-1] INFO  r.mai.lessons.rpks.impl.ReaderFromDB - FIND_RULE:Rule(filterId=1, ruleId=2, fieldName=name, filterFunctionName=contains, filterValue=pushkin)
19:38:57.794 [pool-30-thread-1] INFO  r.mai.lessons.rpks.impl.ReaderFromDB - MAKE_RULES_FROM_DB
19:38:57.939 [pool-30-thread-1] INFO  r.m.l.rpks.impl.ServiceFiltering - ADD_RULE
19:38:58.170 [pool-30-thread-2] INFO  ru.mai.lessons.rpks.ServiceTest - Remaining attempts 10
19:38:59.269 [pool-31-thread-2] INFO  r.m.l.rpks.impl.ReaderFromKafka - MASSAGE_FROM_KAFKA_TOPIC test_topic_in : {"name":null, "age":18, "sex":"M"}
19:38:59.269 [pool-31-thread-2] INFO  r.m.l.rpks.impl.ReaderFromKafka - MASSAGE_FROM_KAFKA_TOPIC test_topic_in : {"name":null, "age":18, "sex":"M"}
19:38:59.269 [pool-31-thread-1] INFO  r.m.lessons.rpks.impl.WriterToKafka - KAFKA_PRODUCER_START_PROCESSING_MASSAGE: {"name":null, "age":18, "sex":"M"}
19:38:59.269 [pool-31-thread-2] INFO  r.m.l.rpks.impl.ReaderFromKafka - MASSAGE_FROM_KAFKA_TOPIC test_topic_in : {"name":"", "age":18, "sex":"M"}
19:38:59.269 [pool-31-thread-2] INFO  r.m.l.rpks.impl.ReaderFromKafka - MASSAGE_FROM_KAFKA_TOPIC test_topic_in : {"name":"", "age":18, "sex":"M"}
19:38:59.269 [pool-31-thread-2] INFO  r.m.l.rpks.impl.ReaderFromKafka - MASSAGE_FROM_KAFKA_TOPIC test_topic_in : {"name":"pushkin", "age":18, "sex":"M"}
19:38:59.269 [pool-31-thread-2] INFO  r.m.l.rpks.impl.ReaderFromKafka - MASSAGE_FROM_KAFKA_TOPIC test_topic_in : {"name":"pushkin", "age":18, "sex":"M"}
19:38:59.269 [pool-31-thread-2] INFO  r.m.l.rpks.impl.ReaderFromKafka - MASSAGE_FROM_KAFKA_TOPIC test_topic_in : {"name":"alexander", "age":18, "sex":"M"}
19:38:59.269 [pool-31-thread-2] INFO  r.m.l.rpks.impl.ReaderFromKafka - MASSAGE_FROM_KAFKA_TOPIC test_topic_in : {"name":"alexander", "age":18, "sex":"M"}
19:38:59.269 [pool-31-thread-2] INFO  r.m.l.rpks.impl.ReaderFromKafka - MASSAGE_FROM_KAFKA_TOPIC test_topic_in : 
19:38:59.269 [pool-31-thread-2] INFO  r.m.l.rpks.impl.ReaderFromKafka - MASSAGE_FROM_KAFKA_TOPIC test_topic_in : 
19:38:59.269 [pool-31-thread-2] INFO  r.m.l.rpks.impl.ReaderFromKafka - MASSAGE_FROM_KAFKA_TOPIC test_topic_in : {"age":18, "sex":"M"}
19:38:59.269 [pool-31-thread-2] INFO  r.m.l.rpks.impl.ReaderFromKafka - MASSAGE_FROM_KAFKA_TOPIC test_topic_in : {"age":18, "sex":"M"}
19:38:59.269 [pool-31-thread-2] INFO  r.m.l.rpks.impl.ReaderFromKafka - MASSAGE_FROM_KAFKA_TOPIC test_topic_in : {"name":"alexander_pushkin", "age":18, "sex":"M"}
19:38:59.269 [pool-31-thread-1] INFO  r.m.lessons.rpks.impl.WriterToKafka - KAFKA_PRODUCER_END_PROCESSING_MASSAGE: {"name":null, "age":18, "sex":"M"}
19:38:59.269 [pool-31-thread-2] INFO  r.m.l.rpks.impl.ReaderFromKafka - MASSAGE_FROM_KAFKA_TOPIC test_topic_in : {"name":"alexander_pushkin", "age":18, "sex":"M"}
19:38:59.269 [pool-31-thread-1] INFO  r.m.lessons.rpks.impl.WriterToKafka - KAFKA_PRODUCER_START_PROCESSING_MASSAGE: {"name":"", "age":18, "sex":"M"}
19:38:59.269 [pool-31-thread-1] INFO  r.m.l.rpks.impl.ProcessorOfRule - jsonValueOfname: 
19:38:59.269 [pool-31-thread-1] INFO  r.m.l.rpks.impl.ProcessorOfRule - CONTAINS:
19:38:59.269 [pool-31-thread-1] INFO  r.m.lessons.rpks.impl.WriterToKafka - KAFKA_PRODUCER_END_PROCESSING_MASSAGE: {"name":"", "age":18, "sex":"M"}
19:38:59.269 [pool-31-thread-1] INFO  r.m.lessons.rpks.impl.WriterToKafka - KAFKA_PRODUCER_START_PROCESSING_MASSAGE: {"name":"pushkin", "age":18, "sex":"M"}
19:38:59.269 [pool-31-thread-1] INFO  r.m.l.rpks.impl.ProcessorOfRule - jsonValueOfname: pushkin
19:38:59.269 [pool-31-thread-1] INFO  r.m.l.rpks.impl.ProcessorOfRule - CONTAINS:
19:38:59.269 [pool-31-thread-1] INFO  r.m.lessons.rpks.impl.WriterToKafka - KAFKA_PRODUCER_END_PROCESSING_MASSAGE: {"name":"pushkin", "age":18, "sex":"M"}
19:38:59.269 [pool-31-thread-1] INFO  r.m.lessons.rpks.impl.WriterToKafka - KAFKA_PRODUCER_START_PROCESSING_MASSAGE: {"name":"alexander", "age":18, "sex":"M"}
19:38:59.269 [pool-31-thread-1] INFO  r.m.l.rpks.impl.ProcessorOfRule - jsonValueOfname: alexander
19:38:59.269 [pool-31-thread-1] INFO  r.m.l.rpks.impl.ProcessorOfRule - CONTAINS:
19:38:59.270 [pool-31-thread-1] INFO  r.m.l.rpks.impl.ProcessorOfRule - jsonValueOfname: alexander
19:38:59.270 [pool-31-thread-1] INFO  r.m.l.rpks.impl.ProcessorOfRule - CONTAINS:
19:38:59.270 [pool-31-thread-1] INFO  r.m.lessons.rpks.impl.WriterToKafka - KAFKA_PRODUCER_END_PROCESSING_MASSAGE: {"name":"alexander", "age":18, "sex":"M"}
19:38:59.270 [pool-31-thread-1] INFO  r.m.lessons.rpks.impl.WriterToKafka - KAFKA_PRODUCER_START_PROCESSING_MASSAGE: 
19:38:59.270 [pool-31-thread-1] WARN  r.m.lessons.rpks.impl.WriterToKafka - NOT_CORRECT_MASSAGE:
19:38:59.270 [pool-31-thread-1] INFO  r.m.lessons.rpks.impl.WriterToKafka - KAFKA_PRODUCER_END_PROCESSING_MASSAGE: 
19:38:59.270 [pool-31-thread-1] INFO  r.m.lessons.rpks.impl.WriterToKafka - KAFKA_PRODUCER_START_PROCESSING_MASSAGE: {"age":18, "sex":"M"}
19:38:59.270 [pool-31-thread-1] INFO  r.m.lessons.rpks.impl.WriterToKafka - KAFKA_PRODUCER_END_PROCESSING_MASSAGE: {"age":18, "sex":"M"}
19:38:59.270 [pool-31-thread-1] INFO  r.m.lessons.rpks.impl.WriterToKafka - KAFKA_PRODUCER_START_PROCESSING_MASSAGE: {"name":"alexander_pushkin", "age":18, "sex":"M"}
19:38:59.270 [pool-31-thread-1] INFO  r.m.l.rpks.impl.ProcessorOfRule - jsonValueOfname: alexander_pushkin
19:38:59.270 [pool-31-thread-1] INFO  r.m.l.rpks.impl.ProcessorOfRule - CONTAINS:
19:38:59.270 [pool-31-thread-1] INFO  r.m.l.rpks.impl.ProcessorOfRule - jsonValueOfname: alexander_pushkin
19:38:59.270 [pool-31-thread-1] INFO  r.m.l.rpks.impl.ProcessorOfRule - CONTAINS:
19:38:59.270 [pool-31-thread-1] INFO  r.m.lessons.rpks.impl.WriterToKafka - KAFKA_PRODUCER_END_PROCESSING_MASSAGE: {"name":"alexander_pushkin", "age":18, "sex":"M"}
19:38:59.335 [pool-30-thread-2] INFO  ru.mai.lessons.rpks.ServiceTest - Remaining attempts 9
19:38:59.565 [pool-31-thread-1] INFO  r.m.lessons.rpks.impl.WriterToKafka - KAFKA_PRODUCER_SEND_MASSAGE: {"name":"alexander_pushkin", "age":18, "sex":"M"}
19:39:00.455 [pool-30-thread-2] INFO  ru.mai.lessons.rpks.ServiceTest - Remaining attempts 8
19:39:01.607 [pool-30-thread-2] INFO  ru.mai.lessons.rpks.ServiceTest - Remaining attempts 7
19:39:02.765 [pool-30-thread-2] INFO  ru.mai.lessons.rpks.ServiceTest - Remaining attempts 6
19:39:03.913 [pool-30-thread-2] INFO  ru.mai.lessons.rpks.ServiceTest - Read messages 1
19:39:03.913 [pool-30-thread-1] WARN  r.m.l.rpks.impl.ServiceFiltering - CANT_SLEEP:sleep interrupted
19:39:03.914 [pool-30-thread-1] INFO  r.mai.lessons.rpks.impl.ReaderFromDB - HIKARY_CREATE
19:39:04.627 [pool-30-thread-1] INFO  r.mai.lessons.rpks.impl.ReaderFromDB - HIKARY_CREATE
19:39:04.628 [pool-30-thread-1] INFO  r.mai.lessons.rpks.impl.ReaderFromDB - CONTEXT_MADE
19:39:04.790 [pool-30-thread-1] INFO  r.mai.lessons.rpks.impl.ReaderFromDB - RULLES_CREATE:0
19:39:04.790 [pool-30-thread-1] INFO  r.mai.lessons.rpks.impl.ReaderFromDB - MAKE_RULES_FROM_DB
19:39:04.790 [pool-30-thread-1] INFO  r.m.l.rpks.impl.ServiceFiltering - ADD_RULE
19:39:04.790 [pool-30-thread-1] WARN  r.m.l.rpks.impl.ServiceFiltering - CANT_SLEEP:sleep interrupted
19:39:04.790 [pool-30-thread-1] INFO  r.mai.lessons.rpks.impl.ReaderFromDB - HIKARY_CREATE
19:39:05.606 [pool-30-thread-1] INFO  r.mai.lessons.rpks.impl.ReaderFromDB - HIKARY_CREATE
19:39:05.606 [pool-30-thread-1] INFO  r.mai.lessons.rpks.impl.ReaderFromDB - CONTEXT_MADE
19:39:05.769 [pool-30-thread-1] INFO  r.mai.lessons.rpks.impl.ReaderFromDB - RULLES_CREATE:0
19:39:05.769 [pool-30-thread-1] INFO  r.mai.lessons.rpks.impl.ReaderFromDB - MAKE_RULES_FROM_DB
19:39:05.769 [pool-30-thread-1] INFO  r.m.l.rpks.impl.ServiceFiltering - ADD_RULE
19:39:05.770 [pool-30-thread-1] WARN  r.m.l.rpks.impl.ServiceFiltering - CANT_SLEEP:sleep interrupted
19:39:05.770 [pool-30-thread-1] INFO  r.mai.lessons.rpks.impl.ReaderFromDB - HIKARY_CREATE
19:39:06.604 [pool-30-thread-1] INFO  r.mai.lessons.rpks.impl.ReaderFromDB - HIKARY_CREATE
19:39:06.604 [pool-30-thread-1] INFO  r.mai.lessons.rpks.impl.ReaderFromDB - CONTEXT_MADE
19:39:06.746 [pool-30-thread-1] INFO  r.mai.lessons.rpks.impl.ReaderFromDB - RULLES_CREATE:0
19:39:06.746 [pool-30-thread-1] INFO  r.mai.lessons.rpks.impl.ReaderFromDB - MAKE_RULES_FROM_DB
19:39:06.747 [pool-30-thread-1] INFO  r.m.l.rpks.impl.ServiceFiltering - ADD_RULE
19:39:06.747 [pool-30-thread-1] WARN  r.m.l.rpks.impl.ServiceFiltering - CANT_SLEEP:sleep interrupted
19:39:06.747 [pool-30-thread-1] INFO  r.mai.lessons.rpks.impl.ReaderFromDB - HIKARY_CREATE
19:39:07.674 [pool-30-thread-1] INFO  r.mai.lessons.rpks.impl.ReaderFromDB - HIKARY_CREATE
19:39:07.674 [pool-30-thread-1] INFO  r.mai.lessons.rpks.impl.ReaderFromDB - CONTEXT_MADE
19:39:07.877 [pool-30-thread-1] INFO  r.mai.lessons.rpks.impl.ReaderFromDB - RULLES_CREATE:0
19:39:07.877 [pool-30-thread-1] INFO  r.mai.lessons.rpks.impl.ReaderFromDB - MAKE_RULES_FROM_DB
19:39:07.878 [pool-30-thread-1] INFO  r.m.l.rpks.impl.ServiceFiltering - ADD_RULE
19:39:07.878 [pool-30-thread-1] WARN  r.m.l.rpks.impl.ServiceFiltering - CANT_SLEEP:sleep interrupted
19:39:07.878 [pool-30-thread-1] INFO  r.mai.lessons.rpks.impl.ReaderFromDB - HIKARY_CREATE
19:39:08.620 [pool-30-thread-1] INFO  r.mai.lessons.rpks.impl.ReaderFromDB - HIKARY_CREATE
19:39:08.620 [pool-30-thread-1] INFO  r.mai.lessons.rpks.impl.ReaderFromDB - CONTEXT_MADE
19:39:08.843 [pool-30-thread-1] INFO  r.mai.lessons.rpks.impl.ReaderFromDB - RULLES_CREATE:0
19:39:08.843 [pool-30-thread-1] INFO  r.mai.lessons.rpks.impl.ReaderFromDB - MAKE_RULES_FROM_DB
19:39:08.843 [pool-30-thread-1] INFO  r.m.l.rpks.impl.ServiceFiltering - ADD_RULE
19:39:08.843 [pool-30-thread-1] WARN  r.m.l.rpks.impl.ServiceFiltering - CANT_SLEEP:sleep interrupted
19:39:08.843 [pool-30-thread-1] INFO  r.mai.lessons.rpks.impl.ReaderFromDB - HIKARY_CREATE
19:39:09.646 [pool-30-thread-1] INFO  r.mai.lessons.rpks.impl.ReaderFromDB - HIKARY_CREATE
19:39:09.647 [pool-30-thread-1] INFO  r.mai.lessons.rpks.impl.ReaderFromDB - CONTEXT_MADE
19:39:09.792 [pool-30-thread-1] INFO  r.mai.lessons.rpks.impl.ReaderFromDB - RULLES_CREATE:0
19:39:09.792 [pool-30-thread-1] INFO  r.mai.lessons.rpks.impl.ReaderFromDB - MAKE_RULES_FROM_DB
19:39:09.792 [pool-30-thread-1] INFO  r.m.l.rpks.impl.ServiceFiltering - ADD_RULE
19:39:09.792 [pool-30-thread-1] WARN  r.m.l.rpks.impl.ServiceFiltering - CANT_SLEEP:sleep interrupted
19:39:09.792 [pool-30-thread-1] INFO  r.mai.lessons.rpks.impl.ReaderFromDB - HIKARY_CREATE
19:39:10.515 [pool-30-thread-1] ERROR com.zaxxer.hikari.pool.HikariPool - HikariPool-181 - Error thrown while acquiring connection from data source
org.postgresql.util.PSQLException: Соединение уже было закрыто
	at org.postgresql.jdbc.PgConnection.checkClosed(PgConnection.java:956)
	at org.postgresql.jdbc.PgConnection.setTransactionIsolation(PgConnection.java:1015)
	at com.zaxxer.hikari.pool.PoolBase.setupConnection(PoolBase.java:414)
	at com.zaxxer.hikari.pool.PoolBase.newConnection(PoolBase.java:364)
	at com.zaxxer.hikari.pool.PoolBase.newPoolEntry(PoolBase.java:201)
	at com.zaxxer.hikari.pool.HikariPool.createPoolEntry(HikariPool.java:470)
	at com.zaxxer.hikari.pool.HikariPool.checkFailFast(HikariPool.java:561)
	at com.zaxxer.hikari.pool.HikariPool.<init>(HikariPool.java:100)
	at com.zaxxer.hikari.HikariDataSource.<init>(HikariDataSource.java:81)
	at ru.mai.lessons.rpks.impl.ReaderFromDB.readRulesFromDB(ReaderFromDB.java:29)
	at ru.mai.lessons.rpks.impl.ServiceFiltering.start(ServiceFiltering.java:43)
	at ru.mai.lessons.rpks.ServiceTest.lambda$testStartService$49(ServiceTest.java:1335)
	at java.base/java.util.concurrent.FutureTask.run(FutureTask.java:264)
	at java.base/java.util.concurrent.ThreadPoolExecutor.runWorker(ThreadPoolExecutor.java:1136)
	at java.base/java.util.concurrent.ThreadPoolExecutor$Worker.run(ThreadPoolExecutor.java:635)
	at java.base/java.lang.Thread.run(Thread.java:833)
19:39:10.515 [pool-30-thread-1] ERROR com.zaxxer.hikari.pool.HikariPool - HikariPool-181 - Exception during pool initialization.
org.postgresql.util.PSQLException: Соединение уже было закрыто
	at org.postgresql.jdbc.PgConnection.checkClosed(PgConnection.java:956)
	at org.postgresql.jdbc.PgConnection.setTransactionIsolation(PgConnection.java:1015)
	at com.zaxxer.hikari.pool.PoolBase.setupConnection(PoolBase.java:414)
	at com.zaxxer.hikari.pool.PoolBase.newConnection(PoolBase.java:364)
	at com.zaxxer.hikari.pool.PoolBase.newPoolEntry(PoolBase.java:201)
	at com.zaxxer.hikari.pool.HikariPool.createPoolEntry(HikariPool.java:470)
	at com.zaxxer.hikari.pool.HikariPool.checkFailFast(HikariPool.java:561)
	at com.zaxxer.hikari.pool.HikariPool.<init>(HikariPool.java:100)
	at com.zaxxer.hikari.HikariDataSource.<init>(HikariDataSource.java:81)
	at ru.mai.lessons.rpks.impl.ReaderFromDB.readRulesFromDB(ReaderFromDB.java:29)
	at ru.mai.lessons.rpks.impl.ServiceFiltering.start(ServiceFiltering.java:43)
	at ru.mai.lessons.rpks.ServiceTest.lambda$testStartService$49(ServiceTest.java:1335)
	at java.base/java.util.concurrent.FutureTask.run(FutureTask.java:264)
	at java.base/java.util.concurrent.ThreadPoolExecutor.runWorker(ThreadPoolExecutor.java:1136)
	at java.base/java.util.concurrent.ThreadPoolExecutor$Worker.run(ThreadPoolExecutor.java:635)
	at java.base/java.lang.Thread.run(Thread.java:833)
]]></system-out>
  <system-err><![CDATA[]]></system-err>
</testsuite>
