<?xml version="1.0" encoding="UTF-8"?>
<testsuite name="ru.mai.lessons.rpks.ServiceTest" tests="1" skipped="0" failures="0" errors="0" timestamp="2023-05-05T08:20:00" hostname="MacBook-Pro-Polina.local" time="20.359">
  <properties/>
  <testcase name="testServiceFilteringContainsNotEqualsTwoRules()" classname="ru.mai.lessons.rpks.ServiceTest" time="20.359"/>
  <system-out><![CDATA[11:20:00,349 |-INFO in ch.qos.logback.classic.LoggerContext[default] - This is logback-classic version 1.4.6
11:20:00,368 |-INFO in ch.qos.logback.classic.LoggerContext[default] - Could NOT find resource [logback-test.xml]
11:20:00,371 |-INFO in ch.qos.logback.classic.LoggerContext[default] - Found resource [logback.xml] at [file:/Users/polinanesterova/IdeaProjects/JavaServiceFiltering/build/resources/test/logback.xml]
11:20:00,372 |-WARN in ch.qos.logback.classic.util.DefaultJoranConfigurator@2da59753 - Resource [logback.xml] occurs multiple times on the classpath.
11:20:00,372 |-WARN in ch.qos.logback.classic.util.DefaultJoranConfigurator@2da59753 - Resource [logback.xml] occurs at [file:/Users/polinanesterova/IdeaProjects/JavaServiceFiltering/build/resources/main/logback.xml]
11:20:00,372 |-WARN in ch.qos.logback.classic.util.DefaultJoranConfigurator@2da59753 - Resource [logback.xml] occurs at [file:/Users/polinanesterova/IdeaProjects/JavaServiceFiltering/build/resources/test/logback.xml]
11:20:00,483 |-INFO in ch.qos.logback.core.model.processor.AppenderModelHandler - Processing appender named [CONSOLE]
11:20:00,483 |-INFO in ch.qos.logback.core.model.processor.AppenderModelHandler - About to instantiate appender of type [ch.qos.logback.core.ConsoleAppender]
11:20:00,524 |-WARN in ch.qos.logback.core.ConsoleAppender[CONSOLE] - This appender no longer admits a layout as a sub-component, set an encoder instead.
11:20:00,524 |-WARN in ch.qos.logback.core.ConsoleAppender[CONSOLE] - To ensure compatibility, wrapping your layout in LayoutWrappingEncoder.
11:20:00,524 |-WARN in ch.qos.logback.core.ConsoleAppender[CONSOLE] - See also http://logback.qos.ch/codes.html#layoutInsteadOfEncoder for details
11:20:00,524 |-INFO in ch.qos.logback.classic.model.processor.LoggerModelHandler - Setting level of logger [ru.mai.lessons.rpks] to INFO
11:20:00,527 |-INFO in ch.qos.logback.classic.model.processor.LoggerModelHandler - Setting additivity of logger [ru.mai.lessons.rpks] to false
11:20:00,527 |-INFO in ch.qos.logback.core.model.processor.AppenderRefModelHandler - Attaching appender named [CONSOLE] to Logger[ru.mai.lessons.rpks]
11:20:00,528 |-INFO in ch.qos.logback.classic.model.processor.RootLoggerModelHandler - Setting level of ROOT logger to ERROR
11:20:00,528 |-INFO in ch.qos.logback.core.model.processor.AppenderRefModelHandler - Attaching appender named [CONSOLE] to Logger[ROOT]
11:20:00,528 |-INFO in ch.qos.logback.core.model.processor.DefaultProcessor@5629510 - End of configuration.
11:20:00,529 |-INFO in ch.qos.logback.classic.joran.JoranConfigurator@4df5bcb4 - Registering current configuration as safe fallback point

11:20:16.360 [Test worker] INFO  ru.mai.lessons.rpks.ServiceTest - Topics: [(name=test_topic_in, numPartitions=3, replicationFactor=1, replicasAssignments=null, configs=null), (name=test_topic_out, numPartitions=3, replicationFactor=1, replicasAssignments=null, configs=null)], replica factor 1, partitions 3
11:20:16.809 [Test worker] INFO  ru.mai.lessons.rpks.ServiceTest - Topic not exist. Create topics [(name=test_topic_in, numPartitions=3, replicationFactor=1, replicasAssignments=null, configs=null), (name=test_topic_out, numPartitions=3, replicationFactor=1, replicasAssignments=null, configs=null)]
11:20:18.360 [Test worker] INFO  ru.mai.lessons.rpks.ServiceTest - Create filtering rule 1
11:20:18.394 [Test worker] INFO  ru.mai.lessons.rpks.ServiceTest - Check rule from DB
11:20:18.424 [Test worker] INFO  ru.mai.lessons.rpks.ServiceTest - Create filtering rule 1
11:20:18.429 [Test worker] INFO  ru.mai.lessons.rpks.ServiceTest - Check rule from DB
11:20:18.486 [pool-1-thread-1] INFO  ru.mai.lessons.rpks.impl.Db - No DataSource is available. We will create a new one.
11:20:18.486 [pool-1-thread-1] INFO  ru.mai.lessons.rpks.impl.Db - Creating the config with HikariConfig
11:20:18.486 [pool-1-thread-1] INFO  ru.mai.lessons.rpks.impl.Db - Configuration is ready.
11:20:18.486 [pool-1-thread-1] INFO  ru.mai.lessons.rpks.impl.Db - Creating the HiKariDataSource and assigning it as the global
11:20:18.591 [pool-1-thread-1] INFO  r.m.l.rpks.impl.ServiceFiltering - delay:10
11:20:18.592 [pool-2-thread-1] INFO  r.m.l.rpks.impl.ServiceFiltering - +++++++null
11:20:18.592 [pool-2-thread-1] INFO  r.m.l.rpks.impl.ServiceFiltering - NEW RULES SET 2
11:20:18.592 [pool-2-thread-1] INFO  r.m.l.rpks.impl.KafkaReaderImpl - Start reading kafka topic test_topic_in
11:20:18.600 [Timer-0] INFO  r.m.l.rpks.impl.ServiceFiltering - ru.mai.lessons.rpks.model.Rule@383213b6
11:20:18.601 [Timer-0] INFO  r.m.l.rpks.impl.ServiceFiltering - TIMER
11:20:18.601 [Timer-0] INFO  r.m.l.rpks.impl.ServiceFiltering - ru.mai.lessons.rpks.model.Rule@36f5fac0
11:20:18.601 [Timer-0] INFO  r.m.l.rpks.impl.ServiceFiltering - TIMER
11:20:19.201 [pool-1-thread-2] INFO  ru.mai.lessons.rpks.ServiceTest - CONSUMERRECORDS org.apache.kafka.clients.consumer.ConsumerRecords@6627f1cd
11:20:19.201 [pool-1-thread-2] INFO  ru.mai.lessons.rpks.ServiceTest - Remaining attempts 10
11:20:19.303 [pool-2-thread-1] INFO  r.m.l.rpks.impl.KafkaReaderImpl - Message from Kafka topic test_topic_in : {"name":"alex", "age":null, "sex":"M"}
11:20:19.303 [pool-2-thread-1] INFO  r.m.l.rpks.impl.KafkaReaderImpl - ConsumerRecord(topic = test_topic_in, partition = 0, leaderEpoch = 0, offset = 0, CreateTime = 1683274818506, serialized key size = -1, serialized value size = 38, headers = RecordHeaders(headers = [], isReadOnly = false), key = null, value = {"name":"alex", "age":null, "sex":"M"})
11:20:19.508 [pool-2-thread-1] INFO  r.m.l.rpks.impl.RuleProcessorImpl - RULES LENGTH 2
11:20:19.509 [pool-2-thread-1] INFO  r.m.l.rpks.impl.RuleProcessorImpl - CHECKING FIELD age
11:20:19.509 [pool-2-thread-1] INFO  r.m.l.rpks.impl.RuleProcessorImpl - caught null exception
11:20:19.509 [pool-2-thread-1] INFO  r.m.l.rpks.impl.RuleProcessorImpl - RULES LENGTH 2
11:20:19.509 [pool-2-thread-1] INFO  r.m.l.rpks.impl.RuleProcessorImpl - CHECKING FIELD name
11:20:19.509 [pool-2-thread-1] INFO  r.m.l.rpks.impl.RuleProcessorImpl - set to false - contains
11:20:19.509 [pool-2-thread-1] INFO  r.m.l.rpks.impl.KafkaReaderImpl - Start write message in kafka out topic test_topic_out
11:20:19.521 [pool-2-thread-1] INFO  r.m.l.rpks.impl.KafkaReaderImpl - Queue element Message(value={"name":"alex", "age":null, "sex":"M"}, filterState=false)
11:20:19.525 [pool-2-thread-1] INFO  r.m.l.rpks.impl.KafkaReaderImpl - Message from Kafka topic test_topic_in : 
11:20:19.525 [pool-2-thread-1] INFO  r.m.l.rpks.impl.KafkaReaderImpl - ConsumerRecord(topic = test_topic_in, partition = 0, leaderEpoch = 0, offset = 1, CreateTime = 1683274819010, serialized key size = -1, serialized value size = 0, headers = RecordHeaders(headers = [], isReadOnly = false), key = null, value = )
11:20:19.527 [pool-2-thread-1] ERROR r.m.l.rpks.impl.RuleProcessorImpl - exception caught
11:20:19.528 [pool-2-thread-1] INFO  r.m.l.rpks.impl.KafkaReaderImpl - Start write message in kafka out topic test_topic_out
11:20:19.532 [pool-2-thread-1] INFO  r.m.l.rpks.impl.KafkaReaderImpl - Queue element Message(value=, filterState=false)
11:20:19.552 [pool-2-thread-1] INFO  r.m.l.rpks.impl.KafkaReaderImpl - Message from Kafka topic test_topic_in : {"age":18, "sex":"M"}
11:20:19.552 [pool-2-thread-1] INFO  r.m.l.rpks.impl.KafkaReaderImpl - ConsumerRecord(topic = test_topic_in, partition = 0, leaderEpoch = 0, offset = 2, CreateTime = 1683274819038, serialized key size = -1, serialized value size = 21, headers = RecordHeaders(headers = [], isReadOnly = false), key = null, value = {"age":18, "sex":"M"})
11:20:19.555 [pool-2-thread-1] INFO  r.m.l.rpks.impl.RuleProcessorImpl - RULES LENGTH 2
11:20:19.555 [pool-2-thread-1] INFO  r.m.l.rpks.impl.RuleProcessorImpl - CHECKING FIELD age
11:20:19.555 [pool-2-thread-1] INFO  r.m.l.rpks.impl.RuleProcessorImpl - RULES LENGTH 2
11:20:19.555 [pool-2-thread-1] INFO  r.m.l.rpks.impl.RuleProcessorImpl - CHECKING FIELD name
11:20:19.555 [pool-2-thread-1] INFO  r.m.l.rpks.impl.KafkaReaderImpl - Start write message in kafka out topic test_topic_out
11:20:19.560 [pool-2-thread-1] INFO  r.m.l.rpks.impl.KafkaReaderImpl - Queue element Message(value={"age":18, "sex":"M"}, filterState=false)
11:20:19.564 [pool-2-thread-1] INFO  r.m.l.rpks.impl.KafkaReaderImpl - Message from Kafka topic test_topic_in : {"name":"alex", "age":, "sex":"M"}
11:20:19.565 [pool-2-thread-1] INFO  r.m.l.rpks.impl.KafkaReaderImpl - ConsumerRecord(topic = test_topic_in, partition = 0, leaderEpoch = 0, offset = 3, CreateTime = 1683274819047, serialized key size = -1, serialized value size = 34, headers = RecordHeaders(headers = [], isReadOnly = false), key = null, value = {"name":"alex", "age":, "sex":"M"})
11:20:19.566 [pool-2-thread-1] ERROR r.m.l.rpks.impl.RuleProcessorImpl - exception caught
11:20:19.566 [pool-2-thread-1] INFO  r.m.l.rpks.impl.KafkaReaderImpl - Start write message in kafka out topic test_topic_out
11:20:19.570 [pool-2-thread-1] INFO  r.m.l.rpks.impl.KafkaReaderImpl - Queue element Message(value={"name":"alex", "age":, "sex":"M"}, filterState=false)
11:20:19.576 [pool-2-thread-1] INFO  r.m.l.rpks.impl.KafkaReaderImpl - Message from Kafka topic test_topic_in : {"name":"pushkin", "age":19, "sex":"M"}
11:20:19.576 [pool-2-thread-1] INFO  r.m.l.rpks.impl.KafkaReaderImpl - ConsumerRecord(topic = test_topic_in, partition = 0, leaderEpoch = 0, offset = 4, CreateTime = 1683274819053, serialized key size = -1, serialized value size = 39, headers = RecordHeaders(headers = [], isReadOnly = false), key = null, value = {"name":"pushkin", "age":19, "sex":"M"})
11:20:19.584 [pool-2-thread-1] INFO  r.m.l.rpks.impl.RuleProcessorImpl - RULES LENGTH 2
11:20:19.585 [pool-2-thread-1] INFO  r.m.l.rpks.impl.RuleProcessorImpl - CHECKING FIELD age
11:20:19.585 [pool-2-thread-1] INFO  r.m.l.rpks.impl.RuleProcessorImpl - RULES LENGTH 2
11:20:19.585 [pool-2-thread-1] INFO  r.m.l.rpks.impl.RuleProcessorImpl - CHECKING FIELD name
11:20:19.585 [pool-2-thread-1] INFO  r.m.l.rpks.impl.RuleProcessorImpl - set to false - contains
11:20:19.585 [pool-2-thread-1] INFO  r.m.l.rpks.impl.KafkaReaderImpl - Start write message in kafka out topic test_topic_out
11:20:19.591 [pool-2-thread-1] INFO  r.m.l.rpks.impl.KafkaReaderImpl - Queue element Message(value={"name":"pushkin", "age":19, "sex":"M"}, filterState=false)
11:20:19.606 [pool-2-thread-1] INFO  r.m.l.rpks.impl.KafkaReaderImpl - Message from Kafka topic test_topic_in : {"name":"", "age":"", "sex":"M"}
11:20:19.606 [pool-2-thread-1] INFO  r.m.l.rpks.impl.KafkaReaderImpl - ConsumerRecord(topic = test_topic_in, partition = 0, leaderEpoch = 0, offset = 5, CreateTime = 1683274819060, serialized key size = -1, serialized value size = 32, headers = RecordHeaders(headers = [], isReadOnly = false), key = null, value = {"name":"", "age":"", "sex":"M"})
11:20:19.608 [pool-2-thread-1] INFO  r.m.l.rpks.impl.RuleProcessorImpl - RULES LENGTH 2
11:20:19.608 [pool-2-thread-1] INFO  r.m.l.rpks.impl.RuleProcessorImpl - CHECKING FIELD age
11:20:19.608 [pool-2-thread-1] INFO  r.m.l.rpks.impl.RuleProcessorImpl - RULES LENGTH 2
11:20:19.609 [pool-2-thread-1] INFO  r.m.l.rpks.impl.RuleProcessorImpl - CHECKING FIELD name
11:20:19.609 [pool-2-thread-1] INFO  r.m.l.rpks.impl.RuleProcessorImpl - set to false - contains
11:20:19.609 [pool-2-thread-1] INFO  r.m.l.rpks.impl.KafkaReaderImpl - Start write message in kafka out topic test_topic_out
11:20:19.614 [pool-2-thread-1] INFO  r.m.l.rpks.impl.KafkaReaderImpl - Queue element Message(value={"name":"", "age":"", "sex":"M"}, filterState=false)
11:20:19.626 [pool-2-thread-1] INFO  r.m.l.rpks.impl.KafkaReaderImpl - Message from Kafka topic test_topic_in : {"name":null, "sex":"M"}
11:20:19.626 [pool-2-thread-1] INFO  r.m.l.rpks.impl.KafkaReaderImpl - ConsumerRecord(topic = test_topic_in, partition = 0, leaderEpoch = 0, offset = 6, CreateTime = 1683274819065, serialized key size = -1, serialized value size = 24, headers = RecordHeaders(headers = [], isReadOnly = false), key = null, value = {"name":null, "sex":"M"})
11:20:19.627 [pool-2-thread-1] INFO  r.m.l.rpks.impl.RuleProcessorImpl - RULES LENGTH 2
11:20:19.627 [pool-2-thread-1] INFO  r.m.l.rpks.impl.RuleProcessorImpl - CHECKING FIELD age
11:20:19.628 [pool-2-thread-1] INFO  r.m.l.rpks.impl.KafkaReaderImpl - Start write message in kafka out topic test_topic_out
11:20:19.633 [pool-2-thread-1] INFO  r.m.l.rpks.impl.KafkaReaderImpl - Queue element Message(value={"name":null, "sex":"M"}, filterState=false)
11:20:19.644 [pool-2-thread-1] INFO  r.m.l.rpks.impl.KafkaReaderImpl - Message from Kafka topic test_topic_in : {"name":"alex_ivanov", "age":20, "sex":"M"}
11:20:19.645 [pool-2-thread-1] INFO  r.m.l.rpks.impl.KafkaReaderImpl - ConsumerRecord(topic = test_topic_in, partition = 0, leaderEpoch = 0, offset = 7, CreateTime = 1683274819072, serialized key size = -1, serialized value size = 43, headers = RecordHeaders(headers = [], isReadOnly = false), key = null, value = {"name":"alex_ivanov", "age":20, "sex":"M"})
11:20:19.647 [pool-2-thread-1] INFO  r.m.l.rpks.impl.RuleProcessorImpl - RULES LENGTH 2
11:20:19.647 [pool-2-thread-1] INFO  r.m.l.rpks.impl.RuleProcessorImpl - CHECKING FIELD age
11:20:19.647 [pool-2-thread-1] INFO  r.m.l.rpks.impl.RuleProcessorImpl - set to false - not equals
11:20:19.647 [pool-2-thread-1] INFO  r.m.l.rpks.impl.KafkaReaderImpl - Start write message in kafka out topic test_topic_out
11:20:19.651 [pool-2-thread-1] INFO  r.m.l.rpks.impl.KafkaReaderImpl - Queue element Message(value={"name":"alex_ivanov", "age":20, "sex":"M"}, filterState=false)
11:20:19.664 [pool-2-thread-1] INFO  r.m.l.rpks.impl.KafkaReaderImpl - Message from Kafka topic test_topic_in : {"name":"alexander_pushkin", "age":18, "sex":"M"}
11:20:19.664 [pool-2-thread-1] INFO  r.m.l.rpks.impl.KafkaReaderImpl - ConsumerRecord(topic = test_topic_in, partition = 0, leaderEpoch = 0, offset = 8, CreateTime = 1683274819079, serialized key size = 8, serialized value size = 49, headers = RecordHeaders(headers = [], isReadOnly = false), key = expected, value = {"name":"alexander_pushkin", "age":18, "sex":"M"})
11:20:19.665 [pool-2-thread-1] INFO  r.m.l.rpks.impl.RuleProcessorImpl - RULES LENGTH 2
11:20:19.665 [pool-2-thread-1] INFO  r.m.l.rpks.impl.RuleProcessorImpl - CHECKING FIELD age
11:20:19.665 [pool-2-thread-1] INFO  r.m.l.rpks.impl.RuleProcessorImpl - RULES LENGTH 2
11:20:19.665 [pool-2-thread-1] INFO  r.m.l.rpks.impl.RuleProcessorImpl - CHECKING FIELD name
11:20:19.666 [pool-2-thread-1] INFO  r.m.l.rpks.impl.KafkaReaderImpl - Start write message in kafka out topic test_topic_out
11:20:19.670 [pool-2-thread-1] INFO  r.m.l.rpks.impl.KafkaReaderImpl - Queue element Message(value={"name":"alexander_pushkin", "age":18, "sex":"M"}, filterState=true)
11:20:19.697 [pool-2-thread-1] INFO  r.m.l.rpks.impl.KafkaReaderImpl - Message send to outtest_topic_out-2@0
11:20:20.225 [pool-1-thread-2] INFO  ru.mai.lessons.rpks.ServiceTest - CONSUMERRECORDS org.apache.kafka.clients.consumer.ConsumerRecords@385432e0
11:20:20.225 [pool-1-thread-2] INFO  ru.mai.lessons.rpks.ServiceTest - Read messages 1
]]></system-out>
  <system-err><![CDATA[]]></system-err>
</testsuite>
